12/02/2024 07:37:40 PM - humann.humann - INFO: Running humann v3.9
12/02/2024 07:37:40 PM - humann.humann - INFO: Output files will be written to: /mnt/omar/pipelines/ont/work/results/004_pathways/humann/ERR13731454/kegg_pathways
12/02/2024 07:37:40 PM - humann.humann - INFO: Writing temp files to directory: /mnt/omar/pipelines/ont/work/results/004_pathways/humann/ERR13731454/kegg_pathways/ERR13731454_genefamilies_uniref90_kegg_orthologs_humann_temp
12/02/2024 07:37:40 PM - humann.utilities - INFO: File ( /mnt/omar/pipelines/ont/work/results/004_pathways/humann/ERR13731454/ERR13731454_genefamilies_uniref90_kegg_orthologs.tsv ) is of format:  genetable
12/02/2024 07:37:40 PM - humann.config - INFO: 
Run config settings: 

DATABASE SETTINGS
nucleotide database folder = /mnt/omar/pipelines/ont/work/ref/humann/chocophlan
protein database folder = /mnt/omar/pipelines/ont/work/ref/humann/uniref
pathways database file = /mnt/omar/pipelines/ont/work/ref/humann/legacy/humann_legacy-0.99b/data/keggc
utility mapping database folder = /mnt/omar/pipelines/ont/work/ref/humann/utility_mapping

RUN MODES
resume = False
verbose = False
bypass prescreen = False
bypass nucleotide index = False
bypass nucleotide search = False
bypass translated search = False
translated search = diamond
threads = 1

SEARCH MODE
search mode = uniref90
nucleotide identity threshold = 0.0
translated identity threshold = 80.0

ALIGNMENT SETTINGS
bowtie2 options = --very-sensitive
diamond options = --top 1 --outfmt 6
evalue threshold = 1.0
prescreen threshold = 0.01
translated subject coverage threshold = 50.0
translated query coverage threshold = 90.0
nucleotide subject coverage threshold = 50.0
nucleotide query coverage threshold = 90.0

PATHWAYS SETTINGS
minpath = on
xipe = off
gap fill = on

INPUT AND OUTPUT FORMATS
input file format = genetable
output file format = tsv
output max decimals = 10
remove stratified output = False
remove column description output = False
log level = DEBUG

12/02/2024 07:37:40 PM - humann.store - DEBUG: Initialize Alignments class instance to minimize memory use
12/02/2024 07:37:40 PM - humann.store - DEBUG: Initialize Reads class instance to minimize memory use
12/02/2024 07:37:40 PM - humann.humann - INFO: Load pathways database: /mnt/omar/pipelines/ont/work/ref/humann/legacy/humann_legacy-0.99b/data/keggc
12/02/2024 07:37:40 PM - humann.humann - INFO: Process the gene table ...
12/02/2024 07:37:40 PM - humann.humann - INFO: TIMESTAMP: Completed 	processing gene table 	:	 0	 seconds
12/02/2024 07:37:40 PM - humann.humann - INFO: Computing pathways abundance and coverage ...
12/02/2024 07:37:40 PM - humann.quantify.modules - DEBUG: Write flat reactions to pathways file for Minpath
12/02/2024 07:37:40 PM - humann.quantify.modules - INFO: Compute reaction scores for bug: all
12/02/2024 07:37:40 PM - humann.quantify.modules - INFO: Run MinPath on all
12/02/2024 07:37:40 PM - humann.quantify.modules - INFO: Compute reaction scores for bug: g__Alistipes.s__Alistipes_finegoldii
12/02/2024 07:37:40 PM - humann.quantify.modules - INFO: Run MinPath on g__Alistipes.s__Alistipes_finegoldii
12/02/2024 07:37:40 PM - humann.quantify.modules - INFO: Compute reaction scores for bug: g__Alistipes.s__Alistipes_putredinis
12/02/2024 07:37:40 PM - humann.quantify.modules - INFO: Run MinPath on g__Alistipes.s__Alistipes_putredinis
12/02/2024 07:37:40 PM - humann.quantify.modules - INFO: Compute reaction scores for bug: g__Bacteroides.s__Bacteroides_massiliensis
12/02/2024 07:37:40 PM - humann.quantify.modules - INFO: Run MinPath on g__Bacteroides.s__Bacteroides_massiliensis
12/02/2024 07:37:40 PM - humann.quantify.modules - INFO: Compute reaction scores for bug: g__Clostridium.s__Clostridium_sp_CAG_245
12/02/2024 07:37:40 PM - humann.quantify.modules - INFO: Compute reaction scores for bug: g__Faecalibacterium.s__Faecalibacterium_prausnitzii
12/02/2024 07:37:40 PM - humann.quantify.modules - INFO: Run MinPath on g__Faecalibacterium.s__Faecalibacterium_prausnitzii
12/02/2024 07:37:40 PM - humann.quantify.modules - INFO: Compute reaction scores for bug: g__Lachnospiraceae_unclassified.s__Eubacterium_rectale
12/02/2024 07:37:40 PM - humann.quantify.modules - INFO: Run MinPath on g__Lachnospiraceae_unclassified.s__Eubacterium_rectale
12/02/2024 07:37:40 PM - humann.quantify.modules - INFO: Compute reaction scores for bug: g__Roseburia.s__Roseburia_faecis
12/02/2024 07:37:40 PM - humann.quantify.modules - INFO: Run MinPath on g__Roseburia.s__Roseburia_faecis
12/02/2024 07:37:40 PM - humann.quantify.modules - INFO: Compute reaction scores for bug: unclassified
12/02/2024 07:37:40 PM - humann.quantify.modules - INFO: Run MinPath on unclassified
12/02/2024 07:37:40 PM - humann.utilities - DEBUG: Using python module : /home/omar/Downloads/miniconda3/envs/humann_env/lib/python3.12/site-packages/humann/quantify/MinPath12hmp.py
12/02/2024 07:37:40 PM - humann.utilities - INFO: Execute command: /home/omar/Downloads/miniconda3/envs/humann_env/bin/python3.12 /home/omar/Downloads/miniconda3/envs/humann_env/lib/python3.12/site-packages/humann/quantify/MinPath12hmp.py -any /mnt/omar/pipelines/ont/work/results/004_pathways/humann/ERR13731454/kegg_pathways/ERR13731454_genefamilies_uniref90_kegg_orthologs_humann_temp/tmpfltq9o_g/tmp_1pcrgmo -map /mnt/omar/pipelines/ont/work/results/004_pathways/humann/ERR13731454/kegg_pathways/ERR13731454_genefamilies_uniref90_kegg_orthologs_humann_temp/tmpfltq9o_g/tmpjlk8xcxl -report /mnt/omar/pipelines/ont/work/results/004_pathways/humann/ERR13731454/kegg_pathways/ERR13731454_genefamilies_uniref90_kegg_orthologs_humann_temp/tmpfltq9o_g/tmp0et2ovlv -details /mnt/omar/pipelines/ont/work/results/004_pathways/humann/ERR13731454/kegg_pathways/ERR13731454_genefamilies_uniref90_kegg_orthologs_humann_temp/tmpfltq9o_g/tmpdldiq_us -mps /mnt/omar/pipelines/ont/work/results/004_pathways/humann/ERR13731454/kegg_pathways/ERR13731454_genefamilies_uniref90_kegg_orthologs_humann_temp/tmpfltq9o_g/tmpksdlsmi1
12/02/2024 07:37:43 PM - humann.utilities - DEBUG: Using python module : /home/omar/Downloads/miniconda3/envs/humann_env/lib/python3.12/site-packages/humann/quantify/MinPath12hmp.py
12/02/2024 07:37:43 PM - humann.utilities - INFO: Execute command: /home/omar/Downloads/miniconda3/envs/humann_env/bin/python3.12 /home/omar/Downloads/miniconda3/envs/humann_env/lib/python3.12/site-packages/humann/quantify/MinPath12hmp.py -any /mnt/omar/pipelines/ont/work/results/004_pathways/humann/ERR13731454/kegg_pathways/ERR13731454_genefamilies_uniref90_kegg_orthologs_humann_temp/tmpfltq9o_g/tmpwpdywlua -map /mnt/omar/pipelines/ont/work/results/004_pathways/humann/ERR13731454/kegg_pathways/ERR13731454_genefamilies_uniref90_kegg_orthologs_humann_temp/tmpfltq9o_g/tmpjlk8xcxl -report /mnt/omar/pipelines/ont/work/results/004_pathways/humann/ERR13731454/kegg_pathways/ERR13731454_genefamilies_uniref90_kegg_orthologs_humann_temp/tmpfltq9o_g/tmpq4_z2opu -details /mnt/omar/pipelines/ont/work/results/004_pathways/humann/ERR13731454/kegg_pathways/ERR13731454_genefamilies_uniref90_kegg_orthologs_humann_temp/tmpfltq9o_g/tmpa3um4le0 -mps /mnt/omar/pipelines/ont/work/results/004_pathways/humann/ERR13731454/kegg_pathways/ERR13731454_genefamilies_uniref90_kegg_orthologs_humann_temp/tmpfltq9o_g/tmpl01jg6dh
12/02/2024 07:37:45 PM - humann.utilities - DEBUG: Using python module : /home/omar/Downloads/miniconda3/envs/humann_env/lib/python3.12/site-packages/humann/quantify/MinPath12hmp.py
12/02/2024 07:37:45 PM - humann.utilities - INFO: Execute command: /home/omar/Downloads/miniconda3/envs/humann_env/bin/python3.12 /home/omar/Downloads/miniconda3/envs/humann_env/lib/python3.12/site-packages/humann/quantify/MinPath12hmp.py -any /mnt/omar/pipelines/ont/work/results/004_pathways/humann/ERR13731454/kegg_pathways/ERR13731454_genefamilies_uniref90_kegg_orthologs_humann_temp/tmpfltq9o_g/tmptd_t82o7 -map /mnt/omar/pipelines/ont/work/results/004_pathways/humann/ERR13731454/kegg_pathways/ERR13731454_genefamilies_uniref90_kegg_orthologs_humann_temp/tmpfltq9o_g/tmpjlk8xcxl -report /mnt/omar/pipelines/ont/work/results/004_pathways/humann/ERR13731454/kegg_pathways/ERR13731454_genefamilies_uniref90_kegg_orthologs_humann_temp/tmpfltq9o_g/tmpihzssc_g -details /mnt/omar/pipelines/ont/work/results/004_pathways/humann/ERR13731454/kegg_pathways/ERR13731454_genefamilies_uniref90_kegg_orthologs_humann_temp/tmpfltq9o_g/tmpkvxad733 -mps /mnt/omar/pipelines/ont/work/results/004_pathways/humann/ERR13731454/kegg_pathways/ERR13731454_genefamilies_uniref90_kegg_orthologs_humann_temp/tmpfltq9o_g/tmpc97fsf9_
12/02/2024 07:37:47 PM - humann.utilities - DEBUG: Using python module : /home/omar/Downloads/miniconda3/envs/humann_env/lib/python3.12/site-packages/humann/quantify/MinPath12hmp.py
12/02/2024 07:37:47 PM - humann.utilities - INFO: Execute command: /home/omar/Downloads/miniconda3/envs/humann_env/bin/python3.12 /home/omar/Downloads/miniconda3/envs/humann_env/lib/python3.12/site-packages/humann/quantify/MinPath12hmp.py -any /mnt/omar/pipelines/ont/work/results/004_pathways/humann/ERR13731454/kegg_pathways/ERR13731454_genefamilies_uniref90_kegg_orthologs_humann_temp/tmpfltq9o_g/tmpuwg021it -map /mnt/omar/pipelines/ont/work/results/004_pathways/humann/ERR13731454/kegg_pathways/ERR13731454_genefamilies_uniref90_kegg_orthologs_humann_temp/tmpfltq9o_g/tmpjlk8xcxl -report /mnt/omar/pipelines/ont/work/results/004_pathways/humann/ERR13731454/kegg_pathways/ERR13731454_genefamilies_uniref90_kegg_orthologs_humann_temp/tmpfltq9o_g/tmp5wjb1hui -details /mnt/omar/pipelines/ont/work/results/004_pathways/humann/ERR13731454/kegg_pathways/ERR13731454_genefamilies_uniref90_kegg_orthologs_humann_temp/tmpfltq9o_g/tmpe_lqdeun -mps /mnt/omar/pipelines/ont/work/results/004_pathways/humann/ERR13731454/kegg_pathways/ERR13731454_genefamilies_uniref90_kegg_orthologs_humann_temp/tmpfltq9o_g/tmpcb6ehh2k
12/02/2024 07:37:50 PM - humann.utilities - DEBUG: Using python module : /home/omar/Downloads/miniconda3/envs/humann_env/lib/python3.12/site-packages/humann/quantify/MinPath12hmp.py
12/02/2024 07:37:50 PM - humann.utilities - INFO: Execute command: /home/omar/Downloads/miniconda3/envs/humann_env/bin/python3.12 /home/omar/Downloads/miniconda3/envs/humann_env/lib/python3.12/site-packages/humann/quantify/MinPath12hmp.py -any /mnt/omar/pipelines/ont/work/results/004_pathways/humann/ERR13731454/kegg_pathways/ERR13731454_genefamilies_uniref90_kegg_orthologs_humann_temp/tmpfltq9o_g/tmpw3qpr6xq -map /mnt/omar/pipelines/ont/work/results/004_pathways/humann/ERR13731454/kegg_pathways/ERR13731454_genefamilies_uniref90_kegg_orthologs_humann_temp/tmpfltq9o_g/tmpjlk8xcxl -report /mnt/omar/pipelines/ont/work/results/004_pathways/humann/ERR13731454/kegg_pathways/ERR13731454_genefamilies_uniref90_kegg_orthologs_humann_temp/tmpfltq9o_g/tmpgzm456of -details /mnt/omar/pipelines/ont/work/results/004_pathways/humann/ERR13731454/kegg_pathways/ERR13731454_genefamilies_uniref90_kegg_orthologs_humann_temp/tmpfltq9o_g/tmpnejv11q9 -mps /mnt/omar/pipelines/ont/work/results/004_pathways/humann/ERR13731454/kegg_pathways/ERR13731454_genefamilies_uniref90_kegg_orthologs_humann_temp/tmpfltq9o_g/tmpubxkcuhe
12/02/2024 07:37:52 PM - humann.utilities - DEBUG: Using python module : /home/omar/Downloads/miniconda3/envs/humann_env/lib/python3.12/site-packages/humann/quantify/MinPath12hmp.py
12/02/2024 07:37:52 PM - humann.utilities - INFO: Execute command: /home/omar/Downloads/miniconda3/envs/humann_env/bin/python3.12 /home/omar/Downloads/miniconda3/envs/humann_env/lib/python3.12/site-packages/humann/quantify/MinPath12hmp.py -any /mnt/omar/pipelines/ont/work/results/004_pathways/humann/ERR13731454/kegg_pathways/ERR13731454_genefamilies_uniref90_kegg_orthologs_humann_temp/tmpfltq9o_g/tmpe7eg55kp -map /mnt/omar/pipelines/ont/work/results/004_pathways/humann/ERR13731454/kegg_pathways/ERR13731454_genefamilies_uniref90_kegg_orthologs_humann_temp/tmpfltq9o_g/tmpjlk8xcxl -report /mnt/omar/pipelines/ont/work/results/004_pathways/humann/ERR13731454/kegg_pathways/ERR13731454_genefamilies_uniref90_kegg_orthologs_humann_temp/tmpfltq9o_g/tmpgnag2a75 -details /mnt/omar/pipelines/ont/work/results/004_pathways/humann/ERR13731454/kegg_pathways/ERR13731454_genefamilies_uniref90_kegg_orthologs_humann_temp/tmpfltq9o_g/tmpccp_kx7y -mps /mnt/omar/pipelines/ont/work/results/004_pathways/humann/ERR13731454/kegg_pathways/ERR13731454_genefamilies_uniref90_kegg_orthologs_humann_temp/tmpfltq9o_g/tmpnyipfowm
12/02/2024 07:37:54 PM - humann.utilities - DEBUG: Using python module : /home/omar/Downloads/miniconda3/envs/humann_env/lib/python3.12/site-packages/humann/quantify/MinPath12hmp.py
12/02/2024 07:37:54 PM - humann.utilities - INFO: Execute command: /home/omar/Downloads/miniconda3/envs/humann_env/bin/python3.12 /home/omar/Downloads/miniconda3/envs/humann_env/lib/python3.12/site-packages/humann/quantify/MinPath12hmp.py -any /mnt/omar/pipelines/ont/work/results/004_pathways/humann/ERR13731454/kegg_pathways/ERR13731454_genefamilies_uniref90_kegg_orthologs_humann_temp/tmpfltq9o_g/tmpnd9h2xjg -map /mnt/omar/pipelines/ont/work/results/004_pathways/humann/ERR13731454/kegg_pathways/ERR13731454_genefamilies_uniref90_kegg_orthologs_humann_temp/tmpfltq9o_g/tmpjlk8xcxl -report /mnt/omar/pipelines/ont/work/results/004_pathways/humann/ERR13731454/kegg_pathways/ERR13731454_genefamilies_uniref90_kegg_orthologs_humann_temp/tmpfltq9o_g/tmpbauzn58j -details /mnt/omar/pipelines/ont/work/results/004_pathways/humann/ERR13731454/kegg_pathways/ERR13731454_genefamilies_uniref90_kegg_orthologs_humann_temp/tmpfltq9o_g/tmpvufyjxpf -mps /mnt/omar/pipelines/ont/work/results/004_pathways/humann/ERR13731454/kegg_pathways/ERR13731454_genefamilies_uniref90_kegg_orthologs_humann_temp/tmpfltq9o_g/tmp8c20a2br
12/02/2024 07:37:57 PM - humann.utilities - DEBUG: Using python module : /home/omar/Downloads/miniconda3/envs/humann_env/lib/python3.12/site-packages/humann/quantify/MinPath12hmp.py
12/02/2024 07:37:57 PM - humann.utilities - INFO: Execute command: /home/omar/Downloads/miniconda3/envs/humann_env/bin/python3.12 /home/omar/Downloads/miniconda3/envs/humann_env/lib/python3.12/site-packages/humann/quantify/MinPath12hmp.py -any /mnt/omar/pipelines/ont/work/results/004_pathways/humann/ERR13731454/kegg_pathways/ERR13731454_genefamilies_uniref90_kegg_orthologs_humann_temp/tmpfltq9o_g/tmphynb45n9 -map /mnt/omar/pipelines/ont/work/results/004_pathways/humann/ERR13731454/kegg_pathways/ERR13731454_genefamilies_uniref90_kegg_orthologs_humann_temp/tmpfltq9o_g/tmpjlk8xcxl -report /mnt/omar/pipelines/ont/work/results/004_pathways/humann/ERR13731454/kegg_pathways/ERR13731454_genefamilies_uniref90_kegg_orthologs_humann_temp/tmpfltq9o_g/tmp9krfzkno -details /mnt/omar/pipelines/ont/work/results/004_pathways/humann/ERR13731454/kegg_pathways/ERR13731454_genefamilies_uniref90_kegg_orthologs_humann_temp/tmpfltq9o_g/tmpyiq_1zle -mps /mnt/omar/pipelines/ont/work/results/004_pathways/humann/ERR13731454/kegg_pathways/ERR13731454_genefamilies_uniref90_kegg_orthologs_humann_temp/tmpfltq9o_g/tmpw9rfv_oo
12/02/2024 07:38:00 PM - humann.quantify.modules - DEBUG: Compute pathway abundance for bug: all
12/02/2024 07:38:00 PM - humann.quantify.modules - DEBUG: Compute pathway abundance for bug: g__Alistipes.s__Alistipes_finegoldii
12/02/2024 07:38:00 PM - humann.quantify.modules - DEBUG: Compute pathway abundance for bug: g__Alistipes.s__Alistipes_putredinis
12/02/2024 07:38:00 PM - humann.quantify.modules - DEBUG: Compute pathway abundance for bug: g__Bacteroides.s__Bacteroides_massiliensis
12/02/2024 07:38:00 PM - humann.quantify.modules - DEBUG: Compute pathway abundance for bug: g__Faecalibacterium.s__Faecalibacterium_prausnitzii
12/02/2024 07:38:00 PM - humann.quantify.modules - DEBUG: Compute pathway abundance for bug: g__Lachnospiraceae_unclassified.s__Eubacterium_rectale
12/02/2024 07:38:00 PM - humann.quantify.modules - DEBUG: Compute pathway abundance for bug: g__Roseburia.s__Roseburia_faecis
12/02/2024 07:38:00 PM - humann.quantify.modules - DEBUG: Compute pathway abundance for bug: unclassified
12/02/2024 07:38:00 PM - humann.quantify.modules - DEBUG: Compute pathway coverage for bug: all
12/02/2024 07:38:00 PM - humann.quantify.modules - DEBUG: Compute pathway coverage for bug: g__Alistipes.s__Alistipes_finegoldii
12/02/2024 07:38:00 PM - humann.quantify.modules - DEBUG: Compute pathway coverage for bug: g__Alistipes.s__Alistipes_putredinis
12/02/2024 07:38:00 PM - humann.quantify.modules - DEBUG: Compute pathway coverage for bug: g__Bacteroides.s__Bacteroides_massiliensis
12/02/2024 07:38:00 PM - humann.quantify.modules - DEBUG: Compute pathway coverage for bug: g__Faecalibacterium.s__Faecalibacterium_prausnitzii
12/02/2024 07:38:00 PM - humann.quantify.modules - DEBUG: Compute pathway coverage for bug: g__Lachnospiraceae_unclassified.s__Eubacterium_rectale
12/02/2024 07:38:00 PM - humann.quantify.modules - DEBUG: Compute pathway coverage for bug: g__Roseburia.s__Roseburia_faecis
12/02/2024 07:38:00 PM - humann.quantify.modules - DEBUG: Compute pathway coverage for bug: unclassified
12/02/2024 07:38:00 PM - humann.quantify.modules - DEBUG: Print pathways _Abundance
12/02/2024 07:38:00 PM - humann.quantify.modules - DEBUG: Print pathways _Coverage
12/02/2024 07:38:00 PM - humann.humann - INFO: TIMESTAMP: Completed 	computing pathways 	:	 19	 seconds
12/02/2024 07:38:00 PM - humann.humann - INFO: 
Output files created: 
/mnt/omar/pipelines/ont/work/results/004_pathways/humann/ERR13731454/kegg_pathways/ERR13731454_genefamilies_uniref90_kegg_orthologs_pathabundance.tsv
/mnt/omar/pipelines/ont/work/results/004_pathways/humann/ERR13731454/kegg_pathways/ERR13731454_genefamilies_uniref90_kegg_orthologs_pathcoverage.tsv

12/02/2024 07:38:00 PM - humann.utilities - DEBUG: Remove directory: /mnt/omar/pipelines/ont/work/results/004_pathways/humann/ERR13731454/kegg_pathways/ERR13731454_genefamilies_uniref90_kegg_orthologs_humann_temp/tmpfltq9o_g
