Output files will be written to: /mnt/omar/pipelines/ont/work/results/004_pathways/humann/ERR13731530
Decompressing gzipped file ...

Removing spaces from identifiers in input file ...


Running metaphlan ........

Found t__SGB1836 : 33.73% of mapped reads ( s__Bacteroides_uniformis,g__Bacteroides.s__Bacteroides_sp_D20,g__Bacteroides.s__Bacteroides_sp_4_1_36,g__Bacteroides.s__Bacteroides_humanifaecis,g__Bacteroides.s__Bacteroides_sp_AF25_38AC,g__Bacteroides.s__Bacteroides_sp_CACC_737,g__Bacteroides.s__Bacteroides_sp_AF36_11BH,g__Bacteroides.s__Bacteroides_sp_AF39_16AC,g__Bacteroides.s__Bacteroides_sp_AM32_11AC,g__Bacteroides.s__Bacteroides_sp_AF35_22,g__Bacteroides.s__Bacteroides_sp_AF26_10BH,g__Bacteroides.s__Bacteroides_sp_AF37_16AC,g__Bacteroides.s__Bacteroides_sp_Marseille_P8574,g__Bacteroides.s__Bacteroides_sp_HF_5613,g__Bacteroides.s__Bacteroides_sp_AF33_23,g__Bacteroides.s__Bacteroides_sp_AF20_13LB,g__Bacteroides.s__Bacteroides_sp_AF34_31BH,g__Bacteroides.s__Bacteroides_sp_A1C1,g__Bacteroides.s__Bacteroides_sp_HF_162,g__Bacteroides.s__Bacteroides_sp_AF29_11,g__Bacteroides.s__Bacteroides_sp_AF04_22,g__Bacteroides.s__Bacteroides_sp_AM41_16,g__Bacteroides.s__Bacteroides_sp_AR29,g__Bacteroides.s__Bacteroides_sp_NSJ_21,g__Bacteroides.s__Bacteroides_sp_AF18_33,g__Bacteroides.s__Bacteroides_sp_AM44_19,g__Bacteroides.s__Bacteroides_sp_AF27_10BH,g__Bacteroides.s__Bacteroides_sp_AM07_18,g__Bacteroides.s__Bacteroides_sp_AF15_14LB,g__Bacteroides.s__Bacteroides_sp_AF25_5LB,g__Bacteroides.s__Bacteroides_sp_AM30_16 )
Found t__SGB15318 : 18.13% of mapped reads ( s__Faecalibacterium_prausnitzii,g__Faecalibacterium.s__Faecalibacterium_sp_Marseille_Q4137,g__Faecalibacterium.s__Faecalibacterium_sp_4P15,g__Faecalibacterium.s__Faecalibacterium_sp_Marseille_Q0746,g__Faecalibacterium.s__Faecalibacterium_sp_CLA_AA_H283,g__Faecalibacterium.s__Faecalibacterium_sp_CLA_AA_H254,g__Faecalibacterium.s__Faecalibacterium_sp_CLA_AA_H223,g__Faecalibacterium.s__Faecalibacterium_sp_IP329,g__Faecalibacterium.s__Faecalibacterium_duncaniae,g__Faecalibacterium.s__Faecalibacterium_sp_BCRC_81149,g__Faecalibacterium.s__Faecalibacterium_sp_I2392 )
Found t__SGB15342 : 9.11% of mapped reads ( s__Faecalibacterium_prausnitzii,g__Faecalibacterium.s__Faecalibacterium_sp_AM43_5AT,g__Faecalibacterium.s__Faecalibacterium_sp_BIOML_A3,g__Faecalibacterium.s__Faecalibacterium_sp_Marseille_Q4896,g__Faecalibacterium.s__Faecalibacterium_sp_OF03_6AC,g__Faecalibacterium.s__Faecalibacterium_sp_AF27_11BH,g__Faecalibacterium.s__Faecalibacterium_sp_AF10_46,g__Faecalibacterium.s__Faecalibacterium_sp_BIOML_A2,g__Faecalibacterium.s__Faecalibacterium_sp_I4384 )
Found t__SGB1815 : 5.42% of mapped reads ( s__Bacteroides_dorei )
Found g__Faecalibacterium.s__Faecalibacterium_SGB15346 : 4.59% of mapped reads (  )
Found t__SGB10115_group : 4.33% of mapped reads ( s__Klebsiella_oxytoca,g__Klebsiella.s__Klebsiella_quasivariicola,g__Klebsiella.s__Klebsiella_africana,g__Klebsiella.s__Klebsiella_sp_10982,g__Klebsiella.s__Klebsiella_sp_MS_92_3,g__Klebsiella.s__Klebsiella_sp_01_6622,g__Klebsiella.s__Klebsiella_sp_Kps,g__Klebsiella.s__Klebsiella_sp_K1,g__Klebsiella.s__Klebsiella_sp_KGM_IMP216,g__Klebsiella.s__Klebsiella_sp_28,g__Klebsiella.s__Klebsiella_sp_P1927,g__Klebsiella.s__Klebsiella_sp_HMSC16A12,g__Klebsiella.s__Klebsiella_sp_10,g__Klebsiella.s__Klebsiella_aerogenes,g__Klebsiella.s__Klebsiella_sp_4_1_44FAA,g__Klebsiella.s__Klebsiella_sp_AqSCr,g__Klebsiella.s__Klebsiella_sp_01_3681,g__Klebsiella.s__Klebsiella_sp_P1954,g__Klebsiella.s__Klebsiella_sp_K4,g__Klebsiella.s__Klebsiella_sp_KBG1 )
Found t__SGB1861 : 3.27% of mapped reads ( s__Bacteroides_thetaiotaomicron,g__Bacteroides.s__Bacteroides_sp_AR20,g__Bacteroides.s__Bacteroides_sp_AM23_12,g__Bacteroides.s__Bacteroides_sp_B1_V_101,g__Bacteroides.s__Bacteroides_sp_MSK_20_82 )
Found t__SGB1867 : 3.20% of mapped reads ( s__Bacteroides_xylanisolvens,g__Bacteroides.s__Bacteroides_sp_1_1_30,g__Bacteroides.s__Bacteroides_sp_AM16_13,g__Bacteroides.s__Bacteroides_sp_3_1_13,g__Bacteroides.s__Bacteroides_sp_1001302B_160321_D4,g__Bacteroides.s__Bacteroides_sp_D22,g__Bacteroides.s__Bacteroides_sp_2_1_22,g__Bacteroides.s__Bacteroides_sp_AM37_9,g__Bacteroides.s__Bacteroides_sp_MSK_20_12,g__Bacteroides.s__Bacteroides_ovatus,g__Bacteroides.s__Bacteroides_sp_SL_2_06 )
Found t__SGB9262 : 2.50% of mapped reads ( s__Parasutterella_excrementihominis,g__Burkholderiales_unclassified.s__Burkholderiales_bacterium,g__Burkholderiales_unclassified.s__Burkholderiales_bacterium_1_1_47 )
Found t__SGB15332 : 2.21% of mapped reads ( s__Faecalibacterium_prausnitzii,g__Faecalibacterium.s__Faecalibacterium_sp_IP118 )
Found t__SGB1949 : 2.03% of mapped reads ( s__Parabacteroides_merdae,g__Parabacteroides.s__Parabacteroides_sp_MSK_9_14 )
Found t__SGB15316 : 1.67% of mapped reads ( s__Faecalibacterium_prausnitzii,g__Faecalibacterium.s__Faecalibacterium_longum,g__Faecalibacterium.s__Faecalibacterium_sp_Marseille_P9312,g__Faecalibacterium.s__Faecalibacterium_sp_Marseille_P9590 )
Found g__Faecalibacterium.s__Faecalibacterium_sp_HTFF : 1.12% of mapped reads (  )
Found t__SGB1934 : 0.96% of mapped reads ( s__Parabacteroides_distasonis,g__Parabacteroides.s__Parabacteroides_sp_20_3,g__Parabacteroides.s__Parabacteroides_sp_AF39_10AC,g__Parabacteroides.s__Parabacteroides_sp_D26,g__Parabacteroides.s__Parabacteroides_sp_AT13,g__Parabacteroides.s__Parabacteroides_sp_OF04_13BH,g__Parabacteroides.s__Parabacteroides_sp_AF21_43,g__Parabacteroides.s__Parabacteroides_sp_AM25_14,g__Parabacteroides.s__Parabacteroides_sp_AF19_14,g__Parabacteroides.s__Parabacteroides_sp_OF01_14,g__Parabacteroides.s__Parabacteroides_sp_2_1_7,g__Parabacteroides.s__Parabacteroides_sp_D13,g__Parabacteroides.s__Parabacteroides_sp_CT06,g__Parabacteroides.s__Parabacteroides_sp_CH2_D42_20,g__Parabacteroides.s__Parabacteroides_sp_AF27_14,g__Parabacteroides.s__Parabacteroides_sp_AM17_47,g__Parabacteroides.s__Parabacteroides_sp_Y3_G_102,g__Parabacteroides.s__Parabacteroides_sp_B2_Q_110,g__Parabacteroides.s__Parabacteroides_sp_B2_S_102 )
Found t__SGB15053 : 0.84% of mapped reads ( s__Oscillibacter_sp_57_20,g__Dysosmobacter.s__Dysosmobacter_sp_BX15,g__Oscillibacter.s__Oscillibacter_sp_MCC667 )
Found g__Clostridium.s__Clostridium_fessum : 0.79% of mapped reads ( g__Clostridium.s__Clostridium_sp_AF21_20LB,g__Clostridium.s__Clostridium_sp_OM05_5BH,g__Clostridium.s__Clostridium_sp_AF37_7,g__Clostridium.s__Clostridium_sp_AM18_55,g__Clostridium.s__Clostridium_sp_AF02_29,g__Clostridium.s__Clostridium_sp_AM28_20LB,g__Clostridium.s__Clostridium_sp_AF12_41,g__Clostridium.s__Clostridium_sp_OM04_7,g__Clostridium.s__Clostridium_sp_AF50_3,g__Clostridium.s__Clostridium_sp_OF13_4,g__Clostridium.s__Clostridium_sp_AF24_2LB,g__Clostridium.s__Clostridium_sp_TF11_13AC,g__Clostridium.s__Clostridium_sp_TF06_15AC,g__Clostridium.s__Clostridium_sp_AF35_15,g__Clostridium.s__Clostridium_sp_AM48_13,g__Clostridium.s__Clostridium_sp_AF32_7AC,g__Clostridium.s__Clostridium_sp_AM43_3BH,g__Clostridium.s__Clostridium_sp_AF27_5AA,g__Clostridium.s__Clostridium_sp_AF29_8BH,g__Clostridium.s__Clostridium_sp_BX14,g__Clostridium.s__Clostridium_sp_AF20_7,g__Clostridium.s__Clostridium_sp_AF22_10,g__Clostridium.s__Clostridium_sp_AM27_28 )
Found t__SGB7967 : 0.69% of mapped reads ( s__Enterococcus_faecium,g__Enterococcus.s__Enterococcus_sp_BSD2780120874b_170522_B6,g__Enterococcus.s__Enterococcus_sp_HMSC035B04,g__Enterococcus.s__Enterococcus_sp_H57,g__Enterococcus.s__Enterococcus_sp_HMSC069A01,g__Enterococcus.s__Enterococcus_sp_HMSC063H10,g__Enterococcus.s__Enterococcus_sp_HMSC035C10,g__Enterococcus.s__Enterococcus_sp_GMD3E,g__Enterococcus.s__Enterococcus_sp_GMD4E,g__Enterococcus.s__Enterococcus_sp_GMD5E,g__Enterococcus.s__Enterococcus_sp_HMSC060D07,g__Enterococcus.s__Enterococcus_sp_GMD2E,g__Enterococcus.s__Enterococcus_sp_HMSC074F07,g__Enterococcus.s__Enterococcus_sp_HMSC34G12,g__Enterococcus.s__Enterococcus_sp_HMSC034B11,g__Enterococcus.s__Enterococcus_sp_GMD1E,g__Enterococcus.s__Enterococcus_sp_HMSC077E07,g__Enterococcus.s__Enterococcus_sp_HMSC070F12,g__Enterococcus.s__Enterococcus_sp_HMSC055G03,g__Enterococcus.s__Enterococcus_sp_HMSC058D07,g__Enterococcus.s__Enterococcus_sp_105332,g__Enterococcus.s__Enterococcus_sp_S109_ASV_20,g__Enterococcus.s__Enterococcus_sp_S117_ASV_20,g__Enterococcus.s__Enterococcus_sp_S141_ASV_20,g__Enterococcus.s__Enterococcus_sp_S149_ASV_20,g__Enterococcus.s__Enterococcus_sp_S177_ASV_20,g__Enterococcus.s__Enterococcus_sp_S113_ASV_20 )
Found t__SGB10124 : 0.49% of mapped reads ( s__Klebsiella_oxytoca,g__Raoultella.s__Raoultella_planticola,g__Raoultella.s__Raoultella_sp_XY_1,g__Raoultella.s__Raoultella_sp_X13,g__Raoultella.s__Raoultella_sp_RLT01 )
Found t__SGB1855 : 0.41% of mapped reads ( s__Bacteroides_fragilis,g__Bacteroides.s__Bacteroides_sp_3_2_5 )
Found t__SGB4933 : 0.31% of mapped reads ( s__Eubacterium_rectale )
Found t__SGB1857 : 0.29% of mapped reads ( s__Bacteroides_salyersiae )
Found t__SGB1844 : 0.28% of mapped reads ( s__Bacteroides_cellulosilyticus,g__Bacteroides.s__Bacteroides_sp_14_A,g__Bacteroides.s__Bacteroides_intestinalis )
Found t__SGB15132 : 0.23% of mapped reads ( s__Flavonifractor_plautii,g__Lachnospiraceae_unclassified.s__Lachnospiraceae_bacterium_7_1_58FAA,g__Eubacteriales_unclassified.s__Clostridiales_bacterium_VE202_03,g__Clostridia_unclassified.s__Clostridia_bacterium_UC5_1_2H11,g__Eubacteriales_unclassified.s__Clostridiales_bacterium )
Found t__SGB15265 : 0.19% of mapped reads ( s__Firmicutes_bacterium_CAG_103 )
Found g__Brotolimicola.s__Brotolimicola_acetigignens : 0.19% of mapped reads ( g__Clostridium.s__Clostridium_sp_AF34_10BH,g__Clostridium.s__Clostridium_sp_AM34_9AC,g__Clostridium.s__Clostridium_sp_AF36_18BH,g__Clostridium.s__Clostridium_sp_TF08_15,g__Clostridium.s__Clostridium_sp_AF46_12NS,g__Lachnospiraceae_unclassified.s__Lachnospiraceae_bacterium_GAM79,g__Acetatifactor.s__Acetatifactor_sp_DFI_5_50,g__Waltera.s__Waltera_sp_CLA_AA_H273 )
Found g__Lacrimispora.s__Lacrimispora_amygdalina : 0.17% of mapped reads ( g__Eubacteriales_unclassified.s__butyrate_producing_bacterium_SS3_4,g__Clostridium.s__Clostridium_sp_AM25_23AC,g__Clostridium.s__Clostridium_sp_AM34_11AC,g__Clostridiaceae_unclassified.s__Clostridiaceae_bacterium_AF02_42,g__Lachnospiraceae_unclassified.s__Lachnospiraceae_bacterium_OF11_28,g__Eubacteriales_unclassified.s__Clostridiales_bacterium_AF36_10,g__Desulfotomaculum.s__Desulfotomaculum_sp_OF05_3,g__Clostridium.s__Clostridium_sp_AF28_12,g__Clostridiaceae_unclassified.s__Clostridiaceae_bacterium_TF01_6,g__Bacteria_unclassified.s__bacterium_210820_DFI_6_38,g__Clostridium.s__Clostridium_sp_MCC328 )
Found t__SGB4837 : 0.17% of mapped reads ( s__Blautia_obeum,g__Blautia.s__Blautia_obeum,g__Ruminococcus.s__Ruminococcus_sp_OM02_16LB,g__Blautia.s__Blautia_sp_Marseille_P2398,g__Ruminococcus.s__Ruminococcus_sp_AM18_44,g__Ruminococcus.s__Ruminococcus_sp_AF33_11BH,g__Ruminococcus.s__Ruminococcus_sp_AM40_10AC,g__Ruminococcus.s__Ruminococcus_sp_AM36_17,g__Ruminococcus.s__Ruminococcus_sp_TM09_4,g__Ruminococcus.s__Ruminococcus_sp_AM32_17LB,g__Ruminococcus.s__Ruminococcus_sp_AM29_12LB,g__Blautia.s__Blautia_sp_1001283B150304_161114_C9,g__Ruminococcus.s__Ruminococcus_sp_AM18_15,g__Ruminococcus.s__Ruminococcus_sp_5_1_39BFAA,g__Ruminococcus.s__Ruminococcus_sp_TF11_2AC,g__Ruminococcus.s__Ruminococcus_sp_AF19_29,g__Ruminococcus.s__Ruminococcus_sp_AM27_16,g__Ruminococcus.s__Ruminococcus_sp_AF25_28AC,g__Ruminococcus.s__Ruminococcus_sp_AM34_9LB,g__Ruminococcus.s__Ruminococcus_sp_AM23_1LB,g__Ruminococcus.s__Ruminococcus_sp_AM42_10AC,g__Ruminococcus.s__Ruminococcus_sp_AF14_5,g__Blautia.s__Blautia_sp_DFI_3_45,g__Blautia.s__Blautia_sp_MSK18_10,g__Blautia.s__Blautia_sp_DFI_6_71,g__Blautia.s__Blautia_sp_DFI_1_216 )
Found t__SGB17248 : 0.17% of mapped reads ( s__Bifidobacterium_longum,g__Bifidobacteriaceae_unclassified.s__Bifidobacteriaceae_bacterium_MCC01989,g__Bifidobacteriaceae_unclassified.s__Bifidobacteriaceae_bacterium_MCC01979,g__Bifidobacteriaceae_unclassified.s__Bifidobacteriaceae_bacterium_MCC01972,g__Bifidobacteriaceae_unclassified.s__Bifidobacteriaceae_bacterium_MCC01986,g__Bifidobacteriaceae_unclassified.s__Bifidobacteriaceae_bacterium_MCC01978,g__Bifidobacteriaceae_unclassified.s__Bifidobacteriaceae_bacterium_MCC01976,g__Bifidobacteriaceae_unclassified.s__Bifidobacteriaceae_bacterium_MCC01975 )
Found g__Hydrogenoanaerobacterium.s__Hydrogenoanaerobacterium_saccharovorans : 0.16% of mapped reads (  )
Found g__Faecalicatena.s__Faecalicatena_SGB4872 : 0.15% of mapped reads (  )
Found t__SGB4874 : 0.14% of mapped reads ( s__Fusicatenibacter_saccharivorans,g__Blautia.s__Blautia_sp_AM42_2,g__Blautia.s__Blautia_sp_OF03_13,g__Blautia.s__Blautia_sp_OF09_25XD,g__Blautia.s__Blautia_sp_AM47_4,g__Blautia.s__Blautia_sp_AM29_29,g__Blautia.s__Blautia_sp_AF17_9LB,g__Blautia.s__Blautia_sp_OM06_15AC,g__Blautia.s__Blautia_sp_AF19_13LB,g__Blautia.s__Blautia_sp_AF34_10,g__Blautia.s__Blautia_sp_AM23_13AC,g__Blautia.s__Blautia_sp_OM05_6,g__Blautia.s__Blautia_sp_AF26_2,g__Blautia.s__Blautia_sp_OF11_22,g__Blautia.s__Blautia_sp_AF14_40,g__Blautia.s__Blautia_sp_AM28_10,g__Blautia.s__Blautia_sp_AF32_4BH,g__Blautia.s__Blautia_sp_AF19_1,g__Blautia.s__Blautia_sp_TM10_2,g__Blautia.s__Blautia_sp_TF10_30,g__Lachnospiraceae_unclassified.s__Lachnospiraceae_bacterium_210521_DFI_5_20 )
Found g__GGB9621.s__GGB9621_SGB15073 : 0.14% of mapped reads (  )
Found g__GGB9619.s__GGB9619_SGB15067 : 0.14% of mapped reads (  )
Found t__SGB4035 : 0.13% of mapped reads ( s__Absiella_dolichum )
Found g__GGB51269.s__GGB51269_SGB5062 : 0.12% of mapped reads (  )
Found t__SGB15286 : 0.12% of mapped reads ( s__Subdoligranulum_sp_APC924_74 )
Found g__Holdemania.s__Holdemania_sp_1001095H_141210_F2 : 0.11% of mapped reads ( g__Holdemania.s__Holdemania_sp_Marseille_P2844,g__Holdemania.s__Holdemania_sp_1001302B_160321_E10 )
Found t__SGB15300 : 0.10% of mapped reads ( s__Gemmiger_formicilis )
Found t__SGB5051 : 0.08% of mapped reads ( s__Eubacterium_sp_CAG_192,g__Eubacterium.s__Eubacterium_sp_AF36_5BH )
Found t__SGB4575 : 0.08% of mapped reads ( s__Dorea_formicigenerans,g__Dorea.s__Dorea_sp_Marseille_P4042,g__Dorea.s__Dorea_sp_AGR2135,g__Dorea.s__Dorea_sp_210702_DFI_3_125,g__Dorea.s__Dorea_sp_210702_DFI_3_17 )
Found g__Clostridium.s__Clostridium_sp_AM33_3 : 0.08% of mapped reads (  )
Found g__Lachnospiraceae_unclassified.s__Lachnospiraceae_bacterium_AM48_27BH : 0.07% of mapped reads (  )
Found t__SGB4959 : 0.06% of mapped reads ( s__Eubacterium_ramulus )
Found t__SGB14993 : 0.06% of mapped reads ( s__Agathobaculum_butyriciproducens,g__Butyricicoccus.s__Butyricicoccus_faecihominis,g__Butyricicoccus.s__Butyricicoccus_sp_AF10_3,g__Butyricicoccus.s__Butyricicoccus_sp_OF13_6,g__Butyricicoccus.s__Butyricicoccus_sp_AM27_36,g__Butyricicoccus.s__Butyricicoccus_sp_AF22_28AC,g__Butyricicoccus.s__Butyricicoccus_sp_AF24_19AC,g__Butyricicoccus.s__Butyricicoccus_sp_TM10_16AC,g__Butyricicoccus.s__Butyricicoccus_sp_BIOML_A1,g__Butyricicoccus.s__Butyricicoccus_sp_AM28_25,g__Butyricicoccus.s__Butyricicoccus_sp_OM06_6AC,g__Butyricicoccus.s__Butyricicoccus_sp_AM18_35,g__Butyricicoccus.s__Butyricicoccus_sp_OF10_2,g__Butyricicoccus.s__Butyricicoccus_sp_AM05_1,g__Butyricicoccus.s__Butyricicoccus_sp_AF35_5AC,g__Butyricicoccus.s__Butyricicoccus_sp_AF15_40,g__Butyricicoccus.s__Butyricicoccus_sp_AM32_19 )
Found g__Oscillospiraceae_unclassified.s__Oscillospiraceae_bacterium_CLA_AA_H250 : 0.06% of mapped reads ( g__Oscillospiraceae_unclassified.s__Oscillospiraceae_bacterium_MH27_1,g__Oscillospiraceae_unclassified.s__Oscillospiraceae_bacterium_MH27_2 )
Found t__SGB4537 : 0.06% of mapped reads ( s__Eubacterium_hallii,g__Anaerobutyricum.s__Anaerobutyricum_hallii,g__Eubacteriaceae_unclassified.s__Eubacteriaceae_bacterium )
Found t__SGB4791 : 0.06% of mapped reads ( s__Firmicutes_bacterium_CAG_424 )
Found t__SGB4936 : 0.05% of mapped reads ( s__Roseburia_hominis )
Found g__Clostridiaceae_unclassified.s__Clostridiaceae_unclassified_SGB4771 : 0.05% of mapped reads (  )
Found t__SGB4582 : 0.05% of mapped reads ( s__Dorea_longicatena,g__Dorea.s__Dorea_sp_BIOML_A1,g__Bacteria_unclassified.s__bacterium_210928_DFI_3_100,g__Dorea.s__Dorea_formicigenerans )
Found g__Clostridium.s__Clostridium_SGB4750 : 0.04% of mapped reads (  )
Found g__Eubacteriales_unclassified.s__Clostridiales_bacterium : 0.04% of mapped reads (  )
Found g__Faecalibacterium.s__Faecalibacterium_sp_CLA_AA_H233 : 0.04% of mapped reads ( g__Faecalibacterium.s__Faecalibacterium_sp_I3389 )
Found t__SGB4540 : 0.04% of mapped reads ( s__Anaerostipes_hadrus,g__Lachnospiraceae_unclassified.s__Lachnospiraceae_bacterium_AM25_27,g__Lachnospiraceae_unclassified.s__Lachnospiraceae_bacterium_TF10_8AT,g__Lachnospiraceae_unclassified.s__Lachnospiraceae_bacterium_AM21_21,g__Lachnospiraceae_unclassified.s__Lachnospiraceae_bacterium_AM26_1LB,g__Lachnospiraceae_unclassified.s__Lachnospiraceae_bacterium_AM10_38,g__Lachnospiraceae_unclassified.s__Lachnospiraceae_bacterium_OM02_26,g__Lachnospiraceae_unclassified.s__Lachnospiraceae_bacterium_AM23_7LB,g__Lachnospiraceae_unclassified.s__Lachnospiraceae_bacterium_5_1_63FAA )
Found t__SGB4670 : 0.04% of mapped reads ( s__Coprococcus_catus,g__Coprococcus.s__Coprococcus_sp_B2_R_112 )
Found t__SGB4993 : 0.03% of mapped reads ( s__Firmicutes_bacterium_AF16_15,g__Firmicutes_unclassified.s__Firmicutes_bacterium_TM09_10,g__Firmicutes_unclassified.s__Firmicutes_bacterium_AF16_15,g__Firmicutes_unclassified.s__Firmicutes_bacterium_AF36_19BH )
Found t__SGB4811 : 0.02% of mapped reads ( s__Blautia_obeum,g__Blautia.s__Blautia_sp_210820_DFI_6_14 )
Found g__Dorea.s__Dorea_sp_AF36_15AT : 0.02% of mapped reads ( g__Dorea.s__Dorea_sp_AM58_8 )
Found t__SGB5082 : 0.02% of mapped reads ( s__Eubacterium_eligens,g__Eubacterium.s__Eubacterium_sp_AM49_13BH )
Found t__SGB4862 : 0.02% of mapped reads ( s__Blautia_sp_CAG_257,g__Lachnospiraceae_unclassified.s__Lachnospiraceae_bacterium )
Found t__SGB5090 : 0.02% of mapped reads ( s__Clostridiales_bacterium_KLE1615,g__Firmicutes_unclassified.s__Firmicutes_bacterium_AF25_13AC,g__Lachnoclostridium.s__Lachnoclostridium_sp_210928_DFI_6_3,g__Lachnospiraceae_unclassified.s__Lachnospiraceae_bacterium_CLA_AA_H224 )
Found t__SGB4828 : 0.01% of mapped reads ( s__Blautia_sp,g__Ruminococcus.s__Ruminococcus_sp_OF03_6AA,g__Blautia.s__Blautia_sp_MSK_20_85,g__Ruminococcus.s__Ruminococcus_sp_OM08_9BH,g__Ruminococcus.s__Ruminococcus_sp_AM41_10BH,g__Ruminococcus.s__Ruminococcus_sp_AM36_5,g__Blautia.s__Blautia_sp_NSJ_166 )
Found t__SGB1858 : 0.01% of mapped reads ( s__Bacteroides_nordii,g__Bacteroides.s__Bacteroides_sp_HPS0048,g__Bacteroides.s__Bacteroides_sp_K03 )
Found t__SGB4951 : 0.01% of mapped reads ( s__Roseburia_intestinalis )
Found g__Blautia.s__Blautia_SGB4815 : 0.01% of mapped reads (  )
Found t__SGB4826 : 0.01% of mapped reads ( s__Blautia_obeum,g__Blautia.s__Blautia_luti,g__Blautia.s__Blautia_sp_aa_0143,g__Blautia.s__Blautia_sp_KLE_1732,g__Lachnospiraceae_unclassified.s__Lachnospiraceae_bacterium,g__Blautia.s__Blautia_sp_SF_50,g__Blautia.s__Blautia_sp_BCRC_81119,g__Ruminococcus.s__Ruminococcus_sp_OF02_6,g__Blautia.s__Blautia_obeum,g__Blautia.s__Blautia_sp_SC05B48,g__Blautia.s__Blautia_sp_CLA_AA_H217,g__Blautia.s__Blautia_sp_CLA_AA_H275,g__Blautia.s__Blautia_sp_NSJ_140,g__Blautia.s__Blautia_sp_NSJ_157,g__Blautia.s__Blautia_sp_DFI_9_10,g__Blautia.s__Blautia_sp_MB18_30,g__Blautia.s__Blautia_sp_MSK20_18,g__Blautia.s__Blautia_sp_MCC270 )

Total species selected from prescreen: 426

Selected species explain 99.96% of predicted community composition


Creating custom ChocoPhlAn database ........


Running bowtie2-build ........


Running bowtie2 ........

Total bugs from nucleotide alignment: 49
g__Dorea.s__Dorea_formicigenerans: 67109 hits
g__Bacteroides.s__Bacteroides_xylanisolvens: 1236644 hits
g__Parabacteroides.s__Parabacteroides_distasonis: 570219 hits
g__Bacteroides.s__Bacteroides_uniformis: 12576841 hits
g__Faecalibacterium.s__Faecalibacterium_prausnitzii: 7294968 hits
g__Bacteroides.s__Bacteroides_cellulosilyticus: 290078 hits
g__Parabacteroides.s__Parabacteroides_merdae: 844865 hits
g__Klebsiella.s__Klebsiella_oxytoca: 286564 hits
g__Bacteroides.s__Bacteroides_fragilis: 1047131 hits
g__Bacteroides.s__Bacteroides_salyersiae: 166659 hits
g__Parasutterella.s__Parasutterella_excrementihominis: 455940 hits
g__Bacteroides.s__Bacteroides_dorei: 2137947 hits
g__Klebsiella.s__Klebsiella_pneumoniae: 2011640 hits
g__Bacteroides.s__Bacteroides_ovatus: 566297 hits
g__Enterococcus.s__Enterococcus_faecium: 178654 hits
g__Blautia.s__Blautia_sp: 4395 hits
g__Blautia.s__Blautia_wexlerae: 47510 hits
g__Anaerostipes.s__Anaerostipes_hadrus: 9233 hits
g__Blautia.s__Blautia_sp_CAG_257: 3001 hits
g__Raoultella.s__Raoultella_planticola: 41848 hits
g__Bacteroides.s__Bacteroides_thetaiotaomicron: 1699513 hits
g__Eubacterium.s__Eubacterium_hallii: 25278 hits
g__Bacteroides.s__Bacteroides_intestinalis: 178949 hits
g__Roseburia.s__Roseburia_hominis: 49510 hits
g__Klebsiella.s__Klebsiella_aerogenes: 206042 hits
g__Lachnospiraceae_unclassified.s__Eubacterium_rectale: 126811 hits
g__Blautia.s__Blautia_obeum: 75860 hits
g__Absiella.s__Absiella_dolichum: 26350 hits
g__Firmicutes_unclassified.s__Firmicutes_bacterium_AF16_15: 21977 hits
g__Dorea.s__Dorea_longicatena: 61548 hits
g__Firmicutes_unclassified.s__Firmicutes_bacterium_CAG_424: 9052 hits
g__Raoultella.s__Raoultella_ornithinolytica: 221167 hits
g__Gemmiger.s__Gemmiger_formicilis: 101101 hits
g__Fusicatenibacter.s__Fusicatenibacter_saccharivorans: 82662 hits
g__Oscillibacter.s__Oscillibacter_sp_57_20: 88844 hits
g__Flavonifractor.s__Flavonifractor_plautii: 139642 hits
g__Bifidobacterium.s__Bifidobacterium_longum: 65175 hits
g__Eubacterium.s__Eubacterium_sp_CAG_192: 8787 hits
g__Agathobaculum.s__Agathobaculum_butyriciproducens: 49833 hits
g__Subdoligranulum.s__Subdoligranulum_sp_APC924_74: 74672 hits
g__Bacteroides.s__Bacteroides_nordii: 32788 hits
g__Eubacterium.s__Eubacterium_eligens: 63559 hits
g__Coprococcus.s__Coprococcus_catus: 23539 hits
g__Eubacterium.s__Eubacterium_ramulus: 35829 hits
g__Firmicutes_unclassified.s__Firmicutes_bacterium_CAG_103: 28733 hits
g__Roseburia.s__Roseburia_intestinalis: 30080 hits
g__Clostridiales_unclassified.s__Clostridiales_bacterium_KLE1615: 33504 hits
g__Oscillibacter.s__Oscillibacter_valericigenes: 251 hits
g__Eubacteriaceae_unclassified.s__Eubacteriaceae_bacterium: 25 hits

Total gene families from nucleotide alignment: 146411

Unaligned reads after nucleotide alignment: 28.3924765093 %


Running diamond ........


Aligning to reference database: uniref90_201901b_full.dmnd

Traceback (most recent call last):
  File "/home/omar/Downloads/miniconda3/envs/humann_env/bin/humann", line 10, in <module>
    sys.exit(main())
             ^^^^^^
  File "/home/omar/Downloads/miniconda3/envs/humann_env/lib/python3.12/site-packages/humann/humann.py", line 1032, in main
    translated_alignment_file = translated.alignment(config.protein_database, 
                                ^^^^^^^^^^^^^^^^^^^^^^^^^^^^^^^^^^^^^^^^^^^^^
  File "/home/omar/Downloads/miniconda3/envs/humann_env/lib/python3.12/site-packages/humann/search/translated.py", line 259, in alignment
    diamond_alignment(alignment_file, uniref, input_fasta)
  File "/home/omar/Downloads/miniconda3/envs/humann_env/lib/python3.12/site-packages/humann/search/translated.py", line 206, in diamond_alignment
    utilities.execute_command(exe,full_args,[input_database],[])
  File "/home/omar/Downloads/miniconda3/envs/humann_env/lib/python3.12/site-packages/humann/utilities.py", line 761, in execute_command
    p_out = subprocess.check_output(cmd, stderr=subprocess.STDOUT)
            ^^^^^^^^^^^^^^^^^^^^^^^^^^^^^^^^^^^^^^^^^^^^^^^^^^^^^^
  File "/home/omar/Downloads/miniconda3/envs/humann_env/lib/python3.12/subprocess.py", line 466, in check_output
    return run(*popenargs, stdout=PIPE, timeout=timeout, check=True,
           ^^^^^^^^^^^^^^^^^^^^^^^^^^^^^^^^^^^^^^^^^^^^^^^^^^^^^^^^^
  File "/home/omar/Downloads/miniconda3/envs/humann_env/lib/python3.12/subprocess.py", line 550, in run
    stdout, stderr = process.communicate(input, timeout=timeout)
                     ^^^^^^^^^^^^^^^^^^^^^^^^^^^^^^^^^^^^^^^^^^^
  File "/home/omar/Downloads/miniconda3/envs/humann_env/lib/python3.12/subprocess.py", line 1196, in communicate
    stdout = self.stdout.read()
             ^^^^^^^^^^^^^^^^^^
KeyboardInterrupt
