Output files will be written to: /mnt/omar/pipelines/ont/work/results/004_pathways/humann/ERR13731454
Decompressing gzipped file ...

Removing spaces from identifiers in input file ...


Running metaphlan ........

Bypass

Found t__SGB6276 : 10.44% of mapped reads ( s__Clostridium_sp_CAG_245 )
Found t__SGB2301 : 7.04% of mapped reads ( s__Alistipes_finegoldii,g__Alistipes.s__Alistipes_sp_HGB5 )
Found t__SGB2318 : 6.88% of mapped reads ( s__Alistipes_putredinis )
Found t__SGB4933 : 5.80% of mapped reads ( s__Eubacterium_rectale )
Found t__SGB15316 : 4.96% of mapped reads ( s__Faecalibacterium_prausnitzii,g__Faecalibacterium.s__Faecalibacterium_longum,g__Faecalibacterium.s__Faecalibacterium_sp_Marseille_P9312,g__Faecalibacterium.s__Faecalibacterium_sp_Marseille_P9590 )
Found t__SGB1812 : 4.64% of mapped reads ( s__Bacteroides_massiliensis )
Found g__Oscillospiraceae_unclassified.s__Oscillospiraceae_bacterium_CLA_AA_H250 : 4.27% of mapped reads ( g__Oscillospiraceae_unclassified.s__Oscillospiraceae_bacterium_MH27_1,g__Oscillospiraceae_unclassified.s__Oscillospiraceae_bacterium_MH27_2 )
Found t__SGB4925 : 4.16% of mapped reads ( s__Roseburia_faecis,g__Roseburia.s__Roseburia_hominis,g__Roseburia.s__Roseburia_sp_TF10_5 )
Found g__GGB9699.s__GGB9699_SGB15216 : 2.93% of mapped reads (  )
Found g__Oscillibacter.s__Oscillibacter_sp_ER4 : 2.89% of mapped reads ( g__Oscillospiraceae_unclassified.s__Ruminococcaceae_bacterium_AF10_16,g__Oscillospiraceae_unclassified.s__Ruminococcaceae_bacterium_TF06_43,g__Oscillospiraceae_unclassified.s__Oscillospiraceae_bacterium_CLA_AA_H269 )
Found t__SGB15342 : 2.65% of mapped reads ( s__Faecalibacterium_prausnitzii,g__Faecalibacterium.s__Faecalibacterium_sp_AM43_5AT,g__Faecalibacterium.s__Faecalibacterium_sp_BIOML_A3,g__Faecalibacterium.s__Faecalibacterium_sp_Marseille_Q4896,g__Faecalibacterium.s__Faecalibacterium_sp_OF03_6AC,g__Faecalibacterium.s__Faecalibacterium_sp_AF27_11BH,g__Faecalibacterium.s__Faecalibacterium_sp_AF10_46,g__Faecalibacterium.s__Faecalibacterium_sp_BIOML_A2,g__Faecalibacterium.s__Faecalibacterium_sp_I4384 )
Found t__SGB4951 : 2.10% of mapped reads ( s__Roseburia_intestinalis )
Found t__SGB14306 : 2.06% of mapped reads ( s__Clostridium_sp_CAG_138 )
Found t__SGB4581 : 2.04% of mapped reads ( s__Dorea_longicatena,g__Dorea.s__Dorea_sp_MB18_49,g__Lachnospiraceae_unclassified.s__Lachnospiraceae_bacterium_210521_DFI_5_19,g__Lachnospiraceae_unclassified.s__Lachnospiraceae_bacterium_210521_DFI_3_101 )
Found t__SGB15300 : 1.71% of mapped reads ( s__Gemmiger_formicilis )
Found t__SGB9260 : 1.63% of mapped reads ( s__Proteobacteria_bacterium_CAG_139 )
Found t__SGB4269 : 1.34% of mapped reads ( s__Firmicutes_bacterium_CAG_41,g__Firmicutes_unclassified.s__Firmicutes_bacterium_AF36_3BH,g__Firmicutes_unclassified.s__Firmicutes_bacterium_AM55_24TS,g__Oscillospiraceae_unclassified.s__Oscillospiraceae_bacterium_CLA_AA_H232 )
Found t__SGB4644 : 1.27% of mapped reads ( s__Clostridium_sp_AF36_4,g__Clostridium.s__Clostridium_sp_AF37_5 )
Found g__GGB2998.s__GGB2998_SGB3988 : 1.10% of mapped reads (  )
Found g__GGB33469.s__GGB33469_SGB15236 : 1.10% of mapped reads (  )
Found t__SGB5087 : 1.05% of mapped reads ( s__Eubacterium_sp_36_13 )
Found g__Alistipes.s__Alistipes_communis : 0.94% of mapped reads (  )
Found g__GGB9715.s__GGB9715_SGB15260 : 0.93% of mapped reads (  )
Found t__SGB15120 : 0.92% of mapped reads ( s__Firmicutes_bacterium_CAG_114 )
Found t__SGB4871 : 0.91% of mapped reads ( s__Firmicutes_bacterium_CAG_56,g__Oscillospiraceae_unclassified.s__Oscillospiraceae_bacterium,g__Mediterraneibacter.s__Ruminococcus_lactaris,g__Hominisplanchenecus.s__Hominisplanchenecus_faecis,g__Ruminococcus.s__Ruminococcus_sp_MCC718 )
Found t__SGB5825_group : 0.90% of mapped reads ( s__Dialister_invisus )
Found t__SGB15132 : 0.89% of mapped reads ( s__Flavonifractor_plautii,g__Lachnospiraceae_unclassified.s__Lachnospiraceae_bacterium_7_1_58FAA,g__Eubacteriales_unclassified.s__Clostridiales_bacterium_VE202_03,g__Clostridia_unclassified.s__Clostridia_bacterium_UC5_1_2H11,g__Eubacteriales_unclassified.s__Clostridiales_bacterium )
Found t__SGB15053 : 0.88% of mapped reads ( s__Oscillibacter_sp_57_20,g__Dysosmobacter.s__Dysosmobacter_sp_BX15,g__Oscillibacter.s__Oscillibacter_sp_MCC667 )
Found t__SGB4882 : 0.87% of mapped reads ( s__Roseburia_sp_CAG_100 )
Found t__SGB4940 : 0.84% of mapped reads ( s__Roseburia_inulinivorans )
Found t__SGB14993 : 0.83% of mapped reads ( s__Agathobaculum_butyriciproducens,g__Butyricicoccus.s__Butyricicoccus_faecihominis,g__Butyricicoccus.s__Butyricicoccus_sp_AF10_3,g__Butyricicoccus.s__Butyricicoccus_sp_OF13_6,g__Butyricicoccus.s__Butyricicoccus_sp_AM27_36,g__Butyricicoccus.s__Butyricicoccus_sp_AF22_28AC,g__Butyricicoccus.s__Butyricicoccus_sp_AF24_19AC,g__Butyricicoccus.s__Butyricicoccus_sp_TM10_16AC,g__Butyricicoccus.s__Butyricicoccus_sp_BIOML_A1,g__Butyricicoccus.s__Butyricicoccus_sp_AM28_25,g__Butyricicoccus.s__Butyricicoccus_sp_OM06_6AC,g__Butyricicoccus.s__Butyricicoccus_sp_AM18_35,g__Butyricicoccus.s__Butyricicoccus_sp_OF10_2,g__Butyricicoccus.s__Butyricicoccus_sp_AM05_1,g__Butyricicoccus.s__Butyricicoccus_sp_AF35_5AC,g__Butyricicoccus.s__Butyricicoccus_sp_AF15_40,g__Butyricicoccus.s__Butyricicoccus_sp_AM32_19 )
Found t__SGB17244 : 0.82% of mapped reads ( s__Bifidobacterium_adolescentis,g__Bifidobacteriaceae_unclassified.s__Bifidobacteriaceae_bacterium_MCC01943,g__Bifidobacterium.s__Bifidobacterium_faecale,g__Bifidobacteriaceae_unclassified.s__Bifidobacteriaceae_bacterium_MCC01941,g__Bifidobacterium.s__Bifidobacterium_sp_CLA_AA_H280,g__Bifidobacterium.s__Bifidobacterium_sp_MSK_17_10 )
Found g__Lacrimispora.s__Lacrimispora_amygdalina : 0.67% of mapped reads ( g__Eubacteriales_unclassified.s__butyrate_producing_bacterium_SS3_4,g__Clostridium.s__Clostridium_sp_AM25_23AC,g__Clostridium.s__Clostridium_sp_AM34_11AC,g__Clostridiaceae_unclassified.s__Clostridiaceae_bacterium_AF02_42,g__Lachnospiraceae_unclassified.s__Lachnospiraceae_bacterium_OF11_28,g__Eubacteriales_unclassified.s__Clostridiales_bacterium_AF36_10,g__Desulfotomaculum.s__Desulfotomaculum_sp_OF05_3,g__Clostridium.s__Clostridium_sp_AF28_12,g__Clostridiaceae_unclassified.s__Clostridiaceae_bacterium_TF01_6,g__Bacteria_unclassified.s__bacterium_210820_DFI_6_38,g__Clostridium.s__Clostridium_sp_MCC328 )
Found t__SGB15368 : 0.66% of mapped reads ( s__Faecalibacterium_sp_CAG_74 )
Found t__SGB4922 : 0.62% of mapped reads ( s__Roseburia_sp_CAG_197 )
Found g__GGB9766.s__GGB9766_SGB15383 : 0.61% of mapped reads (  )
Found t__SGB15271 : 0.60% of mapped reads ( s__Ruthenibacterium_lactatiformans,g__Oscillospiraceae_unclassified.s__Ruminococcaceae_bacterium_cv2 )
Found t__SGB1790 : 0.59% of mapped reads ( s__Odoribacter_splanchnicus )
Found t__SGB10068 : 0.57% of mapped reads ( s__Escherichia_coli,g__Shigella.s__Shigella_sonnei,g__Shigella.s__Shigella_flexneri,g__Shigella.s__Shigella_boydii,g__Shigella.s__Shigella_dysenteriae,g__Escherichia.s__Escherichia_sp_HH26CH,g__Escherichia.s__Escherichia_sp_R15,g__Escherichia.s__Escherichia_sp_HH41S,g__Escherichia.s__Escherichia_sp_KCJ4928,g__Escherichia.s__Escherichia_sp_MOD1_EC5287,g__Escherichia.s__Escherichia_sp_R16,g__Escherichia.s__Escherichia_sp_MOD1_EC5189,g__Escherichia.s__Escherichia_sp_94_0001,g__Escherichia.s__Escherichia_sp_R11,g__Shigella.s__Shigella_sp_FC1567,g__Shigella.s__Shigella_sp_FC1661,g__Escherichia.s__Escherichia_sp_1_1_43,g__Escherichia.s__Escherichia_sp_R14,g__Escherichia.s__Escherichia_sp_SCLE84,g__Escherichia.s__Escherichia_sp_MOD1_EC1915,g__Escherichia.s__Escherichia_sp_DSM_109009,g__Escherichia.s__Escherichia_sp_MOD1_EC6021,g__Escherichia.s__Escherichia_sp_79_0191,g__Escherichia.s__Escherichia_sp_MOD1_EC5990,g__Escherichia.s__Escherichia_sp_KCJ4943,g__Escherichia.s__Escherichia_sp_MOD1_EC6300,g__Shigella.s__Shigella_sp_SHS_8,g__Escherichia.s__Escherichia_sp_R3,g__Escherichia.s__Escherichia_sp_MOD1_EC4550,g__Escherichia.s__Escherichia_sp_7785,g__Escherichia.s__Escherichia_sp_JL983,g__Escherichia.s__Escherichia_sp_R12,g__Shigella.s__Shigella_sp_FC2383,g__Escherichia.s__Escherichia_sp_R7,g__Escherichia.s__Escherichia_sp_MOD1_EC2449,g__Shigella.s__Shigella_sp_FC1544,g__Escherichia.s__Escherichia_sp_MOD1_EC4516,g__Shigella.s__Shigella_sp_FC2175,g__Escherichia.s__Escherichia_sp_R8,g__Escherichia.s__Escherichia_sp_TW15838,g__Escherichia.s__Escherichia_sp_0_2392,g__Escherichia.s__Escherichia_sp_R18,g__Escherichia.s__Escherichia_sp_4_1_40B,g__Enterobacteriaceae_unclassified.s__Enterobacteriaceae_bacterium,g__Escherichia.s__Escherichia_fergusonii,g__Shigella.s__Shigella_sp_SHS_2,g__Escherichia.s__Escherichia_sp_R6,g__Shigella.s__Shigella_sp_FC1056,g__Escherichia.s__Escherichia_sp_MOD1_EC4560,g__Shigella.s__Shigella_sp_FC2541,g__Escherichia.s__Escherichia_sp_XD100,g__Escherichia.s__Escherichia_sp_S2_ASV_4,g__Escherichia.s__Escherichia_sp_TM_G17TGC,g__Enterobacteriaceae_unclassified.s__Enterobacteriaceae_bacterium_MCC505,g__Escherichia.s__Escherichia_sp_XD33,g__Escherichia.s__Escherichia_sp_S85_ASV_4,g__Escherichia.s__Escherichia_sp_XD11,g__Escherichia.s__Escherichia_sp_M623,g__Shigella.s__Shigella_sp_FC6543,g__Shigella.s__Shigella_sp_PIB,g__Escherichia.s__Escherichia_sp_NT45,g__Escherichia.s__Escherichia_sp_M612,g__Escherichia.s__Escherichia_sp_XD115,g__Escherichia.s__Escherichia_sp_M609,g__Escherichia.s__Escherichia_sp_M626,g__Escherichia.s__Escherichia_sp_M593,g__Escherichia.s__Escherichia_sp_M608,g__Escherichia.s__Escherichia_sp_NIC18_1,g__Escherichia.s__Escherichia_sp_TF21_Red,g__Enterobacteriaceae_unclassified.s__Enterobacteriaceae_bacterium_CLA_AA_H239,g__Shigella.s__Shigella_sp_FC6485,g__Escherichia.s__Escherichia_sp_NIC33,g__Escherichia.s__Escherichia_sp_XD12 )
Found t__SGB14909 : 0.56% of mapped reads ( s__Clostridium_sp_CAG_169 )
Found t__SGB4874 : 0.53% of mapped reads ( s__Fusicatenibacter_saccharivorans,g__Blautia.s__Blautia_sp_AM42_2,g__Blautia.s__Blautia_sp_OF03_13,g__Blautia.s__Blautia_sp_OF09_25XD,g__Blautia.s__Blautia_sp_AM47_4,g__Blautia.s__Blautia_sp_AM29_29,g__Blautia.s__Blautia_sp_AF17_9LB,g__Blautia.s__Blautia_sp_OM06_15AC,g__Blautia.s__Blautia_sp_AF19_13LB,g__Blautia.s__Blautia_sp_AF34_10,g__Blautia.s__Blautia_sp_AM23_13AC,g__Blautia.s__Blautia_sp_OM05_6,g__Blautia.s__Blautia_sp_AF26_2,g__Blautia.s__Blautia_sp_OF11_22,g__Blautia.s__Blautia_sp_AF14_40,g__Blautia.s__Blautia_sp_AM28_10,g__Blautia.s__Blautia_sp_AF32_4BH,g__Blautia.s__Blautia_sp_AF19_1,g__Blautia.s__Blautia_sp_TM10_2,g__Blautia.s__Blautia_sp_TF10_30,g__Lachnospiraceae_unclassified.s__Lachnospiraceae_bacterium_210521_DFI_5_20 )
Found g__GGB4658.s__GGB4658_SGB6445 : 0.48% of mapped reads (  )
Found g__GGB9708.s__GGB9708_SGB15233 : 0.47% of mapped reads (  )
Found t__SGB14798 : 0.47% of mapped reads ( s__Adlercreutzia_equolifaciens )
Found t__SGB4303 : 0.45% of mapped reads ( s__Clostridium_sp_CAG_217 )
Found t__SGB4285 : 0.44% of mapped reads ( s__Ruminococcus_bromii,g__Ruminococcus.s__Ruminococcus_sp_AM28_29LB,g__Ruminococcus.s__Ruminococcus_sp_TF12_19AC,g__Ruminococcus.s__Ruminococcus_sp_AF37_3AC,g__Ruminococcus.s__Ruminococcus_sp_AF43_11,g__Ruminococcus.s__Ruminococcus_sp_AM34_10LB,g__Ruminococcus.s__Ruminococcus_sp_AF16_40,g__Ruminococcus.s__Ruminococcus_sp_AF17_11,g__Ruminococcus.s__Ruminococcus_sp_AM31_32,g__Ruminococcus.s__Ruminococcus_sp_AF42_10,g__Ruminococcus.s__Ruminococcus_sp_AM36_18 )
Found t__SGB9262 : 0.42% of mapped reads ( s__Parasutterella_excrementihominis,g__Burkholderiales_unclassified.s__Burkholderiales_bacterium,g__Burkholderiales_unclassified.s__Burkholderiales_bacterium_1_1_47 )
Found g__Brotolimicola.s__Brotolimicola_acetigignens : 0.37% of mapped reads ( g__Clostridium.s__Clostridium_sp_AF34_10BH,g__Clostridium.s__Clostridium_sp_AM34_9AC,g__Clostridium.s__Clostridium_sp_AF36_18BH,g__Clostridium.s__Clostridium_sp_TF08_15,g__Clostridium.s__Clostridium_sp_AF46_12NS,g__Lachnospiraceae_unclassified.s__Lachnospiraceae_bacterium_GAM79,g__Acetatifactor.s__Acetatifactor_sp_DFI_5_50,g__Waltera.s__Waltera_sp_CLA_AA_H273 )
Found t__SGB4670 : 0.37% of mapped reads ( s__Coprococcus_catus,g__Coprococcus.s__Coprococcus_sp_B2_R_112 )
Found t__SGB4816 : 0.31% of mapped reads ( s__Blautia_sp,g__Ruminococcus.s__Ruminococcus_sp_1001095IJ_161003_G2,g__Blautia.s__Blautia_sp_BX17,g__Ruminococcus.s__Ruminococcus_sp_AF31_8BH )
Found t__SGB15126 : 0.29% of mapped reads ( s__Intestinimonas_butyriciproducens )
Found t__SGB4327 : 0.29% of mapped reads ( s__Eubacterium_sp_CAG_251 )
Found t__SGB5090 : 0.29% of mapped reads ( s__Clostridiales_bacterium_KLE1615,g__Firmicutes_unclassified.s__Firmicutes_bacterium_AF25_13AC,g__Lachnoclostridium.s__Lachnoclostridium_sp_210928_DFI_6_3,g__Lachnospiraceae_unclassified.s__Lachnospiraceae_bacterium_CLA_AA_H224 )
Found g__Collinsella.s__Collinsella_aerofaciens : 0.28% of mapped reads ( g__Collinsella.s__Collinsella_sp_AF39_11AT,g__Collinsella.s__Collinsella_sp_AF37_9,g__Collinsella.s__Collinsella_sp_OM06_18AC,g__Collinsella.s__Collinsella_sp_AF02_46_1,g__Collinsella.s__Collinsella_sp_AM31_2AC,g__Collinsella.s__Collinsella_sp_TF06_26,g__Collinsella.s__Collinsella_sp_AF16_8,g__Collinsella.s__Collinsella_sp_TF12_2AT,g__Collinsella.s__Collinsella_sp_TF08_11AT,g__Collinsella.s__Collinsella_sp_AF15_51,g__Collinsella.s__Collinsella_sp_AM16_21,g__Collinsella.s__Collinsella_sp_AM15_2,g__Collinsella.s__Collinsella_sp_OM04_5,g__Collinsella.s__Collinsella_sp_AM20_15AC,g__Collinsella.s__Collinsella_sp_AF20_14LB,g__Collinsella.s__Collinsella_sp_AM36_4AA,g__Collinsella.s__Collinsella_sp_OF02_10,g__Collinsella.s__Collinsella_sp_AF11_11,g__Collinsella.s__Collinsella_sp_AF29_7AC,g__Collinsella.s__Collinsella_sp_AM13_34,g__Collinsella.s__Collinsella_sp_AF14_35,g__Collinsella.s__Collinsella_sp_TM06_3,g__Collinsella.s__Collinsella_sp_AF33_16,g__Collinsella.s__Collinsella_sp_AM23_17,g__Collinsella.s__Collinsella_sp_AM33_4BH,g__Collinsella.s__Collinsella_sp_AF05_9,g__Collinsella.s__Collinsella_sp_AM12_1,g__Collinsella.s__Collinsella_sp_AM09_41,g__Collinsella.s__Collinsella_sp_TF10_11AT,g__Collinsella.s__Collinsella_sp_AM40_7AC,g__Collinsella.s__Collinsella_sp_TF06_6AC,g__Collinsella.s__Collinsella_sp_AM24_1,g__Collinsella.s__Collinsella_sp_AM44_11,g__Collinsella.s__Collinsella_sp_AF04_24,g__Collinsella.s__Collinsella_sp_AF36_3AT,g__Collinsella.s__Collinsella_sp_AF19_7AC,g__Collinsella.s__Collinsella_sp_TF11_5AC,g__Collinsella.s__Collinsella_sp_TM05_37,g__Collinsella.s__Collinsella_sp_AM43_1,g__Collinsella.s__Collinsella_sp_TM09_10AT,g__Collinsella.s__Collinsella_sp_AF23_3LB,g__Collinsella.s__Collinsella_sp_AM42_18AC,g__Collinsella.s__Collinsella_sp_OM08_14AT,g__Collinsella.s__Collinsella_sp_AM18_10,g__Collinsella.s__Collinsella_sp_TF07_1,g__Collinsella.s__Collinsella_sp_TM04_29,g__Collinsella.s__Collinsella_sp_AM41_2BH )
Found t__SGB17256 : 0.28% of mapped reads ( s__Bifidobacterium_bifidum,g__Bifidobacteriaceae_unclassified.s__Bifidobacteriaceae_bacterium_MCC02030,g__Bifidobacteriaceae_unclassified.s__Bifidobacteriaceae_bacterium_MCC01958,g__Bifidobacteriaceae_unclassified.s__Bifidobacteriaceae_bacterium_MCC01946 )
Found t__SGB4577 : 0.27% of mapped reads ( s__Coprococcus_comes,g__Coprococcus.s__Coprococcus_sp_DFI_6_81 )
Found t__SGB4993 : 0.27% of mapped reads ( s__Firmicutes_bacterium_AF16_15,g__Firmicutes_unclassified.s__Firmicutes_bacterium_TM09_10,g__Firmicutes_unclassified.s__Firmicutes_bacterium_AF16_15,g__Firmicutes_unclassified.s__Firmicutes_bacterium_AF36_19BH )
Found t__SGB14313 : 0.27% of mapped reads ( s__Clostridium_sp_CAG_226 )
Found t__SGB4575 : 0.25% of mapped reads ( s__Dorea_formicigenerans,g__Dorea.s__Dorea_sp_Marseille_P4042,g__Dorea.s__Dorea_sp_AGR2135,g__Dorea.s__Dorea_sp_210702_DFI_3_125,g__Dorea.s__Dorea_sp_210702_DFI_3_17 )
Found t__SGB4837 : 0.23% of mapped reads ( s__Blautia_obeum,g__Blautia.s__Blautia_obeum,g__Ruminococcus.s__Ruminococcus_sp_OM02_16LB,g__Blautia.s__Blautia_sp_Marseille_P2398,g__Ruminococcus.s__Ruminococcus_sp_AM18_44,g__Ruminococcus.s__Ruminococcus_sp_AF33_11BH,g__Ruminococcus.s__Ruminococcus_sp_AM40_10AC,g__Ruminococcus.s__Ruminococcus_sp_AM36_17,g__Ruminococcus.s__Ruminococcus_sp_TM09_4,g__Ruminococcus.s__Ruminococcus_sp_AM32_17LB,g__Ruminococcus.s__Ruminococcus_sp_AM29_12LB,g__Blautia.s__Blautia_sp_1001283B150304_161114_C9,g__Ruminococcus.s__Ruminococcus_sp_AM18_15,g__Ruminococcus.s__Ruminococcus_sp_5_1_39BFAA,g__Ruminococcus.s__Ruminococcus_sp_TF11_2AC,g__Ruminococcus.s__Ruminococcus_sp_AF19_29,g__Ruminococcus.s__Ruminococcus_sp_AM27_16,g__Ruminococcus.s__Ruminococcus_sp_AF25_28AC,g__Ruminococcus.s__Ruminococcus_sp_AM34_9LB,g__Ruminococcus.s__Ruminococcus_sp_AM23_1LB,g__Ruminococcus.s__Ruminococcus_sp_AM42_10AC,g__Ruminococcus.s__Ruminococcus_sp_AF14_5,g__Blautia.s__Blautia_sp_DFI_3_45,g__Blautia.s__Blautia_sp_MSK18_10,g__Blautia.s__Blautia_sp_DFI_6_71,g__Blautia.s__Blautia_sp_DFI_1_216 )
Found g__Clostridium.s__Clostridium_sp_AF12_28 : 0.22% of mapped reads ( g__Clostridium.s__Clostridium_sp_AM30_24 )
Found t__SGB5045 : 0.20% of mapped reads ( s__Eubacterium_ventriosum )
Found g__Oscillospiraceae_unclassified.s__Oscillospiraceae_bacterium : 0.19% of mapped reads (  )
Found t__SGB4659 : 0.18% of mapped reads ( s__Clostridium_sp_CAG_122,g__Clostridium.s__Clostridium_sp_AF34_13,g__Clostridium.s__Clostridium_sp_AM27_31LB )
Found g__Holdemania.s__Holdemania_sp_1001095H_141210_F2 : 0.17% of mapped reads ( g__Holdemania.s__Holdemania_sp_Marseille_P2844,g__Holdemania.s__Holdemania_sp_1001302B_160321_E10 )
Found g__GGB9502.s__GGB9502_SGB14899 : 0.17% of mapped reads (  )
Found t__SGB5082 : 0.16% of mapped reads ( s__Eubacterium_eligens,g__Eubacterium.s__Eubacterium_sp_AM49_13BH )
Found t__SGB6178 : 0.16% of mapped reads ( s__Clostridium_disporicum,g__Clostridium.s__Clostridium_disporicum,g__Clostridiaceae_unclassified.s__Clostridiaceae_bacterium,g__Clostridium.s__Clostridium_sp_K04 )
Found t__SGB4608 : 0.15% of mapped reads ( s__Ruminococcus_torques,g__Lachnospiraceae_unclassified.s__Lachnospiraceae_bacterium_3_1_46FAA,g__Lachnospiraceae_unclassified.s__Lachnospiraceae_bacterium_8_1_57FAA )
Found g__GGB9523.s__GGB9523_SGB14922 : 0.15% of mapped reads (  )
Found t__SGB4532 : 0.14% of mapped reads ( s__Eubacterium_hallii )
Found g__GGB3627.s__GGB3627_SGB4906 : 0.13% of mapped reads (  )
Found t__SGB4563 : 0.13% of mapped reads ( s__Ruminococcus_torques,g__Mediterraneibacter.s__Ruminococcus_torques,g__Ruminococcus.s__Ruminococcus_sp_AF31_14BH,g__Ruminococcus.s__Ruminococcus_sp_TF08_4,g__Ruminococcus.s__Ruminococcus_sp_AF32_2AC,g__Ruminococcus.s__Ruminococcus_sp_AM33_14,g__Ruminococcus.s__Ruminococcus_sp_AM09_18_1,g__Ruminococcus.s__Ruminococcus_sp_OM08_13AT,g__Ruminococcus.s__Ruminococcus_sp_AM41_2AC,g__Ruminococcus.s__Ruminococcus_sp_OM07_7,g__Ruminococcus.s__Ruminococcus_sp_AF25_13,g__Ruminococcus.s__Ruminococcus_sp_AF12_5,g__Ruminococcus.s__Ruminococcus_sp_TF10_6,g__Ruminococcus.s__Ruminococcus_sp_AF27_11AA,g__Mediterraneibacter.s__Mediterraneibacter_sp_210702_DFI_3_120,g__Bacteria_unclassified.s__bacterium_TM473,g__Lachnospiraceae_unclassified.s__Lachnospiraceae_bacterium_210521_DFI_1_105,g__Mediterraneibacter.s__Mediterraneibacter_sp_210702_DFI_5_30,g__Lachnospiraceae_unclassified.s__Lachnospiraceae_bacterium_210521_DFI_3_107 )
Found g__Clostridiaceae_unclassified.s__Clostridiaceae_bacterium_Marseille_Q4143 : 0.13% of mapped reads ( g__Clostridiaceae_unclassified.s__Clostridiaceae_bacterium_OM08_6BH,g__Lachnospiraceae_unclassified.s__Lachnospiraceae_bacterium_CLA_AA_H276 )
Found g__GGB9445.s__GGB9445_SGB14835 : 0.13% of mapped reads (  )
Found t__SGB4540 : 0.13% of mapped reads ( s__Anaerostipes_hadrus,g__Lachnospiraceae_unclassified.s__Lachnospiraceae_bacterium_AM25_27,g__Lachnospiraceae_unclassified.s__Lachnospiraceae_bacterium_TF10_8AT,g__Lachnospiraceae_unclassified.s__Lachnospiraceae_bacterium_AM21_21,g__Lachnospiraceae_unclassified.s__Lachnospiraceae_bacterium_AM26_1LB,g__Lachnospiraceae_unclassified.s__Lachnospiraceae_bacterium_AM10_38,g__Lachnospiraceae_unclassified.s__Lachnospiraceae_bacterium_OM02_26,g__Lachnospiraceae_unclassified.s__Lachnospiraceae_bacterium_AM23_7LB,g__Lachnospiraceae_unclassified.s__Lachnospiraceae_bacterium_5_1_63FAA )
Found t__SGB4910 : 0.13% of mapped reads ( s__Firmicutes_bacterium_CAG_65_45_313,g__Waltera.s__Waltera_intestinalis,g__Firmicutes_unclassified.s__Firmicutes_bacterium_AF22_6AC )
Found g__Clostridium.s__Clostridium_sp_AF20_17LB : 0.13% of mapped reads ( g__Clostridium.s__Clostridium_sp_Marseille_P7770,g__Clostridium.s__Clostridium_sp_AF37_5AT,g__Clostridium.s__Clostridium_sp_OF09_10,g__Clostridium.s__Clostridium_sp_AM22_16AC,g__Clostridium.s__Clostridium_sp_OF03_18AA,g__Clostridium.s__Clostridium_sp_AM16_23,g__Clostridium.s__Clostridium_sp_AM45_5,g__Clostridium.s__Clostridium_sp_MCC344 )
Found g__GGB9760.s__GGB9760_SGB15373 : 0.12% of mapped reads (  )
Found g__Clostridiaceae_unclassified.s__Clostridiaceae_bacterium_AF18_31LB : 0.12% of mapped reads ( g__Eubacteriales_unclassified.s__Clostridiales_bacterium_AM23_16LB,g__Clostridiaceae_unclassified.s__Clostridiaceae_bacterium_AF31_3BH,g__Clostridiaceae_unclassified.s__Clostridiaceae_bacterium_OF09_1,g__Clostridiaceae_unclassified.s__Clostridiaceae_bacterium_AF42_6,g__Clostridiaceae_unclassified.s__Clostridiaceae_bacterium_AM27_36LB,g__Lachnospiraceae_unclassified.s__Lachnospiraceae_bacterium,g__Clostridiaceae_unclassified.s__Clostridiaceae_bacterium_AF29_16BH )
Found g__Clostridium.s__Clostridium_fessum : 0.12% of mapped reads ( g__Clostridium.s__Clostridium_sp_AF21_20LB,g__Clostridium.s__Clostridium_sp_OM05_5BH,g__Clostridium.s__Clostridium_sp_AF37_7,g__Clostridium.s__Clostridium_sp_AM18_55,g__Clostridium.s__Clostridium_sp_AF02_29,g__Clostridium.s__Clostridium_sp_AM28_20LB,g__Clostridium.s__Clostridium_sp_AF12_41,g__Clostridium.s__Clostridium_sp_OM04_7,g__Clostridium.s__Clostridium_sp_AF50_3,g__Clostridium.s__Clostridium_sp_OF13_4,g__Clostridium.s__Clostridium_sp_AF24_2LB,g__Clostridium.s__Clostridium_sp_TF11_13AC,g__Clostridium.s__Clostridium_sp_TF06_15AC,g__Clostridium.s__Clostridium_sp_AF35_15,g__Clostridium.s__Clostridium_sp_AM48_13,g__Clostridium.s__Clostridium_sp_AF32_7AC,g__Clostridium.s__Clostridium_sp_AM43_3BH,g__Clostridium.s__Clostridium_sp_AF27_5AA,g__Clostridium.s__Clostridium_sp_AF29_8BH,g__Clostridium.s__Clostridium_sp_BX14,g__Clostridium.s__Clostridium_sp_AF20_7,g__Clostridium.s__Clostridium_sp_AF22_10,g__Clostridium.s__Clostridium_sp_AM27_28 )
Found g__GGB9616.s__GGB9616_SGB15051 : 0.11% of mapped reads (  )
Found t__SGB4721 : 0.11% of mapped reads ( s__Clostridium_sp_CAG_58,g__Clostridiaceae_unclassified.s__Clostridiaceae_bacterium,g__Clostridium.s__Clostridium_sp_MCC334 )
Found t__SGB15323 : 0.11% of mapped reads ( s__Faecalibacterium_prausnitzii,g__Faecalibacterium.s__Faecalibacterium_sp_AF28_13AC,g__Faecalibacterium.s__Faecalibacterium_sp_Marseille_Q3530 )
Found g__Dysosmobacter.s__Dysosmobacter_welbionis : 0.10% of mapped reads ( g__Oscillospiraceae_unclassified.s__Oscillospiraceae_bacterium_VE202_24 )
Found g__Roseburia.s__Roseburia_sp_AF02_12 : 0.10% of mapped reads ( g__Roseburia.s__Roseburia_sp_AF34_16,g__Roseburia.s__Roseburia_sp_AF42_8,g__Roseburia.s__Roseburia_sp_AF22_8AC,g__Roseburia.s__Roseburia_sp_AF12_17LB,g__Roseburia.s__Roseburia_sp_OM03_7AC,g__Roseburia.s__Roseburia_sp_AF25_18LB,g__Roseburia.s__Roseburia_sp_OM04_10BH,g__Roseburia.s__Roseburia_sp_AF20_18LB,g__Roseburia.s__Roseburia_sp_AF15_21,g__Roseburia.s__Roseburia_sp_CLA_AA_H204,g__Roseburia.s__Roseburia_sp_CLA_AA_H209 )
Found g__Mediterraneibacter.s__Ruminococcus_gnavus : 0.10% of mapped reads ( g__Dorea.s__Dorea_sp_OM07_5,g__Dorea.s__Dorea_sp_AF24_7LB,g__Dorea.s__Dorea_sp_NSJ_36,g__Dorea.s__Dorea_sp_AM13_35,g__Dorea.s__Dorea_sp_AM10_31 )
Found g__Clostridium.s__Clostridium_sp_1001270J_160509_D11 : 0.09% of mapped reads (  )
Found g__Blautia.s__Blautia_faecis : 0.09% of mapped reads ( g__Blautia.s__Blautia_glucerasea,g__Ruminococcus.s__Ruminococcus_sp_1001713B170214_170313_A12,g__Ruminococcus.s__Ruminococcus_sp_D54t1_190329_F1,g__Ruminococcus.s__Ruminococcus_sp_J1101004_170508_H5,g__Ruminococcus.s__Ruminococcus_sp_1001275B_160808_F8,g__Ruminococcus.s__Ruminococcus_sp_1001713B170207_170306_F1,g__Ruminococcus.s__Ruminococcus_sp_AM42_11,g__Ruminococcus.s__Ruminococcus_sp_D55t1_190419_H1,g__Oscillospiraceae_unclassified.s__Oscillospiraceae_bacterium,g__Ruminococcus.s__Ruminococcus_sp_D40t1_170626_H2,g__Ruminococcus.s__Ruminococcus_sp_1001136B_160425_D2,g__Bacteria_unclassified.s__bacterium_210702_DFI_5_13,g__Blautia.s__Blautia_sp_210702_DFI_1_159 )
Found g__Eubacteriales_unclassified.s__Clostridiales_bacterium : 0.08% of mapped reads ( g__Flintibacter.s__Flintibacter_sp_NSJ_23 )
Found g__Bacteria_unclassified.s__bacterium_210917_DFI_7_65 : 0.08% of mapped reads (  )
Found g__GGB51884.s__GGB51884_SGB49168 : 0.08% of mapped reads (  )
Found g__Erysipelatoclostridium.s__Clostridium_saccharogumia : 0.08% of mapped reads ( g__Eubacteriales_unclassified.s__Clostridiales_bacterium_VE202_01,g__Clostridium.s__Clostridium_sp_Marseille_Q5894 )
Found g__GGB3109.s__GGB3109_SGB4121 : 0.08% of mapped reads (  )
Found g__GGB9253.s__GGB9253_SGB14198 : 0.08% of mapped reads (  )
Found t__SGB6140 : 0.07% of mapped reads ( s__Intestinibacter_bartlettii )
Found t__SGB4749 : 0.07% of mapped reads ( s__Clostridium_sp_AM22_11AC,g__Clostridium.s__Clostridium_sp_OM04_12AA,g__Clostridium.s__Clostridium_sp_AM51_4,g__Clostridium.s__Clostridium_sp_AM32_2,g__Clostridium.s__Clostridium_sp_TM06_18 )
Found g__Blautia.s__Blautia_sp_OF03_15BH : 0.07% of mapped reads (  )
Found g__GGB9619.s__GGB9619_SGB15066 : 0.07% of mapped reads (  )
Found g__GGB79395.s__GGB79395_SGB105947 : 0.06% of mapped reads (  )
Found t__SGB4652 : 0.06% of mapped reads ( s__Clostridium_sp_CAG_75,g__Clostridium.s__Clostridium_sp_OM05_9BH )
Found g__Lachnospiraceae_unclassified.s__Lachnospiraceae_bacterium : 0.06% of mapped reads (  )
Found g__GGB4456.s__GGB4456_SGB6141 : 0.06% of mapped reads (  )
Found t__SGB15318 : 0.05% of mapped reads ( s__Faecalibacterium_prausnitzii,g__Faecalibacterium.s__Faecalibacterium_sp_Marseille_Q4137,g__Faecalibacterium.s__Faecalibacterium_sp_4P15,g__Faecalibacterium.s__Faecalibacterium_sp_Marseille_Q0746,g__Faecalibacterium.s__Faecalibacterium_sp_CLA_AA_H283,g__Faecalibacterium.s__Faecalibacterium_sp_CLA_AA_H254,g__Faecalibacterium.s__Faecalibacterium_sp_CLA_AA_H223,g__Faecalibacterium.s__Faecalibacterium_sp_IP329,g__Faecalibacterium.s__Faecalibacterium_duncaniae,g__Faecalibacterium.s__Faecalibacterium_sp_BCRC_81149,g__Faecalibacterium.s__Faecalibacterium_sp_I2392 )
Found t__SGB25493 : 0.05% of mapped reads ( s__Dorea_sp_OM02_2LB,g__Lachnospiraceae_unclassified.s__Lachnospiraceae_bacterium_Choco86 )
Found g__GGB9522.s__GGB9522_SGB14921 : 0.05% of mapped reads (  )
Found t__SGB14341 : 0.05% of mapped reads ( s__Eggerthella_sp_CAG_298 )
Found t__SGB4810 : 0.05% of mapped reads ( s__Blautia_sp_AF19_10LB,g__Blautia.s__Blautia_sp_OM07_19,g__Blautia.s__Blautia_sp_AF19_10LB )
Found g__GGB9237.s__GGB9237_SGB14179 : 0.05% of mapped reads (  )
Found t__SGB15154 : 0.05% of mapped reads ( s__Lawsonibacter_asaccharolyticus )
Found t__SGB4987 : 0.04% of mapped reads ( s__Eisenbergiella_massiliensis,g__Eisenbergiella.s__Eisenbergiella_porci,g__Eubacteriales_unclassified.s__Clostridiales_bacterium_VE202_27 )
Found t__SGB5190 : 0.04% of mapped reads ( s__Firmicutes_bacterium_CAG_102,g__Firmicutes_unclassified.s__Firmicutes_bacterium_AF19_2LB )
Found g__Colidextribacter.s__Colidextribacter_sp_210702_DFI_3_9 : 0.04% of mapped reads ( g__Eubacteriales_unclassified.s__Clostridiales_bacterium,g__Flintibacter.s__Flintibacter_sp_BX5,g__Lawsonibacter.s__Lawsonibacter_sp_DFI_5_51,g__Lawsonibacter.s__Lawsonibacter_sp_DFI_6_74 )
Found t__SGB4741 : 0.04% of mapped reads ( s__Hungatella_hathewayi )
Found t__SGB4742 : 0.04% of mapped reads ( s__Hungatella_hathewayi,g__Hungatella.s__Hungatella_sp_L36,g__Hungatella.s__Hungatella_sp_L12,g__Hungatella.s__Hungatella_effluvii )
Found g__GGB9063.s__GGB9063_SGB13982 : 0.04% of mapped reads (  )
Found t__SGB6939 : 0.04% of mapped reads ( s__Veillonella_parvula,g__Veillonella.s__Veillonella_sp_AF36_20BH,g__Veillonella.s__Veillonella_sp_6_1_27,g__Veillonella.s__Veillonella_hominis,g__Veillonella.s__Veillonella_sp_S13054_11,g__Veillonella.s__Veillonella_sp_3_1_44,g__Veillonella.s__Veillonella_sp_AF13_2 )
Found t__SGB6847 : 0.04% of mapped reads ( s__Turicibacter_sanguinis,g__Turicibacter.s__Turicibacter_sanguinis,g__Turicibacter.s__Turicibacter_sp_H121,g__Turicibacter.s__Turicibacter_sp_GALT_G1,g__Turicibacter.s__Turicibacter_sp_T129 )
Found g__Faecalibacterium.s__Faecalibacterium_sp_CLA_AA_H233 : 0.04% of mapped reads ( g__Faecalibacterium.s__Faecalibacterium_sp_I3389 )
Found t__SGB14808 : 0.04% of mapped reads ( s__Gordonibacter_urolithinfaciens,g__Gordonibacter.s__Gordonibacter_pamelaeae )
Found g__Faecalibacillus.s__Faecalibacillus_intestinalis : 0.03% of mapped reads ( g__Faecalibacillus.s__Faecalibacillus_sp_H12,g__Bacteria_unclassified.s__bacterium_LF_3,g__Eubacteriales_unclassified.s__Clostridiales_bacterium,g__Erysipelotrichaceae_unclassified.s__Erysipelotrichaceae_bacterium_GAM147,g__Faecalibacillus.s__Faecalibacillus_sp_MSK20_93,g__Bacteria_unclassified.s__bacterium_TM462,g__Faecalibacillus.s__Faecalibacillus_sp_TM111 )
Found t__SGB14809 : 0.03% of mapped reads ( s__Eggerthella_lenta,g__Eggerthella.s__Eggerthella_sp_BIOML_A4,g__Eggerthella.s__Eggerthella_sp_BIOML_A5,g__Eggerthella.s__Eggerthella_sp_HGA1,g__Eggerthella.s__Eggerthella_sp_1_3_56FAA )
Found t__SGB14894 : 0.03% of mapped reads ( s__Anaeromassilibacillus_sp_An250,g__Anaeromassilibacillus.s__Anaeromassilibacillus_sp_An250,g__Anaeromassilibacillus.s__Anaeromassilibacillus_sp_D41t1_190614_C2,g__Anaeromassilibacillus.s__Anaeromassilibacillus_sp_1001302B_160321_C8 )
Found g__GGB3058.s__GGB3058_SGB4060 : 0.02% of mapped reads (  )
Found g__GGB9534.s__GGB9534_SGB14937 : 0.02% of mapped reads (  )
Found t__SGB4828 : 0.02% of mapped reads ( s__Blautia_sp,g__Ruminococcus.s__Ruminococcus_sp_OF03_6AA,g__Blautia.s__Blautia_sp_MSK_20_85,g__Ruminococcus.s__Ruminococcus_sp_OM08_9BH,g__Ruminococcus.s__Ruminococcus_sp_AM41_10BH,g__Ruminococcus.s__Ruminococcus_sp_AM36_5,g__Blautia.s__Blautia_sp_NSJ_166 )
Found g__GGB9088.s__GGB9088_SGB14017 : 0.02% of mapped reads (  )
Found g__Oscillibacter.s__Oscillibacter_valericigenes : 0.02% of mapped reads ( g__Pusillibacter.s__Pusillibacter_faecalis )
Found g__Clostridium.s__Clostridium_SGB6177 : 0.02% of mapped reads (  )
Found t__SGB9712 : 0.02% of mapped reads ( s__Haemophilus_parainfluenzae,g__Haemophilus.s__Haemophilus_sp_HMSC61B11 )
Found t__SGB5076 : 0.02% of mapped reads ( s__Eubacterium_sp_CAG_252 )
Found t__SGB4936 : 0.02% of mapped reads ( s__Roseburia_hominis )
Found g__Lentihominibacter.s__Lentihominibacter_faecis : 0.02% of mapped reads (  )
Found g__GGB74802.s__GGB74802_SGB47402 : 0.02% of mapped reads (  )
Found t__SGB4701 : 0.02% of mapped reads ( s__Clostridium_saccharolyticum,g__Clostridium.s__Clostridium_sp_M62_1,g__Eubacteriales_unclassified.s__butyrate_producing_bacterium_SM4_1 )
Found t__SGB15452 : 0.02% of mapped reads ( s__Bilophila_wadsworthia,g__Bilophila.s__Bilophila_sp_4_1_30 )
Found g__Phocea.s__Phocea_massiliensis : 0.02% of mapped reads ( g__Clostridia_unclassified.s__Clostridia_bacterium_UC5_1_2F7 )
Found g__Clostridium.s__Clostridium_sp_AF27_2AA : 0.02% of mapped reads (  )
Found g__Faecalibacterium.s__Faecalibacterium_sp_HTFF : 0.02% of mapped reads (  )
Found t__SGB5051 : 0.02% of mapped reads ( s__Eubacterium_sp_CAG_192,g__Eubacterium.s__Eubacterium_sp_AF36_5BH )
Found g__GGB3653.s__GGB3653_SGB4964 : 0.02% of mapped reads (  )
Found g__Blautia.s__Blautia_glucerasea : 0.01% of mapped reads ( g__Blautia.s__Blautia_sp_Marseille_P3087 )
Found g__GGB42389.s__GGB42389_SGB59559 : 0.01% of mapped reads (  )
Found t__SGB14963 : 0.01% of mapped reads ( s__Anaerotruncus_colihominis,g__Eubacteriales_unclassified.s__Clostridiales_bacterium_VE202_13 )
Found g__Fumia.s__Fumia_xinanensis : 0.01% of mapped reads (  )
Found t__SGB4166 : 0.01% of mapped reads ( s__Monoglobus_pectinilyticus )
Found g__Lachnotalea.s__Lachnotalea_sp_AF33_28 : 0.01% of mapped reads (  )

Total species selected from prescreen: 687

Selected species explain 99.91% of predicted community composition


Creating custom ChocoPhlAn database ........


Running bowtie2-build ........

Bypass


Running bowtie2 ........

Bypass

Total bugs from nucleotide alignment: 85
g__Clostridium.s__Clostridium_sp_AF36_4: 68881 hits
g__Clostridium.s__Clostridium_sp_CAG_138: 77040 hits
g__Roseburia.s__Roseburia_faecis: 313393 hits
g__Bifidobacterium.s__Bifidobacterium_bifidum: 11173 hits
g__Blautia.s__Ruminococcus_torques: 173363 hits
g__Clostridium.s__Clostridium_sp_CAG_122: 7810 hits
g__Ruminococcus.s__Ruminococcus_bromii: 26033 hits
g__Flavonifractor.s__Flavonifractor_plautii: 130748 hits
g__Fusicatenibacter.s__Fusicatenibacter_saccharivorans: 55650 hits
g__Escherichia.s__Escherichia_coli: 308015 hits
g__Hungatella.s__Hungatella_hathewayi: 20336 hits
g__Coprococcus.s__Coprococcus_comes: 79753 hits
g__Roseburia.s__Roseburia_intestinalis: 241720 hits
g__Parasutterella.s__Parasutterella_excrementihominis: 40282 hits
g__Clostridium.s__Clostridium_sp_CAG_245: 326035 hits
g__Lachnospiraceae_unclassified.s__Eubacterium_rectale: 334832 hits
g__Bacteroides.s__Bacteroides_massiliensis: 431918 hits
g__Faecalibacterium.s__Faecalibacterium_prausnitzii: 541319 hits
g__Alistipes.s__Alistipes_putredinis: 362850 hits
g__Roseburia.s__Roseburia_inulinivorans: 103416 hits
g__Bifidobacterium.s__Bifidobacterium_adolescentis: 48059 hits
g__Alistipes.s__Alistipes_finegoldii: 110699 hits
g__Eubacterium.s__Eubacterium_sp_36_13: 50571 hits
g__Roseburia.s__Roseburia_hominis: 20809 hits
g__Proteobacteria_unclassified.s__Proteobacteria_bacterium_CAG_139: 74013 hits
g__Ruthenibacterium.s__Ruthenibacterium_lactatiformans: 47157 hits
g__Dorea.s__Dorea_longicatena: 147801 hits
g__Clostridium.s__Clostridium_sp_CAG_217: 18940 hits
g__Roseburia.s__Roseburia_sp_CAG_100: 53617 hits
g__Clostridium.s__Clostridium_sp_AM22_11AC: 9385 hits
g__Gemmiger.s__Gemmiger_formicilis: 110597 hits
g__Clostridium.s__Clostridium_disporicum: 10323 hits
g__Anaeromassilibacillus.s__Anaeromassilibacillus_sp_An250: 2623 hits
g__Eubacterium.s__Eubacterium_eligens: 21800 hits
g__Gordonibacter.s__Gordonibacter_urolithinfaciens: 2666 hits
g__Firmicutes_unclassified.s__Firmicutes_bacterium_CAG_41: 63958 hits
g__Adlercreutzia.s__Adlercreutzia_equolifaciens: 19372 hits
g__Oscillibacter.s__Oscillibacter_sp_57_20: 29859 hits
g__Dorea.s__Dorea_sp_OM02_2LB: 5354 hits
g__Firmicutes_unclassified.s__Firmicutes_bacterium_CAG_65_45_313: 20731 hits
g__Firmicutes_unclassified.s__Firmicutes_bacterium_CAG_56: 51177 hits
g__Ruminococcus.s__Ruminococcus_sp_AF31_8BH: 23868 hits
g__Firmicutes_unclassified.s__Firmicutes_bacterium_CAG_114: 40146 hits
g__Roseburia.s__Roseburia_sp_CAG_197: 38087 hits
g__Firmicutes_unclassified.s__Firmicutes_bacterium_CAG_102: 977 hits
g__Eubacterium.s__Eubacterium_sp_CAG_251: 10953 hits
g__Agathobaculum.s__Agathobaculum_butyriciproducens: 51471 hits
g__Faecalibacterium.s__Faecalibacterium_sp_CAG_74: 40413 hits
g__Collinsella.s__Collinsella_aerofaciens: 20399 hits
g__Clostridium.s__Clostridium_sp_CAG_169: 20966 hits
g__Blautia.s__Blautia_obeum: 40003 hits
g__Dialister.s__Dialister_invisus: 34611 hits
g__Blautia.s__Blautia_wexlerae: 19066 hits
g__Clostridiales_unclassified.s__Clostridiales_bacterium_KLE1615: 23709 hits
g__Odoribacter.s__Odoribacter_splanchnicus: 107690 hits
g__Dorea.s__Dorea_formicigenerans: 35691 hits
g__Coprococcus.s__Coprococcus_catus: 26724 hits
g__Escherichia.s__Escherichia_fergusonii: 7893 hits
g__Hungatella.s__Hungatella_effluvii: 1352 hits
g__Anaerostipes.s__Anaerostipes_hadrus: 11379 hits
g__Intestinimonas.s__Intestinimonas_butyriciproducens: 28207 hits
g__Eubacterium.s__Eubacterium_hallii: 17224 hits
g__Lawsonibacter.s__Lawsonibacter_asaccharolyticus: 5472 hits
g__Blautia.s__Blautia_sp: 17705 hits
g__Lachnoclostridium.s__Clostridium_saccharolyticum: 2957 hits
g__Firmicutes_unclassified.s__Firmicutes_bacterium_AF16_15: 20057 hits
g__Eubacterium.s__Eubacterium_ventriosum: 12007 hits
g__Anaerotruncus.s__Anaerotruncus_colihominis: 13327 hits
g__Clostridium.s__Clostridium_sp_CAG_226: 13493 hits
g__Eisenbergiella.s__Eisenbergiella_massiliensis: 5723 hits
g__Eggerthella.s__Eggerthella_lenta: 2246 hits
g__Blautia.s__Blautia_sp_AF19_10LB: 7199 hits
g__Intestinibacter.s__Intestinibacter_bartlettii: 6051 hits
g__Veillonella.s__Veillonella_parvula: 910 hits
g__Eggerthella.s__Eggerthella_sp_CAG_298: 826 hits
g__Clostridium.s__Clostridium_sp_CAG_58: 4308 hits
g__Monoglobus.s__Monoglobus_pectinilyticus: 949 hits
g__Eubacterium.s__Eubacterium_sp_CAG_192: 275 hits
g__Turicibacter.s__Turicibacter_sanguinis: 933 hits
g__Eubacterium.s__Eubacterium_sp_CAG_252: 957 hits
g__Clostridium.s__Clostridium_sp_CAG_75: 1584 hits
g__Haemophilus.s__Haemophilus_parainfluenzae: 1029 hits
g__Bilophila.s__Bilophila_wadsworthia: 333 hits
g__Gordonibacter.s__Gordonibacter_pamelaeae: 388 hits
g__Oscillibacter.s__Oscillibacter_valericigenes: 50 hits

Total gene families from nucleotide alignment: 145954

Unaligned reads after nucleotide alignment: 50.5927817876 %


Running diamond ........

Bypass
Total bugs after translated alignment: 86
/home/omar/Downloads/miniconda3/envs/humann_env/lib/python3.12/site-packages/humann/quantify/MinPath12hmp.py:804: SyntaxWarning: invalid escape sequence '\d'
/home/omar/Downloads/miniconda3/envs/humann_env/lib/python3.12/site-packages/humann/quantify/MinPath12hmp.py:804: SyntaxWarning: invalid escape sequence '\d'
/home/omar/Downloads/miniconda3/envs/humann_env/lib/python3.12/site-packages/humann/quantify/MinPath12hmp.py:804: SyntaxWarning: invalid escape sequence '\d'
  m = re.match('^[^\d]+(?P<id>\d+)', aline)
  m = re.match('^[^\d]+(?P<id>\d+)', aline)
  m = re.match('^[^\d]+(?P<id>\d+)', aline)
/home/omar/Downloads/miniconda3/envs/humann_env/lib/python3.12/site-packages/humann/quantify/MinPath12hmp.py:804: SyntaxWarning: invalid escape sequence '\d'
  m = re.match('^[^\d]+(?P<id>\d+)', aline)
/home/omar/Downloads/miniconda3/envs/humann_env/lib/python3.12/site-packages/humann/quantify/MinPath12hmp.py:804: SyntaxWarning: invalid escape sequence '\d'
  m = re.match('^[^\d]+(?P<id>\d+)', aline)
/home/omar/Downloads/miniconda3/envs/humann_env/lib/python3.12/site-packages/humann/quantify/MinPath12hmp.py:804: SyntaxWarning: invalid escape sequence '\d'
  m = re.match('^[^\d]+(?P<id>\d+)', aline)
/home/omar/Downloads/miniconda3/envs/humann_env/lib/python3.12/site-packages/humann/quantify/MinPath12hmp.py:804: SyntaxWarning: invalid escape sequence '\d'
  m = re.match('^[^\d]+(?P<id>\d+)', aline)
/home/omar/Downloads/miniconda3/envs/humann_env/lib/python3.12/site-packages/humann/quantify/MinPath12hmp.py:804: SyntaxWarning: invalid escape sequence '\d'
  m = re.match('^[^\d]+(?P<id>\d+)', aline)
/home/omar/Downloads/miniconda3/envs/humann_env/lib/python3.12/site-packages/humann/quantify/MinPath12hmp.py:804: SyntaxWarning: invalid escape sequence '\d'
  m = re.match('^[^\d]+(?P<id>\d+)', aline)
/home/omar/Downloads/miniconda3/envs/humann_env/lib/python3.12/site-packages/humann/quantify/MinPath12hmp.py:804: SyntaxWarning: invalid escape sequence '\d'
  m = re.match('^[^\d]+(?P<id>\d+)', aline)
/home/omar/Downloads/miniconda3/envs/humann_env/lib/python3.12/site-packages/humann/quantify/MinPath12hmp.py:804: SyntaxWarning: invalid escape sequence '\d'
  m = re.match('^[^\d]+(?P<id>\d+)', aline)
/home/omar/Downloads/miniconda3/envs/humann_env/lib/python3.12/site-packages/humann/quantify/MinPath12hmp.py:804: SyntaxWarning: invalid escape sequence '\d'
  m = re.match('^[^\d]+(?P<id>\d+)', aline)
/home/omar/Downloads/miniconda3/envs/humann_env/lib/python3.12/site-packages/humann/quantify/MinPath12hmp.py:804: SyntaxWarning: invalid escape sequence '\d'
  m = re.match('^[^\d]+(?P<id>\d+)', aline)
/home/omar/Downloads/miniconda3/envs/humann_env/lib/python3.12/site-packages/humann/quantify/MinPath12hmp.py:804: SyntaxWarning: invalid escape sequence '\d'
  m = re.match('^[^\d]+(?P<id>\d+)', aline)
/home/omar/Downloads/miniconda3/envs/humann_env/lib/python3.12/site-packages/humann/quantify/MinPath12hmp.py:804: SyntaxWarning: invalid escape sequence '\d'
  m = re.match('^[^\d]+(?P<id>\d+)', aline)
/home/omar/Downloads/miniconda3/envs/humann_env/lib/python3.12/site-packages/humann/quantify/MinPath12hmp.py:804: SyntaxWarning: invalid escape sequence '\d'
  m = re.match('^[^\d]+(?P<id>\d+)', aline)
/home/omar/Downloads/miniconda3/envs/humann_env/lib/python3.12/site-packages/humann/quantify/MinPath12hmp.py:804: SyntaxWarning: invalid escape sequence '\d'
  m = re.match('^[^\d]+(?P<id>\d+)', aline)
/home/omar/Downloads/miniconda3/envs/humann_env/lib/python3.12/site-packages/humann/quantify/MinPath12hmp.py:804: SyntaxWarning: invalid escape sequence '\d'
  m = re.match('^[^\d]+(?P<id>\d+)', aline)
/home/omar/Downloads/miniconda3/envs/humann_env/lib/python3.12/site-packages/humann/quantify/MinPath12hmp.py:804: SyntaxWarning: invalid escape sequence '\d'
  m = re.match('^[^\d]+(?P<id>\d+)', aline)
/home/omar/Downloads/miniconda3/envs/humann_env/lib/python3.12/site-packages/humann/quantify/MinPath12hmp.py:804: SyntaxWarning: invalid escape sequence '\d'
  m = re.match('^[^\d]+(?P<id>\d+)', aline)
/home/omar/Downloads/miniconda3/envs/humann_env/lib/python3.12/site-packages/humann/quantify/MinPath12hmp.py:804: SyntaxWarning: invalid escape sequence '\d'
  m = re.match('^[^\d]+(?P<id>\d+)', aline)
/home/omar/Downloads/miniconda3/envs/humann_env/lib/python3.12/site-packages/humann/quantify/MinPath12hmp.py:804: SyntaxWarning: invalid escape sequence '\d'
  m = re.match('^[^\d]+(?P<id>\d+)', aline)
/home/omar/Downloads/miniconda3/envs/humann_env/lib/python3.12/site-packages/humann/quantify/MinPath12hmp.py:804: SyntaxWarning: invalid escape sequence '\d'
  m = re.match('^[^\d]+(?P<id>\d+)', aline)
/home/omar/Downloads/miniconda3/envs/humann_env/lib/python3.12/site-packages/humann/quantify/MinPath12hmp.py:804: SyntaxWarning: invalid escape sequence '\d'
  m = re.match('^[^\d]+(?P<id>\d+)', aline)
/home/omar/Downloads/miniconda3/envs/humann_env/lib/python3.12/site-packages/humann/quantify/MinPath12hmp.py:804: SyntaxWarning: invalid escape sequence '\d'
  m = re.match('^[^\d]+(?P<id>\d+)', aline)
/home/omar/Downloads/miniconda3/envs/humann_env/lib/python3.12/site-packages/humann/quantify/MinPath12hmp.py:804: SyntaxWarning: invalid escape sequence '\d'
  m = re.match('^[^\d]+(?P<id>\d+)', aline)
/home/omar/Downloads/miniconda3/envs/humann_env/lib/python3.12/site-packages/humann/quantify/MinPath12hmp.py:804: SyntaxWarning: invalid escape sequence '\d'
  m = re.match('^[^\d]+(?P<id>\d+)', aline)
/home/omar/Downloads/miniconda3/envs/humann_env/lib/python3.12/site-packages/humann/quantify/MinPath12hmp.py:804: SyntaxWarning: invalid escape sequence '\d'
  m = re.match('^[^\d]+(?P<id>\d+)', aline)
/home/omar/Downloads/miniconda3/envs/humann_env/lib/python3.12/site-packages/humann/quantify/MinPath12hmp.py:804: SyntaxWarning: invalid escape sequence '\d'
  m = re.match('^[^\d]+(?P<id>\d+)', aline)
/home/omar/Downloads/miniconda3/envs/humann_env/lib/python3.12/site-packages/humann/quantify/MinPath12hmp.py:804: SyntaxWarning: invalid escape sequence '\d'
  m = re.match('^[^\d]+(?P<id>\d+)', aline)
/home/omar/Downloads/miniconda3/envs/humann_env/lib/python3.12/site-packages/humann/quantify/MinPath12hmp.py:804: SyntaxWarning: invalid escape sequence '\d'
  m = re.match('^[^\d]+(?P<id>\d+)', aline)
/home/omar/Downloads/miniconda3/envs/humann_env/lib/python3.12/site-packages/humann/quantify/MinPath12hmp.py:804: SyntaxWarning: invalid escape sequence '\d'
/home/omar/Downloads/miniconda3/envs/humann_env/lib/python3.12/site-packages/humann/quantify/MinPath12hmp.py:804: SyntaxWarning: invalid escape sequence '\d'
  m = re.match('^[^\d]+(?P<id>\d+)', aline)
  m = re.match('^[^\d]+(?P<id>\d+)', aline)
/home/omar/Downloads/miniconda3/envs/humann_env/lib/python3.12/site-packages/humann/quantify/MinPath12hmp.py:804: SyntaxWarning: invalid escape sequence '\d'
  m = re.match('^[^\d]+(?P<id>\d+)', aline)
/home/omar/Downloads/miniconda3/envs/humann_env/lib/python3.12/site-packages/humann/quantify/MinPath12hmp.py:804: SyntaxWarning: invalid escape sequence '\d'
  m = re.match('^[^\d]+(?P<id>\d+)', aline)
/home/omar/Downloads/miniconda3/envs/humann_env/lib/python3.12/site-packages/humann/quantify/MinPath12hmp.py:804: SyntaxWarning: invalid escape sequence '\d'
  m = re.match('^[^\d]+(?P<id>\d+)', aline)
/home/omar/Downloads/miniconda3/envs/humann_env/lib/python3.12/site-packages/humann/quantify/MinPath12hmp.py:804: SyntaxWarning: invalid escape sequence '\d'
  m = re.match('^[^\d]+(?P<id>\d+)', aline)
/home/omar/Downloads/miniconda3/envs/humann_env/lib/python3.12/site-packages/humann/quantify/MinPath12hmp.py:804: SyntaxWarning: invalid escape sequence '\d'
  m = re.match('^[^\d]+(?P<id>\d+)', aline)
/home/omar/Downloads/miniconda3/envs/humann_env/lib/python3.12/site-packages/humann/quantify/MinPath12hmp.py:804: SyntaxWarning: invalid escape sequence '\d'
  m = re.match('^[^\d]+(?P<id>\d+)', aline)
/home/omar/Downloads/miniconda3/envs/humann_env/lib/python3.12/site-packages/humann/quantify/MinPath12hmp.py:804: SyntaxWarning: invalid escape sequence '\d'
  m = re.match('^[^\d]+(?P<id>\d+)', aline)
/home/omar/Downloads/miniconda3/envs/humann_env/lib/python3.12/site-packages/humann/quantify/MinPath12hmp.py:804: SyntaxWarning: invalid escape sequence '\d'
  m = re.match('^[^\d]+(?P<id>\d+)', aline)
/home/omar/Downloads/miniconda3/envs/humann_env/lib/python3.12/site-packages/humann/quantify/MinPath12hmp.py:804: SyntaxWarning: invalid escape sequence '\d'
  m = re.match('^[^\d]+(?P<id>\d+)', aline)
/home/omar/Downloads/miniconda3/envs/humann_env/lib/python3.12/site-packages/humann/quantify/MinPath12hmp.py:804: SyntaxWarning: invalid escape sequence '\d'
  m = re.match('^[^\d]+(?P<id>\d+)', aline)
/home/omar/Downloads/miniconda3/envs/humann_env/lib/python3.12/site-packages/humann/quantify/MinPath12hmp.py:804: SyntaxWarning: invalid escape sequence '\d'
  m = re.match('^[^\d]+(?P<id>\d+)', aline)
/home/omar/Downloads/miniconda3/envs/humann_env/lib/python3.12/site-packages/humann/quantify/MinPath12hmp.py:804: SyntaxWarning: invalid escape sequence '\d'
  m = re.match('^[^\d]+(?P<id>\d+)', aline)
/home/omar/Downloads/miniconda3/envs/humann_env/lib/python3.12/site-packages/humann/quantify/MinPath12hmp.py:804: SyntaxWarning: invalid escape sequence '\d'
  m = re.match('^[^\d]+(?P<id>\d+)', aline)
/home/omar/Downloads/miniconda3/envs/humann_env/lib/python3.12/site-packages/humann/quantify/MinPath12hmp.py:804: SyntaxWarning: invalid escape sequence '\d'
  m = re.match('^[^\d]+(?P<id>\d+)', aline)
/home/omar/Downloads/miniconda3/envs/humann_env/lib/python3.12/site-packages/humann/quantify/MinPath12hmp.py:804: SyntaxWarning: invalid escape sequence '\d'
  m = re.match('^[^\d]+(?P<id>\d+)', aline)
/home/omar/Downloads/miniconda3/envs/humann_env/lib/python3.12/site-packages/humann/quantify/MinPath12hmp.py:804: SyntaxWarning: invalid escape sequence '\d'
  m = re.match('^[^\d]+(?P<id>\d+)', aline)
/home/omar/Downloads/miniconda3/envs/humann_env/lib/python3.12/site-packages/humann/quantify/MinPath12hmp.py:804: SyntaxWarning: invalid escape sequence '\d'
  m = re.match('^[^\d]+(?P<id>\d+)', aline)
/home/omar/Downloads/miniconda3/envs/humann_env/lib/python3.12/site-packages/humann/quantify/MinPath12hmp.py:804: SyntaxWarning: invalid escape sequence '\d'
  m = re.match('^[^\d]+(?P<id>\d+)', aline)
/home/omar/Downloads/miniconda3/envs/humann_env/lib/python3.12/site-packages/humann/quantify/MinPath12hmp.py:804: SyntaxWarning: invalid escape sequence '\d'
  m = re.match('^[^\d]+(?P<id>\d+)', aline)
/home/omar/Downloads/miniconda3/envs/humann_env/lib/python3.12/site-packages/humann/quantify/MinPath12hmp.py:804: SyntaxWarning: invalid escape sequence '\d'
  m = re.match('^[^\d]+(?P<id>\d+)', aline)
/home/omar/Downloads/miniconda3/envs/humann_env/lib/python3.12/site-packages/humann/quantify/MinPath12hmp.py:804: SyntaxWarning: invalid escape sequence '\d'
  m = re.match('^[^\d]+(?P<id>\d+)', aline)
/home/omar/Downloads/miniconda3/envs/humann_env/lib/python3.12/site-packages/humann/quantify/MinPath12hmp.py:804: SyntaxWarning: invalid escape sequence '\d'
  m = re.match('^[^\d]+(?P<id>\d+)', aline)
/home/omar/Downloads/miniconda3/envs/humann_env/lib/python3.12/site-packages/humann/quantify/MinPath12hmp.py:804: SyntaxWarning: invalid escape sequence '\d'
  m = re.match('^[^\d]+(?P<id>\d+)', aline)
/home/omar/Downloads/miniconda3/envs/humann_env/lib/python3.12/site-packages/humann/quantify/MinPath12hmp.py:804: SyntaxWarning: invalid escape sequence '\d'
  m = re.match('^[^\d]+(?P<id>\d+)', aline)
/home/omar/Downloads/miniconda3/envs/humann_env/lib/python3.12/site-packages/humann/quantify/MinPath12hmp.py:804: SyntaxWarning: invalid escape sequence '\d'
  m = re.match('^[^\d]+(?P<id>\d+)', aline)
/home/omar/Downloads/miniconda3/envs/humann_env/lib/python3.12/site-packages/humann/quantify/MinPath12hmp.py:804: SyntaxWarning: invalid escape sequence '\d'
  m = re.match('^[^\d]+(?P<id>\d+)', aline)
/home/omar/Downloads/miniconda3/envs/humann_env/lib/python3.12/site-packages/humann/quantify/MinPath12hmp.py:804: SyntaxWarning: invalid escape sequence '\d'
  m = re.match('^[^\d]+(?P<id>\d+)', aline)
/home/omar/Downloads/miniconda3/envs/humann_env/lib/python3.12/site-packages/humann/quantify/MinPath12hmp.py:804: SyntaxWarning: invalid escape sequence '\d'
  m = re.match('^[^\d]+(?P<id>\d+)', aline)
/home/omar/Downloads/miniconda3/envs/humann_env/lib/python3.12/site-packages/humann/quantify/MinPath12hmp.py:804: SyntaxWarning: invalid escape sequence '\d'
  m = re.match('^[^\d]+(?P<id>\d+)', aline)
/home/omar/Downloads/miniconda3/envs/humann_env/lib/python3.12/site-packages/humann/quantify/MinPath12hmp.py:804: SyntaxWarning: invalid escape sequence '\d'
  m = re.match('^[^\d]+(?P<id>\d+)', aline)
/home/omar/Downloads/miniconda3/envs/humann_env/lib/python3.12/site-packages/humann/quantify/MinPath12hmp.py:804: SyntaxWarning: invalid escape sequence '\d'
  m = re.match('^[^\d]+(?P<id>\d+)', aline)
/home/omar/Downloads/miniconda3/envs/humann_env/lib/python3.12/site-packages/humann/quantify/MinPath12hmp.py:804: SyntaxWarning: invalid escape sequence '\d'
  m = re.match('^[^\d]+(?P<id>\d+)', aline)
/home/omar/Downloads/miniconda3/envs/humann_env/lib/python3.12/site-packages/humann/quantify/MinPath12hmp.py:804: SyntaxWarning: invalid escape sequence '\d'
  m = re.match('^[^\d]+(?P<id>\d+)', aline)
/home/omar/Downloads/miniconda3/envs/humann_env/lib/python3.12/site-packages/humann/quantify/MinPath12hmp.py:804: SyntaxWarning: invalid escape sequence '\d'
  m = re.match('^[^\d]+(?P<id>\d+)', aline)
/home/omar/Downloads/miniconda3/envs/humann_env/lib/python3.12/site-packages/humann/quantify/MinPath12hmp.py:804: SyntaxWarning: invalid escape sequence '\d'
  m = re.match('^[^\d]+(?P<id>\d+)', aline)
/home/omar/Downloads/miniconda3/envs/humann_env/lib/python3.12/site-packages/humann/quantify/MinPath12hmp.py:804: SyntaxWarning: invalid escape sequence '\d'
  m = re.match('^[^\d]+(?P<id>\d+)', aline)
/home/omar/Downloads/miniconda3/envs/humann_env/lib/python3.12/site-packages/humann/quantify/MinPath12hmp.py:804: SyntaxWarning: invalid escape sequence '\d'
/home/omar/Downloads/miniconda3/envs/humann_env/lib/python3.12/site-packages/humann/quantify/MinPath12hmp.py:804: SyntaxWarning: invalid escape sequence '\d'
  m = re.match('^[^\d]+(?P<id>\d+)', aline)
  m = re.match('^[^\d]+(?P<id>\d+)', aline)
/home/omar/Downloads/miniconda3/envs/humann_env/lib/python3.12/site-packages/humann/quantify/MinPath12hmp.py:804: SyntaxWarning: invalid escape sequence '\d'
  m = re.match('^[^\d]+(?P<id>\d+)', aline)
/home/omar/Downloads/miniconda3/envs/humann_env/lib/python3.12/site-packages/humann/quantify/MinPath12hmp.py:804: SyntaxWarning: invalid escape sequence '\d'
  m = re.match('^[^\d]+(?P<id>\d+)', aline)
/home/omar/Downloads/miniconda3/envs/humann_env/lib/python3.12/site-packages/humann/quantify/MinPath12hmp.py:804: SyntaxWarning: invalid escape sequence '\d'
  m = re.match('^[^\d]+(?P<id>\d+)', aline)
/home/omar/Downloads/miniconda3/envs/humann_env/lib/python3.12/site-packages/humann/quantify/MinPath12hmp.py:804: SyntaxWarning: invalid escape sequence '\d'
  m = re.match('^[^\d]+(?P<id>\d+)', aline)
/home/omar/Downloads/miniconda3/envs/humann_env/lib/python3.12/site-packages/humann/quantify/MinPath12hmp.py:804: SyntaxWarning: invalid escape sequence '\d'
  m = re.match('^[^\d]+(?P<id>\d+)', aline)
/home/omar/Downloads/miniconda3/envs/humann_env/lib/python3.12/site-packages/humann/quantify/MinPath12hmp.py:804: SyntaxWarning: invalid escape sequence '\d'
  m = re.match('^[^\d]+(?P<id>\d+)', aline)
/home/omar/Downloads/miniconda3/envs/humann_env/lib/python3.12/site-packages/humann/quantify/MinPath12hmp.py:804: SyntaxWarning: invalid escape sequence '\d'
  m = re.match('^[^\d]+(?P<id>\d+)', aline)
/home/omar/Downloads/miniconda3/envs/humann_env/lib/python3.12/site-packages/humann/quantify/MinPath12hmp.py:804: SyntaxWarning: invalid escape sequence '\d'
  m = re.match('^[^\d]+(?P<id>\d+)', aline)
/home/omar/Downloads/miniconda3/envs/humann_env/lib/python3.12/site-packages/humann/quantify/MinPath12hmp.py:804: SyntaxWarning: invalid escape sequence '\d'
  m = re.match('^[^\d]+(?P<id>\d+)', aline)
/home/omar/Downloads/miniconda3/envs/humann_env/lib/python3.12/site-packages/humann/quantify/MinPath12hmp.py:804: SyntaxWarning: invalid escape sequence '\d'
  m = re.match('^[^\d]+(?P<id>\d+)', aline)
/home/omar/Downloads/miniconda3/envs/humann_env/lib/python3.12/site-packages/humann/quantify/MinPath12hmp.py:804: SyntaxWarning: invalid escape sequence '\d'
  m = re.match('^[^\d]+(?P<id>\d+)', aline)
/home/omar/Downloads/miniconda3/envs/humann_env/lib/python3.12/site-packages/humann/quantify/MinPath12hmp.py:804: SyntaxWarning: invalid escape sequence '\d'
  m = re.match('^[^\d]+(?P<id>\d+)', aline)
/home/omar/Downloads/miniconda3/envs/humann_env/lib/python3.12/site-packages/humann/quantify/MinPath12hmp.py:804: SyntaxWarning: invalid escape sequence '\d'
  m = re.match('^[^\d]+(?P<id>\d+)', aline)
/home/omar/Downloads/miniconda3/envs/humann_env/lib/python3.12/site-packages/humann/quantify/MinPath12hmp.py:804: SyntaxWarning: invalid escape sequence '\d'
  m = re.match('^[^\d]+(?P<id>\d+)', aline)
/home/omar/Downloads/miniconda3/envs/humann_env/lib/python3.12/site-packages/humann/quantify/MinPath12hmp.py:804: SyntaxWarning: invalid escape sequence '\d'
  m = re.match('^[^\d]+(?P<id>\d+)', aline)
g__Clostridium.s__Clostridium_sp_AF36_4: 68881 hits
g__Clostridium.s__Clostridium_sp_CAG_138: 77040 hits
g__Roseburia.s__Roseburia_faecis: 313393 hits
g__Bifidobacterium.s__Bifidobacterium_bifidum: 11173 hits
g__Blautia.s__Ruminococcus_torques: 173363 hits
g__Clostridium.s__Clostridium_sp_CAG_122: 7810 hits
g__Ruminococcus.s__Ruminococcus_bromii: 26033 hits
g__Flavonifractor.s__Flavonifractor_plautii: 130748 hits
g__Fusicatenibacter.s__Fusicatenibacter_saccharivorans: 55650 hits
g__Escherichia.s__Escherichia_coli: 308015 hits
g__Hungatella.s__Hungatella_hathewayi: 20336 hits
g__Coprococcus.s__Coprococcus_comes: 79753 hits
g__Roseburia.s__Roseburia_intestinalis: 241720 hits
g__Parasutterella.s__Parasutterella_excrementihominis: 40282 hits
g__Clostridium.s__Clostridium_sp_CAG_245: 326035 hits
g__Lachnospiraceae_unclassified.s__Eubacterium_rectale: 334832 hits
g__Bacteroides.s__Bacteroides_massiliensis: 431918 hits
g__Faecalibacterium.s__Faecalibacterium_prausnitzii: 541319 hits
g__Alistipes.s__Alistipes_putredinis: 362850 hits
g__Roseburia.s__Roseburia_inulinivorans: 103416 hits
g__Bifidobacterium.s__Bifidobacterium_adolescentis: 48059 hits
g__Alistipes.s__Alistipes_finegoldii: 110699 hits
g__Eubacterium.s__Eubacterium_sp_36_13: 50571 hits
g__Roseburia.s__Roseburia_hominis: 20809 hits
g__Proteobacteria_unclassified.s__Proteobacteria_bacterium_CAG_139: 74013 hits
g__Ruthenibacterium.s__Ruthenibacterium_lactatiformans: 47157 hits
g__Dorea.s__Dorea_longicatena: 147801 hits
g__Clostridium.s__Clostridium_sp_CAG_217: 18940 hits
g__Roseburia.s__Roseburia_sp_CAG_100: 53617 hits
g__Clostridium.s__Clostridium_sp_AM22_11AC: 9385 hits
g__Gemmiger.s__Gemmiger_formicilis: 110597 hits
g__Clostridium.s__Clostridium_disporicum: 10323 hits
g__Anaeromassilibacillus.s__Anaeromassilibacillus_sp_An250: 2623 hits
g__Eubacterium.s__Eubacterium_eligens: 21800 hits
g__Gordonibacter.s__Gordonibacter_urolithinfaciens: 2666 hits
g__Firmicutes_unclassified.s__Firmicutes_bacterium_CAG_41: 63958 hits
g__Adlercreutzia.s__Adlercreutzia_equolifaciens: 19372 hits
g__Oscillibacter.s__Oscillibacter_sp_57_20: 29859 hits
g__Dorea.s__Dorea_sp_OM02_2LB: 5354 hits
g__Firmicutes_unclassified.s__Firmicutes_bacterium_CAG_65_45_313: 20731 hits
g__Firmicutes_unclassified.s__Firmicutes_bacterium_CAG_56: 51177 hits
g__Ruminococcus.s__Ruminococcus_sp_AF31_8BH: 23868 hits
g__Firmicutes_unclassified.s__Firmicutes_bacterium_CAG_114: 40146 hits
g__Roseburia.s__Roseburia_sp_CAG_197: 38087 hits
g__Firmicutes_unclassified.s__Firmicutes_bacterium_CAG_102: 977 hits
g__Eubacterium.s__Eubacterium_sp_CAG_251: 10953 hits
g__Agathobaculum.s__Agathobaculum_butyriciproducens: 51471 hits
g__Faecalibacterium.s__Faecalibacterium_sp_CAG_74: 40413 hits
g__Collinsella.s__Collinsella_aerofaciens: 20399 hits
g__Clostridium.s__Clostridium_sp_CAG_169: 20966 hits
g__Blautia.s__Blautia_obeum: 40003 hits
g__Dialister.s__Dialister_invisus: 34611 hits
g__Blautia.s__Blautia_wexlerae: 19066 hits
g__Clostridiales_unclassified.s__Clostridiales_bacterium_KLE1615: 23709 hits
g__Odoribacter.s__Odoribacter_splanchnicus: 107690 hits
g__Dorea.s__Dorea_formicigenerans: 35691 hits
g__Coprococcus.s__Coprococcus_catus: 26724 hits
g__Escherichia.s__Escherichia_fergusonii: 7893 hits
g__Hungatella.s__Hungatella_effluvii: 1352 hits
g__Anaerostipes.s__Anaerostipes_hadrus: 11379 hits
g__Intestinimonas.s__Intestinimonas_butyriciproducens: 28207 hits
g__Eubacterium.s__Eubacterium_hallii: 17224 hits
g__Lawsonibacter.s__Lawsonibacter_asaccharolyticus: 5472 hits
g__Blautia.s__Blautia_sp: 17705 hits
g__Lachnoclostridium.s__Clostridium_saccharolyticum: 2957 hits
g__Firmicutes_unclassified.s__Firmicutes_bacterium_AF16_15: 20057 hits
g__Eubacterium.s__Eubacterium_ventriosum: 12007 hits
g__Anaerotruncus.s__Anaerotruncus_colihominis: 13327 hits
g__Clostridium.s__Clostridium_sp_CAG_226: 13493 hits
g__Eisenbergiella.s__Eisenbergiella_massiliensis: 5723 hits
g__Eggerthella.s__Eggerthella_lenta: 2246 hits
g__Blautia.s__Blautia_sp_AF19_10LB: 7199 hits
g__Intestinibacter.s__Intestinibacter_bartlettii: 6051 hits
g__Veillonella.s__Veillonella_parvula: 910 hits
g__Eggerthella.s__Eggerthella_sp_CAG_298: 826 hits
g__Clostridium.s__Clostridium_sp_CAG_58: 4308 hits
g__Monoglobus.s__Monoglobus_pectinilyticus: 949 hits
g__Eubacterium.s__Eubacterium_sp_CAG_192: 275 hits
g__Turicibacter.s__Turicibacter_sanguinis: 933 hits
g__Eubacterium.s__Eubacterium_sp_CAG_252: 957 hits
g__Clostridium.s__Clostridium_sp_CAG_75: 1584 hits
g__Haemophilus.s__Haemophilus_parainfluenzae: 1029 hits
g__Bilophila.s__Bilophila_wadsworthia: 333 hits
g__Gordonibacter.s__Gordonibacter_pamelaeae: 388 hits
g__Oscillibacter.s__Oscillibacter_valericigenes: 50 hits
unclassified: 2152693 hits

Total gene families after translated alignment: 222485

Unaligned reads after translated alignment: 33.8298614631 %


Computing gene families ...

Computing pathways abundance and coverage ...

Output files created: 
/mnt/omar/pipelines/ont/work/results/004_pathways/humann/ERR13731454/ERR13731454_merged_genefamilies.tsv
/mnt/omar/pipelines/ont/work/results/004_pathways/humann/ERR13731454/ERR13731454_merged_pathabundance.tsv
/mnt/omar/pipelines/ont/work/results/004_pathways/humann/ERR13731454/ERR13731454_merged_pathcoverage.tsv

