Output files will be written to: /mnt/omar/pipelines/ont/work/results/004_pathways/humann/ERR13731435
Decompressing gzipped file ...

Removing spaces from identifiers in input file ...


Running metaphlan ........

Found t__SGB1891 : 21.18% of mapped reads ( s__Bacteroides_coprocola )
Found t__SGB1903 : 16.16% of mapped reads ( s__Bacteroides_plebeius )
Found t__SGB4951 : 7.26% of mapped reads ( s__Roseburia_intestinalis )
Found g__Sutterella.s__Sutterella_SGB9298 : 5.18% of mapped reads (  )
Found t__SGB15342 : 4.82% of mapped reads ( s__Faecalibacterium_prausnitzii,g__Faecalibacterium.s__Faecalibacterium_sp_AM43_5AT,g__Faecalibacterium.s__Faecalibacterium_sp_BIOML_A3,g__Faecalibacterium.s__Faecalibacterium_sp_Marseille_Q4896,g__Faecalibacterium.s__Faecalibacterium_sp_OF03_6AC,g__Faecalibacterium.s__Faecalibacterium_sp_AF27_11BH,g__Faecalibacterium.s__Faecalibacterium_sp_AF10_46,g__Faecalibacterium.s__Faecalibacterium_sp_BIOML_A2,g__Faecalibacterium.s__Faecalibacterium_sp_I4384 )
Found g__Faecalibacterium.s__Faecalibacterium_SGB15346 : 4.77% of mapped reads (  )
Found t__SGB1812 : 4.01% of mapped reads ( s__Bacteroides_massiliensis )
Found t__SGB2071 : 3.12% of mapped reads ( s__Prevotella_sp_CAG_279 )
Found t__SGB4933 : 2.87% of mapped reads ( s__Eubacterium_rectale )
Found t__SGB5076 : 2.73% of mapped reads ( s__Eubacterium_sp_CAG_252 )
Found t__SGB4581 : 1.69% of mapped reads ( s__Dorea_longicatena,g__Dorea.s__Dorea_sp_MB18_49,g__Lachnospiraceae_unclassified.s__Lachnospiraceae_bacterium_210521_DFI_5_19,g__Lachnospiraceae_unclassified.s__Lachnospiraceae_bacterium_210521_DFI_3_101 )
Found g__Clostridium.s__Clostridium_fessum : 1.66% of mapped reads ( g__Clostridium.s__Clostridium_sp_AF21_20LB,g__Clostridium.s__Clostridium_sp_OM05_5BH,g__Clostridium.s__Clostridium_sp_AF37_7,g__Clostridium.s__Clostridium_sp_AM18_55,g__Clostridium.s__Clostridium_sp_AF02_29,g__Clostridium.s__Clostridium_sp_AM28_20LB,g__Clostridium.s__Clostridium_sp_AF12_41,g__Clostridium.s__Clostridium_sp_OM04_7,g__Clostridium.s__Clostridium_sp_AF50_3,g__Clostridium.s__Clostridium_sp_OF13_4,g__Clostridium.s__Clostridium_sp_AF24_2LB,g__Clostridium.s__Clostridium_sp_TF11_13AC,g__Clostridium.s__Clostridium_sp_TF06_15AC,g__Clostridium.s__Clostridium_sp_AF35_15,g__Clostridium.s__Clostridium_sp_AM48_13,g__Clostridium.s__Clostridium_sp_AF32_7AC,g__Clostridium.s__Clostridium_sp_AM43_3BH,g__Clostridium.s__Clostridium_sp_AF27_5AA,g__Clostridium.s__Clostridium_sp_AF29_8BH,g__Clostridium.s__Clostridium_sp_BX14,g__Clostridium.s__Clostridium_sp_AF20_7,g__Clostridium.s__Clostridium_sp_AF22_10,g__Clostridium.s__Clostridium_sp_AM27_28 )
Found t__SGB1814 : 1.56% of mapped reads ( s__Bacteroides_vulgatus,g__Phocaeicola.s__Phocaeicola_dorei )
Found t__SGB15317 : 1.41% of mapped reads ( s__Faecalibacterium_prausnitzii,g__Faecalibacterium.s__Faecalibacterium_sp_OF04_11AC )
Found g__Faecalibacterium.s__Faecalibacterium_sp_CLA_AA_H233 : 1.16% of mapped reads ( g__Faecalibacterium.s__Faecalibacterium_sp_I3389 )
Found t__SGB4826 : 1.11% of mapped reads ( s__Blautia_obeum,g__Blautia.s__Blautia_luti,g__Blautia.s__Blautia_sp_aa_0143,g__Blautia.s__Blautia_sp_KLE_1732,g__Lachnospiraceae_unclassified.s__Lachnospiraceae_bacterium,g__Blautia.s__Blautia_sp_SF_50,g__Blautia.s__Blautia_sp_BCRC_81119,g__Ruminococcus.s__Ruminococcus_sp_OF02_6,g__Blautia.s__Blautia_obeum,g__Blautia.s__Blautia_sp_SC05B48,g__Blautia.s__Blautia_sp_CLA_AA_H217,g__Blautia.s__Blautia_sp_CLA_AA_H275,g__Blautia.s__Blautia_sp_NSJ_140,g__Blautia.s__Blautia_sp_NSJ_157,g__Blautia.s__Blautia_sp_DFI_9_10,g__Blautia.s__Blautia_sp_MB18_30,g__Blautia.s__Blautia_sp_MSK20_18,g__Blautia.s__Blautia_sp_MCC270 )
Found t__SGB4868 : 1.02% of mapped reads ( s__Blautia_sp_CAG_52 )
Found t__SGB17244 : 0.99% of mapped reads ( s__Bifidobacterium_adolescentis,g__Bifidobacteriaceae_unclassified.s__Bifidobacteriaceae_bacterium_MCC01943,g__Bifidobacterium.s__Bifidobacterium_faecale,g__Bifidobacteriaceae_unclassified.s__Bifidobacteriaceae_bacterium_MCC01941,g__Bifidobacterium.s__Bifidobacterium_sp_CLA_AA_H280,g__Bifidobacterium.s__Bifidobacterium_sp_MSK_17_10 )
Found t__SGB15318 : 0.91% of mapped reads ( s__Faecalibacterium_prausnitzii,g__Faecalibacterium.s__Faecalibacterium_sp_Marseille_Q4137,g__Faecalibacterium.s__Faecalibacterium_sp_4P15,g__Faecalibacterium.s__Faecalibacterium_sp_Marseille_Q0746,g__Faecalibacterium.s__Faecalibacterium_sp_CLA_AA_H283,g__Faecalibacterium.s__Faecalibacterium_sp_CLA_AA_H254,g__Faecalibacterium.s__Faecalibacterium_sp_CLA_AA_H223,g__Faecalibacterium.s__Faecalibacterium_sp_IP329,g__Faecalibacterium.s__Faecalibacterium_duncaniae,g__Faecalibacterium.s__Faecalibacterium_sp_BCRC_81149,g__Faecalibacterium.s__Faecalibacterium_sp_I2392 )
Found g__Brotolimicola.s__Brotolimicola_acetigignens : 0.79% of mapped reads ( g__Clostridium.s__Clostridium_sp_AF34_10BH,g__Clostridium.s__Clostridium_sp_AM34_9AC,g__Clostridium.s__Clostridium_sp_AF36_18BH,g__Clostridium.s__Clostridium_sp_TF08_15,g__Clostridium.s__Clostridium_sp_AF46_12NS,g__Lachnospiraceae_unclassified.s__Lachnospiraceae_bacterium_GAM79,g__Acetatifactor.s__Acetatifactor_sp_DFI_5_50,g__Waltera.s__Waltera_sp_CLA_AA_H273 )
Found t__SGB1830 : 0.76% of mapped reads ( s__Bacteroides_stercoris,g__Bacteroides.s__Bacteroides_sp_NSJ_48 )
Found t__SGB17248 : 0.58% of mapped reads ( s__Bifidobacterium_longum,g__Bifidobacteriaceae_unclassified.s__Bifidobacteriaceae_bacterium_MCC01989,g__Bifidobacteriaceae_unclassified.s__Bifidobacteriaceae_bacterium_MCC01979,g__Bifidobacteriaceae_unclassified.s__Bifidobacteriaceae_bacterium_MCC01972,g__Bifidobacteriaceae_unclassified.s__Bifidobacteriaceae_bacterium_MCC01986,g__Bifidobacteriaceae_unclassified.s__Bifidobacteriaceae_bacterium_MCC01978,g__Bifidobacteriaceae_unclassified.s__Bifidobacteriaceae_bacterium_MCC01976,g__Bifidobacteriaceae_unclassified.s__Bifidobacteriaceae_bacterium_MCC01975 )
Found g__Oscillibacter.s__Oscillibacter_sp_ER4 : 0.56% of mapped reads ( g__Oscillospiraceae_unclassified.s__Ruminococcaceae_bacterium_AF10_16,g__Oscillospiraceae_unclassified.s__Ruminococcaceae_bacterium_TF06_43,g__Oscillospiraceae_unclassified.s__Oscillospiraceae_bacterium_CLA_AA_H269 )
Found t__SGB4837 : 0.53% of mapped reads ( s__Blautia_obeum,g__Blautia.s__Blautia_obeum,g__Ruminococcus.s__Ruminococcus_sp_OM02_16LB,g__Blautia.s__Blautia_sp_Marseille_P2398,g__Ruminococcus.s__Ruminococcus_sp_AM18_44,g__Ruminococcus.s__Ruminococcus_sp_AF33_11BH,g__Ruminococcus.s__Ruminococcus_sp_AM40_10AC,g__Ruminococcus.s__Ruminococcus_sp_AM36_17,g__Ruminococcus.s__Ruminococcus_sp_TM09_4,g__Ruminococcus.s__Ruminococcus_sp_AM32_17LB,g__Ruminococcus.s__Ruminococcus_sp_AM29_12LB,g__Blautia.s__Blautia_sp_1001283B150304_161114_C9,g__Ruminococcus.s__Ruminococcus_sp_AM18_15,g__Ruminococcus.s__Ruminococcus_sp_5_1_39BFAA,g__Ruminococcus.s__Ruminococcus_sp_TF11_2AC,g__Ruminococcus.s__Ruminococcus_sp_AF19_29,g__Ruminococcus.s__Ruminococcus_sp_AM27_16,g__Ruminococcus.s__Ruminococcus_sp_AF25_28AC,g__Ruminococcus.s__Ruminococcus_sp_AM34_9LB,g__Ruminococcus.s__Ruminococcus_sp_AM23_1LB,g__Ruminococcus.s__Ruminococcus_sp_AM42_10AC,g__Ruminococcus.s__Ruminococcus_sp_AF14_5,g__Blautia.s__Blautia_sp_DFI_3_45,g__Blautia.s__Blautia_sp_MSK18_10,g__Blautia.s__Blautia_sp_DFI_6_71,g__Blautia.s__Blautia_sp_DFI_1_216 )
Found g__Parolsenella.s__Parolsenella_catena : 0.53% of mapped reads (  )
Found t__SGB4557 : 0.53% of mapped reads ( s__Ruminococcus_lactaris )
Found t__SGB4874 : 0.53% of mapped reads ( s__Fusicatenibacter_saccharivorans,g__Blautia.s__Blautia_sp_AM42_2,g__Blautia.s__Blautia_sp_OF03_13,g__Blautia.s__Blautia_sp_OF09_25XD,g__Blautia.s__Blautia_sp_AM47_4,g__Blautia.s__Blautia_sp_AM29_29,g__Blautia.s__Blautia_sp_AF17_9LB,g__Blautia.s__Blautia_sp_OM06_15AC,g__Blautia.s__Blautia_sp_AF19_13LB,g__Blautia.s__Blautia_sp_AF34_10,g__Blautia.s__Blautia_sp_AM23_13AC,g__Blautia.s__Blautia_sp_OM05_6,g__Blautia.s__Blautia_sp_AF26_2,g__Blautia.s__Blautia_sp_OF11_22,g__Blautia.s__Blautia_sp_AF14_40,g__Blautia.s__Blautia_sp_AM28_10,g__Blautia.s__Blautia_sp_AF32_4BH,g__Blautia.s__Blautia_sp_AF19_1,g__Blautia.s__Blautia_sp_TM10_2,g__Blautia.s__Blautia_sp_TF10_30,g__Lachnospiraceae_unclassified.s__Lachnospiraceae_bacterium_210521_DFI_5_20 )
Found t__SGB4540 : 0.48% of mapped reads ( s__Anaerostipes_hadrus,g__Lachnospiraceae_unclassified.s__Lachnospiraceae_bacterium_AM25_27,g__Lachnospiraceae_unclassified.s__Lachnospiraceae_bacterium_TF10_8AT,g__Lachnospiraceae_unclassified.s__Lachnospiraceae_bacterium_AM21_21,g__Lachnospiraceae_unclassified.s__Lachnospiraceae_bacterium_AM26_1LB,g__Lachnospiraceae_unclassified.s__Lachnospiraceae_bacterium_AM10_38,g__Lachnospiraceae_unclassified.s__Lachnospiraceae_bacterium_OM02_26,g__Lachnospiraceae_unclassified.s__Lachnospiraceae_bacterium_AM23_7LB,g__Lachnospiraceae_unclassified.s__Lachnospiraceae_bacterium_5_1_63FAA )
Found t__SGB1965 : 0.42% of mapped reads ( s__Barnesiella_intestinihominis,g__Bacteroidaceae_unclassified.s__Bacteroidaceae_bacterium,g__Barnesiella.s__Barnesiella_sp_B2_R_119 )
Found g__Clostridium.s__Clostridium_sp_AF20_17LB : 0.41% of mapped reads ( g__Clostridium.s__Clostridium_sp_Marseille_P7770,g__Clostridium.s__Clostridium_sp_AF37_5AT,g__Clostridium.s__Clostridium_sp_OF09_10,g__Clostridium.s__Clostridium_sp_AM22_16AC,g__Clostridium.s__Clostridium_sp_OF03_18AA,g__Clostridium.s__Clostridium_sp_AM16_23,g__Clostridium.s__Clostridium_sp_AM45_5,g__Clostridium.s__Clostridium_sp_MCC344 )
Found g__Clostridium.s__Clostridium_SGB6179 : 0.37% of mapped reads (  )
Found t__SGB17241 : 0.37% of mapped reads ( s__Bifidobacterium_catenulatum )
Found g__Faecalibacillus.s__Faecalibacillus_SGB6753 : 0.37% of mapped reads (  )
Found t__SGB1798 : 0.35% of mapped reads ( s__Paraprevotella_clara )
Found t__SGB14824_group : 0.34% of mapped reads ( s__Senegalimassilia_anaerobia )
Found t__SGB15316 : 0.34% of mapped reads ( s__Faecalibacterium_prausnitzii,g__Faecalibacterium.s__Faecalibacterium_longum,g__Faecalibacterium.s__Faecalibacterium_sp_Marseille_P9312,g__Faecalibacterium.s__Faecalibacterium_sp_Marseille_P9590 )
Found t__SGB6140 : 0.33% of mapped reads ( s__Intestinibacter_bartlettii )
Found t__SGB6847 : 0.32% of mapped reads ( s__Turicibacter_sanguinis,g__Turicibacter.s__Turicibacter_sanguinis,g__Turicibacter.s__Turicibacter_sp_H121,g__Turicibacter.s__Turicibacter_sp_GALT_G1,g__Turicibacter.s__Turicibacter_sp_T129 )
Found t__SGB15053 : 0.31% of mapped reads ( s__Oscillibacter_sp_57_20,g__Dysosmobacter.s__Dysosmobacter_sp_BX15,g__Oscillibacter.s__Oscillibacter_sp_MCC667 )
Found t__SGB9283 : 0.30% of mapped reads ( s__Sutterella_wadsworthensis )
Found t__SGB15332 : 0.28% of mapped reads ( s__Faecalibacterium_prausnitzii,g__Faecalibacterium.s__Faecalibacterium_sp_IP118 )
Found t__SGB8007_group : 0.28% of mapped reads ( s__Streptococcus_pneumoniae,g__Streptococcus.s__Streptococcus_sp_21_1,g__Streptococcus.s__Streptococcus_sp_CCH5_D3,g__Streptococcus.s__Streptococcus_sp_16_1,g__Streptococcus.s__Streptococcus_sp_ACS2,g__Streptococcus.s__Streptococcus_sp_22_1,g__Streptococcus.s__Streptococcus_sp_HMSC064H09,g__Streptococcus.s__Streptococcus_sp_10_1,g__Streptococcus.s__Streptococcus_sp_CCH8_H5,g__Streptococcus.s__Streptococcus_sp_HMSC065H07,g__Streptococcus.s__Streptococcus_sp_23_2,g__Streptococcus.s__Streptococcus_sp_2_1,g__Streptococcus.s__Streptococcus_sp_Marseille_Q3604,g__Streptococcus.s__Streptococcus_sp_HMSC078H12,g__Streptococcus.s__Streptococcus_sp_SR4,g__Streptococcus.s__Streptococcus_sp_449_SSPC,g__Streptococcus.s__Streptococcus_sp_HMSC10E12,g__Streptococcus.s__Streptococcus_sp_HMSC064D12,g__Streptococcus.s__Streptococcus_sp_FDAARGOS_192,g__Streptococcus.s__Streptococcus_sp_HMSC072D03,g__Streptococcus.s__Streptococcus_sp_HMSC078H03,g__Streptococcus.s__Streptococcus_pneumoniae,g__Streptococcus.s__Streptococcus_sp_HMSC068F04,g__Streptococcus.s__Streptococcus_sp_HSISS1,g__Streptococcus.s__Streptococcus_sp_MSK15_114 )
Found t__SGB4532 : 0.27% of mapped reads ( s__Eubacterium_hallii )
Found t__SGB15300 : 0.26% of mapped reads ( s__Gemmiger_formicilis )
Found g__Lacrimispora.s__Lacrimispora_amygdalina : 0.26% of mapped reads ( g__Eubacteriales_unclassified.s__butyrate_producing_bacterium_SS3_4,g__Clostridium.s__Clostridium_sp_AM25_23AC,g__Clostridium.s__Clostridium_sp_AM34_11AC,g__Clostridiaceae_unclassified.s__Clostridiaceae_bacterium_AF02_42,g__Lachnospiraceae_unclassified.s__Lachnospiraceae_bacterium_OF11_28,g__Eubacteriales_unclassified.s__Clostridiales_bacterium_AF36_10,g__Desulfotomaculum.s__Desulfotomaculum_sp_OF05_3,g__Clostridium.s__Clostridium_sp_AF28_12,g__Clostridiaceae_unclassified.s__Clostridiaceae_bacterium_TF01_6,g__Bacteria_unclassified.s__bacterium_210820_DFI_6_38,g__Clostridium.s__Clostridium_sp_MCC328 )
Found t__SGB5082 : 0.26% of mapped reads ( s__Eubacterium_eligens,g__Eubacterium.s__Eubacterium_sp_AM49_13BH )
Found t__SGB14993 : 0.23% of mapped reads ( s__Agathobaculum_butyriciproducens,g__Butyricicoccus.s__Butyricicoccus_faecihominis,g__Butyricicoccus.s__Butyricicoccus_sp_AF10_3,g__Butyricicoccus.s__Butyricicoccus_sp_OF13_6,g__Butyricicoccus.s__Butyricicoccus_sp_AM27_36,g__Butyricicoccus.s__Butyricicoccus_sp_AF22_28AC,g__Butyricicoccus.s__Butyricicoccus_sp_AF24_19AC,g__Butyricicoccus.s__Butyricicoccus_sp_TM10_16AC,g__Butyricicoccus.s__Butyricicoccus_sp_BIOML_A1,g__Butyricicoccus.s__Butyricicoccus_sp_AM28_25,g__Butyricicoccus.s__Butyricicoccus_sp_OM06_6AC,g__Butyricicoccus.s__Butyricicoccus_sp_AM18_35,g__Butyricicoccus.s__Butyricicoccus_sp_OF10_2,g__Butyricicoccus.s__Butyricicoccus_sp_AM05_1,g__Butyricicoccus.s__Butyricicoccus_sp_AF35_5AC,g__Butyricicoccus.s__Butyricicoccus_sp_AF15_40,g__Butyricicoccus.s__Butyricicoccus_sp_AM32_19 )
Found t__SGB6173 : 0.21% of mapped reads ( s__Clostridium_sp_CAG_221 )
Found g__Holdemanella.s__Holdemanella_porci : 0.21% of mapped reads ( g__Holdemanella.s__Holdemanella_hominis,g__Holdemanella.s__Holdemanella_sp_MSK_7_32,g__Holdemanella.s__Holdemanella_sp_DFI_5_55,g__Holdemanella.s__Holdemanella_sp_DFI_5_21 )
Found t__SGB5792 : 0.20% of mapped reads ( s__Phascolarctobacterium_faecium )
Found t__SGB2318 : 0.20% of mapped reads ( s__Alistipes_putredinis )
Found t__SGB4577 : 0.20% of mapped reads ( s__Coprococcus_comes,g__Coprococcus.s__Coprococcus_sp_DFI_6_81 )
Found g__GGB4604.s__GGB4604_SGB6370 : 0.20% of mapped reads (  )
Found g__Lachnospiraceae_unclassified.s__Lachnospiraceae_bacterium_AM48_27BH : 0.19% of mapped reads (  )
Found g__Hydrogenoanaerobacterium.s__Hydrogenoanaerobacterium_saccharovorans : 0.19% of mapped reads (  )
Found t__SGB14535 : 0.18% of mapped reads ( s__Collinsella_aerofaciens,g__Collinsella.s__Collinsella_sp_AF28_5AC,g__Coriobacteriaceae_unclassified.s__Coriobacteriaceae_bacterium,g__Collinsella.s__Collinsella_sp_4_8_47FAA,g__Collinsella.s__Collinsella_sp_AM38_1BH,g__Collinsella.s__Collinsella_sp_AF25_2LB,g__Collinsella.s__Collinsella_sp_TF05_9AC,g__Collinsella.s__Collinsella_sp_BG_O_102,g__Collinsella.s__Collinsella_sp_MSK_8_10 )
Found t__SGB4575 : 0.18% of mapped reads ( s__Dorea_formicigenerans,g__Dorea.s__Dorea_sp_Marseille_P4042,g__Dorea.s__Dorea_sp_AGR2135,g__Dorea.s__Dorea_sp_210702_DFI_3_125,g__Dorea.s__Dorea_sp_210702_DFI_3_17 )
Found g__GGB9614.s__GGB9614_SGB15049 : 0.17% of mapped reads (  )
Found t__SGB1949 : 0.17% of mapped reads ( s__Parabacteroides_merdae,g__Parabacteroides.s__Parabacteroides_sp_MSK_9_14 )
Found t__SGB4871 : 0.16% of mapped reads ( s__Firmicutes_bacterium_CAG_56,g__Oscillospiraceae_unclassified.s__Oscillospiraceae_bacterium,g__Mediterraneibacter.s__Ruminococcus_lactaris,g__Hominisplanchenecus.s__Hominisplanchenecus_faecis,g__Ruminococcus.s__Ruminococcus_sp_MCC718 )
Found t__SGB6952 : 0.14% of mapped reads ( s__Veillonella_dispar,g__Veillonella.s__Veillonella_nakazawae,g__Veillonella.s__Veillonella_sp_AF42_16,g__Veillonella.s__Veillonella_sp_S12025_13,g__Veillonella.s__Veillonella_sp_T14073_2,g__Veillonella.s__Veillonella_infantium,g__Veillonella.s__Veillonella_parvula,g__Veillonella.s__Veillonella_sp_Ds1651 )
Found g__Clostridium.s__Clostridium_sp_AM33_3 : 0.12% of mapped reads (  )
Found t__SGB4749 : 0.12% of mapped reads ( s__Clostridium_sp_AM22_11AC,g__Clostridium.s__Clostridium_sp_OM04_12AA,g__Clostridium.s__Clostridium_sp_AM51_4,g__Clostridium.s__Clostridium_sp_AM32_2,g__Clostridium.s__Clostridium_sp_TM06_18 )
Found t__SGB8071 : 0.12% of mapped reads ( s__Streptococcus_parasanguinis,g__Streptococcus.s__Streptococcus_sp_HMSC065E03,g__Streptococcus.s__Streptococcus_sp_HMSC076C09,g__Streptococcus.s__Streptococcus_sp_HMSC057G03,g__Streptococcus.s__Streptococcus_sp_HSISM1,g__Streptococcus.s__Streptococcus_sp_HMSC061E03,g__Streptococcus.s__Streptococcus_sp_HMSC072G04,g__Streptococcus.s__Streptococcus_sp_HMSC078D09,g__Streptococcus.s__Streptococcus_sp_LPB0220,g__Streptococcus.s__Streptococcus_sp_HMSC073D05,g__Streptococcus.s__Streptococcus_sp_HMSC074F05,g__Streptococcus.s__Streptococcus_sp_HMSC065C01,g__Streptococcus.s__Streptococcus_sp_HMSC072C09,g__Streptococcus.s__Streptococcus_sp_DSM_110150,g__Streptococcus.s__Streptococcus_sp_CF8_St5_12,g__Streptococcus.s__Streptococcus_sp_CF8_Ac1_9,g__Streptococcus.s__Streptococcus_sp_210928_DFI_4_42 )
Found t__SGB1871 : 0.11% of mapped reads ( s__Bacteroides_ovatus,g__Bacteroides.s__Bacteroides_sp_2_2_4,g__Bacteroides.s__Bacteroides_sp_AM56_10ce,g__Bacteroides.s__Bacteroides_sp_AF32_8BH,g__Bacteroides.s__Bacteroides_sp_KFT8,g__Bacteroides.s__Bacteroides_sp_HMSC073E02,g__Bacteroides.s__Bacteroides_sp_3_1_23,g__Bacteroides.s__Bacteroides_kribbi,g__Bacteroides.s__Bacteroides_sp_OF03_11BH,g__Bacteroides.s__Bacteroides_sp_MSK_17_76,g__Bacteroides.s__Bacteroides_sp_MSK_18_37 )
Found g__GGB9730.s__GGB9730_SGB15291 : 0.10% of mapped reads (  )
Found g__Faecalibacterium.s__Faecalibacterium_sp_HTFF : 0.10% of mapped reads (  )
Found g__Blautia.s__Blautia_SGB4815 : 0.10% of mapped reads (  )
Found t__SGB1836 : 0.09% of mapped reads ( s__Bacteroides_uniformis,g__Bacteroides.s__Bacteroides_sp_D20,g__Bacteroides.s__Bacteroides_sp_4_1_36,g__Bacteroides.s__Bacteroides_humanifaecis,g__Bacteroides.s__Bacteroides_sp_AF25_38AC,g__Bacteroides.s__Bacteroides_sp_CACC_737,g__Bacteroides.s__Bacteroides_sp_AF36_11BH,g__Bacteroides.s__Bacteroides_sp_AF39_16AC,g__Bacteroides.s__Bacteroides_sp_AM32_11AC,g__Bacteroides.s__Bacteroides_sp_AF35_22,g__Bacteroides.s__Bacteroides_sp_AF26_10BH,g__Bacteroides.s__Bacteroides_sp_AF37_16AC,g__Bacteroides.s__Bacteroides_sp_Marseille_P8574,g__Bacteroides.s__Bacteroides_sp_HF_5613,g__Bacteroides.s__Bacteroides_sp_AF33_23,g__Bacteroides.s__Bacteroides_sp_AF20_13LB,g__Bacteroides.s__Bacteroides_sp_AF34_31BH,g__Bacteroides.s__Bacteroides_sp_A1C1,g__Bacteroides.s__Bacteroides_sp_HF_162,g__Bacteroides.s__Bacteroides_sp_AF29_11,g__Bacteroides.s__Bacteroides_sp_AF04_22,g__Bacteroides.s__Bacteroides_sp_AM41_16,g__Bacteroides.s__Bacteroides_sp_AR29,g__Bacteroides.s__Bacteroides_sp_NSJ_21,g__Bacteroides.s__Bacteroides_sp_AF18_33,g__Bacteroides.s__Bacteroides_sp_AM44_19,g__Bacteroides.s__Bacteroides_sp_AF27_10BH,g__Bacteroides.s__Bacteroides_sp_AM07_18,g__Bacteroides.s__Bacteroides_sp_AF15_14LB,g__Bacteroides.s__Bacteroides_sp_AF25_5LB,g__Bacteroides.s__Bacteroides_sp_AM30_16 )
Found t__SGB1877 : 0.09% of mapped reads ( s__Bacteroides_caccae )
Found t__SGB15154 : 0.08% of mapped reads ( s__Lawsonibacter_asaccharolyticus )
Found t__SGB4269 : 0.08% of mapped reads ( s__Firmicutes_bacterium_CAG_41,g__Firmicutes_unclassified.s__Firmicutes_bacterium_AF36_3BH,g__Firmicutes_unclassified.s__Firmicutes_bacterium_AM55_24TS,g__Oscillospiraceae_unclassified.s__Oscillospiraceae_bacterium_CLA_AA_H232 )
Found g__Agathobaculum.s__Agathobaculum_butyriciproducens : 0.08% of mapped reads ( g__Agathobaculum.s__Agathobaculum_sp_M2,g__Butyricicoccus.s__Butyricicoccus_sp_OM04_18BH,g__Butyricicoccus.s__Butyricicoccus_sp_AM42_5AC,g__Butyricicoccus.s__Butyricicoccus_sp_AM29_23AC )
Found t__SGB4959 : 0.08% of mapped reads ( s__Eubacterium_ramulus )
Found g__Blautia.s__Blautia_luti : 0.07% of mapped reads (  )
Found t__SGB4582 : 0.07% of mapped reads ( s__Dorea_longicatena,g__Dorea.s__Dorea_sp_BIOML_A1,g__Bacteria_unclassified.s__bacterium_210928_DFI_3_100,g__Dorea.s__Dorea_formicigenerans )
Found t__SGB14322 : 0.07% of mapped reads ( s__Eggerthella_sp_CAG_209 )
Found t__SGB5090 : 0.07% of mapped reads ( s__Clostridiales_bacterium_KLE1615,g__Firmicutes_unclassified.s__Firmicutes_bacterium_AF25_13AC,g__Lachnoclostridium.s__Lachnoclostridium_sp_210928_DFI_6_3,g__Lachnospiraceae_unclassified.s__Lachnospiraceae_bacterium_CLA_AA_H224 )
Found t__SGB15286 : 0.07% of mapped reads ( s__Subdoligranulum_sp_APC924_74 )
Found g__Romboutsia.s__Romboutsia_timonensis : 0.06% of mapped reads (  )
Found t__SGB6846 : 0.06% of mapped reads ( s__Turicibacter_sanguinis,g__Turicibacter.s__Turicibacter_sp_HGF1 )
Found t__SGB1934 : 0.05% of mapped reads ( s__Parabacteroides_distasonis,g__Parabacteroides.s__Parabacteroides_sp_20_3,g__Parabacteroides.s__Parabacteroides_sp_AF39_10AC,g__Parabacteroides.s__Parabacteroides_sp_D26,g__Parabacteroides.s__Parabacteroides_sp_AT13,g__Parabacteroides.s__Parabacteroides_sp_OF04_13BH,g__Parabacteroides.s__Parabacteroides_sp_AF21_43,g__Parabacteroides.s__Parabacteroides_sp_AM25_14,g__Parabacteroides.s__Parabacteroides_sp_AF19_14,g__Parabacteroides.s__Parabacteroides_sp_OF01_14,g__Parabacteroides.s__Parabacteroides_sp_2_1_7,g__Parabacteroides.s__Parabacteroides_sp_D13,g__Parabacteroides.s__Parabacteroides_sp_CT06,g__Parabacteroides.s__Parabacteroides_sp_CH2_D42_20,g__Parabacteroides.s__Parabacteroides_sp_AF27_14,g__Parabacteroides.s__Parabacteroides_sp_AM17_47,g__Parabacteroides.s__Parabacteroides_sp_Y3_G_102,g__Parabacteroides.s__Parabacteroides_sp_B2_Q_110,g__Parabacteroides.s__Parabacteroides_sp_B2_S_102 )
Found t__SGB14773 : 0.05% of mapped reads ( s__Slackia_isoflavoniconvertens )
Found t__SGB1861 : 0.04% of mapped reads ( s__Bacteroides_thetaiotaomicron,g__Bacteroides.s__Bacteroides_sp_AR20,g__Bacteroides.s__Bacteroides_sp_AM23_12,g__Bacteroides.s__Bacteroides_sp_B1_V_101,g__Bacteroides.s__Bacteroides_sp_MSK_20_82 )
Found g__GGB9621.s__GGB9621_SGB15073 : 0.04% of mapped reads (  )
Found g__GGB3109.s__GGB3109_SGB4121 : 0.04% of mapped reads (  )
Found g__Blautia.s__Blautia_faecis : 0.03% of mapped reads ( g__Blautia.s__Blautia_glucerasea,g__Ruminococcus.s__Ruminococcus_sp_1001713B170214_170313_A12,g__Ruminococcus.s__Ruminococcus_sp_D54t1_190329_F1,g__Ruminococcus.s__Ruminococcus_sp_J1101004_170508_H5,g__Ruminococcus.s__Ruminococcus_sp_1001275B_160808_F8,g__Ruminococcus.s__Ruminococcus_sp_1001713B170207_170306_F1,g__Ruminococcus.s__Ruminococcus_sp_AM42_11,g__Ruminococcus.s__Ruminococcus_sp_D55t1_190419_H1,g__Oscillospiraceae_unclassified.s__Oscillospiraceae_bacterium,g__Ruminococcus.s__Ruminococcus_sp_D40t1_170626_H2,g__Ruminococcus.s__Ruminococcus_sp_1001136B_160425_D2,g__Bacteria_unclassified.s__bacterium_210702_DFI_5_13,g__Blautia.s__Blautia_sp_210702_DFI_1_159 )
Found t__SGB1963 : 0.03% of mapped reads ( s__Coprobacter_fastidiosus )
Found t__SGB4670 : 0.03% of mapped reads ( s__Coprococcus_catus,g__Coprococcus.s__Coprococcus_sp_B2_R_112 )
Found t__SGB4811 : 0.03% of mapped reads ( s__Blautia_obeum,g__Blautia.s__Blautia_sp_210820_DFI_6_14 )
Found t__SGB14397 : 0.02% of mapped reads ( s__Collinsella_sp_CAG_289,g__Collinsella.s__Collinsella_sp_KGMB02528 )
Found g__Mediterraneibacter.s__Ruminococcus_gnavus : 0.02% of mapped reads ( g__Dorea.s__Dorea_sp_OM07_5,g__Dorea.s__Dorea_sp_AF24_7LB,g__Dorea.s__Dorea_sp_NSJ_36,g__Dorea.s__Dorea_sp_AM13_35,g__Dorea.s__Dorea_sp_AM10_31 )
Found g__Lawsonibacter.s__Lawsonibacter_SGB15145 : 0.02% of mapped reads (  )
Found g__GGB9759.s__GGB9759_SGB15370 : 0.02% of mapped reads (  )
Found t__SGB14912 : 0.02% of mapped reads ( s__Clostridium_sp_CAG_242 )
Found g__Oscillospiraceae_unclassified.s__Oscillospiraceae_bacterium_CLA_AA_H250 : 0.02% of mapped reads ( g__Oscillospiraceae_unclassified.s__Oscillospiraceae_bacterium_MH27_1,g__Oscillospiraceae_unclassified.s__Oscillospiraceae_bacterium_MH27_2 )
Found t__SGB4721 : 0.02% of mapped reads ( s__Clostridium_sp_CAG_58,g__Clostridiaceae_unclassified.s__Clostridiaceae_bacterium,g__Clostridium.s__Clostridium_sp_MCC334 )
Found t__SGB9712 : 0.02% of mapped reads ( s__Haemophilus_parainfluenzae,g__Haemophilus.s__Haemophilus_sp_HMSC61B11 )
Found g__GGB9760.s__GGB9760_SGB15374 : 0.02% of mapped reads (  )
Found t__SGB4960 : 0.02% of mapped reads ( s__Eubacterium_ramulus,g__Roseburia.s__Roseburia_sp_OM02_15 )
Found t__SGB15120 : 0.02% of mapped reads ( s__Firmicutes_bacterium_CAG_114 )
Found g__Clostridium.s__Clostridium_SGB4750 : 0.02% of mapped reads (  )
Found g__Dysosmobacter.s__Dysosmobacter_welbionis : 0.01% of mapped reads ( g__Oscillospiraceae_unclassified.s__Oscillospiraceae_bacterium_VE202_24 )
Found t__SGB2295 : 0.01% of mapped reads ( s__Alistipes_shahii,g__Rikenellaceae_unclassified.s__Rikenellaceae_bacterium,g__Alistipes.s__Alistipes_sp_AF14_19 )
Found t__SGB7241 : 0.01% of mapped reads ( s__Lactobacillus_futsaii,g__Companilactobacillus.s__Companilactobacillus_futsaii )
Found g__GGB9619.s__GGB9619_SGB15067 : 0.01% of mapped reads (  )
Found t__SGB1790 : 0.01% of mapped reads ( s__Odoribacter_splanchnicus )

Total species selected from prescreen: 549

Selected species explain 99.96% of predicted community composition


Creating custom ChocoPhlAn database ........


Running bowtie2-build ........


Running bowtie2 ........

Total bugs from nucleotide alignment: 69
g__Bacteroides.s__Bacteroides_plebeius: 2021289 hits
g__Bacteroides.s__Bacteroides_coprocola: 1576010 hits
g__Barnesiella.s__Barnesiella_intestinihominis: 26829 hits
g__Roseburia.s__Roseburia_intestinalis: 671729 hits
g__Bacteroides.s__Bacteroides_vulgatus: 350105 hits
g__Blautia.s__Blautia_wexlerae: 41143 hits
g__Faecalibacterium.s__Faecalibacterium_prausnitzii: 687041 hits
g__Bifidobacterium.s__Bifidobacterium_catenulatum: 17503 hits
g__Streptococcus.s__Streptococcus_pneumoniae: 73403 hits
g__Bacteroides.s__Bacteroides_ovatus: 75314 hits
g__Lachnospiraceae_unclassified.s__Eubacterium_rectale: 231920 hits
g__Blautia.s__Blautia_sp_CAG_52: 55611 hits
g__Bacteroides.s__Bacteroides_uniformis: 91872 hits
g__Bacteroides.s__Bacteroides_stercoris: 115681 hits
g__Blautia.s__Blautia_obeum: 128218 hits
g__Bacteroides.s__Bacteroides_massiliensis: 313478 hits
g__Eubacterium.s__Eubacterium_sp_CAG_252: 156300 hits
g__Bacteroides.s__Bacteroides_thetaiotaomicron: 98557 hits
g__Fusicatenibacter.s__Fusicatenibacter_saccharivorans: 54335 hits
g__Coprococcus.s__Coprococcus_comes: 30208 hits
g__Prevotella.s__Prevotella_sp_CAG_279: 125059 hits
g__Coprococcus.s__Coprococcus_catus: 12873 hits
g__Collinsella.s__Collinsella_aerofaciens: 25345 hits
g__Dorea.s__Dorea_longicatena: 124746 hits
g__Dorea.s__Dorea_formicigenerans: 31398 hits
g__Parabacteroides.s__Parabacteroides_distasonis: 88940 hits
g__Bifidobacterium.s__Bifidobacterium_adolescentis: 49911 hits
g__Eubacterium.s__Eubacterium_eligens: 38603 hits
g__Alistipes.s__Alistipes_putredinis: 17161 hits
g__Clostridium.s__Clostridium_sp_CAG_221: 11758 hits
g__Slackia.s__Slackia_isoflavoniconvertens: 4816 hits
g__Anaerostipes.s__Anaerostipes_hadrus: 38642 hits
g__Paraprevotella.s__Paraprevotella_clara: 32452 hits
g__Ruminococcus.s__Ruminococcus_lactaris: 37536 hits
g__Haemophilus.s__Haemophilus_parainfluenzae: 60903 hits
g__Bacteroides.s__Bacteroides_caccae: 52116 hits
g__Parabacteroides.s__Parabacteroides_merdae: 67918 hits
g__Clostridiales_unclassified.s__Clostridiales_bacterium_KLE1615: 6699 hits
g__Eubacterium.s__Eubacterium_ramulus: 16224 hits
g__Intestinibacter.s__Intestinibacter_bartlettii: 20795 hits
g__Senegalimassilia.s__Senegalimassilia_anaerobia: 21002 hits
g__Clostridium.s__Clostridium_sp_AM22_11AC: 14375 hits
g__Subdoligranulum.s__Subdoligranulum_sp_APC924_74: 14554 hits
g__Eubacterium.s__Eubacterium_hallii: 23254 hits
g__Oscillibacter.s__Oscillibacter_sp_57_20: 9814 hits
g__Sutterella.s__Sutterella_wadsworthensis: 21176 hits
g__Gemmiger.s__Gemmiger_formicilis: 24125 hits
g__Firmicutes_unclassified.s__Firmicutes_bacterium_CAG_56: 7172 hits
g__Lawsonibacter.s__Lawsonibacter_asaccharolyticus: 4468 hits
g__Agathobaculum.s__Agathobaculum_butyriciproducens: 17483 hits
g__Odoribacter.s__Odoribacter_splanchnicus: 29057 hits
g__Turicibacter.s__Turicibacter_sanguinis: 16304 hits
g__Firmicutes_unclassified.s__Firmicutes_bacterium_CAG_41: 1225 hits
g__Streptococcus.s__Streptococcus_salivarius: 7914 hits
g__Bifidobacterium.s__Bifidobacterium_longum: 31292 hits
g__Streptococcus.s__Streptococcus_parasanguinis: 4615 hits
g__Veillonella.s__Veillonella_infantium: 2158 hits
g__Veillonella.s__Veillonella_dispar: 3957 hits
g__Phascolarctobacterium.s__Phascolarctobacterium_faecium: 7914 hits
g__Alistipes.s__Alistipes_shahii: 5362 hits
g__Eggerthella.s__Eggerthella_sp_CAG_209: 2026 hits
g__Veillonella.s__Veillonella_parvula: 721 hits
g__Coprobacter.s__Coprobacter_fastidiosus: 987 hits
g__Clostridium.s__Clostridium_sp_CAG_242: 273 hits
g__Collinsella.s__Collinsella_sp_CAG_289: 745 hits
g__Clostridium.s__Clostridium_sp_CAG_58: 681 hits
g__Firmicutes_unclassified.s__Firmicutes_bacterium_CAG_114: 269 hits
g__Lactobacillus.s__Lactobacillus_futsaii: 85 hits
g__Oscillibacter.s__Oscillibacter_valericigenes: 22 hits

Total gene families from nucleotide alignment: 110521

Unaligned reads after nucleotide alignment: 39.8808345887 %


Running diamond ........


Aligning to reference database: uniref90_201901b_full.dmnd

Total bugs after translated alignment: 70
/home/omar/Downloads/miniconda3/envs/humann_env/lib/python3.12/site-packages/humann/quantify/MinPath12hmp.py:804: SyntaxWarning: invalid escape sequence '\d'
  m = re.match('^[^\d]+(?P<id>\d+)', aline)
/home/omar/Downloads/miniconda3/envs/humann_env/lib/python3.12/site-packages/humann/quantify/MinPath12hmp.py:804: SyntaxWarning: invalid escape sequence '\d'
/home/omar/Downloads/miniconda3/envs/humann_env/lib/python3.12/site-packages/humann/quantify/MinPath12hmp.py:804: SyntaxWarning: invalid escape sequence '\d'
/home/omar/Downloads/miniconda3/envs/humann_env/lib/python3.12/site-packages/humann/quantify/MinPath12hmp.py:804: SyntaxWarning: invalid escape sequence '\d'
  m = re.match('^[^\d]+(?P<id>\d+)', aline)
  m = re.match('^[^\d]+(?P<id>\d+)', aline)
  m = re.match('^[^\d]+(?P<id>\d+)', aline)
/home/omar/Downloads/miniconda3/envs/humann_env/lib/python3.12/site-packages/humann/quantify/MinPath12hmp.py:804: SyntaxWarning: invalid escape sequence '\d'
  m = re.match('^[^\d]+(?P<id>\d+)', aline)
/home/omar/Downloads/miniconda3/envs/humann_env/lib/python3.12/site-packages/humann/quantify/MinPath12hmp.py:804: SyntaxWarning: invalid escape sequence '\d'
  m = re.match('^[^\d]+(?P<id>\d+)', aline)
/home/omar/Downloads/miniconda3/envs/humann_env/lib/python3.12/site-packages/humann/quantify/MinPath12hmp.py:804: SyntaxWarning: invalid escape sequence '\d'
  m = re.match('^[^\d]+(?P<id>\d+)', aline)
/home/omar/Downloads/miniconda3/envs/humann_env/lib/python3.12/site-packages/humann/quantify/MinPath12hmp.py:804: SyntaxWarning: invalid escape sequence '\d'
  m = re.match('^[^\d]+(?P<id>\d+)', aline)
/home/omar/Downloads/miniconda3/envs/humann_env/lib/python3.12/site-packages/humann/quantify/MinPath12hmp.py:804: SyntaxWarning: invalid escape sequence '\d'
  m = re.match('^[^\d]+(?P<id>\d+)', aline)
/home/omar/Downloads/miniconda3/envs/humann_env/lib/python3.12/site-packages/humann/quantify/MinPath12hmp.py:804: SyntaxWarning: invalid escape sequence '\d'
/home/omar/Downloads/miniconda3/envs/humann_env/lib/python3.12/site-packages/humann/quantify/MinPath12hmp.py:804: SyntaxWarning: invalid escape sequence '\d'
  m = re.match('^[^\d]+(?P<id>\d+)', aline)
  m = re.match('^[^\d]+(?P<id>\d+)', aline)
/home/omar/Downloads/miniconda3/envs/humann_env/lib/python3.12/site-packages/humann/quantify/MinPath12hmp.py:804: SyntaxWarning: invalid escape sequence '\d'
  m = re.match('^[^\d]+(?P<id>\d+)', aline)
/home/omar/Downloads/miniconda3/envs/humann_env/lib/python3.12/site-packages/humann/quantify/MinPath12hmp.py:804: SyntaxWarning: invalid escape sequence '\d'
  m = re.match('^[^\d]+(?P<id>\d+)', aline)
/home/omar/Downloads/miniconda3/envs/humann_env/lib/python3.12/site-packages/humann/quantify/MinPath12hmp.py:804: SyntaxWarning: invalid escape sequence '\d'
  m = re.match('^[^\d]+(?P<id>\d+)', aline)
/home/omar/Downloads/miniconda3/envs/humann_env/lib/python3.12/site-packages/humann/quantify/MinPath12hmp.py:804: SyntaxWarning: invalid escape sequence '\d'
  m = re.match('^[^\d]+(?P<id>\d+)', aline)
/home/omar/Downloads/miniconda3/envs/humann_env/lib/python3.12/site-packages/humann/quantify/MinPath12hmp.py:804: SyntaxWarning: invalid escape sequence '\d'
  m = re.match('^[^\d]+(?P<id>\d+)', aline)
/home/omar/Downloads/miniconda3/envs/humann_env/lib/python3.12/site-packages/humann/quantify/MinPath12hmp.py:804: SyntaxWarning: invalid escape sequence '\d'
  m = re.match('^[^\d]+(?P<id>\d+)', aline)
/home/omar/Downloads/miniconda3/envs/humann_env/lib/python3.12/site-packages/humann/quantify/MinPath12hmp.py:804: SyntaxWarning: invalid escape sequence '\d'
  m = re.match('^[^\d]+(?P<id>\d+)', aline)
/home/omar/Downloads/miniconda3/envs/humann_env/lib/python3.12/site-packages/humann/quantify/MinPath12hmp.py:804: SyntaxWarning: invalid escape sequence '\d'
  m = re.match('^[^\d]+(?P<id>\d+)', aline)
/home/omar/Downloads/miniconda3/envs/humann_env/lib/python3.12/site-packages/humann/quantify/MinPath12hmp.py:804: SyntaxWarning: invalid escape sequence '\d'
  m = re.match('^[^\d]+(?P<id>\d+)', aline)
/home/omar/Downloads/miniconda3/envs/humann_env/lib/python3.12/site-packages/humann/quantify/MinPath12hmp.py:804: SyntaxWarning: invalid escape sequence '\d'
  m = re.match('^[^\d]+(?P<id>\d+)', aline)
/home/omar/Downloads/miniconda3/envs/humann_env/lib/python3.12/site-packages/humann/quantify/MinPath12hmp.py:804: SyntaxWarning: invalid escape sequence '\d'
  m = re.match('^[^\d]+(?P<id>\d+)', aline)
/home/omar/Downloads/miniconda3/envs/humann_env/lib/python3.12/site-packages/humann/quantify/MinPath12hmp.py:804: SyntaxWarning: invalid escape sequence '\d'
  m = re.match('^[^\d]+(?P<id>\d+)', aline)
/home/omar/Downloads/miniconda3/envs/humann_env/lib/python3.12/site-packages/humann/quantify/MinPath12hmp.py:804: SyntaxWarning: invalid escape sequence '\d'
  m = re.match('^[^\d]+(?P<id>\d+)', aline)
/home/omar/Downloads/miniconda3/envs/humann_env/lib/python3.12/site-packages/humann/quantify/MinPath12hmp.py:804: SyntaxWarning: invalid escape sequence '\d'
  m = re.match('^[^\d]+(?P<id>\d+)', aline)
/home/omar/Downloads/miniconda3/envs/humann_env/lib/python3.12/site-packages/humann/quantify/MinPath12hmp.py:804: SyntaxWarning: invalid escape sequence '\d'
  m = re.match('^[^\d]+(?P<id>\d+)', aline)
/home/omar/Downloads/miniconda3/envs/humann_env/lib/python3.12/site-packages/humann/quantify/MinPath12hmp.py:804: SyntaxWarning: invalid escape sequence '\d'
  m = re.match('^[^\d]+(?P<id>\d+)', aline)
/home/omar/Downloads/miniconda3/envs/humann_env/lib/python3.12/site-packages/humann/quantify/MinPath12hmp.py:804: SyntaxWarning: invalid escape sequence '\d'
  m = re.match('^[^\d]+(?P<id>\d+)', aline)
/home/omar/Downloads/miniconda3/envs/humann_env/lib/python3.12/site-packages/humann/quantify/MinPath12hmp.py:804: SyntaxWarning: invalid escape sequence '\d'
  m = re.match('^[^\d]+(?P<id>\d+)', aline)
/home/omar/Downloads/miniconda3/envs/humann_env/lib/python3.12/site-packages/humann/quantify/MinPath12hmp.py:804: SyntaxWarning: invalid escape sequence '\d'
  m = re.match('^[^\d]+(?P<id>\d+)', aline)
/home/omar/Downloads/miniconda3/envs/humann_env/lib/python3.12/site-packages/humann/quantify/MinPath12hmp.py:804: SyntaxWarning: invalid escape sequence '\d'
  m = re.match('^[^\d]+(?P<id>\d+)', aline)
/home/omar/Downloads/miniconda3/envs/humann_env/lib/python3.12/site-packages/humann/quantify/MinPath12hmp.py:804: SyntaxWarning: invalid escape sequence '\d'
  m = re.match('^[^\d]+(?P<id>\d+)', aline)
/home/omar/Downloads/miniconda3/envs/humann_env/lib/python3.12/site-packages/humann/quantify/MinPath12hmp.py:804: SyntaxWarning: invalid escape sequence '\d'
  m = re.match('^[^\d]+(?P<id>\d+)', aline)
/home/omar/Downloads/miniconda3/envs/humann_env/lib/python3.12/site-packages/humann/quantify/MinPath12hmp.py:804: SyntaxWarning: invalid escape sequence '\d'
  m = re.match('^[^\d]+(?P<id>\d+)', aline)
/home/omar/Downloads/miniconda3/envs/humann_env/lib/python3.12/site-packages/humann/quantify/MinPath12hmp.py:804: SyntaxWarning: invalid escape sequence '\d'
  m = re.match('^[^\d]+(?P<id>\d+)', aline)
/home/omar/Downloads/miniconda3/envs/humann_env/lib/python3.12/site-packages/humann/quantify/MinPath12hmp.py:804: SyntaxWarning: invalid escape sequence '\d'
  m = re.match('^[^\d]+(?P<id>\d+)', aline)
/home/omar/Downloads/miniconda3/envs/humann_env/lib/python3.12/site-packages/humann/quantify/MinPath12hmp.py:804: SyntaxWarning: invalid escape sequence '\d'
  m = re.match('^[^\d]+(?P<id>\d+)', aline)
/home/omar/Downloads/miniconda3/envs/humann_env/lib/python3.12/site-packages/humann/quantify/MinPath12hmp.py:804: SyntaxWarning: invalid escape sequence '\d'
  m = re.match('^[^\d]+(?P<id>\d+)', aline)
/home/omar/Downloads/miniconda3/envs/humann_env/lib/python3.12/site-packages/humann/quantify/MinPath12hmp.py:804: SyntaxWarning: invalid escape sequence '\d'
  m = re.match('^[^\d]+(?P<id>\d+)', aline)
/home/omar/Downloads/miniconda3/envs/humann_env/lib/python3.12/site-packages/humann/quantify/MinPath12hmp.py:804: SyntaxWarning: invalid escape sequence '\d'
  m = re.match('^[^\d]+(?P<id>\d+)', aline)
/home/omar/Downloads/miniconda3/envs/humann_env/lib/python3.12/site-packages/humann/quantify/MinPath12hmp.py:804: SyntaxWarning: invalid escape sequence '\d'
  m = re.match('^[^\d]+(?P<id>\d+)', aline)
/home/omar/Downloads/miniconda3/envs/humann_env/lib/python3.12/site-packages/humann/quantify/MinPath12hmp.py:804: SyntaxWarning: invalid escape sequence '\d'
  m = re.match('^[^\d]+(?P<id>\d+)', aline)
/home/omar/Downloads/miniconda3/envs/humann_env/lib/python3.12/site-packages/humann/quantify/MinPath12hmp.py:804: SyntaxWarning: invalid escape sequence '\d'
  m = re.match('^[^\d]+(?P<id>\d+)', aline)
/home/omar/Downloads/miniconda3/envs/humann_env/lib/python3.12/site-packages/humann/quantify/MinPath12hmp.py:804: SyntaxWarning: invalid escape sequence '\d'
  m = re.match('^[^\d]+(?P<id>\d+)', aline)
/home/omar/Downloads/miniconda3/envs/humann_env/lib/python3.12/site-packages/humann/quantify/MinPath12hmp.py:804: SyntaxWarning: invalid escape sequence '\d'
  m = re.match('^[^\d]+(?P<id>\d+)', aline)
/home/omar/Downloads/miniconda3/envs/humann_env/lib/python3.12/site-packages/humann/quantify/MinPath12hmp.py:804: SyntaxWarning: invalid escape sequence '\d'
  m = re.match('^[^\d]+(?P<id>\d+)', aline)
/home/omar/Downloads/miniconda3/envs/humann_env/lib/python3.12/site-packages/humann/quantify/MinPath12hmp.py:804: SyntaxWarning: invalid escape sequence '\d'
  m = re.match('^[^\d]+(?P<id>\d+)', aline)
/home/omar/Downloads/miniconda3/envs/humann_env/lib/python3.12/site-packages/humann/quantify/MinPath12hmp.py:804: SyntaxWarning: invalid escape sequence '\d'
  m = re.match('^[^\d]+(?P<id>\d+)', aline)
/home/omar/Downloads/miniconda3/envs/humann_env/lib/python3.12/site-packages/humann/quantify/MinPath12hmp.py:804: SyntaxWarning: invalid escape sequence '\d'
  m = re.match('^[^\d]+(?P<id>\d+)', aline)
/home/omar/Downloads/miniconda3/envs/humann_env/lib/python3.12/site-packages/humann/quantify/MinPath12hmp.py:804: SyntaxWarning: invalid escape sequence '\d'
  m = re.match('^[^\d]+(?P<id>\d+)', aline)
/home/omar/Downloads/miniconda3/envs/humann_env/lib/python3.12/site-packages/humann/quantify/MinPath12hmp.py:804: SyntaxWarning: invalid escape sequence '\d'
  m = re.match('^[^\d]+(?P<id>\d+)', aline)
/home/omar/Downloads/miniconda3/envs/humann_env/lib/python3.12/site-packages/humann/quantify/MinPath12hmp.py:804: SyntaxWarning: invalid escape sequence '\d'
  m = re.match('^[^\d]+(?P<id>\d+)', aline)
/home/omar/Downloads/miniconda3/envs/humann_env/lib/python3.12/site-packages/humann/quantify/MinPath12hmp.py:804: SyntaxWarning: invalid escape sequence '\d'
  m = re.match('^[^\d]+(?P<id>\d+)', aline)
/home/omar/Downloads/miniconda3/envs/humann_env/lib/python3.12/site-packages/humann/quantify/MinPath12hmp.py:804: SyntaxWarning: invalid escape sequence '\d'
  m = re.match('^[^\d]+(?P<id>\d+)', aline)
/home/omar/Downloads/miniconda3/envs/humann_env/lib/python3.12/site-packages/humann/quantify/MinPath12hmp.py:804: SyntaxWarning: invalid escape sequence '\d'
  m = re.match('^[^\d]+(?P<id>\d+)', aline)
/home/omar/Downloads/miniconda3/envs/humann_env/lib/python3.12/site-packages/humann/quantify/MinPath12hmp.py:804: SyntaxWarning: invalid escape sequence '\d'
  m = re.match('^[^\d]+(?P<id>\d+)', aline)
/home/omar/Downloads/miniconda3/envs/humann_env/lib/python3.12/site-packages/humann/quantify/MinPath12hmp.py:804: SyntaxWarning: invalid escape sequence '\d'
  m = re.match('^[^\d]+(?P<id>\d+)', aline)
/home/omar/Downloads/miniconda3/envs/humann_env/lib/python3.12/site-packages/humann/quantify/MinPath12hmp.py:804: SyntaxWarning: invalid escape sequence '\d'
  m = re.match('^[^\d]+(?P<id>\d+)', aline)
/home/omar/Downloads/miniconda3/envs/humann_env/lib/python3.12/site-packages/humann/quantify/MinPath12hmp.py:804: SyntaxWarning: invalid escape sequence '\d'
  m = re.match('^[^\d]+(?P<id>\d+)', aline)
/home/omar/Downloads/miniconda3/envs/humann_env/lib/python3.12/site-packages/humann/quantify/MinPath12hmp.py:804: SyntaxWarning: invalid escape sequence '\d'
  m = re.match('^[^\d]+(?P<id>\d+)', aline)
/home/omar/Downloads/miniconda3/envs/humann_env/lib/python3.12/site-packages/humann/quantify/MinPath12hmp.py:804: SyntaxWarning: invalid escape sequence '\d'
  m = re.match('^[^\d]+(?P<id>\d+)', aline)
/home/omar/Downloads/miniconda3/envs/humann_env/lib/python3.12/site-packages/humann/quantify/MinPath12hmp.py:804: SyntaxWarning: invalid escape sequence '\d'
  m = re.match('^[^\d]+(?P<id>\d+)', aline)
/home/omar/Downloads/miniconda3/envs/humann_env/lib/python3.12/site-packages/humann/quantify/MinPath12hmp.py:804: SyntaxWarning: invalid escape sequence '\d'
  m = re.match('^[^\d]+(?P<id>\d+)', aline)
/home/omar/Downloads/miniconda3/envs/humann_env/lib/python3.12/site-packages/humann/quantify/MinPath12hmp.py:804: SyntaxWarning: invalid escape sequence '\d'
  m = re.match('^[^\d]+(?P<id>\d+)', aline)
/home/omar/Downloads/miniconda3/envs/humann_env/lib/python3.12/site-packages/humann/quantify/MinPath12hmp.py:804: SyntaxWarning: invalid escape sequence '\d'
  m = re.match('^[^\d]+(?P<id>\d+)', aline)
/home/omar/Downloads/miniconda3/envs/humann_env/lib/python3.12/site-packages/humann/quantify/MinPath12hmp.py:804: SyntaxWarning: invalid escape sequence '\d'
  m = re.match('^[^\d]+(?P<id>\d+)', aline)
/home/omar/Downloads/miniconda3/envs/humann_env/lib/python3.12/site-packages/humann/quantify/MinPath12hmp.py:804: SyntaxWarning: invalid escape sequence '\d'
  m = re.match('^[^\d]+(?P<id>\d+)', aline)
/home/omar/Downloads/miniconda3/envs/humann_env/lib/python3.12/site-packages/humann/quantify/MinPath12hmp.py:804: SyntaxWarning: invalid escape sequence '\d'
  m = re.match('^[^\d]+(?P<id>\d+)', aline)
/home/omar/Downloads/miniconda3/envs/humann_env/lib/python3.12/site-packages/humann/quantify/MinPath12hmp.py:804: SyntaxWarning: invalid escape sequence '\d'
  m = re.match('^[^\d]+(?P<id>\d+)', aline)
g__Bacteroides.s__Bacteroides_plebeius: 2021289 hits
g__Bacteroides.s__Bacteroides_coprocola: 1576010 hits
g__Barnesiella.s__Barnesiella_intestinihominis: 26829 hits
g__Roseburia.s__Roseburia_intestinalis: 671729 hits
g__Bacteroides.s__Bacteroides_vulgatus: 350105 hits
g__Blautia.s__Blautia_wexlerae: 41143 hits
g__Faecalibacterium.s__Faecalibacterium_prausnitzii: 687041 hits
g__Bifidobacterium.s__Bifidobacterium_catenulatum: 17503 hits
g__Streptococcus.s__Streptococcus_pneumoniae: 73403 hits
g__Bacteroides.s__Bacteroides_ovatus: 75314 hits
g__Lachnospiraceae_unclassified.s__Eubacterium_rectale: 231920 hits
g__Blautia.s__Blautia_sp_CAG_52: 55611 hits
g__Bacteroides.s__Bacteroides_uniformis: 91872 hits
g__Bacteroides.s__Bacteroides_stercoris: 115681 hits
g__Blautia.s__Blautia_obeum: 128218 hits
g__Bacteroides.s__Bacteroides_massiliensis: 313478 hits
g__Eubacterium.s__Eubacterium_sp_CAG_252: 156300 hits
g__Bacteroides.s__Bacteroides_thetaiotaomicron: 98557 hits
g__Fusicatenibacter.s__Fusicatenibacter_saccharivorans: 54335 hits
g__Coprococcus.s__Coprococcus_comes: 30208 hits
g__Prevotella.s__Prevotella_sp_CAG_279: 125059 hits
g__Coprococcus.s__Coprococcus_catus: 12873 hits
g__Collinsella.s__Collinsella_aerofaciens: 25345 hits
g__Dorea.s__Dorea_longicatena: 124746 hits
g__Dorea.s__Dorea_formicigenerans: 31398 hits
g__Parabacteroides.s__Parabacteroides_distasonis: 88940 hits
g__Bifidobacterium.s__Bifidobacterium_adolescentis: 49911 hits
g__Eubacterium.s__Eubacterium_eligens: 38603 hits
g__Alistipes.s__Alistipes_putredinis: 17161 hits
g__Clostridium.s__Clostridium_sp_CAG_221: 11758 hits
g__Slackia.s__Slackia_isoflavoniconvertens: 4816 hits
g__Anaerostipes.s__Anaerostipes_hadrus: 38642 hits
g__Paraprevotella.s__Paraprevotella_clara: 32452 hits
g__Ruminococcus.s__Ruminococcus_lactaris: 37536 hits
g__Haemophilus.s__Haemophilus_parainfluenzae: 60903 hits
g__Bacteroides.s__Bacteroides_caccae: 52116 hits
g__Parabacteroides.s__Parabacteroides_merdae: 67918 hits
g__Clostridiales_unclassified.s__Clostridiales_bacterium_KLE1615: 6699 hits
g__Eubacterium.s__Eubacterium_ramulus: 16224 hits
g__Intestinibacter.s__Intestinibacter_bartlettii: 20795 hits
g__Senegalimassilia.s__Senegalimassilia_anaerobia: 21002 hits
g__Clostridium.s__Clostridium_sp_AM22_11AC: 14375 hits
g__Subdoligranulum.s__Subdoligranulum_sp_APC924_74: 14554 hits
g__Eubacterium.s__Eubacterium_hallii: 23254 hits
g__Oscillibacter.s__Oscillibacter_sp_57_20: 9814 hits
g__Sutterella.s__Sutterella_wadsworthensis: 21176 hits
g__Gemmiger.s__Gemmiger_formicilis: 24125 hits
g__Firmicutes_unclassified.s__Firmicutes_bacterium_CAG_56: 7172 hits
g__Lawsonibacter.s__Lawsonibacter_asaccharolyticus: 4468 hits
g__Agathobaculum.s__Agathobaculum_butyriciproducens: 17483 hits
g__Odoribacter.s__Odoribacter_splanchnicus: 29057 hits
g__Turicibacter.s__Turicibacter_sanguinis: 16304 hits
g__Firmicutes_unclassified.s__Firmicutes_bacterium_CAG_41: 1225 hits
g__Streptococcus.s__Streptococcus_salivarius: 7914 hits
g__Bifidobacterium.s__Bifidobacterium_longum: 31292 hits
g__Streptococcus.s__Streptococcus_parasanguinis: 4615 hits
g__Veillonella.s__Veillonella_infantium: 2158 hits
g__Veillonella.s__Veillonella_dispar: 3957 hits
g__Phascolarctobacterium.s__Phascolarctobacterium_faecium: 7914 hits
g__Alistipes.s__Alistipes_shahii: 5362 hits
g__Eggerthella.s__Eggerthella_sp_CAG_209: 2026 hits
g__Veillonella.s__Veillonella_parvula: 721 hits
g__Coprobacter.s__Coprobacter_fastidiosus: 987 hits
g__Clostridium.s__Clostridium_sp_CAG_242: 273 hits
g__Collinsella.s__Collinsella_sp_CAG_289: 745 hits
g__Clostridium.s__Clostridium_sp_CAG_58: 681 hits
g__Firmicutes_unclassified.s__Firmicutes_bacterium_CAG_114: 269 hits
g__Lactobacillus.s__Lactobacillus_futsaii: 85 hits
g__Oscillibacter.s__Oscillibacter_valericigenes: 22 hits
unclassified: 1398621 hits

Total gene families after translated alignment: 153906

Unaligned reads after translated alignment: 30.3472842154 %


Computing gene families ...

Computing pathways abundance and coverage ...

Output files created: 
/mnt/omar/pipelines/ont/work/results/004_pathways/humann/ERR13731435/ERR13731435_merged_genefamilies.tsv
/mnt/omar/pipelines/ont/work/results/004_pathways/humann/ERR13731435/ERR13731435_merged_pathabundance.tsv
/mnt/omar/pipelines/ont/work/results/004_pathways/humann/ERR13731435/ERR13731435_merged_pathcoverage.tsv

