/home/omar/Downloads/miniconda3/envs/humann_env/lib/python3.12/site-packages/humann/quantify/MinPath12hmp.py:804: SyntaxWarning: invalid escape sequence '\d'
/home/omar/Downloads/miniconda3/envs/humann_env/lib/python3.12/site-packages/humann/quantify/MinPath12hmp.py:804: SyntaxWarning: invalid escape sequence '\d'
  m = re.match('^[^\d]+(?P<id>\d+)', aline)
  m = re.match('^[^\d]+(?P<id>\d+)', aline)
Output files will be written to: /mnt/omar/pipelines/ont/work/results/004_pathways/humann/SRR31533935

Writing temp files to directory: /mnt/omar/pipelines/ont/work/results/004_pathways/humann/SRR31533935/SRR31533935_humann_temp

File ( /mnt/omar/pipelines/ont/work/results/002_qc/merged/SRR31533935.fastq.gz ) is of format:  fastq.gz

Decompressing gzipped file ...

Removing spaces from identifiers in input file ...


Running metaphlan ........


/home/omar/Downloads/miniconda3/envs/humann_env/bin/metaphlan /mnt/omar/pipelines/ont/work/results/004_pathways/humann/SRR31533935/SRR31533935_humann_temp/tmp0jzn5_cy/tmpabljjn7x -t rel_ab_w_read_stats -o /mnt/omar/pipelines/ont/work/results/004_pathways/humann/SRR31533935/SRR31533935_1_metaphlan_profile.tsv --input_type fastq --bowtie2out /mnt/omar/pipelines/ont/work/results/004_pathways/humann/SRR31533935/SRR31533935_humann_temp/SRR31533935_metaphlan_bowtie2.txt --nproc 11


TIMESTAMP: Completed prescreen : 217 seconds


Total species selected from prescreen: 0

Selected species explain 0.00% of predicted community composition



No species were selected from the prescreen.
Because of this the custom ChocoPhlAn database is empty.
This will result in zero species-specific gene families and pathways.



TIMESTAMP: Completed custom database creation : 0 seconds


Running diamond ........


Aligning to reference database: humann4_protein_database_filtered_v2019_06.dmnd


/home/omar/Downloads/miniconda3/envs/humann_env/bin/diamond blastx --query /mnt/omar/pipelines/ont/work/results/004_pathways/humann/SRR31533935/SRR31533935_humann_temp/tmp0jzn5_cy/tmp32k7g_35 --evalue 1.0 --threads 11 --top 1 --sensitive --outfmt 6 --db /mnt/omar/misc/tests/uniref/humann4_protein_database_filtered_v2019_06 --out /mnt/omar/pipelines/ont/work/results/004_pathways/humann/SRR31533935/SRR31533935_humann_temp/tmp0jzn5_cy/diamond_m8_9tn3_3om --tmpdir /mnt/omar/pipelines/ont/work/results/004_pathways/humann/SRR31533935/SRR31533935_humann_temp/tmp0jzn5_cy


/usr/bin/cat /mnt/omar/pipelines/ont/work/results/004_pathways/humann/SRR31533935/SRR31533935_humann_temp/tmp0jzn5_cy/diamond_m8_9tn3_3om


TIMESTAMP: Completed translated alignment : 524 seconds


TIMESTAMP: Completed translated alignment post-processing : 2 seconds

Total bugs after translated alignment: 1
unclassified: 9095 hits

Total gene families after translated alignment: 31

Unaligned reads after translated alignment: 54.2202779207 %


Computing gene families ...
Total gene families  : 31
unclassified : 31 gene families

TIMESTAMP: Completed computing gene families : 0 seconds


Computing reaction and pathway abundance ...

/home/omar/Downloads/miniconda3/envs/humann_env/bin/python3.12 /home/omar/Downloads/miniconda3/envs/humann_env/lib/python3.12/site-packages/humann/quantify/MinPath12hmp.py -any /mnt/omar/pipelines/ont/work/results/004_pathways/humann/SRR31533935/SRR31533935_humann_temp/tmp0jzn5_cy/tmpx1gam3pr -map /mnt/omar/pipelines/ont/work/results/004_pathways/humann/SRR31533935/SRR31533935_humann_temp/tmp0jzn5_cy/tmpqpacz25_ -report /mnt/omar/pipelines/ont/work/results/004_pathways/humann/SRR31533935/SRR31533935_humann_temp/tmp0jzn5_cy/tmp80iyos3y -details /mnt/omar/pipelines/ont/work/results/004_pathways/humann/SRR31533935/SRR31533935_humann_temp/tmp0jzn5_cy/tmp5_sjhnv2 -mps /mnt/omar/pipelines/ont/work/results/004_pathways/humann/SRR31533935/SRR31533935_humann_temp/tmp0jzn5_cy/tmpweq0dz34


/home/omar/Downloads/miniconda3/envs/humann_env/bin/python3.12 /home/omar/Downloads/miniconda3/envs/humann_env/lib/python3.12/site-packages/humann/quantify/MinPath12hmp.py -any /mnt/omar/pipelines/ont/work/results/004_pathways/humann/SRR31533935/SRR31533935_humann_temp/tmp0jzn5_cy/tmpl23rbn8u -map /mnt/omar/pipelines/ont/work/results/004_pathways/humann/SRR31533935/SRR31533935_humann_temp/tmp0jzn5_cy/tmpqpacz25_ -report /mnt/omar/pipelines/ont/work/results/004_pathways/humann/SRR31533935/SRR31533935_humann_temp/tmp0jzn5_cy/tmpfekpfn7b -details /mnt/omar/pipelines/ont/work/results/004_pathways/humann/SRR31533935/SRR31533935_humann_temp/tmp0jzn5_cy/tmp0ebg2c2w -mps /mnt/omar/pipelines/ont/work/results/004_pathways/humann/SRR31533935/SRR31533935_humann_temp/tmp0jzn5_cy/tmpdh85iyxz


TIMESTAMP: Completed computing pathways : 9 seconds


Output files created: 
/mnt/omar/pipelines/ont/work/results/004_pathways/humann/SRR31533935/SRR31533935_1_metaphlan_profile.tsv
/mnt/omar/pipelines/ont/work/results/004_pathways/humann/SRR31533935/SRR31533935_2_genefamilies.tsv
/mnt/omar/pipelines/ont/work/results/004_pathways/humann/SRR31533935/SRR31533935_3_reactions.tsv
/mnt/omar/pipelines/ont/work/results/004_pathways/humann/SRR31533935/SRR31533935_4_pathabundance.tsv
/mnt/omar/pipelines/ont/work/results/004_pathways/humann/SRR31533935/SRR31533935_0.log

