/home/omar/Downloads/miniconda3/envs/humann_env/lib/python3.12/site-packages/humann/quantify/MinPath12hmp.py:804: SyntaxWarning: invalid escape sequence '\d'
  m = re.match('^[^\d]+(?P<id>\d+)', aline)
/home/omar/Downloads/miniconda3/envs/humann_env/lib/python3.12/site-packages/humann/quantify/MinPath12hmp.py:804: SyntaxWarning: invalid escape sequence '\d'
  m = re.match('^[^\d]+(?P<id>\d+)', aline)
Creating output directory: /mnt/omar/pipelines/ont/work/results/004_pathways/humann/SRR7947168
Output files will be written to: /mnt/omar/pipelines/ont/work/results/004_pathways/humann/SRR7947168

Writing temp files to directory: /mnt/omar/pipelines/ont/work/results/004_pathways/humann/SRR7947168/SRR7947168_1_humann_temp

File ( /mnt/omar/pipelines/ont/work/results/002_qc/merged/SRR7947168_1.fastq.gz ) is of format:  fastq.gz

Decompressing gzipped file ...

Removing spaces from identifiers in input file ...


Running metaphlan ........


/home/omar/Downloads/miniconda3/envs/humann_env/bin/metaphlan /mnt/omar/pipelines/ont/work/results/004_pathways/humann/SRR7947168/SRR7947168_1_humann_temp/tmp9q5l6r30/tmpfz8vnusb -t rel_ab_w_read_stats -o /mnt/omar/pipelines/ont/work/results/004_pathways/humann/SRR7947168/SRR7947168_1_1_metaphlan_profile.tsv --input_type fastq --bowtie2out /mnt/omar/pipelines/ont/work/results/004_pathways/humann/SRR7947168/SRR7947168_1_humann_temp/SRR7947168_1_metaphlan_bowtie2.txt --nproc 11


TIMESTAMP: Completed prescreen : 300 seconds


Total species selected from prescreen: 0

Selected species explain 0.00% of predicted community composition



No species were selected from the prescreen.
Because of this the custom ChocoPhlAn database is empty.
This will result in zero species-specific gene families and pathways.



TIMESTAMP: Completed custom database creation : 0 seconds


Running diamond ........


Aligning to reference database: humann4_protein_database_filtered_v2019_06.dmnd


/home/omar/Downloads/miniconda3/envs/humann_env/bin/diamond blastx --query /mnt/omar/pipelines/ont/work/results/004_pathways/humann/SRR7947168/SRR7947168_1_humann_temp/tmp9q5l6r30/tmp_arbu3e2 --evalue 1.0 --threads 11 --top 1 --sensitive --outfmt 6 --db /mnt/omar/misc/tests/uniref/humann4_protein_database_filtered_v2019_06 --out /mnt/omar/pipelines/ont/work/results/004_pathways/humann/SRR7947168/SRR7947168_1_humann_temp/tmp9q5l6r30/diamond_m8_se9ye8nq --tmpdir /mnt/omar/pipelines/ont/work/results/004_pathways/humann/SRR7947168/SRR7947168_1_humann_temp/tmp9q5l6r30


/usr/bin/cat /mnt/omar/pipelines/ont/work/results/004_pathways/humann/SRR7947168/SRR7947168_1_humann_temp/tmp9q5l6r30/diamond_m8_se9ye8nq


TIMESTAMP: Completed translated alignment : 680 seconds


TIMESTAMP: Completed translated alignment post-processing : 8 seconds

Total bugs after translated alignment: 1
unclassified: 16061 hits

Total gene families after translated alignment: 9693

Unaligned reads after translated alignment: 85.1901651940 %


Computing gene families ...
Total gene families  : 9693
unclassified : 9693 gene families

TIMESTAMP: Completed computing gene families : 0 seconds


Computing reaction and pathway abundance ...

/home/omar/Downloads/miniconda3/envs/humann_env/bin/python3.12 /home/omar/Downloads/miniconda3/envs/humann_env/lib/python3.12/site-packages/humann/quantify/MinPath12hmp.py -any /mnt/omar/pipelines/ont/work/results/004_pathways/humann/SRR7947168/SRR7947168_1_humann_temp/tmp9q5l6r30/tmp92fqk2h6 -map /mnt/omar/pipelines/ont/work/results/004_pathways/humann/SRR7947168/SRR7947168_1_humann_temp/tmp9q5l6r30/tmp1kpwserm -report /mnt/omar/pipelines/ont/work/results/004_pathways/humann/SRR7947168/SRR7947168_1_humann_temp/tmp9q5l6r30/tmpkmr3iujf -details /mnt/omar/pipelines/ont/work/results/004_pathways/humann/SRR7947168/SRR7947168_1_humann_temp/tmp9q5l6r30/tmplrfdxwgg -mps /mnt/omar/pipelines/ont/work/results/004_pathways/humann/SRR7947168/SRR7947168_1_humann_temp/tmp9q5l6r30/tmpgjfvp7kh


/home/omar/Downloads/miniconda3/envs/humann_env/bin/python3.12 /home/omar/Downloads/miniconda3/envs/humann_env/lib/python3.12/site-packages/humann/quantify/MinPath12hmp.py -any /mnt/omar/pipelines/ont/work/results/004_pathways/humann/SRR7947168/SRR7947168_1_humann_temp/tmp9q5l6r30/tmplmmj6zrj -map /mnt/omar/pipelines/ont/work/results/004_pathways/humann/SRR7947168/SRR7947168_1_humann_temp/tmp9q5l6r30/tmp1kpwserm -report /mnt/omar/pipelines/ont/work/results/004_pathways/humann/SRR7947168/SRR7947168_1_humann_temp/tmp9q5l6r30/tmpc4g65b5o -details /mnt/omar/pipelines/ont/work/results/004_pathways/humann/SRR7947168/SRR7947168_1_humann_temp/tmp9q5l6r30/tmpbrv5i4nf -mps /mnt/omar/pipelines/ont/work/results/004_pathways/humann/SRR7947168/SRR7947168_1_humann_temp/tmp9q5l6r30/tmpik0bxjdx


TIMESTAMP: Completed computing pathways : 28 seconds


Output files created: 
/mnt/omar/pipelines/ont/work/results/004_pathways/humann/SRR7947168/SRR7947168_1_1_metaphlan_profile.tsv
/mnt/omar/pipelines/ont/work/results/004_pathways/humann/SRR7947168/SRR7947168_1_2_genefamilies.tsv
/mnt/omar/pipelines/ont/work/results/004_pathways/humann/SRR7947168/SRR7947168_1_3_reactions.tsv
/mnt/omar/pipelines/ont/work/results/004_pathways/humann/SRR7947168/SRR7947168_1_4_pathabundance.tsv
/mnt/omar/pipelines/ont/work/results/004_pathways/humann/SRR7947168/SRR7947168_1_0.log

