/home/omar/Downloads/miniconda3/envs/humann_env/lib/python3.12/site-packages/humann/quantify/MinPath12hmp.py:804: SyntaxWarning: invalid escape sequence '\d'
/home/omar/Downloads/miniconda3/envs/humann_env/lib/python3.12/site-packages/humann/quantify/MinPath12hmp.py:804: SyntaxWarning: invalid escape sequence '\d'
  m = re.match('^[^\d]+(?P<id>\d+)', aline)
  m = re.match('^[^\d]+(?P<id>\d+)', aline)
Creating output directory: /mnt/omar/pipelines/ont/work/results/004_pathways/humann/SRR7947175
Output files will be written to: /mnt/omar/pipelines/ont/work/results/004_pathways/humann/SRR7947175

Writing temp files to directory: /mnt/omar/pipelines/ont/work/results/004_pathways/humann/SRR7947175/SRR7947175_1_humann_temp

File ( /mnt/omar/pipelines/ont/work/results/002_qc/merged/SRR7947175_1.fastq.gz ) is of format:  fastq.gz

Decompressing gzipped file ...

Removing spaces from identifiers in input file ...


Running metaphlan ........


/home/omar/Downloads/miniconda3/envs/humann_env/bin/metaphlan /mnt/omar/pipelines/ont/work/results/004_pathways/humann/SRR7947175/SRR7947175_1_humann_temp/tmpryouacxx/tmpt4p929_6 -t rel_ab_w_read_stats -o /mnt/omar/pipelines/ont/work/results/004_pathways/humann/SRR7947175/SRR7947175_1_1_metaphlan_profile.tsv --input_type fastq --bowtie2out /mnt/omar/pipelines/ont/work/results/004_pathways/humann/SRR7947175/SRR7947175_1_humann_temp/SRR7947175_1_metaphlan_bowtie2.txt --nproc 11


TIMESTAMP: Completed prescreen : 240 seconds


Total species selected from prescreen: 0

Selected species explain 0.00% of predicted community composition



No species were selected from the prescreen.
Because of this the custom ChocoPhlAn database is empty.
This will result in zero species-specific gene families and pathways.



TIMESTAMP: Completed custom database creation : 0 seconds


Running diamond ........


Aligning to reference database: humann4_protein_database_filtered_v2019_06.dmnd


/home/omar/Downloads/miniconda3/envs/humann_env/bin/diamond blastx --query /mnt/omar/pipelines/ont/work/results/004_pathways/humann/SRR7947175/SRR7947175_1_humann_temp/tmpryouacxx/tmp84449p_s --evalue 1.0 --threads 11 --top 1 --sensitive --outfmt 6 --db /mnt/omar/misc/tests/uniref/humann4_protein_database_filtered_v2019_06 --out /mnt/omar/pipelines/ont/work/results/004_pathways/humann/SRR7947175/SRR7947175_1_humann_temp/tmpryouacxx/diamond_m8_lfjn5v0n --tmpdir /mnt/omar/pipelines/ont/work/results/004_pathways/humann/SRR7947175/SRR7947175_1_humann_temp/tmpryouacxx


/usr/bin/cat /mnt/omar/pipelines/ont/work/results/004_pathways/humann/SRR7947175/SRR7947175_1_humann_temp/tmpryouacxx/diamond_m8_lfjn5v0n


TIMESTAMP: Completed translated alignment : 628 seconds


TIMESTAMP: Completed translated alignment post-processing : 3 seconds

Total bugs after translated alignment: 1
unclassified: 11559 hits

Total gene families after translated alignment: 7265

Unaligned reads after translated alignment: 84.5697556789 %


Computing gene families ...
Total gene families  : 7265
unclassified : 7265 gene families

TIMESTAMP: Completed computing gene families : 0 seconds


Computing reaction and pathway abundance ...

/home/omar/Downloads/miniconda3/envs/humann_env/bin/python3.12 /home/omar/Downloads/miniconda3/envs/humann_env/lib/python3.12/site-packages/humann/quantify/MinPath12hmp.py -any /mnt/omar/pipelines/ont/work/results/004_pathways/humann/SRR7947175/SRR7947175_1_humann_temp/tmpryouacxx/tmpunxtdsti -map /mnt/omar/pipelines/ont/work/results/004_pathways/humann/SRR7947175/SRR7947175_1_humann_temp/tmpryouacxx/tmpm7of83ja -report /mnt/omar/pipelines/ont/work/results/004_pathways/humann/SRR7947175/SRR7947175_1_humann_temp/tmpryouacxx/tmpk2q81e5i -details /mnt/omar/pipelines/ont/work/results/004_pathways/humann/SRR7947175/SRR7947175_1_humann_temp/tmpryouacxx/tmp0c4mfjkm -mps /mnt/omar/pipelines/ont/work/results/004_pathways/humann/SRR7947175/SRR7947175_1_humann_temp/tmpryouacxx/tmp87m0kq42


/home/omar/Downloads/miniconda3/envs/humann_env/bin/python3.12 /home/omar/Downloads/miniconda3/envs/humann_env/lib/python3.12/site-packages/humann/quantify/MinPath12hmp.py -any /mnt/omar/pipelines/ont/work/results/004_pathways/humann/SRR7947175/SRR7947175_1_humann_temp/tmpryouacxx/tmpi8_bbp46 -map /mnt/omar/pipelines/ont/work/results/004_pathways/humann/SRR7947175/SRR7947175_1_humann_temp/tmpryouacxx/tmpm7of83ja -report /mnt/omar/pipelines/ont/work/results/004_pathways/humann/SRR7947175/SRR7947175_1_humann_temp/tmpryouacxx/tmpszk1p5zh -details /mnt/omar/pipelines/ont/work/results/004_pathways/humann/SRR7947175/SRR7947175_1_humann_temp/tmpryouacxx/tmpxksg66d4 -mps /mnt/omar/pipelines/ont/work/results/004_pathways/humann/SRR7947175/SRR7947175_1_humann_temp/tmpryouacxx/tmpnls4pwo_


TIMESTAMP: Completed computing pathways : 31 seconds


Output files created: 
/mnt/omar/pipelines/ont/work/results/004_pathways/humann/SRR7947175/SRR7947175_1_1_metaphlan_profile.tsv
/mnt/omar/pipelines/ont/work/results/004_pathways/humann/SRR7947175/SRR7947175_1_2_genefamilies.tsv
/mnt/omar/pipelines/ont/work/results/004_pathways/humann/SRR7947175/SRR7947175_1_3_reactions.tsv
/mnt/omar/pipelines/ont/work/results/004_pathways/humann/SRR7947175/SRR7947175_1_4_pathabundance.tsv
/mnt/omar/pipelines/ont/work/results/004_pathways/humann/SRR7947175/SRR7947175_1_0.log

