12/22/2024 12:06:44 PM - humann.humann - INFO: Running humann v4.0.0.alpha.1
12/22/2024 12:06:44 PM - humann.humann - INFO: Output files will be written to: /mnt/omar/pipelines/ont/work/results/004_pathways/humann/SRR31533936
12/22/2024 12:06:44 PM - humann.humann - INFO: Writing temp files to directory: /mnt/omar/pipelines/ont/work/results/004_pathways/humann/SRR31533936/SRR31533936_merged_humann_temp
12/22/2024 12:06:44 PM - humann.utilities - INFO: File ( /mnt/omar/pipelines/ont/work/results/002_qc/merged/SRR31533936_merged.fastq.gz ) is of format:  fastq.gz
12/22/2024 12:06:44 PM - humann.utilities - INFO: Decompressing gzipped file ...
12/22/2024 12:06:44 PM - humann.humann - INFO: Removing spaces from identifiers in input file
12/22/2024 12:06:44 PM - humann.utilities - DEBUG: Check software, metaphlan, for required version, 4.0
12/22/2024 12:06:46 PM - humann.utilities - INFO: Using metaphlan version 4.1
12/22/2024 12:06:46 PM - humann.utilities - DEBUG: Check software, bowtie2, for required version, 2.2
12/22/2024 12:06:46 PM - humann.utilities - INFO: Using bowtie2 version 2.5
12/22/2024 12:06:46 PM - humann.utilities - DEBUG: Check software, diamond, for required version, 2.0.15
12/22/2024 12:06:46 PM - humann.utilities - INFO: Using diamond version 2.1.9
12/22/2024 12:06:46 PM - humann.config - INFO: 
Run config settings: 

DATABASE SETTINGS
nucleotide database folder = /mnt/omar/misc/tests/chocophlan/chocophlan
protein database folder = /mnt/omar/misc/tests/uniref
pathways database file 1 = /mnt/omar/misc/tests/utility_mapping/utility_mapping/metacyc_reactions_level4ec_only.uniref.bz2
pathways database file 2 = /mnt/omar/misc/tests/utility_mapping/utility_mapping/metacyc_pathways_structured_filtered_v24_subreactions
utility mapping database folder = /mnt/omar/misc/tests/utility_mapping/utility_mapping

RUN MODES
resume = False
verbose = False
bypass prescreen = False
bypass nucleotide index = False
bypass nucleotide search = False
bypass translated search = False
translated search = diamond
threads = 11

Identity thresholds
nucleotide = 0.0
translated = 50.0

ALIGNMENT SETTINGS
bowtie2 options = --very-sensitive --no-hd --no-sq
diamond options = --top 1 --sensitive --outfmt 6
evalue threshold = 1.0
prescreen threshold = 0.5
average read length = 1548.0
translated subject coverage threshold = 50.0
translated query coverage threshold = 11.0
nucleotide subject coverage threshold = 50.0
nucleotide query coverage threshold = 11.0

PATHWAYS SETTINGS
minpath = on
xipe = off
gap fill = on

INPUT AND OUTPUT FORMATS
input file format = fastq.gz
output file format = tsv
normalization mode = Adjusted CPMs
output max decimals = 10
remove stratified output = False
remove column description output = False
log level = DEBUG

12/22/2024 12:06:46 PM - humann.store - DEBUG: Initialize Alignments class instance to minimize memory use
12/22/2024 12:06:46 PM - humann.store - DEBUG: Initialize Reads class instance to minimize memory use
12/22/2024 12:08:17 PM - humann.humann - INFO: Load pathways database part 1: /mnt/omar/misc/tests/utility_mapping/utility_mapping/metacyc_reactions_level4ec_only.uniref.bz2
12/22/2024 12:08:17 PM - humann.humann - INFO: Load pathways database part 2: /mnt/omar/misc/tests/utility_mapping/utility_mapping/metacyc_pathways_structured_filtered_v24_subreactions
12/22/2024 12:08:17 PM - humann.search.prescreen - INFO: Running metaphlan ........
12/22/2024 12:08:17 PM - humann.utilities - DEBUG: Using software: /home/omar/Downloads/miniconda3/envs/humann_env/bin/metaphlan
12/22/2024 12:08:17 PM - humann.utilities - DEBUG: Remove file: /mnt/omar/pipelines/ont/work/results/004_pathways/humann/SRR31533936/SRR31533936_merged_1_metaphlan_profile.tsv
12/22/2024 12:08:17 PM - humann.utilities - DEBUG: Remove file: /mnt/omar/pipelines/ont/work/results/004_pathways/humann/SRR31533936/SRR31533936_merged_humann_temp/SRR31533936_merged_metaphlan_bowtie2.txt
12/22/2024 12:08:17 PM - humann.utilities - INFO: Execute command: /home/omar/Downloads/miniconda3/envs/humann_env/bin/metaphlan /mnt/omar/pipelines/ont/work/results/004_pathways/humann/SRR31533936/SRR31533936_merged_humann_temp/tmpr2xkcd15/tmp8o3ucd8m -t rel_ab_w_read_stats -o /mnt/omar/pipelines/ont/work/results/004_pathways/humann/SRR31533936/SRR31533936_merged_1_metaphlan_profile.tsv --input_type fastq --bowtie2out /mnt/omar/pipelines/ont/work/results/004_pathways/humann/SRR31533936/SRR31533936_merged_humann_temp/SRR31533936_merged_metaphlan_bowtie2.txt --nproc 11
12/22/2024 12:10:52 PM - humann.utilities - DEBUG: b'WARNING: The number of reads in the sample (100) is below the recommended minimum of 10,000 reads.\n'
12/22/2024 12:10:52 PM - humann.humann - INFO: TIMESTAMP: Completed 	prescreen 	:	 155	 seconds
12/22/2024 12:10:52 PM - humann.search.prescreen - INFO: Total species selected from prescreen: 0
12/22/2024 12:10:52 PM - humann.search.prescreen - DEBUG: 

No species were selected from the prescreen.
Because of this the custom ChocoPhlAn database is empty.
This will result in zero species-specific gene families and pathways.


12/22/2024 12:10:52 PM - humann.humann - INFO: TIMESTAMP: Completed 	custom database creation 	:	 0	 seconds
12/22/2024 12:10:52 PM - humann.humann - DEBUG: Custom database is empty
12/22/2024 12:10:52 PM - humann.store - DEBUG: Initialize Reads class instance to minimize memory use
12/22/2024 12:10:53 PM - humann.utilities - DEBUG: Remove file: /mnt/omar/pipelines/ont/work/results/004_pathways/humann/SRR31533936/SRR31533936_merged_humann_temp/tmpr2xkcd15/tmp_w54t81b
12/22/2024 12:10:53 PM - humann.search.translated - DEBUG: Convert unaligned reads fastq file to fasta
12/22/2024 12:10:53 PM - humann.search.translated - INFO: Running diamond ........
12/22/2024 12:10:53 PM - humann.search.translated - INFO: Aligning to reference database: humann4_protein_database_filtered_v2019_06.dmnd
12/22/2024 12:10:53 PM - humann.utilities - DEBUG: Remove file: /mnt/omar/pipelines/ont/work/results/004_pathways/humann/SRR31533936/SRR31533936_merged_humann_temp/tmpr2xkcd15/diamond_m8_p9yawk6c
12/22/2024 12:10:53 PM - humann.utilities - DEBUG: Using software: /home/omar/Downloads/miniconda3/envs/humann_env/bin/diamond
12/22/2024 12:10:53 PM - humann.utilities - INFO: Execute command: /home/omar/Downloads/miniconda3/envs/humann_env/bin/diamond blastx --query /mnt/omar/pipelines/ont/work/results/004_pathways/humann/SRR31533936/SRR31533936_merged_humann_temp/tmpr2xkcd15/tmpbx6kzlqm --evalue 1.0 --threads 11 --top 1 --sensitive --outfmt 6 --db /mnt/omar/misc/tests/uniref/humann4_protein_database_filtered_v2019_06 --out /mnt/omar/pipelines/ont/work/results/004_pathways/humann/SRR31533936/SRR31533936_merged_humann_temp/tmpr2xkcd15/diamond_m8_p9yawk6c --tmpdir /mnt/omar/pipelines/ont/work/results/004_pathways/humann/SRR31533936/SRR31533936_merged_humann_temp/tmpr2xkcd15
12/22/2024 12:12:04 PM - humann.utilities - DEBUG: b'diamond v2.1.9.163 (C) Max Planck Society for the Advancement of Science, Benjamin Buchfink, University of Tuebingen\nDocumentation, support and updates available at http://www.diamondsearch.org\nPlease cite: http://dx.doi.org/10.1038/s41592-021-01101-x Nature Methods (2021)\n\n#CPU threads: 11\nScoring parameters: (Matrix=BLOSUM62 Lambda=0.267 K=0.041 Penalties=11/1)\nTemporary directory: /mnt/omar/pipelines/ont/work/results/004_pathways/humann/SRR31533936/SRR31533936_merged_humann_temp/tmpr2xkcd15\nPercentage range of top alignment score to report hits: 1\nOpening the database...  [0.34s]\nDatabase: /mnt/omar/misc/tests/uniref/humann4_protein_database_filtered_v2019_06 (type: Diamond database, sequences: 3435636, letters: 1515992226)\nBlock size = 2000000000\nOpening the input file...  [0s]\nOpening the output file...  [0s]\nLoading query sequences...  [0.006s]\nMasking queries...  [0.022s]\nBuilding query seed set...  [0.249s]\nAlgorithm: Query-indexed\nBuilding query histograms...  [0.029s]\nSeeking in database...  [0s]\nLoading reference sequences...  [4.677s]\nInitializing temporary storage...  [0.004s]\nBuilding reference histograms...  [29.612s]\nAllocating buffers...  [0.015s]\nProcessing query block 1, reference block 1/1, shape 1/16.\nBuilding reference seed array...  [1.564s]\nBuilding query seed array...  [0.006s]\nComputing hash join...  [0.134s]\nSearching alignments...  [0.129s]\nDeallocating memory...  [0s]\nProcessing query block 1, reference block 1/1, shape 2/16.\nBuilding reference seed array...  [1.877s]\nBuilding query seed array...  [0.006s]\nComputing hash join...  [0.153s]\nSearching alignments...  [0.138s]\nDeallocating memory...  [0s]\nProcessing query block 1, reference block 1/1, shape 3/16.\nBuilding reference seed array...  [1.848s]\nBuilding query seed array...  [0.005s]\nComputing hash join...  [0.11s]\nSearching alignments...  [0.129s]\nDeallocating memory...  [0s]\nProcessing query block 1, reference block 1/1, shape 4/16.\nBuilding reference seed array...  [1.957s]\nBuilding query seed array...  [0.005s]\nComputing hash join...  [0.143s]\nSearching alignments...  [0.131s]\nDeallocating memory...  [0s]\nProcessing query block 1, reference block 1/1, shape 5/16.\nBuilding reference seed array...  [1.917s]\nBuilding query seed array...  [0.006s]\nComputing hash join...  [0.106s]\nSearching alignments...  [0.131s]\nDeallocating memory...  [0s]\nProcessing query block 1, reference block 1/1, shape 6/16.\nBuilding reference seed array...  [1.897s]\nBuilding query seed array...  [0.005s]\nComputing hash join...  [0.127s]\nSearching alignments...  [0.124s]\nDeallocating memory...  [0s]\nProcessing query block 1, reference block 1/1, shape 7/16.\nBuilding reference seed array...  [2.2s]\nBuilding query seed array...  [0.006s]\nComputing hash join...  [0.169s]\nSearching alignments...  [0.152s]\nDeallocating memory...  [0s]\nProcessing query block 1, reference block 1/1, shape 8/16.\nBuilding reference seed array...  [1.983s]\nBuilding query seed array...  [0.005s]\nComputing hash join...  [0.139s]\nSearching alignments...  [0.13s]\nDeallocating memory...  [0s]\nProcessing query block 1, reference block 1/1, shape 9/16.\nBuilding reference seed array...  [1.845s]\nBuilding query seed array...  [0.006s]\nComputing hash join...  [0.133s]\nSearching alignments...  [0.134s]\nDeallocating memory...  [0s]\nProcessing query block 1, reference block 1/1, shape 10/16.\nBuilding reference seed array...  [1.788s]\nBuilding query seed array...  [0.004s]\nComputing hash join...  [0.117s]\nSearching alignments...  [0.138s]\nDeallocating memory...  [0s]\nProcessing query block 1, reference block 1/1, shape 11/16.\nBuilding reference seed array...  [1.966s]\nBuilding query seed array...  [0.005s]\nComputing hash join...  [0.122s]\nSearching alignments...  [0.133s]\nDeallocating memory...  [0s]\nProcessing query block 1, reference block 1/1, shape 12/16.\nBuilding reference seed array...  [1.926s]\nBuilding query seed array...  [0.004s]\nComputing hash join...  [0.119s]\nSearching alignments...  [0.138s]\nDeallocating memory...  [0s]\nProcessing query block 1, reference block 1/1, shape 13/16.\nBuilding reference seed array...  [1.808s]\nBuilding query seed array...  [0.004s]\nComputing hash join...  [0.118s]\nSearching alignments...  [0.131s]\nDeallocating memory...  [0s]\nProcessing query block 1, reference block 1/1, shape 14/16.\nBuilding reference seed array...  [2.13s]\nBuilding query seed array...  [0.006s]\nComputing hash join...  [0.131s]\nSearching alignments...  [0.144s]\nDeallocating memory...  [0s]\nProcessing query block 1, reference block 1/1, shape 15/16.\nBuilding reference seed array...  [1.93s]\nBuilding query seed array...  [0.004s]\nComputing hash join...  [0.111s]\nSearching alignments...  [0.13s]\nDeallocating memory...  [0s]\nProcessing query block 1, reference block 1/1, shape 16/16.\nBuilding reference seed array...  [1.929s]\nBuilding query seed array...  [0.005s]\nComputing hash join...  [0.135s]\nSearching alignments...  [0.138s]\nDeallocating memory...  [0s]\nDeallocating buffers...  [0.258s]\nClearing query masking...  [0s]\nComputing alignments... Loading trace points...  [0.021s]\nSorting trace points...  [0.006s]\nComputing alignments...  [0.758s]\nDeallocating buffers...  [0s]\nLoading trace points...  [0s]\n [0.792s]\nDeallocating reference...  [0.643s]\nLoading reference sequences...  [0s]\nDeallocating buffers...  [0s]\nDeallocating queries...  [0s]\nLoading query sequences...  [0s]\nClosing the input file...  [0s]\nClosing the output file...  [0s]\nClosing the database...  [0.02s]\nCleaning up...  [0s]\nTotal time = 71.635s\nReported 96 pairwise alignments, 96 HSPs.\n89 queries aligned.\n'
12/22/2024 12:12:04 PM - humann.utilities - DEBUG: Using software: /usr/bin/cat
12/22/2024 12:12:04 PM - humann.utilities - INFO: Execute command: /usr/bin/cat /mnt/omar/pipelines/ont/work/results/004_pathways/humann/SRR31533936/SRR31533936_merged_humann_temp/tmpr2xkcd15/diamond_m8_p9yawk6c
12/22/2024 12:12:04 PM - humann.utilities - DEBUG: Remove file: /mnt/omar/pipelines/ont/work/results/004_pathways/humann/SRR31533936/SRR31533936_merged_humann_temp/tmpr2xkcd15/tmpbx6kzlqm
12/22/2024 12:12:04 PM - humann.humann - INFO: TIMESTAMP: Completed 	translated alignment 	:	 72	 seconds
12/22/2024 12:12:04 PM - humann.utilities - DEBUG: Total alignments where percent identity is not a number: 0
12/22/2024 12:12:04 PM - humann.utilities - DEBUG: Total alignments where alignment length is not a number: 0
12/22/2024 12:12:04 PM - humann.utilities - DEBUG: Total alignments where E-value is not a number: 0
12/22/2024 12:12:04 PM - humann.utilities - DEBUG: Total alignments not included based on large e-value: 0
12/22/2024 12:12:04 PM - humann.utilities - DEBUG: Total alignments not included based on small percent identity: 37
12/22/2024 12:12:04 PM - humann.utilities - DEBUG: Total alignments not included based on small query coverage: 53
12/22/2024 12:12:04 PM - humann.search.blastx_coverage - INFO: Total alignments without coverage information: 0
12/22/2024 12:12:04 PM - humann.search.blastx_coverage - INFO: Total proteins in blastx output: 6
12/22/2024 12:12:04 PM - humann.search.blastx_coverage - INFO: Total proteins without lengths: 0
12/22/2024 12:12:04 PM - humann.search.blastx_coverage - INFO: Proteins with coverage greater than threshold (50.0): 0
12/22/2024 12:12:04 PM - humann.utilities - DEBUG: Total alignments where percent identity is not a number: 0
12/22/2024 12:12:04 PM - humann.utilities - DEBUG: Total alignments where alignment length is not a number: 0
12/22/2024 12:12:04 PM - humann.utilities - DEBUG: Total alignments where E-value is not a number: 0
12/22/2024 12:12:04 PM - humann.utilities - DEBUG: Total alignments not included based on large e-value: 0
12/22/2024 12:12:04 PM - humann.utilities - DEBUG: Total alignments not included based on small percent identity: 37
12/22/2024 12:12:04 PM - humann.utilities - DEBUG: Total alignments not included based on small query coverage: 53
12/22/2024 12:12:04 PM - humann.search.translated - DEBUG: Total translated alignments not included based on small subject coverage value: 16
12/22/2024 12:12:05 PM - humann.utilities - DEBUG: Remove file: /mnt/omar/pipelines/ont/work/results/004_pathways/humann/SRR31533936/SRR31533936_merged_humann_temp/tmpr2xkcd15/tmp3p72s2os
12/22/2024 12:12:05 PM - humann.humann - INFO: TIMESTAMP: Completed 	translated alignment post-processing 	:	 0	 seconds
12/22/2024 12:12:05 PM - humann.humann - INFO: Total bugs after translated alignment: 0
12/22/2024 12:12:05 PM - humann.humann - INFO: 

12/22/2024 12:12:05 PM - humann.humann - INFO: Total gene families after translated alignment: 0
12/22/2024 12:12:05 PM - humann.humann - INFO: Unaligned reads after translated alignment: 100.0000000000 %
12/22/2024 12:12:05 PM - humann.humann - INFO: Computing gene families ...
12/22/2024 12:12:05 PM - humann.quantify.families - DEBUG: Compute gene families
12/22/2024 12:12:05 PM - humann.store - INFO: 
Total gene families  : 0

12/22/2024 12:12:05 PM - humann.humann - INFO: TIMESTAMP: Completed 	computing gene families 	:	 0	 seconds
12/22/2024 12:12:05 PM - humann.humann - INFO: Computing reaction and pathway abundance ...
12/22/2024 12:12:05 PM - humann.quantify.modules - DEBUG: Write flat reactions to pathways file for Minpath
12/22/2024 12:12:05 PM - humann.quantify.modules - INFO: Compute reaction scores for bug: all
12/22/2024 12:12:08 PM - humann.quantify.modules - DEBUG: Print pathways 
12/22/2024 12:12:08 PM - humann.quantify.modules - DEBUG: Print pathways _Abundance
12/22/2024 12:12:08 PM - humann.humann - INFO: TIMESTAMP: Completed 	computing pathways 	:	 4	 seconds
12/22/2024 12:12:08 PM - humann.humann - INFO: 
Output files created: 
/mnt/omar/pipelines/ont/work/results/004_pathways/humann/SRR31533936/SRR31533936_merged_1_metaphlan_profile.tsv
/mnt/omar/pipelines/ont/work/results/004_pathways/humann/SRR31533936/SRR31533936_merged_2_genefamilies.tsv
/mnt/omar/pipelines/ont/work/results/004_pathways/humann/SRR31533936/SRR31533936_merged_3_reactions.tsv
/mnt/omar/pipelines/ont/work/results/004_pathways/humann/SRR31533936/SRR31533936_merged_4_pathabundance.tsv
/mnt/omar/pipelines/ont/work/results/004_pathways/humann/SRR31533936/SRR31533936_merged_0.log

12/22/2024 12:12:08 PM - humann.utilities - DEBUG: Remove directory: /mnt/omar/pipelines/ont/work/results/004_pathways/humann/SRR31533936/SRR31533936_merged_humann_temp/tmpr2xkcd15
