Loading required package: plyr
Loading required package: dplyr

Attaching package: ‘dplyr’

The following objects are masked from ‘package:plyr’:

    arrange, count, desc, failwith, id, mutate, rename, summarise,
    summarize

The following objects are masked from ‘package:stats’:

    filter, lag

The following objects are masked from ‘package:base’:

    intersect, setdiff, setequal, union

Loading required package: glmnet
Loading required package: Matrix
Loaded glmnet 4.1-8
Loading required package: foreach
Loading required package: getopt
Loading required package: doParallel
Loading required package: iterators
Loading required package: parallel
Loading required package: vegan
Loading required package: permute
Loading required package: lattice
This is vegan 2.6-8
Loading required package: data.table

Attaching package: ‘data.table’

The following objects are masked from ‘package:dplyr’:

    between, first, last

Loading required package: ggplot2
Loading required package: AssocTests
Loading required package: cluster
Loading required package: mvtnorm
Loading required package: combinat

Attaching package: ‘combinat’

The following object is masked from ‘package:utils’:

    combn

Loading required package: fExtremes
Loading required package: optparse
Loading required package: tibble
Running MelonnPan-Predict using the following parameters: 
$options
$options$metag
[1] "results/004_pathways/humann/concatenated_gene_families.tsv"

$options$output
[1] "results/004_pathways/melonnpan/SRR7947187/"

$options$criticalpoint
[1] 0.9793

$options$corr.method
[1] "pearson"

$options$no.transform.metab
[1] FALSE

$options$no.transform.metag
[1] FALSE

$options$help
[1] FALSE


$args
character(0)

Error in melonnpan::melonnpan.predict(metag = metag, output = output,  : 
  No common IDs found between training and test data. Execution halted!
Execution halted
