/home/omar/Downloads/miniconda3/envs/humann_env/lib/python3.12/site-packages/humann/quantify/MinPath12hmp.py:804: SyntaxWarning: invalid escape sequence '\d'
/home/omar/Downloads/miniconda3/envs/humann_env/lib/python3.12/site-packages/humann/quantify/MinPath12hmp.py:804: SyntaxWarning: invalid escape sequence '\d'
  m = re.match('^[^\d]+(?P<id>\d+)', aline)
  m = re.match('^[^\d]+(?P<id>\d+)', aline)
Output files will be written to: /mnt/omar/pipelines/ont/work/results/004_pathways/humann/SRR7947168

Writing temp files to directory: /mnt/omar/pipelines/ont/work/results/004_pathways/humann/SRR7947168/SRR7947168_merged_humann_temp

File ( /mnt/omar/pipelines/ont/work/results/002_qc/merged/SRR7947168_merged.fastq.gz ) is of format:  fastq.gz

Decompressing gzipped file ...

Removing spaces from identifiers in input file ...


Running metaphlan ........


/home/omar/Downloads/miniconda3/envs/humann_env/bin/metaphlan /mnt/omar/pipelines/ont/work/results/004_pathways/humann/SRR7947168/SRR7947168_merged_humann_temp/tmpkev72fke/tmpbvqrjljf -t rel_ab_w_read_stats -o /mnt/omar/pipelines/ont/work/results/004_pathways/humann/SRR7947168/SRR7947168_merged_1_metaphlan_profile.tsv --input_type fastq --bowtie2out /mnt/omar/pipelines/ont/work/results/004_pathways/humann/SRR7947168/SRR7947168_merged_humann_temp/SRR7947168_merged_metaphlan_bowtie2.txt --nproc 11


TIMESTAMP: Completed prescreen : 450 seconds


Total species selected from prescreen: 0

Selected species explain 0.00% of predicted community composition



No species were selected from the prescreen.
Because of this the custom ChocoPhlAn database is empty.
This will result in zero species-specific gene families and pathways.



TIMESTAMP: Completed custom database creation : 0 seconds


Running diamond ........


Aligning to reference database: humann4_protein_database_filtered_v2019_06.dmnd


/home/omar/Downloads/miniconda3/envs/humann_env/bin/diamond blastx --query /mnt/omar/pipelines/ont/work/results/004_pathways/humann/SRR7947168/SRR7947168_merged_humann_temp/tmpkev72fke/tmpdysxl5k8 --evalue 1.0 --threads 11 --top 1 --sensitive --outfmt 6 --db /mnt/omar/misc/tests/uniref/humann4_protein_database_filtered_v2019_06 --out /mnt/omar/pipelines/ont/work/results/004_pathways/humann/SRR7947168/SRR7947168_merged_humann_temp/tmpkev72fke/diamond_m8_zz15evrx --tmpdir /mnt/omar/pipelines/ont/work/results/004_pathways/humann/SRR7947168/SRR7947168_merged_humann_temp/tmpkev72fke


/usr/bin/cat /mnt/omar/pipelines/ont/work/results/004_pathways/humann/SRR7947168/SRR7947168_merged_humann_temp/tmpkev72fke/diamond_m8_zz15evrx


TIMESTAMP: Completed translated alignment : 639 seconds


TIMESTAMP: Completed translated alignment post-processing : 4 seconds

Total bugs after translated alignment: 1
unclassified: 27575 hits

Total gene families after translated alignment: 19565

Unaligned reads after translated alignment: 76.0959576557 %


Computing gene families ...
Total gene families  : 19565
unclassified : 19565 gene families

TIMESTAMP: Completed computing gene families : 0 seconds


Computing reaction and pathway abundance ...

/home/omar/Downloads/miniconda3/envs/humann_env/bin/python3.12 /home/omar/Downloads/miniconda3/envs/humann_env/lib/python3.12/site-packages/humann/quantify/MinPath12hmp.py -any /mnt/omar/pipelines/ont/work/results/004_pathways/humann/SRR7947168/SRR7947168_merged_humann_temp/tmpkev72fke/tmphoo7k7yt -map /mnt/omar/pipelines/ont/work/results/004_pathways/humann/SRR7947168/SRR7947168_merged_humann_temp/tmpkev72fke/tmpa8fq0k0g -report /mnt/omar/pipelines/ont/work/results/004_pathways/humann/SRR7947168/SRR7947168_merged_humann_temp/tmpkev72fke/tmpizvozv03 -details /mnt/omar/pipelines/ont/work/results/004_pathways/humann/SRR7947168/SRR7947168_merged_humann_temp/tmpkev72fke/tmpmet04xv1 -mps /mnt/omar/pipelines/ont/work/results/004_pathways/humann/SRR7947168/SRR7947168_merged_humann_temp/tmpkev72fke/tmpptxhzzto


/home/omar/Downloads/miniconda3/envs/humann_env/bin/python3.12 /home/omar/Downloads/miniconda3/envs/humann_env/lib/python3.12/site-packages/humann/quantify/MinPath12hmp.py -any /mnt/omar/pipelines/ont/work/results/004_pathways/humann/SRR7947168/SRR7947168_merged_humann_temp/tmpkev72fke/tmpjnqx0ubd -map /mnt/omar/pipelines/ont/work/results/004_pathways/humann/SRR7947168/SRR7947168_merged_humann_temp/tmpkev72fke/tmpa8fq0k0g -report /mnt/omar/pipelines/ont/work/results/004_pathways/humann/SRR7947168/SRR7947168_merged_humann_temp/tmpkev72fke/tmp0vpv3psh -details /mnt/omar/pipelines/ont/work/results/004_pathways/humann/SRR7947168/SRR7947168_merged_humann_temp/tmpkev72fke/tmpe2_m5wrm -mps /mnt/omar/pipelines/ont/work/results/004_pathways/humann/SRR7947168/SRR7947168_merged_humann_temp/tmpkev72fke/tmp2pf0c6am


TIMESTAMP: Completed computing pathways : 30 seconds


Output files created: 
/mnt/omar/pipelines/ont/work/results/004_pathways/humann/SRR7947168/SRR7947168_merged_1_metaphlan_profile.tsv
/mnt/omar/pipelines/ont/work/results/004_pathways/humann/SRR7947168/SRR7947168_merged_2_genefamilies.tsv
/mnt/omar/pipelines/ont/work/results/004_pathways/humann/SRR7947168/SRR7947168_merged_3_reactions.tsv
/mnt/omar/pipelines/ont/work/results/004_pathways/humann/SRR7947168/SRR7947168_merged_4_pathabundance.tsv
/mnt/omar/pipelines/ont/work/results/004_pathways/humann/SRR7947168/SRR7947168_merged_0.log

