12/26/2024 02:20:59 PM - humann.humann - INFO: Running humann v4.0.0.alpha.1
12/26/2024 02:20:59 PM - humann.humann - INFO: Output files will be written to: /mnt/omar/pipelines/ont/work/results/004_pathways/humann/SRR7947175
12/26/2024 02:20:59 PM - humann.humann - INFO: Writing temp files to directory: /mnt/omar/pipelines/ont/work/results/004_pathways/humann/SRR7947175/SRR7947175_merged_humann_temp
12/26/2024 02:20:59 PM - humann.utilities - INFO: File ( /mnt/omar/pipelines/ont/work/results/002_qc/merged/SRR7947175_merged.fastq.gz ) is of format:  fastq.gz
12/26/2024 02:20:59 PM - humann.utilities - INFO: Decompressing gzipped file ...
12/26/2024 02:21:01 PM - humann.humann - INFO: Removing spaces from identifiers in input file
12/26/2024 02:21:03 PM - humann.utilities - DEBUG: Check software, metaphlan, for required version, 4.0
12/26/2024 02:21:05 PM - humann.utilities - INFO: Using metaphlan version 4.1
12/26/2024 02:21:05 PM - humann.utilities - DEBUG: Check software, bowtie2, for required version, 2.2
12/26/2024 02:21:05 PM - humann.utilities - INFO: Using bowtie2 version 2.5
12/26/2024 02:21:05 PM - humann.utilities - DEBUG: Check software, diamond, for required version, 2.0.15
12/26/2024 02:21:05 PM - humann.utilities - INFO: Using diamond version 2.1.9
12/26/2024 02:21:05 PM - humann.config - INFO: 
Run config settings: 

DATABASE SETTINGS
nucleotide database folder = /mnt/omar/misc/tests/chocophlan/chocophlan
protein database folder = /mnt/omar/misc/tests/uniref
pathways database file 1 = /mnt/omar/misc/tests/utility_mapping/utility_mapping/metacyc_reactions_level4ec_only.uniref.bz2
pathways database file 2 = /mnt/omar/misc/tests/utility_mapping/utility_mapping/metacyc_pathways_structured_filtered_v24_subreactions
utility mapping database folder = /mnt/omar/misc/tests/utility_mapping/utility_mapping

RUN MODES
resume = True
verbose = True
bypass prescreen = False
bypass nucleotide index = False
bypass nucleotide search = False
bypass translated search = False
translated search = diamond
threads = 11

Identity thresholds
nucleotide = 0.0
translated = 50.0

ALIGNMENT SETTINGS
bowtie2 options = --very-sensitive-local
diamond options = --top 1 --sensitive --outfmt 6
evalue threshold = 1.0
prescreen threshold = 0.01
average read length = 1548.0
translated subject coverage threshold = 1.0
translated query coverage threshold = 1.0
nucleotide subject coverage threshold = 1.0
nucleotide query coverage threshold = 1.0

PATHWAYS SETTINGS
minpath = on
xipe = off
gap fill = on

INPUT AND OUTPUT FORMATS
input file format = fastq.gz
output file format = tsv
normalization mode = Adjusted CPMs
output max decimals = 10
remove stratified output = True
remove column description output = False
log level = DEBUG

12/26/2024 02:21:05 PM - humann.store - DEBUG: Initialize Alignments class instance to minimize memory use
12/26/2024 02:21:05 PM - humann.store - DEBUG: Initialize Reads class instance to minimize memory use
12/26/2024 02:22:39 PM - humann.humann - INFO: Load pathways database part 1: /mnt/omar/misc/tests/utility_mapping/utility_mapping/metacyc_reactions_level4ec_only.uniref.bz2
12/26/2024 02:22:39 PM - humann.humann - INFO: Load pathways database part 2: /mnt/omar/misc/tests/utility_mapping/utility_mapping/metacyc_pathways_structured_filtered_v24_subreactions
12/26/2024 02:22:39 PM - humann.search.prescreen - INFO: Running metaphlan ........
12/26/2024 02:22:39 PM - humann.utilities - DEBUG: Using software: /home/omar/Downloads/miniconda3/envs/humann_env/bin/metaphlan
12/26/2024 02:22:39 PM - humann.utilities - INFO: Execute command: /home/omar/Downloads/miniconda3/envs/humann_env/bin/metaphlan /mnt/omar/pipelines/ont/work/results/004_pathways/humann/SRR7947175/SRR7947175_merged_humann_temp/tmpto0oyb68/tmp9wlyjne1 -t rel_ab_w_read_stats -o /mnt/omar/pipelines/ont/work/results/004_pathways/humann/SRR7947175/SRR7947175_merged_1_metaphlan_profile.tsv --input_type fastq --bowtie2out /mnt/omar/pipelines/ont/work/results/004_pathways/humann/SRR7947175/SRR7947175_merged_humann_temp/SRR7947175_merged_metaphlan_bowtie2.txt --nproc 11
12/26/2024 02:28:24 PM - humann.utilities - DEBUG: b''
12/26/2024 02:28:24 PM - humann.humann - INFO: TIMESTAMP: Completed 	prescreen 	:	 345	 seconds
12/26/2024 02:28:24 PM - humann.search.prescreen - INFO: Total species selected from prescreen: 0
12/26/2024 02:28:24 PM - humann.search.prescreen - DEBUG: 

No species were selected from the prescreen.
Because of this the custom ChocoPhlAn database is empty.
This will result in zero species-specific gene families and pathways.


12/26/2024 02:28:24 PM - humann.humann - INFO: TIMESTAMP: Completed 	custom database creation 	:	 0	 seconds
12/26/2024 02:28:24 PM - humann.humann - DEBUG: Custom database is empty
12/26/2024 02:28:24 PM - humann.store - DEBUG: Initialize Reads class instance to minimize memory use
12/26/2024 02:28:26 PM - humann.utilities - DEBUG: Remove file: /mnt/omar/pipelines/ont/work/results/004_pathways/humann/SRR7947175/SRR7947175_merged_humann_temp/tmpto0oyb68/tmpq0us0_d3
12/26/2024 02:28:26 PM - humann.search.translated - DEBUG: Convert unaligned reads fastq file to fasta
12/26/2024 02:28:27 PM - humann.search.translated - INFO: Running diamond ........
12/26/2024 02:28:27 PM - humann.search.translated - INFO: Aligning to reference database: humann4_protein_database_filtered_v2019_06.dmnd
12/26/2024 02:28:27 PM - humann.utilities - DEBUG: Remove file: /mnt/omar/pipelines/ont/work/results/004_pathways/humann/SRR7947175/SRR7947175_merged_humann_temp/tmpto0oyb68/diamond_m8_lly4uzt3
12/26/2024 02:28:27 PM - humann.utilities - DEBUG: Using software: /home/omar/Downloads/miniconda3/envs/humann_env/bin/diamond
12/26/2024 02:28:27 PM - humann.utilities - INFO: Execute command: /home/omar/Downloads/miniconda3/envs/humann_env/bin/diamond blastx --query /mnt/omar/pipelines/ont/work/results/004_pathways/humann/SRR7947175/SRR7947175_merged_humann_temp/tmpto0oyb68/tmp_qn0grwd --evalue 1.0 --threads 11 --top 1 --sensitive --outfmt 6 --db /mnt/omar/misc/tests/uniref/humann4_protein_database_filtered_v2019_06 --out /mnt/omar/pipelines/ont/work/results/004_pathways/humann/SRR7947175/SRR7947175_merged_humann_temp/tmpto0oyb68/diamond_m8_lly4uzt3 --tmpdir /mnt/omar/pipelines/ont/work/results/004_pathways/humann/SRR7947175/SRR7947175_merged_humann_temp/tmpto0oyb68
12/26/2024 02:37:59 PM - humann.utilities - DEBUG: b'diamond v2.1.9.163 (C) Max Planck Society for the Advancement of Science, Benjamin Buchfink, University of Tuebingen\nDocumentation, support and updates available at http://www.diamondsearch.org\nPlease cite: http://dx.doi.org/10.1038/s41592-021-01101-x Nature Methods (2021)\n\n#CPU threads: 11\nScoring parameters: (Matrix=BLOSUM62 Lambda=0.267 K=0.041 Penalties=11/1)\nTemporary directory: /mnt/omar/pipelines/ont/work/results/004_pathways/humann/SRR7947175/SRR7947175_merged_humann_temp/tmpto0oyb68\nPercentage range of top alignment score to report hits: 1\nOpening the database...  [0.375s]\nDatabase: /mnt/omar/misc/tests/uniref/humann4_protein_database_filtered_v2019_06 (type: Diamond database, sequences: 3435636, letters: 1515992226)\nBlock size = 2000000000\nOpening the input file...  [0.102s]\nOpening the output file...  [0s]\nLoading query sequences...  [1.384s]\nMasking queries...  [1.111s]\nAlgorithm: Double-indexed\nBuilding query histograms...  [2.5s]\nSeeking in database...  [0s]\nLoading reference sequences...  [4.926s]\nMasking reference...  [9.134s]\nInitializing temporary storage...  [0.002s]\nBuilding reference histograms...  [28.586s]\nAllocating buffers...  [0.001s]\nProcessing query block 1, reference block 1/1, shape 1/16, index chunk 1/4.\nBuilding reference seed array...  [3.692s]\nBuilding query seed array...  [0.223s]\nComputing hash join...  [1.215s]\nMasking low complexity seeds...  [0.083s]\nSearching alignments...  [3.785s]\nDeallocating memory...  [0s]\nProcessing query block 1, reference block 1/1, shape 1/16, index chunk 2/4.\nBuilding reference seed array...  [3.445s]\nBuilding query seed array...  [0.237s]\nComputing hash join...  [1.366s]\nMasking low complexity seeds...  [0.092s]\nSearching alignments...  [3.785s]\nDeallocating memory...  [0s]\nProcessing query block 1, reference block 1/1, shape 1/16, index chunk 3/4.\nBuilding reference seed array...  [3.75s]\nBuilding query seed array...  [0.235s]\nComputing hash join...  [1.375s]\nMasking low complexity seeds...  [0.087s]\nSearching alignments...  [3.807s]\nDeallocating memory...  [0s]\nProcessing query block 1, reference block 1/1, shape 1/16, index chunk 4/4.\nBuilding reference seed array...  [2.775s]\nBuilding query seed array...  [0.093s]\nComputing hash join...  [1.168s]\nMasking low complexity seeds...  [0.077s]\nSearching alignments...  [3.679s]\nDeallocating memory...  [0s]\nProcessing query block 1, reference block 1/1, shape 2/16, index chunk 1/4.\nBuilding reference seed array...  [2.893s]\nBuilding query seed array...  [0.187s]\nComputing hash join...  [1.315s]\nMasking low complexity seeds...  [0.077s]\nSearching alignments...  [3.476s]\nDeallocating memory...  [0s]\nProcessing query block 1, reference block 1/1, shape 2/16, index chunk 2/4.\nBuilding reference seed array...  [3.444s]\nBuilding query seed array...  [0.288s]\nComputing hash join...  [1.384s]\nMasking low complexity seeds...  [0.085s]\nSearching alignments...  [3.496s]\nDeallocating memory...  [0s]\nProcessing query block 1, reference block 1/1, shape 2/16, index chunk 3/4.\nBuilding reference seed array...  [3.536s]\nBuilding query seed array...  [0.18s]\nComputing hash join...  [1.236s]\nMasking low complexity seeds...  [0.079s]\nSearching alignments...  [3.419s]\nDeallocating memory...  [0s]\nProcessing query block 1, reference block 1/1, shape 2/16, index chunk 4/4.\nBuilding reference seed array...  [2.816s]\nBuilding query seed array...  [0.183s]\nComputing hash join...  [1.179s]\nMasking low complexity seeds...  [0.079s]\nSearching alignments...  [3.442s]\nDeallocating memory...  [0s]\nProcessing query block 1, reference block 1/1, shape 3/16, index chunk 1/4.\nBuilding reference seed array...  [2.933s]\nBuilding query seed array...  [0.2s]\nComputing hash join...  [1.31s]\nMasking low complexity seeds...  [0.082s]\nSearching alignments...  [3.685s]\nDeallocating memory...  [0s]\nProcessing query block 1, reference block 1/1, shape 3/16, index chunk 2/4.\nBuilding reference seed array...  [3.428s]\nBuilding query seed array...  [0.175s]\nComputing hash join...  [1.205s]\nMasking low complexity seeds...  [0.082s]\nSearching alignments...  [3.676s]\nDeallocating memory...  [0s]\nProcessing query block 1, reference block 1/1, shape 3/16, index chunk 3/4.\nBuilding reference seed array...  [3.525s]\nBuilding query seed array...  [0.213s]\nComputing hash join...  [1.356s]\nMasking low complexity seeds...  [0.083s]\nSearching alignments...  [3.695s]\nDeallocating memory...  [0s]\nProcessing query block 1, reference block 1/1, shape 3/16, index chunk 4/4.\nBuilding reference seed array...  [2.905s]\nBuilding query seed array...  [0.191s]\nComputing hash join...  [1.353s]\nMasking low complexity seeds...  [0.086s]\nSearching alignments...  [3.595s]\nDeallocating memory...  [0s]\nProcessing query block 1, reference block 1/1, shape 4/16, index chunk 1/4.\nBuilding reference seed array...  [2.22s]\nBuilding query seed array...  [0.081s]\nComputing hash join...  [1.107s]\nMasking low complexity seeds...  [0.089s]\nSearching alignments...  [3.569s]\nDeallocating memory...  [0s]\nProcessing query block 1, reference block 1/1, shape 4/16, index chunk 2/4.\nBuilding reference seed array...  [2.743s]\nBuilding query seed array...  [0.206s]\nComputing hash join...  [1.157s]\nMasking low complexity seeds...  [0.076s]\nSearching alignments...  [3.631s]\nDeallocating memory...  [0s]\nProcessing query block 1, reference block 1/1, shape 4/16, index chunk 3/4.\nBuilding reference seed array...  [3.489s]\nBuilding query seed array...  [0.225s]\nComputing hash join...  [1.388s]\nMasking low complexity seeds...  [0.086s]\nSearching alignments...  [3.634s]\nDeallocating memory...  [0s]\nProcessing query block 1, reference block 1/1, shape 4/16, index chunk 4/4.\nBuilding reference seed array...  [2.936s]\nBuilding query seed array...  [0.245s]\nComputing hash join...  [1.252s]\nMasking low complexity seeds...  [0.088s]\nSearching alignments...  [3.59s]\nDeallocating memory...  [0s]\nProcessing query block 1, reference block 1/1, shape 5/16, index chunk 1/4.\nBuilding reference seed array...  [2.94s]\nBuilding query seed array...  [0.291s]\nComputing hash join...  [1.371s]\nMasking low complexity seeds...  [0.082s]\nSearching alignments...  [3.533s]\nDeallocating memory...  [0s]\nProcessing query block 1, reference block 1/1, shape 5/16, index chunk 2/4.\nBuilding reference seed array...  [2.988s]\nBuilding query seed array...  [0.228s]\nComputing hash join...  [1.152s]\nMasking low complexity seeds...  [0.077s]\nSearching alignments...  [3.496s]\nDeallocating memory...  [0s]\nProcessing query block 1, reference block 1/1, shape 5/16, index chunk 3/4.\nBuilding reference seed array...  [3.479s]\nBuilding query seed array...  [0.124s]\nComputing hash join...  [1.239s]\nMasking low complexity seeds...  [0.076s]\nSearching alignments...  [3.46s]\nDeallocating memory...  [0s]\nProcessing query block 1, reference block 1/1, shape 5/16, index chunk 4/4.\nBuilding reference seed array...  [2.3s]\nBuilding query seed array...  [0.124s]\nComputing hash join...  [1.083s]\nMasking low complexity seeds...  [0.083s]\nSearching alignments...  [3.487s]\nDeallocating memory...  [0s]\nProcessing query block 1, reference block 1/1, shape 6/16, index chunk 1/4.\nBuilding reference seed array...  [2.571s]\nBuilding query seed array...  [0.079s]\nComputing hash join...  [1.113s]\nMasking low complexity seeds...  [0.078s]\nSearching alignments...  [3.53s]\nDeallocating memory...  [0s]\nProcessing query block 1, reference block 1/1, shape 6/16, index chunk 2/4.\nBuilding reference seed array...  [3.46s]\nBuilding query seed array...  [0.288s]\nComputing hash join...  [1.473s]\nMasking low complexity seeds...  [0.09s]\nSearching alignments...  [3.698s]\nDeallocating memory...  [0s]\nProcessing query block 1, reference block 1/1, shape 6/16, index chunk 3/4.\nBuilding reference seed array...  [2.959s]\nBuilding query seed array...  [0.136s]\nComputing hash join...  [1.289s]\nMasking low complexity seeds...  [0.095s]\nSearching alignments...  [3.66s]\nDeallocating memory...  [0s]\nProcessing query block 1, reference block 1/1, shape 6/16, index chunk 4/4.\nBuilding reference seed array...  [2.212s]\nBuilding query seed array...  [0.124s]\nComputing hash join...  [1.191s]\nMasking low complexity seeds...  [0.094s]\nSearching alignments...  [3.646s]\nDeallocating memory...  [0s]\nProcessing query block 1, reference block 1/1, shape 7/16, index chunk 1/4.\nBuilding reference seed array...  [2.237s]\nBuilding query seed array...  [0.078s]\nComputing hash join...  [1.179s]\nMasking low complexity seeds...  [0.093s]\nSearching alignments...  [3.558s]\nDeallocating memory...  [0s]\nProcessing query block 1, reference block 1/1, shape 7/16, index chunk 2/4.\nBuilding reference seed array...  [2.722s]\nBuilding query seed array...  [0.114s]\nComputing hash join...  [1.243s]\nMasking low complexity seeds...  [0.091s]\nSearching alignments...  [3.579s]\nDeallocating memory...  [0s]\nProcessing query block 1, reference block 1/1, shape 7/16, index chunk 3/4.\nBuilding reference seed array...  [3s]\nBuilding query seed array...  [0.164s]\nComputing hash join...  [1.264s]\nMasking low complexity seeds...  [0.087s]\nSearching alignments...  [3.528s]\nDeallocating memory...  [0s]\nProcessing query block 1, reference block 1/1, shape 7/16, index chunk 4/4.\nBuilding reference seed array...  [2.711s]\nBuilding query seed array...  [0.096s]\nComputing hash join...  [1.36s]\nMasking low complexity seeds...  [0.085s]\nSearching alignments...  [3.546s]\nDeallocating memory...  [0s]\nProcessing query block 1, reference block 1/1, shape 8/16, index chunk 1/4.\nBuilding reference seed array...  [2.723s]\nBuilding query seed array...  [0.099s]\nComputing hash join...  [1.276s]\nMasking low complexity seeds...  [0.091s]\nSearching alignments...  [3.634s]\nDeallocating memory...  [0s]\nProcessing query block 1, reference block 1/1, shape 8/16, index chunk 2/4.\nBuilding reference seed array...  [2.82s]\nBuilding query seed array...  [0.118s]\nComputing hash join...  [1.282s]\nMasking low complexity seeds...  [0.09s]\nSearching alignments...  [3.627s]\nDeallocating memory...  [0s]\nProcessing query block 1, reference block 1/1, shape 8/16, index chunk 3/4.\nBuilding reference seed array...  [2.966s]\nBuilding query seed array...  [0.12s]\nComputing hash join...  [1.306s]\nMasking low complexity seeds...  [0.086s]\nSearching alignments...  [3.543s]\nDeallocating memory...  [0s]\nProcessing query block 1, reference block 1/1, shape 8/16, index chunk 4/4.\nBuilding reference seed array...  [2.356s]\nBuilding query seed array...  [0.184s]\nComputing hash join...  [1.249s]\nMasking low complexity seeds...  [0.09s]\nSearching alignments...  [3.631s]\nDeallocating memory...  [0s]\nProcessing query block 1, reference block 1/1, shape 9/16, index chunk 1/4.\nBuilding reference seed array...  [2.438s]\nBuilding query seed array...  [0.087s]\nComputing hash join...  [1.29s]\nMasking low complexity seeds...  [0.089s]\nSearching alignments...  [3.685s]\nDeallocating memory...  [0s]\nProcessing query block 1, reference block 1/1, shape 9/16, index chunk 2/4.\nBuilding reference seed array...  [2.717s]\nBuilding query seed array...  [0.097s]\nComputing hash join...  [1.272s]\nMasking low complexity seeds...  [0.092s]\nSearching alignments...  [3.69s]\nDeallocating memory...  [0s]\nProcessing query block 1, reference block 1/1, shape 9/16, index chunk 3/4.\nBuilding reference seed array...  [2.945s]\nBuilding query seed array...  [0.228s]\nComputing hash join...  [1.319s]\nMasking low complexity seeds...  [0.09s]\nSearching alignments...  [3.653s]\nDeallocating memory...  [0s]\nProcessing query block 1, reference block 1/1, shape 9/16, index chunk 4/4.\nBuilding reference seed array...  [2.707s]\nBuilding query seed array...  [0.121s]\nComputing hash join...  [1.319s]\nMasking low complexity seeds...  [0.087s]\nSearching alignments...  [3.657s]\nDeallocating memory...  [0s]\nProcessing query block 1, reference block 1/1, shape 10/16, index chunk 1/4.\nBuilding reference seed array...  [2.246s]\nBuilding query seed array...  [0.123s]\nComputing hash join...  [1.28s]\nMasking low complexity seeds...  [0.09s]\nSearching alignments...  [3.502s]\nDeallocating memory...  [0s]\nProcessing query block 1, reference block 1/1, shape 10/16, index chunk 2/4.\nBuilding reference seed array...  [2.774s]\nBuilding query seed array...  [0.121s]\nComputing hash join...  [1.285s]\nMasking low complexity seeds...  [0.086s]\nSearching alignments...  [3.438s]\nDeallocating memory...  [0s]\nProcessing query block 1, reference block 1/1, shape 10/16, index chunk 3/4.\nBuilding reference seed array...  [3.289s]\nBuilding query seed array...  [0.132s]\nComputing hash join...  [1.287s]\nMasking low complexity seeds...  [0.086s]\nSearching alignments...  [3.4s]\nDeallocating memory...  [0s]\nProcessing query block 1, reference block 1/1, shape 10/16, index chunk 4/4.\nBuilding reference seed array...  [2.269s]\nBuilding query seed array...  [0.122s]\nComputing hash join...  [1.267s]\nMasking low complexity seeds...  [0.091s]\nSearching alignments...  [3.495s]\nDeallocating memory...  [0s]\nProcessing query block 1, reference block 1/1, shape 11/16, index chunk 1/4.\nBuilding reference seed array...  [2.32s]\nBuilding query seed array...  [0.152s]\nComputing hash join...  [1.307s]\nMasking low complexity seeds...  [0.094s]\nSearching alignments...  [3.617s]\nDeallocating memory...  [0s]\nProcessing query block 1, reference block 1/1, shape 11/16, index chunk 2/4.\nBuilding reference seed array...  [2.86s]\nBuilding query seed array...  [0.116s]\nComputing hash join...  [1.313s]\nMasking low complexity seeds...  [0.089s]\nSearching alignments...  [3.548s]\nDeallocating memory...  [0s]\nProcessing query block 1, reference block 1/1, shape 11/16, index chunk 3/4.\nBuilding reference seed array...  [3.153s]\nBuilding query seed array...  [0.145s]\nComputing hash join...  [1.323s]\nMasking low complexity seeds...  [0.085s]\nSearching alignments...  [3.542s]\nDeallocating memory...  [0s]\nProcessing query block 1, reference block 1/1, shape 11/16, index chunk 4/4.\nBuilding reference seed array...  [2.735s]\nBuilding query seed array...  [0.155s]\nComputing hash join...  [1.352s]\nMasking low complexity seeds...  [0.091s]\nSearching alignments...  [3.553s]\nDeallocating memory...  [0s]\nProcessing query block 1, reference block 1/1, shape 12/16, index chunk 1/4.\nBuilding reference seed array...  [2.283s]\nBuilding query seed array...  [0.09s]\nComputing hash join...  [1.264s]\nMasking low complexity seeds...  [0.09s]\nSearching alignments...  [3.434s]\nDeallocating memory...  [0s]\nProcessing query block 1, reference block 1/1, shape 12/16, index chunk 2/4.\nBuilding reference seed array...  [2.763s]\nBuilding query seed array...  [0.116s]\nComputing hash join...  [1.156s]\nMasking low complexity seeds...  [0.078s]\nSearching alignments...  [3.452s]\nDeallocating memory...  [0s]\nProcessing query block 1, reference block 1/1, shape 12/16, index chunk 3/4.\nBuilding reference seed array...  [3.189s]\nBuilding query seed array...  [0.114s]\nComputing hash join...  [1.082s]\nMasking low complexity seeds...  [0.077s]\nSearching alignments...  [3.455s]\nDeallocating memory...  [0s]\nProcessing query block 1, reference block 1/1, shape 12/16, index chunk 4/4.\nBuilding reference seed array...  [2.281s]\nBuilding query seed array...  [0.101s]\nComputing hash join...  [1.201s]\nMasking low complexity seeds...  [0.084s]\nSearching alignments...  [3.441s]\nDeallocating memory...  [0s]\nProcessing query block 1, reference block 1/1, shape 13/16, index chunk 1/4.\nBuilding reference seed array...  [2.486s]\nBuilding query seed array...  [0.172s]\nComputing hash join...  [1.215s]\nMasking low complexity seeds...  [0.078s]\nSearching alignments...  [3.508s]\nDeallocating memory...  [0s]\nProcessing query block 1, reference block 1/1, shape 13/16, index chunk 2/4.\nBuilding reference seed array...  [2.825s]\nBuilding query seed array...  [0.136s]\nComputing hash join...  [1.134s]\nMasking low complexity seeds...  [0.081s]\nSearching alignments...  [3.505s]\nDeallocating memory...  [0s]\nProcessing query block 1, reference block 1/1, shape 13/16, index chunk 3/4.\nBuilding reference seed array...  [3.156s]\nBuilding query seed array...  [0.119s]\nComputing hash join...  [1.146s]\nMasking low complexity seeds...  [0.079s]\nSearching alignments...  [3.42s]\nDeallocating memory...  [0s]\nProcessing query block 1, reference block 1/1, shape 13/16, index chunk 4/4.\nBuilding reference seed array...  [2.232s]\nBuilding query seed array...  [0.101s]\nComputing hash join...  [1.248s]\nMasking low complexity seeds...  [0.081s]\nSearching alignments...  [3.413s]\nDeallocating memory...  [0s]\nProcessing query block 1, reference block 1/1, shape 14/16, index chunk 1/4.\nBuilding reference seed array...  [2.325s]\nBuilding query seed array...  [0.096s]\nComputing hash join...  [1.27s]\nMasking low complexity seeds...  [0.089s]\nSearching alignments...  [3.469s]\nDeallocating memory...  [0s]\nProcessing query block 1, reference block 1/1, shape 14/16, index chunk 2/4.\nBuilding reference seed array...  [2.945s]\nBuilding query seed array...  [0.106s]\nComputing hash join...  [1.177s]\nMasking low complexity seeds...  [0.079s]\nSearching alignments...  [3.472s]\nDeallocating memory...  [0s]\nProcessing query block 1, reference block 1/1, shape 14/16, index chunk 3/4.\nBuilding reference seed array...  [3.222s]\nBuilding query seed array...  [0.226s]\nComputing hash join...  [1.272s]\nMasking low complexity seeds...  [0.076s]\nSearching alignments...  [3.424s]\nDeallocating memory...  [0s]\nProcessing query block 1, reference block 1/1, shape 14/16, index chunk 4/4.\nBuilding reference seed array...  [3.007s]\nBuilding query seed array...  [0.196s]\nComputing hash join...  [1.423s]\nMasking low complexity seeds...  [0.083s]\nSearching alignments...  [3.482s]\nDeallocating memory...  [0s]\nProcessing query block 1, reference block 1/1, shape 15/16, index chunk 1/4.\nBuilding reference seed array...  [2.267s]\nBuilding query seed array...  [0.08s]\nComputing hash join...  [1.278s]\nMasking low complexity seeds...  [0.083s]\nSearching alignments...  [3.489s]\nDeallocating memory...  [0s]\nProcessing query block 1, reference block 1/1, shape 15/16, index chunk 2/4.\nBuilding reference seed array...  [2.755s]\nBuilding query seed array...  [0.13s]\nComputing hash join...  [1.312s]\nMasking low complexity seeds...  [0.081s]\nSearching alignments...  [3.54s]\nDeallocating memory...  [0s]\nProcessing query block 1, reference block 1/1, shape 15/16, index chunk 3/4.\nBuilding reference seed array...  [3.275s]\nBuilding query seed array...  [0.157s]\nComputing hash join...  [1.138s]\nMasking low complexity seeds...  [0.083s]\nSearching alignments...  [3.568s]\nDeallocating memory...  [0s]\nProcessing query block 1, reference block 1/1, shape 15/16, index chunk 4/4.\nBuilding reference seed array...  [2.217s]\nBuilding query seed array...  [0.113s]\nComputing hash join...  [1.202s]\nMasking low complexity seeds...  [0.083s]\nSearching alignments...  [3.52s]\nDeallocating memory...  [0s]\nProcessing query block 1, reference block 1/1, shape 16/16, index chunk 1/4.\nBuilding reference seed array...  [2.302s]\nBuilding query seed array...  [0.097s]\nComputing hash join...  [1.23s]\nMasking low complexity seeds...  [0.083s]\nSearching alignments...  [3.501s]\nDeallocating memory...  [0s]\nProcessing query block 1, reference block 1/1, shape 16/16, index chunk 2/4.\nBuilding reference seed array...  [3.426s]\nBuilding query seed array...  [0.222s]\nComputing hash join...  [1.362s]\nMasking low complexity seeds...  [0.081s]\nSearching alignments...  [3.532s]\nDeallocating memory...  [0s]\nProcessing query block 1, reference block 1/1, shape 16/16, index chunk 3/4.\nBuilding reference seed array...  [3.16s]\nBuilding query seed array...  [0.141s]\nComputing hash join...  [1.128s]\nMasking low complexity seeds...  [0.076s]\nSearching alignments...  [3.529s]\nDeallocating memory...  [0s]\nProcessing query block 1, reference block 1/1, shape 16/16, index chunk 4/4.\nBuilding reference seed array...  [2.36s]\nBuilding query seed array...  [0.118s]\nComputing hash join...  [1.134s]\nMasking low complexity seeds...  [0.082s]\nSearching alignments...  [3.482s]\nDeallocating memory...  [0s]\nDeallocating buffers...  [0.795s]\nClearing query masking...  [0.027s]\nComputing alignments... Loading trace points...  [4.005s]\nSorting trace points...  [0.641s]\nComputing alignments...  [11.103s]\nDeallocating buffers...  [0.213s]\nLoading trace points...  [0s]\n [17.094s]\nDeallocating reference...  [0.376s]\nLoading reference sequences...  [0s]\nDeallocating buffers...  [0s]\nDeallocating queries...  [0.036s]\nLoading query sequences...  [0s]\nClosing the input file...  [0s]\nClosing the output file...  [0.007s]\nClosing the database...  [0.016s]\nCleaning up...  [0s]\nTotal time = 571.881s\nReported 41813 pairwise alignments, 41813 HSPs.\n35141 queries aligned.\n'
12/26/2024 02:37:59 PM - humann.utilities - DEBUG: Using software: /usr/bin/cat
12/26/2024 02:37:59 PM - humann.utilities - INFO: Execute command: /usr/bin/cat /mnt/omar/pipelines/ont/work/results/004_pathways/humann/SRR7947175/SRR7947175_merged_humann_temp/tmpto0oyb68/diamond_m8_lly4uzt3
12/26/2024 02:37:59 PM - humann.utilities - DEBUG: Remove file: /mnt/omar/pipelines/ont/work/results/004_pathways/humann/SRR7947175/SRR7947175_merged_humann_temp/tmpto0oyb68/tmp_qn0grwd
12/26/2024 02:37:59 PM - humann.humann - INFO: TIMESTAMP: Completed 	translated alignment 	:	 575	 seconds
12/26/2024 02:37:59 PM - humann.utilities - DEBUG: Total alignments where percent identity is not a number: 0
12/26/2024 02:37:59 PM - humann.utilities - DEBUG: Total alignments where alignment length is not a number: 0
12/26/2024 02:37:59 PM - humann.utilities - DEBUG: Total alignments where E-value is not a number: 0
12/26/2024 02:37:59 PM - humann.utilities - DEBUG: Total alignments not included based on large e-value: 0
12/26/2024 02:37:59 PM - humann.utilities - DEBUG: Total alignments not included based on small percent identity: 21561
12/26/2024 02:37:59 PM - humann.utilities - DEBUG: Total alignments not included based on small query coverage: 2
12/26/2024 02:37:59 PM - humann.search.blastx_coverage - INFO: Total alignments without coverage information: 0
12/26/2024 02:37:59 PM - humann.search.blastx_coverage - INFO: Total proteins in blastx output: 14853
12/26/2024 02:37:59 PM - humann.search.blastx_coverage - INFO: Total proteins without lengths: 0
12/26/2024 02:37:59 PM - humann.search.blastx_coverage - INFO: Proteins with coverage greater than threshold (1.0): 14793
12/26/2024 02:38:00 PM - humann.utilities - DEBUG: Total alignments where percent identity is not a number: 0
12/26/2024 02:38:00 PM - humann.utilities - DEBUG: Total alignments where alignment length is not a number: 0
12/26/2024 02:38:00 PM - humann.utilities - DEBUG: Total alignments where E-value is not a number: 0
12/26/2024 02:38:00 PM - humann.utilities - DEBUG: Total alignments not included based on large e-value: 0
12/26/2024 02:38:00 PM - humann.utilities - DEBUG: Total alignments not included based on small percent identity: 21561
12/26/2024 02:38:00 PM - humann.utilities - DEBUG: Total alignments not included based on small query coverage: 2
12/26/2024 02:38:00 PM - humann.search.translated - DEBUG: Total translated alignments not included based on small subject coverage value: 61
12/26/2024 02:38:02 PM - humann.utilities - DEBUG: Remove file: /mnt/omar/pipelines/ont/work/results/004_pathways/humann/SRR7947175/SRR7947175_merged_humann_temp/tmpto0oyb68/tmp8et4xmhr
12/26/2024 02:38:02 PM - humann.humann - INFO: TIMESTAMP: Completed 	translated alignment post-processing 	:	 2	 seconds
12/26/2024 02:38:02 PM - humann.humann - INFO: Total bugs after translated alignment: 1
12/26/2024 02:38:02 PM - humann.humann - INFO: 
unclassified: 20190 hits
12/26/2024 02:38:02 PM - humann.humann - INFO: Total gene families after translated alignment: 14793
12/26/2024 02:38:02 PM - humann.humann - INFO: Unaligned reads after translated alignment: 74.5654639649 %
12/26/2024 02:38:02 PM - humann.humann - INFO: Computing gene families ...
12/26/2024 02:38:02 PM - humann.quantify.families - DEBUG: Compute gene families
12/26/2024 02:38:02 PM - humann.store - INFO: 
Total gene families  : 14793
unclassified : 14793 gene families
12/26/2024 02:38:02 PM - humann.humann - INFO: TIMESTAMP: Completed 	computing gene families 	:	 0	 seconds
12/26/2024 02:38:02 PM - humann.humann - INFO: Computing reaction and pathway abundance ...
12/26/2024 02:38:02 PM - humann.quantify.modules - DEBUG: Write flat reactions to pathways file for Minpath
12/26/2024 02:38:02 PM - humann.quantify.modules - INFO: Compute reaction scores for bug: unclassified
12/26/2024 02:38:07 PM - humann.quantify.modules - INFO: Run MinPath on unclassified
12/26/2024 02:38:07 PM - humann.quantify.modules - INFO: Compute reaction scores for bug: all
12/26/2024 02:38:12 PM - humann.quantify.modules - INFO: Run MinPath on all
12/26/2024 02:38:12 PM - humann.quantify.modules - DEBUG: Print pathways 
12/26/2024 02:38:12 PM - humann.utilities - DEBUG: Using python module : /home/omar/Downloads/miniconda3/envs/humann_env/lib/python3.12/site-packages/humann/quantify/MinPath12hmp.py
12/26/2024 02:38:12 PM - humann.utilities - DEBUG: Using python module : /home/omar/Downloads/miniconda3/envs/humann_env/lib/python3.12/site-packages/humann/quantify/MinPath12hmp.py
12/26/2024 02:38:12 PM - humann.utilities - INFO: Execute command: /home/omar/Downloads/miniconda3/envs/humann_env/bin/python3.12 /home/omar/Downloads/miniconda3/envs/humann_env/lib/python3.12/site-packages/humann/quantify/MinPath12hmp.py -any /mnt/omar/pipelines/ont/work/results/004_pathways/humann/SRR7947175/SRR7947175_merged_humann_temp/tmpto0oyb68/tmpu7n4d5vp -map /mnt/omar/pipelines/ont/work/results/004_pathways/humann/SRR7947175/SRR7947175_merged_humann_temp/tmpto0oyb68/tmp0htshxa8 -report /mnt/omar/pipelines/ont/work/results/004_pathways/humann/SRR7947175/SRR7947175_merged_humann_temp/tmpto0oyb68/tmp2qw4umab -details /mnt/omar/pipelines/ont/work/results/004_pathways/humann/SRR7947175/SRR7947175_merged_humann_temp/tmpto0oyb68/tmp2jla7q_i -mps /mnt/omar/pipelines/ont/work/results/004_pathways/humann/SRR7947175/SRR7947175_merged_humann_temp/tmpto0oyb68/tmpnk5kqan2
12/26/2024 02:38:12 PM - humann.utilities - INFO: Execute command: /home/omar/Downloads/miniconda3/envs/humann_env/bin/python3.12 /home/omar/Downloads/miniconda3/envs/humann_env/lib/python3.12/site-packages/humann/quantify/MinPath12hmp.py -any /mnt/omar/pipelines/ont/work/results/004_pathways/humann/SRR7947175/SRR7947175_merged_humann_temp/tmpto0oyb68/tmpn0mnlqwl -map /mnt/omar/pipelines/ont/work/results/004_pathways/humann/SRR7947175/SRR7947175_merged_humann_temp/tmpto0oyb68/tmp0htshxa8 -report /mnt/omar/pipelines/ont/work/results/004_pathways/humann/SRR7947175/SRR7947175_merged_humann_temp/tmpto0oyb68/tmpf9ntx9wk -details /mnt/omar/pipelines/ont/work/results/004_pathways/humann/SRR7947175/SRR7947175_merged_humann_temp/tmpto0oyb68/tmpcoexgxi9 -mps /mnt/omar/pipelines/ont/work/results/004_pathways/humann/SRR7947175/SRR7947175_merged_humann_temp/tmpto0oyb68/tmpamvvkvhw
12/26/2024 02:38:14 PM - humann.quantify.modules - DEBUG: Compute pathway abundance for bug: unclassified
12/26/2024 02:38:14 PM - humann.quantify.modules - DEBUG: Compute pathway abundance for bug: all
12/26/2024 02:38:33 PM - humann.quantify.modules - DEBUG: Print pathways _Abundance
12/26/2024 02:38:33 PM - humann.humann - INFO: TIMESTAMP: Completed 	computing pathways 	:	 31	 seconds
12/26/2024 02:38:33 PM - humann.humann - INFO: 
Output files created: 
/mnt/omar/pipelines/ont/work/results/004_pathways/humann/SRR7947175/SRR7947175_merged_1_metaphlan_profile.tsv
/mnt/omar/pipelines/ont/work/results/004_pathways/humann/SRR7947175/SRR7947175_merged_2_genefamilies.tsv
/mnt/omar/pipelines/ont/work/results/004_pathways/humann/SRR7947175/SRR7947175_merged_3_reactions.tsv
/mnt/omar/pipelines/ont/work/results/004_pathways/humann/SRR7947175/SRR7947175_merged_4_pathabundance.tsv
/mnt/omar/pipelines/ont/work/results/004_pathways/humann/SRR7947175/SRR7947175_merged_0.log

12/26/2024 02:38:33 PM - humann.utilities - DEBUG: Remove directory: /mnt/omar/pipelines/ont/work/results/004_pathways/humann/SRR7947175/SRR7947175_merged_humann_temp/tmpto0oyb68
