12/02/2024 07:37:40 PM - humann.humann - INFO: Running humann v3.9
12/02/2024 07:37:40 PM - humann.humann - INFO: Output files will be written to: /mnt/omar/pipelines/ont/work/results/004_pathways/humann/ERR13731435/kegg_pathways
12/02/2024 07:37:40 PM - humann.humann - INFO: Writing temp files to directory: /mnt/omar/pipelines/ont/work/results/004_pathways/humann/ERR13731435/kegg_pathways/ERR13731435_genefamilies_uniref90_kegg_orthologs_humann_temp
12/02/2024 07:37:40 PM - humann.utilities - INFO: File ( /mnt/omar/pipelines/ont/work/results/004_pathways/humann/ERR13731435/ERR13731435_genefamilies_uniref90_kegg_orthologs.tsv ) is of format:  genetable
12/02/2024 07:37:40 PM - humann.config - INFO: 
Run config settings: 

DATABASE SETTINGS
nucleotide database folder = /mnt/omar/pipelines/ont/work/ref/humann/chocophlan
protein database folder = /mnt/omar/pipelines/ont/work/ref/humann/uniref
pathways database file = /mnt/omar/pipelines/ont/work/ref/humann/legacy/humann_legacy-0.99b/data/keggc
utility mapping database folder = /mnt/omar/pipelines/ont/work/ref/humann/utility_mapping

RUN MODES
resume = False
verbose = False
bypass prescreen = False
bypass nucleotide index = False
bypass nucleotide search = False
bypass translated search = False
translated search = diamond
threads = 1

SEARCH MODE
search mode = uniref90
nucleotide identity threshold = 0.0
translated identity threshold = 80.0

ALIGNMENT SETTINGS
bowtie2 options = --very-sensitive
diamond options = --top 1 --outfmt 6
evalue threshold = 1.0
prescreen threshold = 0.01
translated subject coverage threshold = 50.0
translated query coverage threshold = 90.0
nucleotide subject coverage threshold = 50.0
nucleotide query coverage threshold = 90.0

PATHWAYS SETTINGS
minpath = on
xipe = off
gap fill = on

INPUT AND OUTPUT FORMATS
input file format = genetable
output file format = tsv
output max decimals = 10
remove stratified output = False
remove column description output = False
log level = DEBUG

12/02/2024 07:37:40 PM - humann.store - DEBUG: Initialize Alignments class instance to minimize memory use
12/02/2024 07:37:40 PM - humann.store - DEBUG: Initialize Reads class instance to minimize memory use
12/02/2024 07:37:40 PM - humann.humann - INFO: Load pathways database: /mnt/omar/pipelines/ont/work/ref/humann/legacy/humann_legacy-0.99b/data/keggc
12/02/2024 07:37:40 PM - humann.humann - INFO: Process the gene table ...
12/02/2024 07:37:40 PM - humann.humann - INFO: TIMESTAMP: Completed 	processing gene table 	:	 0	 seconds
12/02/2024 07:37:40 PM - humann.humann - INFO: Computing pathways abundance and coverage ...
12/02/2024 07:37:40 PM - humann.quantify.modules - DEBUG: Write flat reactions to pathways file for Minpath
12/02/2024 07:37:40 PM - humann.quantify.modules - INFO: Compute reaction scores for bug: all
12/02/2024 07:37:40 PM - humann.quantify.modules - INFO: Run MinPath on all
12/02/2024 07:37:40 PM - humann.quantify.modules - INFO: Compute reaction scores for bug: unclassified
12/02/2024 07:37:40 PM - humann.quantify.modules - INFO: Run MinPath on unclassified
12/02/2024 07:37:40 PM - humann.utilities - DEBUG: Using python module : /home/omar/Downloads/miniconda3/envs/humann_env/lib/python3.12/site-packages/humann/quantify/MinPath12hmp.py
12/02/2024 07:37:40 PM - humann.utilities - INFO: Execute command: /home/omar/Downloads/miniconda3/envs/humann_env/bin/python3.12 /home/omar/Downloads/miniconda3/envs/humann_env/lib/python3.12/site-packages/humann/quantify/MinPath12hmp.py -any /mnt/omar/pipelines/ont/work/results/004_pathways/humann/ERR13731435/kegg_pathways/ERR13731435_genefamilies_uniref90_kegg_orthologs_humann_temp/tmpnh37ihmg/tmpi4_aoy_r -map /mnt/omar/pipelines/ont/work/results/004_pathways/humann/ERR13731435/kegg_pathways/ERR13731435_genefamilies_uniref90_kegg_orthologs_humann_temp/tmpnh37ihmg/tmp9iji376r -report /mnt/omar/pipelines/ont/work/results/004_pathways/humann/ERR13731435/kegg_pathways/ERR13731435_genefamilies_uniref90_kegg_orthologs_humann_temp/tmpnh37ihmg/tmpqfd_7g5d -details /mnt/omar/pipelines/ont/work/results/004_pathways/humann/ERR13731435/kegg_pathways/ERR13731435_genefamilies_uniref90_kegg_orthologs_humann_temp/tmpnh37ihmg/tmp75tpb_rx -mps /mnt/omar/pipelines/ont/work/results/004_pathways/humann/ERR13731435/kegg_pathways/ERR13731435_genefamilies_uniref90_kegg_orthologs_humann_temp/tmpnh37ihmg/tmporfkedh3
12/02/2024 07:37:42 PM - humann.utilities - DEBUG: Using python module : /home/omar/Downloads/miniconda3/envs/humann_env/lib/python3.12/site-packages/humann/quantify/MinPath12hmp.py
12/02/2024 07:37:42 PM - humann.utilities - INFO: Execute command: /home/omar/Downloads/miniconda3/envs/humann_env/bin/python3.12 /home/omar/Downloads/miniconda3/envs/humann_env/lib/python3.12/site-packages/humann/quantify/MinPath12hmp.py -any /mnt/omar/pipelines/ont/work/results/004_pathways/humann/ERR13731435/kegg_pathways/ERR13731435_genefamilies_uniref90_kegg_orthologs_humann_temp/tmpnh37ihmg/tmpyww4w4ue -map /mnt/omar/pipelines/ont/work/results/004_pathways/humann/ERR13731435/kegg_pathways/ERR13731435_genefamilies_uniref90_kegg_orthologs_humann_temp/tmpnh37ihmg/tmp9iji376r -report /mnt/omar/pipelines/ont/work/results/004_pathways/humann/ERR13731435/kegg_pathways/ERR13731435_genefamilies_uniref90_kegg_orthologs_humann_temp/tmpnh37ihmg/tmp28zwumdp -details /mnt/omar/pipelines/ont/work/results/004_pathways/humann/ERR13731435/kegg_pathways/ERR13731435_genefamilies_uniref90_kegg_orthologs_humann_temp/tmpnh37ihmg/tmp_l3ye2j8 -mps /mnt/omar/pipelines/ont/work/results/004_pathways/humann/ERR13731435/kegg_pathways/ERR13731435_genefamilies_uniref90_kegg_orthologs_humann_temp/tmpnh37ihmg/tmpquhh48w3
12/02/2024 07:37:45 PM - humann.quantify.modules - DEBUG: Compute pathway abundance for bug: all
12/02/2024 07:37:45 PM - humann.quantify.modules - DEBUG: Compute pathway abundance for bug: unclassified
12/02/2024 07:37:45 PM - humann.quantify.modules - DEBUG: Compute pathway coverage for bug: all
12/02/2024 07:37:45 PM - humann.quantify.modules - DEBUG: Compute pathway coverage for bug: unclassified
12/02/2024 07:37:45 PM - humann.quantify.modules - DEBUG: Print pathways _Abundance
12/02/2024 07:37:45 PM - humann.quantify.modules - DEBUG: Print pathways _Coverage
12/02/2024 07:37:45 PM - humann.humann - INFO: TIMESTAMP: Completed 	computing pathways 	:	 5	 seconds
12/02/2024 07:37:45 PM - humann.humann - INFO: 
Output files created: 
/mnt/omar/pipelines/ont/work/results/004_pathways/humann/ERR13731435/kegg_pathways/ERR13731435_genefamilies_uniref90_kegg_orthologs_pathabundance.tsv
/mnt/omar/pipelines/ont/work/results/004_pathways/humann/ERR13731435/kegg_pathways/ERR13731435_genefamilies_uniref90_kegg_orthologs_pathcoverage.tsv

12/02/2024 07:37:45 PM - humann.utilities - DEBUG: Remove directory: /mnt/omar/pipelines/ont/work/results/004_pathways/humann/ERR13731435/kegg_pathways/ERR13731435_genefamilies_uniref90_kegg_orthologs_humann_temp/tmpnh37ihmg
