12/23/2024 11:41:36 AM - humann.humann - INFO: Running humann v4.0.0.alpha.1
12/23/2024 11:41:36 AM - humann.humann - INFO: Output files will be written to: /mnt/omar/pipelines/ont/work/results/004_pathways/humann/SRR7947171
12/23/2024 11:41:36 AM - humann.humann - INFO: Writing temp files to directory: /mnt/omar/pipelines/ont/work/results/004_pathways/humann/SRR7947171/SRR7947171_1_humann_temp
12/23/2024 11:41:36 AM - humann.utilities - INFO: File ( /mnt/omar/pipelines/ont/work/results/002_qc/merged/SRR7947171_1.fastq.gz ) is of format:  fastq.gz
12/23/2024 11:41:36 AM - humann.utilities - INFO: Decompressing gzipped file ...
12/23/2024 11:41:37 AM - humann.humann - INFO: Removing spaces from identifiers in input file
12/23/2024 11:41:38 AM - humann.utilities - DEBUG: Check software, metaphlan, for required version, 4.0
12/23/2024 11:41:47 AM - humann.utilities - INFO: Using metaphlan version 4.1
12/23/2024 11:41:47 AM - humann.utilities - DEBUG: Check software, bowtie2, for required version, 2.2
12/23/2024 11:41:47 AM - humann.utilities - INFO: Using bowtie2 version 2.5
12/23/2024 11:41:47 AM - humann.utilities - DEBUG: Check software, diamond, for required version, 2.0.15
12/23/2024 11:41:47 AM - humann.utilities - INFO: Using diamond version 2.1.9
12/23/2024 11:41:47 AM - humann.config - INFO: 
Run config settings: 

DATABASE SETTINGS
nucleotide database folder = /mnt/omar/misc/tests/chocophlan/chocophlan
protein database folder = /mnt/omar/misc/tests/uniref
pathways database file 1 = /mnt/omar/misc/tests/utility_mapping/utility_mapping/metacyc_reactions_level4ec_only.uniref.bz2
pathways database file 2 = /mnt/omar/misc/tests/utility_mapping/utility_mapping/metacyc_pathways_structured_filtered_v24_subreactions
utility mapping database folder = /mnt/omar/misc/tests/utility_mapping/utility_mapping

RUN MODES
resume = True
verbose = True
bypass prescreen = False
bypass nucleotide index = False
bypass nucleotide search = False
bypass translated search = False
translated search = diamond
threads = 11

Identity thresholds
nucleotide = 0.0
translated = 50.0

ALIGNMENT SETTINGS
bowtie2 options = --very-sensitive-local
diamond options = --top 1 --sensitive --outfmt 6
evalue threshold = 1.0
prescreen threshold = 0.01
average read length = 1548.0
translated subject coverage threshold = 15.0
translated query coverage threshold = 6.0
nucleotide subject coverage threshold = 15.0
nucleotide query coverage threshold = 6.0

PATHWAYS SETTINGS
minpath = on
xipe = off
gap fill = on

INPUT AND OUTPUT FORMATS
input file format = fastq.gz
output file format = tsv
normalization mode = Adjusted CPMs
output max decimals = 10
remove stratified output = False
remove column description output = False
log level = DEBUG

12/23/2024 11:41:47 AM - humann.store - DEBUG: Initialize Alignments class instance to minimize memory use
12/23/2024 11:41:47 AM - humann.store - DEBUG: Initialize Reads class instance to minimize memory use
12/23/2024 11:43:18 AM - humann.humann - INFO: Load pathways database part 1: /mnt/omar/misc/tests/utility_mapping/utility_mapping/metacyc_reactions_level4ec_only.uniref.bz2
12/23/2024 11:43:18 AM - humann.humann - INFO: Load pathways database part 2: /mnt/omar/misc/tests/utility_mapping/utility_mapping/metacyc_pathways_structured_filtered_v24_subreactions
12/23/2024 11:43:18 AM - humann.search.prescreen - INFO: Running metaphlan ........
12/23/2024 11:43:18 AM - humann.utilities - DEBUG: Using software: /home/omar/Downloads/miniconda3/envs/humann_env/bin/metaphlan
12/23/2024 11:43:18 AM - humann.utilities - INFO: Execute command: /home/omar/Downloads/miniconda3/envs/humann_env/bin/metaphlan /mnt/omar/pipelines/ont/work/results/004_pathways/humann/SRR7947171/SRR7947171_1_humann_temp/tmpyahv07t7/tmpudoudvw8 -t rel_ab_w_read_stats -o /mnt/omar/pipelines/ont/work/results/004_pathways/humann/SRR7947171/SRR7947171_1_1_metaphlan_profile.tsv --input_type fastq --bowtie2out /mnt/omar/pipelines/ont/work/results/004_pathways/humann/SRR7947171/SRR7947171_1_humann_temp/SRR7947171_1_metaphlan_bowtie2.txt --nproc 11
12/23/2024 11:50:04 AM - humann.utilities - DEBUG: b''
12/23/2024 11:50:04 AM - humann.humann - INFO: TIMESTAMP: Completed 	prescreen 	:	 406	 seconds
12/23/2024 11:50:04 AM - humann.search.prescreen - INFO: Total species selected from prescreen: 0
12/23/2024 11:50:04 AM - humann.search.prescreen - DEBUG: 

No species were selected from the prescreen.
Because of this the custom ChocoPhlAn database is empty.
This will result in zero species-specific gene families and pathways.


12/23/2024 11:50:04 AM - humann.humann - INFO: TIMESTAMP: Completed 	custom database creation 	:	 0	 seconds
12/23/2024 11:50:04 AM - humann.humann - DEBUG: Custom database is empty
12/23/2024 11:50:04 AM - humann.store - DEBUG: Initialize Reads class instance to minimize memory use
12/23/2024 11:50:05 AM - humann.utilities - DEBUG: Remove file: /mnt/omar/pipelines/ont/work/results/004_pathways/humann/SRR7947171/SRR7947171_1_humann_temp/tmpyahv07t7/tmpbd6me1v3
12/23/2024 11:50:05 AM - humann.search.translated - DEBUG: Convert unaligned reads fastq file to fasta
12/23/2024 11:50:06 AM - humann.search.translated - INFO: Running diamond ........
12/23/2024 11:50:06 AM - humann.search.translated - INFO: Aligning to reference database: humann4_protein_database_filtered_v2019_06.dmnd
12/23/2024 11:50:06 AM - humann.utilities - DEBUG: Remove file: /mnt/omar/pipelines/ont/work/results/004_pathways/humann/SRR7947171/SRR7947171_1_humann_temp/tmpyahv07t7/diamond_m8_ykvqp9gl
12/23/2024 11:50:06 AM - humann.utilities - DEBUG: Using software: /home/omar/Downloads/miniconda3/envs/humann_env/bin/diamond
12/23/2024 11:50:06 AM - humann.utilities - INFO: Execute command: /home/omar/Downloads/miniconda3/envs/humann_env/bin/diamond blastx --query /mnt/omar/pipelines/ont/work/results/004_pathways/humann/SRR7947171/SRR7947171_1_humann_temp/tmpyahv07t7/tmpaiy4_qzc --evalue 1.0 --threads 11 --top 1 --sensitive --outfmt 6 --db /mnt/omar/misc/tests/uniref/humann4_protein_database_filtered_v2019_06 --out /mnt/omar/pipelines/ont/work/results/004_pathways/humann/SRR7947171/SRR7947171_1_humann_temp/tmpyahv07t7/diamond_m8_ykvqp9gl --tmpdir /mnt/omar/pipelines/ont/work/results/004_pathways/humann/SRR7947171/SRR7947171_1_humann_temp/tmpyahv07t7
12/23/2024 11:59:49 AM - humann.utilities - DEBUG: b'diamond v2.1.9.163 (C) Max Planck Society for the Advancement of Science, Benjamin Buchfink, University of Tuebingen\nDocumentation, support and updates available at http://www.diamondsearch.org\nPlease cite: http://dx.doi.org/10.1038/s41592-021-01101-x Nature Methods (2021)\n\n#CPU threads: 11\nScoring parameters: (Matrix=BLOSUM62 Lambda=0.267 K=0.041 Penalties=11/1)\nTemporary directory: /mnt/omar/pipelines/ont/work/results/004_pathways/humann/SRR7947171/SRR7947171_1_humann_temp/tmpyahv07t7\nPercentage range of top alignment score to report hits: 1\nOpening the database...  [1.081s]\nDatabase: /mnt/omar/misc/tests/uniref/humann4_protein_database_filtered_v2019_06 (type: Diamond database, sequences: 3435636, letters: 1515992226)\nBlock size = 2000000000\nOpening the input file...  [0.094s]\nOpening the output file...  [0s]\nLoading query sequences...  [1.258s]\nMasking queries...  [0.849s]\nAlgorithm: Double-indexed\nBuilding query histograms...  [1.214s]\nSeeking in database...  [0s]\nLoading reference sequences...  [15.281s]\nMasking reference...  [9.886s]\nInitializing temporary storage...  [0.002s]\nBuilding reference histograms...  [28.211s]\nAllocating buffers...  [0.008s]\nProcessing query block 1, reference block 1/1, shape 1/16, index chunk 1/4.\nBuilding reference seed array...  [4.984s]\nBuilding query seed array...  [0.162s]\nComputing hash join...  [1.359s]\nMasking low complexity seeds...  [0.056s]\nSearching alignments...  [3.29s]\nDeallocating memory...  [0s]\nProcessing query block 1, reference block 1/1, shape 1/16, index chunk 2/4.\nBuilding reference seed array...  [3.976s]\nBuilding query seed array...  [0.159s]\nComputing hash join...  [1.248s]\nMasking low complexity seeds...  [0.06s]\nSearching alignments...  [3.347s]\nDeallocating memory...  [0s]\nProcessing query block 1, reference block 1/1, shape 1/16, index chunk 3/4.\nBuilding reference seed array...  [4.008s]\nBuilding query seed array...  [0.18s]\nComputing hash join...  [1.281s]\nMasking low complexity seeds...  [0.054s]\nSearching alignments...  [3.256s]\nDeallocating memory...  [0s]\nProcessing query block 1, reference block 1/1, shape 1/16, index chunk 4/4.\nBuilding reference seed array...  [2.779s]\nBuilding query seed array...  [0.074s]\nComputing hash join...  [1.062s]\nMasking low complexity seeds...  [0.054s]\nSearching alignments...  [3.226s]\nDeallocating memory...  [0s]\nProcessing query block 1, reference block 1/1, shape 2/16, index chunk 1/4.\nBuilding reference seed array...  [2.961s]\nBuilding query seed array...  [0.137s]\nComputing hash join...  [1.249s]\nMasking low complexity seeds...  [0.055s]\nSearching alignments...  [3.041s]\nDeallocating memory...  [0s]\nProcessing query block 1, reference block 1/1, shape 2/16, index chunk 2/4.\nBuilding reference seed array...  [4.691s]\nBuilding query seed array...  [0.161s]\nComputing hash join...  [1.591s]\nMasking low complexity seeds...  [0.056s]\nSearching alignments...  [3.056s]\nDeallocating memory...  [0s]\nProcessing query block 1, reference block 1/1, shape 2/16, index chunk 3/4.\nBuilding reference seed array...  [4.396s]\nBuilding query seed array...  [0.205s]\nComputing hash join...  [1.415s]\nMasking low complexity seeds...  [0.059s]\nSearching alignments...  [3.093s]\nDeallocating memory...  [0s]\nProcessing query block 1, reference block 1/1, shape 2/16, index chunk 4/4.\nBuilding reference seed array...  [2.93s]\nBuilding query seed array...  [0.068s]\nComputing hash join...  [1.156s]\nMasking low complexity seeds...  [0.055s]\nSearching alignments...  [3.116s]\nDeallocating memory...  [0s]\nProcessing query block 1, reference block 1/1, shape 3/16, index chunk 1/4.\nBuilding reference seed array...  [2.976s]\nBuilding query seed array...  [0.138s]\nComputing hash join...  [1.147s]\nMasking low complexity seeds...  [0.06s]\nSearching alignments...  [3.303s]\nDeallocating memory...  [0s]\nProcessing query block 1, reference block 1/1, shape 3/16, index chunk 2/4.\nBuilding reference seed array...  [3.416s]\nBuilding query seed array...  [0.087s]\nComputing hash join...  [1.117s]\nMasking low complexity seeds...  [0.06s]\nSearching alignments...  [3.275s]\nDeallocating memory...  [0s]\nProcessing query block 1, reference block 1/1, shape 3/16, index chunk 3/4.\nBuilding reference seed array...  [3.568s]\nBuilding query seed array...  [0.176s]\nComputing hash join...  [1.255s]\nMasking low complexity seeds...  [0.057s]\nSearching alignments...  [3.32s]\nDeallocating memory...  [0s]\nProcessing query block 1, reference block 1/1, shape 3/16, index chunk 4/4.\nBuilding reference seed array...  [2.991s]\nBuilding query seed array...  [0.138s]\nComputing hash join...  [1.208s]\nMasking low complexity seeds...  [0.06s]\nSearching alignments...  [3.316s]\nDeallocating memory...  [0s]\nProcessing query block 1, reference block 1/1, shape 4/16, index chunk 1/4.\nBuilding reference seed array...  [2.876s]\nBuilding query seed array...  [0.137s]\nComputing hash join...  [1.204s]\nMasking low complexity seeds...  [0.06s]\nSearching alignments...  [3.288s]\nDeallocating memory...  [0s]\nProcessing query block 1, reference block 1/1, shape 4/16, index chunk 2/4.\nBuilding reference seed array...  [3.317s]\nBuilding query seed array...  [0.163s]\nComputing hash join...  [1.236s]\nMasking low complexity seeds...  [0.058s]\nSearching alignments...  [3.417s]\nDeallocating memory...  [0s]\nProcessing query block 1, reference block 1/1, shape 4/16, index chunk 3/4.\nBuilding reference seed array...  [3.712s]\nBuilding query seed array...  [0.158s]\nComputing hash join...  [1.203s]\nMasking low complexity seeds...  [0.055s]\nSearching alignments...  [3.24s]\nDeallocating memory...  [0s]\nProcessing query block 1, reference block 1/1, shape 4/16, index chunk 4/4.\nBuilding reference seed array...  [2.895s]\nBuilding query seed array...  [0.139s]\nComputing hash join...  [1.246s]\nMasking low complexity seeds...  [0.059s]\nSearching alignments...  [3.268s]\nDeallocating memory...  [0s]\nProcessing query block 1, reference block 1/1, shape 5/16, index chunk 1/4.\nBuilding reference seed array...  [2.998s]\nBuilding query seed array...  [0.146s]\nComputing hash join...  [1.265s]\nMasking low complexity seeds...  [0.055s]\nSearching alignments...  [3.164s]\nDeallocating memory...  [0s]\nProcessing query block 1, reference block 1/1, shape 5/16, index chunk 2/4.\nBuilding reference seed array...  [3.439s]\nBuilding query seed array...  [0.159s]\nComputing hash join...  [1.158s]\nMasking low complexity seeds...  [0.058s]\nSearching alignments...  [3.222s]\nDeallocating memory...  [0s]\nProcessing query block 1, reference block 1/1, shape 5/16, index chunk 3/4.\nBuilding reference seed array...  [3.59s]\nBuilding query seed array...  [0.173s]\nComputing hash join...  [1.2s]\nMasking low complexity seeds...  [0.056s]\nSearching alignments...  [3.222s]\nDeallocating memory...  [0s]\nProcessing query block 1, reference block 1/1, shape 5/16, index chunk 4/4.\nBuilding reference seed array...  [2.91s]\nBuilding query seed array...  [0.136s]\nComputing hash join...  [1.195s]\nMasking low complexity seeds...  [0.055s]\nSearching alignments...  [3.224s]\nDeallocating memory...  [0s]\nProcessing query block 1, reference block 1/1, shape 6/16, index chunk 1/4.\nBuilding reference seed array...  [2.938s]\nBuilding query seed array...  [0.142s]\nComputing hash join...  [1.177s]\nMasking low complexity seeds...  [0.053s]\nSearching alignments...  [3.343s]\nDeallocating memory...  [0s]\nProcessing query block 1, reference block 1/1, shape 6/16, index chunk 2/4.\nBuilding reference seed array...  [3.461s]\nBuilding query seed array...  [0.164s]\nComputing hash join...  [1.2s]\nMasking low complexity seeds...  [0.056s]\nSearching alignments...  [3.293s]\nDeallocating memory...  [0s]\nProcessing query block 1, reference block 1/1, shape 6/16, index chunk 3/4.\nBuilding reference seed array...  [4.083s]\nBuilding query seed array...  [0.176s]\nComputing hash join...  [1.349s]\nMasking low complexity seeds...  [0.055s]\nSearching alignments...  [3.264s]\nDeallocating memory...  [0s]\nProcessing query block 1, reference block 1/1, shape 6/16, index chunk 4/4.\nBuilding reference seed array...  [2.848s]\nBuilding query seed array...  [0.134s]\nComputing hash join...  [1.069s]\nMasking low complexity seeds...  [0.058s]\nSearching alignments...  [3.273s]\nDeallocating memory...  [0s]\nProcessing query block 1, reference block 1/1, shape 7/16, index chunk 1/4.\nBuilding reference seed array...  [3.706s]\nBuilding query seed array...  [0.137s]\nComputing hash join...  [1.464s]\nMasking low complexity seeds...  [0.057s]\nSearching alignments...  [3.154s]\nDeallocating memory...  [0s]\nProcessing query block 1, reference block 1/1, shape 7/16, index chunk 2/4.\nBuilding reference seed array...  [4.131s]\nBuilding query seed array...  [0.163s]\nComputing hash join...  [1.432s]\nMasking low complexity seeds...  [0.061s]\nSearching alignments...  [3.219s]\nDeallocating memory...  [0s]\nProcessing query block 1, reference block 1/1, shape 7/16, index chunk 3/4.\nBuilding reference seed array...  [4.201s]\nBuilding query seed array...  [0.183s]\nComputing hash join...  [1.334s]\nMasking low complexity seeds...  [0.056s]\nSearching alignments...  [3.23s]\nDeallocating memory...  [0s]\nProcessing query block 1, reference block 1/1, shape 7/16, index chunk 4/4.\nBuilding reference seed array...  [3.554s]\nBuilding query seed array...  [0.168s]\nComputing hash join...  [1.459s]\nMasking low complexity seeds...  [0.062s]\nSearching alignments...  [3.185s]\nDeallocating memory...  [0s]\nProcessing query block 1, reference block 1/1, shape 8/16, index chunk 1/4.\nBuilding reference seed array...  [2.979s]\nBuilding query seed array...  [0.136s]\nComputing hash join...  [1.157s]\nMasking low complexity seeds...  [0.056s]\nSearching alignments...  [3.224s]\nDeallocating memory...  [0s]\nProcessing query block 1, reference block 1/1, shape 8/16, index chunk 2/4.\nBuilding reference seed array...  [3.408s]\nBuilding query seed array...  [0.166s]\nComputing hash join...  [1.12s]\nMasking low complexity seeds...  [0.058s]\nSearching alignments...  [3.242s]\nDeallocating memory...  [0s]\nProcessing query block 1, reference block 1/1, shape 8/16, index chunk 3/4.\nBuilding reference seed array...  [3.941s]\nBuilding query seed array...  [0.171s]\nComputing hash join...  [1.383s]\nMasking low complexity seeds...  [0.059s]\nSearching alignments...  [3.281s]\nDeallocating memory...  [0s]\nProcessing query block 1, reference block 1/1, shape 8/16, index chunk 4/4.\nBuilding reference seed array...  [2.976s]\nBuilding query seed array...  [0.136s]\nComputing hash join...  [1.312s]\nMasking low complexity seeds...  [0.061s]\nSearching alignments...  [3.198s]\nDeallocating memory...  [0s]\nProcessing query block 1, reference block 1/1, shape 9/16, index chunk 1/4.\nBuilding reference seed array...  [2.905s]\nBuilding query seed array...  [0.139s]\nComputing hash join...  [1.14s]\nMasking low complexity seeds...  [0.055s]\nSearching alignments...  [3.26s]\nDeallocating memory...  [0s]\nProcessing query block 1, reference block 1/1, shape 9/16, index chunk 2/4.\nBuilding reference seed array...  [3.414s]\nBuilding query seed array...  [0.086s]\nComputing hash join...  [1.067s]\nMasking low complexity seeds...  [0.059s]\nSearching alignments...  [3.368s]\nDeallocating memory...  [0s]\nProcessing query block 1, reference block 1/1, shape 9/16, index chunk 3/4.\nBuilding reference seed array...  [3.624s]\nBuilding query seed array...  [0.175s]\nComputing hash join...  [1.201s]\nMasking low complexity seeds...  [0.058s]\nSearching alignments...  [3.171s]\nDeallocating memory...  [0s]\nProcessing query block 1, reference block 1/1, shape 9/16, index chunk 4/4.\nBuilding reference seed array...  [2.888s]\nBuilding query seed array...  [0.073s]\nComputing hash join...  [1.219s]\nMasking low complexity seeds...  [0.059s]\nSearching alignments...  [3.307s]\nDeallocating memory...  [0s]\nProcessing query block 1, reference block 1/1, shape 10/16, index chunk 1/4.\nBuilding reference seed array...  [2.986s]\nBuilding query seed array...  [0.137s]\nComputing hash join...  [1.096s]\nMasking low complexity seeds...  [0.056s]\nSearching alignments...  [3.169s]\nDeallocating memory...  [0s]\nProcessing query block 1, reference block 1/1, shape 10/16, index chunk 2/4.\nBuilding reference seed array...  [4.206s]\nBuilding query seed array...  [0.161s]\nComputing hash join...  [1.462s]\nMasking low complexity seeds...  [0.063s]\nSearching alignments...  [3.133s]\nDeallocating memory...  [0s]\nProcessing query block 1, reference block 1/1, shape 10/16, index chunk 3/4.\nBuilding reference seed array...  [4.043s]\nBuilding query seed array...  [0.175s]\nComputing hash join...  [1.363s]\nMasking low complexity seeds...  [0.064s]\nSearching alignments...  [3.209s]\nDeallocating memory...  [0s]\nProcessing query block 1, reference block 1/1, shape 10/16, index chunk 4/4.\nBuilding reference seed array...  [2.907s]\nBuilding query seed array...  [0.131s]\nComputing hash join...  [1.167s]\nMasking low complexity seeds...  [0.051s]\nSearching alignments...  [3.174s]\nDeallocating memory...  [0s]\nProcessing query block 1, reference block 1/1, shape 11/16, index chunk 1/4.\nBuilding reference seed array...  [2.851s]\nBuilding query seed array...  [0.135s]\nComputing hash join...  [1.147s]\nMasking low complexity seeds...  [0.056s]\nSearching alignments...  [3.259s]\nDeallocating memory...  [0s]\nProcessing query block 1, reference block 1/1, shape 11/16, index chunk 2/4.\nBuilding reference seed array...  [4.203s]\nBuilding query seed array...  [0.165s]\nComputing hash join...  [1.434s]\nMasking low complexity seeds...  [0.063s]\nSearching alignments...  [3.323s]\nDeallocating memory...  [0s]\nProcessing query block 1, reference block 1/1, shape 11/16, index chunk 3/4.\nBuilding reference seed array...  [3.659s]\nBuilding query seed array...  [0.17s]\nComputing hash join...  [1.14s]\nMasking low complexity seeds...  [0.054s]\nSearching alignments...  [3.227s]\nDeallocating memory...  [0s]\nProcessing query block 1, reference block 1/1, shape 11/16, index chunk 4/4.\nBuilding reference seed array...  [2.895s]\nBuilding query seed array...  [0.136s]\nComputing hash join...  [1.078s]\nMasking low complexity seeds...  [0.057s]\nSearching alignments...  [3.264s]\nDeallocating memory...  [0s]\nProcessing query block 1, reference block 1/1, shape 12/16, index chunk 1/4.\nBuilding reference seed array...  [2.946s]\nBuilding query seed array...  [0.135s]\nComputing hash join...  [1.222s]\nMasking low complexity seeds...  [0.056s]\nSearching alignments...  [3.119s]\nDeallocating memory...  [0s]\nProcessing query block 1, reference block 1/1, shape 12/16, index chunk 2/4.\nBuilding reference seed array...  [3.461s]\nBuilding query seed array...  [0.164s]\nComputing hash join...  [1.276s]\nMasking low complexity seeds...  [0.055s]\nSearching alignments...  [3.166s]\nDeallocating memory...  [0s]\nProcessing query block 1, reference block 1/1, shape 12/16, index chunk 3/4.\nBuilding reference seed array...  [3.542s]\nBuilding query seed array...  [0.167s]\nComputing hash join...  [1.228s]\nMasking low complexity seeds...  [0.056s]\nSearching alignments...  [3.167s]\nDeallocating memory...  [0s]\nProcessing query block 1, reference block 1/1, shape 12/16, index chunk 4/4.\nBuilding reference seed array...  [2.854s]\nBuilding query seed array...  [0.134s]\nComputing hash join...  [1.228s]\nMasking low complexity seeds...  [0.056s]\nSearching alignments...  [3.182s]\nDeallocating memory...  [0s]\nProcessing query block 1, reference block 1/1, shape 13/16, index chunk 1/4.\nBuilding reference seed array...  [2.801s]\nBuilding query seed array...  [0.07s]\nComputing hash join...  [1.101s]\nMasking low complexity seeds...  [0.052s]\nSearching alignments...  [3.164s]\nDeallocating memory...  [0s]\nProcessing query block 1, reference block 1/1, shape 13/16, index chunk 2/4.\nBuilding reference seed array...  [3.997s]\nBuilding query seed array...  [0.162s]\nComputing hash join...  [1.247s]\nMasking low complexity seeds...  [0.055s]\nSearching alignments...  [3.173s]\nDeallocating memory...  [0s]\nProcessing query block 1, reference block 1/1, shape 13/16, index chunk 3/4.\nBuilding reference seed array...  [3.541s]\nBuilding query seed array...  [0.163s]\nComputing hash join...  [1.172s]\nMasking low complexity seeds...  [0.058s]\nSearching alignments...  [3.085s]\nDeallocating memory...  [0s]\nProcessing query block 1, reference block 1/1, shape 13/16, index chunk 4/4.\nBuilding reference seed array...  [2.962s]\nBuilding query seed array...  [0.073s]\nComputing hash join...  [1.145s]\nMasking low complexity seeds...  [0.056s]\nSearching alignments...  [3.117s]\nDeallocating memory...  [0s]\nProcessing query block 1, reference block 1/1, shape 14/16, index chunk 1/4.\nBuilding reference seed array...  [2.937s]\nBuilding query seed array...  [0.138s]\nComputing hash join...  [1.237s]\nMasking low complexity seeds...  [0.057s]\nSearching alignments...  [3.11s]\nDeallocating memory...  [0s]\nProcessing query block 1, reference block 1/1, shape 14/16, index chunk 2/4.\nBuilding reference seed array...  [3.465s]\nBuilding query seed array...  [0.161s]\nComputing hash join...  [1.283s]\nMasking low complexity seeds...  [0.057s]\nSearching alignments...  [3.243s]\nDeallocating memory...  [0s]\nProcessing query block 1, reference block 1/1, shape 14/16, index chunk 3/4.\nBuilding reference seed array...  [3.557s]\nBuilding query seed array...  [0.17s]\nComputing hash join...  [1.115s]\nMasking low complexity seeds...  [0.053s]\nSearching alignments...  [3.175s]\nDeallocating memory...  [0s]\nProcessing query block 1, reference block 1/1, shape 14/16, index chunk 4/4.\nBuilding reference seed array...  [2.747s]\nBuilding query seed array...  [0.135s]\nComputing hash join...  [1.191s]\nMasking low complexity seeds...  [0.057s]\nSearching alignments...  [3.209s]\nDeallocating memory...  [0s]\nProcessing query block 1, reference block 1/1, shape 15/16, index chunk 1/4.\nBuilding reference seed array...  [2.886s]\nBuilding query seed array...  [0.132s]\nComputing hash join...  [1.146s]\nMasking low complexity seeds...  [0.058s]\nSearching alignments...  [3.212s]\nDeallocating memory...  [0s]\nProcessing query block 1, reference block 1/1, shape 15/16, index chunk 2/4.\nBuilding reference seed array...  [3.415s]\nBuilding query seed array...  [0.087s]\nComputing hash join...  [1.078s]\nMasking low complexity seeds...  [0.055s]\nSearching alignments...  [3.196s]\nDeallocating memory...  [0s]\nProcessing query block 1, reference block 1/1, shape 15/16, index chunk 3/4.\nBuilding reference seed array...  [2.99s]\nBuilding query seed array...  [0.075s]\nComputing hash join...  [1.047s]\nMasking low complexity seeds...  [0.059s]\nSearching alignments...  [3.346s]\nDeallocating memory...  [0s]\nProcessing query block 1, reference block 1/1, shape 15/16, index chunk 4/4.\nBuilding reference seed array...  [2.992s]\nBuilding query seed array...  [0.131s]\nComputing hash join...  [1.184s]\nMasking low complexity seeds...  [0.057s]\nSearching alignments...  [3.175s]\nDeallocating memory...  [0s]\nProcessing query block 1, reference block 1/1, shape 16/16, index chunk 1/4.\nBuilding reference seed array...  [2.953s]\nBuilding query seed array...  [0.14s]\nComputing hash join...  [1.258s]\nMasking low complexity seeds...  [0.054s]\nSearching alignments...  [3.203s]\nDeallocating memory...  [0s]\nProcessing query block 1, reference block 1/1, shape 16/16, index chunk 2/4.\nBuilding reference seed array...  [3.413s]\nBuilding query seed array...  [0.082s]\nComputing hash join...  [1.045s]\nMasking low complexity seeds...  [0.055s]\nSearching alignments...  [3.081s]\nDeallocating memory...  [0s]\nProcessing query block 1, reference block 1/1, shape 16/16, index chunk 3/4.\nBuilding reference seed array...  [3.58s]\nBuilding query seed array...  [0.174s]\nComputing hash join...  [1.176s]\nMasking low complexity seeds...  [0.054s]\nSearching alignments...  [3.064s]\nDeallocating memory...  [0s]\nProcessing query block 1, reference block 1/1, shape 16/16, index chunk 4/4.\nBuilding reference seed array...  [2.893s]\nBuilding query seed array...  [0.136s]\nComputing hash join...  [1.24s]\nMasking low complexity seeds...  [0.057s]\nSearching alignments...  [3.068s]\nDeallocating memory...  [0s]\nDeallocating buffers...  [1.185s]\nClearing query masking...  [0.027s]\nComputing alignments... Loading trace points...  [1.937s]\nSorting trace points...  [0.188s]\nComputing alignments...  [6.581s]\nDeallocating buffers...  [0.187s]\nLoading trace points...  [0s]\n [9.555s]\nDeallocating reference...  [0.611s]\nLoading reference sequences...  [0s]\nDeallocating buffers...  [0s]\nDeallocating queries...  [0.032s]\nLoading query sequences...  [0s]\nClosing the input file...  [0s]\nClosing the output file...  [0.002s]\nClosing the database...  [0.019s]\nCleaning up...  [0s]\nTotal time = 582.764s\nReported 12186 pairwise alignments, 12186 HSPs.\n10117 queries aligned.\n'
12/23/2024 11:59:49 AM - humann.utilities - DEBUG: Using software: /usr/bin/cat
12/23/2024 11:59:49 AM - humann.utilities - INFO: Execute command: /usr/bin/cat /mnt/omar/pipelines/ont/work/results/004_pathways/humann/SRR7947171/SRR7947171_1_humann_temp/tmpyahv07t7/diamond_m8_ykvqp9gl
12/23/2024 11:59:49 AM - humann.utilities - DEBUG: Remove file: /mnt/omar/pipelines/ont/work/results/004_pathways/humann/SRR7947171/SRR7947171_1_humann_temp/tmpyahv07t7/tmpaiy4_qzc
12/23/2024 11:59:49 AM - humann.humann - INFO: TIMESTAMP: Completed 	translated alignment 	:	 585	 seconds
12/23/2024 11:59:49 AM - humann.utilities - DEBUG: Total alignments where percent identity is not a number: 0
12/23/2024 11:59:49 AM - humann.utilities - DEBUG: Total alignments where alignment length is not a number: 0
12/23/2024 11:59:49 AM - humann.utilities - DEBUG: Total alignments where E-value is not a number: 0
12/23/2024 11:59:49 AM - humann.utilities - DEBUG: Total alignments not included based on large e-value: 0
12/23/2024 11:59:49 AM - humann.utilities - DEBUG: Total alignments not included based on small percent identity: 6520
12/23/2024 11:59:49 AM - humann.utilities - DEBUG: Total alignments not included based on small query coverage: 1453
12/23/2024 11:59:49 AM - humann.search.blastx_coverage - INFO: Total alignments without coverage information: 0
12/23/2024 11:59:49 AM - humann.search.blastx_coverage - INFO: Total proteins in blastx output: 3381
12/23/2024 11:59:49 AM - humann.search.blastx_coverage - INFO: Total proteins without lengths: 0
12/23/2024 11:59:49 AM - humann.search.blastx_coverage - INFO: Proteins with coverage greater than threshold (15.0): 1672
12/23/2024 11:59:49 AM - humann.utilities - DEBUG: Total alignments where percent identity is not a number: 0
12/23/2024 11:59:49 AM - humann.utilities - DEBUG: Total alignments where alignment length is not a number: 0
12/23/2024 11:59:49 AM - humann.utilities - DEBUG: Total alignments where E-value is not a number: 0
12/23/2024 11:59:49 AM - humann.utilities - DEBUG: Total alignments not included based on large e-value: 0
12/23/2024 11:59:49 AM - humann.utilities - DEBUG: Total alignments not included based on small percent identity: 6520
12/23/2024 11:59:49 AM - humann.utilities - DEBUG: Total alignments not included based on small query coverage: 1453
12/23/2024 11:59:49 AM - humann.search.translated - DEBUG: Total translated alignments not included based on small subject coverage value: 2256
12/23/2024 11:59:50 AM - humann.utilities - DEBUG: Remove file: /mnt/omar/pipelines/ont/work/results/004_pathways/humann/SRR7947171/SRR7947171_1_humann_temp/tmpyahv07t7/tmp0s3j2hh8
12/23/2024 11:59:50 AM - humann.humann - INFO: TIMESTAMP: Completed 	translated alignment post-processing 	:	 1	 seconds
12/23/2024 11:59:50 AM - humann.humann - INFO: Total bugs after translated alignment: 1
12/23/2024 11:59:50 AM - humann.humann - INFO: 
unclassified: 2582 hits
12/23/2024 11:59:50 AM - humann.humann - INFO: Total gene families after translated alignment: 1672
12/23/2024 11:59:50 AM - humann.humann - INFO: Unaligned reads after translated alignment: 90.4112554113 %
12/23/2024 11:59:50 AM - humann.humann - INFO: Computing gene families ...
12/23/2024 11:59:50 AM - humann.quantify.families - DEBUG: Compute gene families
12/23/2024 11:59:50 AM - humann.store - INFO: 
Total gene families  : 1672
unclassified : 1672 gene families
12/23/2024 11:59:50 AM - humann.humann - INFO: TIMESTAMP: Completed 	computing gene families 	:	 0	 seconds
12/23/2024 11:59:50 AM - humann.humann - INFO: Computing reaction and pathway abundance ...
12/23/2024 11:59:50 AM - humann.quantify.modules - DEBUG: Write flat reactions to pathways file for Minpath
12/23/2024 11:59:50 AM - humann.quantify.modules - INFO: Compute reaction scores for bug: unclassified
12/23/2024 11:59:54 AM - humann.quantify.modules - INFO: Run MinPath on unclassified
12/23/2024 11:59:54 AM - humann.quantify.modules - INFO: Compute reaction scores for bug: all
12/23/2024 11:59:57 AM - humann.quantify.modules - INFO: Run MinPath on all
12/23/2024 11:59:57 AM - humann.quantify.modules - DEBUG: Print pathways 
12/23/2024 11:59:57 AM - humann.utilities - DEBUG: Using python module : /home/omar/Downloads/miniconda3/envs/humann_env/lib/python3.12/site-packages/humann/quantify/MinPath12hmp.py
12/23/2024 11:59:57 AM - humann.utilities - DEBUG: Using python module : /home/omar/Downloads/miniconda3/envs/humann_env/lib/python3.12/site-packages/humann/quantify/MinPath12hmp.py
12/23/2024 11:59:57 AM - humann.utilities - INFO: Execute command: /home/omar/Downloads/miniconda3/envs/humann_env/bin/python3.12 /home/omar/Downloads/miniconda3/envs/humann_env/lib/python3.12/site-packages/humann/quantify/MinPath12hmp.py -any /mnt/omar/pipelines/ont/work/results/004_pathways/humann/SRR7947171/SRR7947171_1_humann_temp/tmpyahv07t7/tmpj317k5u9 -map /mnt/omar/pipelines/ont/work/results/004_pathways/humann/SRR7947171/SRR7947171_1_humann_temp/tmpyahv07t7/tmp9_fv0d2c -report /mnt/omar/pipelines/ont/work/results/004_pathways/humann/SRR7947171/SRR7947171_1_humann_temp/tmpyahv07t7/tmp5j4aoeez -details /mnt/omar/pipelines/ont/work/results/004_pathways/humann/SRR7947171/SRR7947171_1_humann_temp/tmpyahv07t7/tmp9jyly78s -mps /mnt/omar/pipelines/ont/work/results/004_pathways/humann/SRR7947171/SRR7947171_1_humann_temp/tmpyahv07t7/tmpf1j7ig9u
12/23/2024 11:59:57 AM - humann.utilities - INFO: Execute command: /home/omar/Downloads/miniconda3/envs/humann_env/bin/python3.12 /home/omar/Downloads/miniconda3/envs/humann_env/lib/python3.12/site-packages/humann/quantify/MinPath12hmp.py -any /mnt/omar/pipelines/ont/work/results/004_pathways/humann/SRR7947171/SRR7947171_1_humann_temp/tmpyahv07t7/tmpnazm2r22 -map /mnt/omar/pipelines/ont/work/results/004_pathways/humann/SRR7947171/SRR7947171_1_humann_temp/tmpyahv07t7/tmp9_fv0d2c -report /mnt/omar/pipelines/ont/work/results/004_pathways/humann/SRR7947171/SRR7947171_1_humann_temp/tmpyahv07t7/tmp_loymilu -details /mnt/omar/pipelines/ont/work/results/004_pathways/humann/SRR7947171/SRR7947171_1_humann_temp/tmpyahv07t7/tmp8nnhv4j_ -mps /mnt/omar/pipelines/ont/work/results/004_pathways/humann/SRR7947171/SRR7947171_1_humann_temp/tmpyahv07t7/tmpkpdk8kfw
12/23/2024 11:59:59 AM - humann.quantify.modules - DEBUG: Compute pathway abundance for bug: unclassified
12/23/2024 11:59:59 AM - humann.quantify.modules - DEBUG: Compute pathway abundance for bug: all
12/23/2024 12:00:06 PM - humann.quantify.modules - DEBUG: Print pathways _Abundance
12/23/2024 12:00:06 PM - humann.humann - INFO: TIMESTAMP: Completed 	computing pathways 	:	 16	 seconds
12/23/2024 12:00:06 PM - humann.humann - INFO: 
Output files created: 
/mnt/omar/pipelines/ont/work/results/004_pathways/humann/SRR7947171/SRR7947171_1_1_metaphlan_profile.tsv
/mnt/omar/pipelines/ont/work/results/004_pathways/humann/SRR7947171/SRR7947171_1_2_genefamilies.tsv
/mnt/omar/pipelines/ont/work/results/004_pathways/humann/SRR7947171/SRR7947171_1_3_reactions.tsv
/mnt/omar/pipelines/ont/work/results/004_pathways/humann/SRR7947171/SRR7947171_1_4_pathabundance.tsv
/mnt/omar/pipelines/ont/work/results/004_pathways/humann/SRR7947171/SRR7947171_1_0.log

12/23/2024 12:00:06 PM - humann.utilities - DEBUG: Remove directory: /mnt/omar/pipelines/ont/work/results/004_pathways/humann/SRR7947171/SRR7947171_1_humann_temp/tmpyahv07t7
