12/26/2024 02:20:59 PM - humann.humann - INFO: Running humann v4.0.0.alpha.1
12/26/2024 02:20:59 PM - humann.humann - INFO: Output files will be written to: /mnt/omar/pipelines/ont/work/results/004_pathways/humann/SRR7947171
12/26/2024 02:20:59 PM - humann.humann - INFO: Writing temp files to directory: /mnt/omar/pipelines/ont/work/results/004_pathways/humann/SRR7947171/SRR7947171_merged_humann_temp
12/26/2024 02:20:59 PM - humann.utilities - INFO: File ( /mnt/omar/pipelines/ont/work/results/002_qc/merged/SRR7947171_merged.fastq.gz ) is of format:  fastq.gz
12/26/2024 02:20:59 PM - humann.utilities - INFO: Decompressing gzipped file ...
12/26/2024 02:21:01 PM - humann.humann - INFO: Removing spaces from identifiers in input file
12/26/2024 02:21:02 PM - humann.utilities - DEBUG: Check software, metaphlan, for required version, 4.0
12/26/2024 02:21:04 PM - humann.utilities - INFO: Using metaphlan version 4.1
12/26/2024 02:21:04 PM - humann.utilities - DEBUG: Check software, bowtie2, for required version, 2.2
12/26/2024 02:21:04 PM - humann.utilities - INFO: Using bowtie2 version 2.5
12/26/2024 02:21:04 PM - humann.utilities - DEBUG: Check software, diamond, for required version, 2.0.15
12/26/2024 02:21:04 PM - humann.utilities - INFO: Using diamond version 2.1.9
12/26/2024 02:21:04 PM - humann.config - INFO: 
Run config settings: 

DATABASE SETTINGS
nucleotide database folder = /mnt/omar/misc/tests/chocophlan/chocophlan
protein database folder = /mnt/omar/misc/tests/uniref
pathways database file 1 = /mnt/omar/misc/tests/utility_mapping/utility_mapping/metacyc_reactions_level4ec_only.uniref.bz2
pathways database file 2 = /mnt/omar/misc/tests/utility_mapping/utility_mapping/metacyc_pathways_structured_filtered_v24_subreactions
utility mapping database folder = /mnt/omar/misc/tests/utility_mapping/utility_mapping

RUN MODES
resume = True
verbose = True
bypass prescreen = False
bypass nucleotide index = False
bypass nucleotide search = False
bypass translated search = False
translated search = diamond
threads = 11

Identity thresholds
nucleotide = 0.0
translated = 50.0

ALIGNMENT SETTINGS
bowtie2 options = --very-sensitive-local
diamond options = --top 1 --sensitive --outfmt 6
evalue threshold = 1.0
prescreen threshold = 0.01
average read length = 1548.0
translated subject coverage threshold = 1.0
translated query coverage threshold = 1.0
nucleotide subject coverage threshold = 1.0
nucleotide query coverage threshold = 1.0

PATHWAYS SETTINGS
minpath = on
xipe = off
gap fill = on

INPUT AND OUTPUT FORMATS
input file format = fastq.gz
output file format = tsv
normalization mode = Adjusted CPMs
output max decimals = 10
remove stratified output = True
remove column description output = False
log level = DEBUG

12/26/2024 02:21:04 PM - humann.store - DEBUG: Initialize Alignments class instance to minimize memory use
12/26/2024 02:21:04 PM - humann.store - DEBUG: Initialize Reads class instance to minimize memory use
12/26/2024 02:22:38 PM - humann.humann - INFO: Load pathways database part 1: /mnt/omar/misc/tests/utility_mapping/utility_mapping/metacyc_reactions_level4ec_only.uniref.bz2
12/26/2024 02:22:38 PM - humann.humann - INFO: Load pathways database part 2: /mnt/omar/misc/tests/utility_mapping/utility_mapping/metacyc_pathways_structured_filtered_v24_subreactions
12/26/2024 02:22:38 PM - humann.search.prescreen - INFO: Running metaphlan ........
12/26/2024 02:22:38 PM - humann.utilities - DEBUG: Using software: /home/omar/Downloads/miniconda3/envs/humann_env/bin/metaphlan
12/26/2024 02:22:38 PM - humann.utilities - INFO: Execute command: /home/omar/Downloads/miniconda3/envs/humann_env/bin/metaphlan /mnt/omar/pipelines/ont/work/results/004_pathways/humann/SRR7947171/SRR7947171_merged_humann_temp/tmp3jk84jot/tmp_8b3amj9 -t rel_ab_w_read_stats -o /mnt/omar/pipelines/ont/work/results/004_pathways/humann/SRR7947171/SRR7947171_merged_1_metaphlan_profile.tsv --input_type fastq --bowtie2out /mnt/omar/pipelines/ont/work/results/004_pathways/humann/SRR7947171/SRR7947171_merged_humann_temp/SRR7947171_merged_metaphlan_bowtie2.txt --nproc 11
12/26/2024 02:30:00 PM - humann.utilities - DEBUG: b''
12/26/2024 02:30:00 PM - humann.humann - INFO: TIMESTAMP: Completed 	prescreen 	:	 442	 seconds
12/26/2024 02:30:00 PM - humann.search.prescreen - INFO: Total species selected from prescreen: 0
12/26/2024 02:30:00 PM - humann.search.prescreen - DEBUG: 

No species were selected from the prescreen.
Because of this the custom ChocoPhlAn database is empty.
This will result in zero species-specific gene families and pathways.


12/26/2024 02:30:00 PM - humann.humann - INFO: TIMESTAMP: Completed 	custom database creation 	:	 0	 seconds
12/26/2024 02:30:00 PM - humann.humann - DEBUG: Custom database is empty
12/26/2024 02:30:00 PM - humann.store - DEBUG: Initialize Reads class instance to minimize memory use
12/26/2024 02:30:01 PM - humann.utilities - DEBUG: Remove file: /mnt/omar/pipelines/ont/work/results/004_pathways/humann/SRR7947171/SRR7947171_merged_humann_temp/tmp3jk84jot/tmpo49p1dfs
12/26/2024 02:30:01 PM - humann.search.translated - DEBUG: Convert unaligned reads fastq file to fasta
12/26/2024 02:30:02 PM - humann.search.translated - INFO: Running diamond ........
12/26/2024 02:30:02 PM - humann.search.translated - INFO: Aligning to reference database: humann4_protein_database_filtered_v2019_06.dmnd
12/26/2024 02:30:02 PM - humann.utilities - DEBUG: Remove file: /mnt/omar/pipelines/ont/work/results/004_pathways/humann/SRR7947171/SRR7947171_merged_humann_temp/tmp3jk84jot/diamond_m8_xxr73u5e
12/26/2024 02:30:02 PM - humann.utilities - DEBUG: Using software: /home/omar/Downloads/miniconda3/envs/humann_env/bin/diamond
12/26/2024 02:30:02 PM - humann.utilities - INFO: Execute command: /home/omar/Downloads/miniconda3/envs/humann_env/bin/diamond blastx --query /mnt/omar/pipelines/ont/work/results/004_pathways/humann/SRR7947171/SRR7947171_merged_humann_temp/tmp3jk84jot/tmpjm9l8xvd --evalue 1.0 --threads 11 --top 1 --sensitive --outfmt 6 --db /mnt/omar/misc/tests/uniref/humann4_protein_database_filtered_v2019_06 --out /mnt/omar/pipelines/ont/work/results/004_pathways/humann/SRR7947171/SRR7947171_merged_humann_temp/tmp3jk84jot/diamond_m8_xxr73u5e --tmpdir /mnt/omar/pipelines/ont/work/results/004_pathways/humann/SRR7947171/SRR7947171_merged_humann_temp/tmp3jk84jot
12/26/2024 02:38:20 PM - humann.utilities - DEBUG: b'diamond v2.1.9.163 (C) Max Planck Society for the Advancement of Science, Benjamin Buchfink, University of Tuebingen\nDocumentation, support and updates available at http://www.diamondsearch.org\nPlease cite: http://dx.doi.org/10.1038/s41592-021-01101-x Nature Methods (2021)\n\n#CPU threads: 11\nScoring parameters: (Matrix=BLOSUM62 Lambda=0.267 K=0.041 Penalties=11/1)\nTemporary directory: /mnt/omar/pipelines/ont/work/results/004_pathways/humann/SRR7947171/SRR7947171_merged_humann_temp/tmp3jk84jot\nPercentage range of top alignment score to report hits: 1\nOpening the database...  [0.342s]\nDatabase: /mnt/omar/misc/tests/uniref/humann4_protein_database_filtered_v2019_06 (type: Diamond database, sequences: 3435636, letters: 1515992226)\nBlock size = 2000000000\nOpening the input file...  [0.088s]\nOpening the output file...  [0s]\nLoading query sequences...  [0.977s]\nMasking queries...  [0.807s]\nAlgorithm: Double-indexed\nBuilding query histograms...  [1.38s]\nSeeking in database...  [0s]\nLoading reference sequences...  [4.417s]\nMasking reference...  [9.053s]\nInitializing temporary storage...  [0.001s]\nBuilding reference histograms...  [28.001s]\nAllocating buffers...  [0.001s]\nProcessing query block 1, reference block 1/1, shape 1/16, index chunk 1/4.\nBuilding reference seed array...  [3.24s]\nBuilding query seed array...  [0.151s]\nComputing hash join...  [1.137s]\nMasking low complexity seeds...  [0.063s]\nSearching alignments...  [3.054s]\nDeallocating memory...  [0s]\nProcessing query block 1, reference block 1/1, shape 1/16, index chunk 2/4.\nBuilding reference seed array...  [4.13s]\nBuilding query seed array...  [0.164s]\nComputing hash join...  [1.416s]\nMasking low complexity seeds...  [0.062s]\nSearching alignments...  [3.054s]\nDeallocating memory...  [0s]\nProcessing query block 1, reference block 1/1, shape 1/16, index chunk 3/4.\nBuilding reference seed array...  [3.525s]\nBuilding query seed array...  [0.164s]\nComputing hash join...  [1.092s]\nMasking low complexity seeds...  [0.055s]\nSearching alignments...  [3.167s]\nDeallocating memory...  [0s]\nProcessing query block 1, reference block 1/1, shape 1/16, index chunk 4/4.\nBuilding reference seed array...  [2.83s]\nBuilding query seed array...  [0.093s]\nComputing hash join...  [1.356s]\nMasking low complexity seeds...  [0.06s]\nSearching alignments...  [2.977s]\nDeallocating memory...  [0s]\nProcessing query block 1, reference block 1/1, shape 2/16, index chunk 1/4.\nBuilding reference seed array...  [2.792s]\nBuilding query seed array...  [0.08s]\nComputing hash join...  [1.159s]\nMasking low complexity seeds...  [0.057s]\nSearching alignments...  [2.909s]\nDeallocating memory...  [0s]\nProcessing query block 1, reference block 1/1, shape 2/16, index chunk 2/4.\nBuilding reference seed array...  [3.232s]\nBuilding query seed array...  [0.119s]\nComputing hash join...  [1.059s]\nMasking low complexity seeds...  [0.329s]\nSearching alignments...  [2.939s]\nDeallocating memory...  [0s]\nProcessing query block 1, reference block 1/1, shape 2/16, index chunk 3/4.\nBuilding reference seed array...  [3.234s]\nBuilding query seed array...  [0.127s]\nComputing hash join...  [1.107s]\nMasking low complexity seeds...  [0.054s]\nSearching alignments...  [2.859s]\nDeallocating memory...  [0s]\nProcessing query block 1, reference block 1/1, shape 2/16, index chunk 4/4.\nBuilding reference seed array...  [2.217s]\nBuilding query seed array...  [0.061s]\nComputing hash join...  [1.124s]\nMasking low complexity seeds...  [0.061s]\nSearching alignments...  [2.798s]\nDeallocating memory...  [0s]\nProcessing query block 1, reference block 1/1, shape 3/16, index chunk 1/4.\nBuilding reference seed array...  [2.223s]\nBuilding query seed array...  [0.067s]\nComputing hash join...  [1.161s]\nMasking low complexity seeds...  [0.061s]\nSearching alignments...  [3.043s]\nDeallocating memory...  [0s]\nProcessing query block 1, reference block 1/1, shape 3/16, index chunk 2/4.\nBuilding reference seed array...  [2.756s]\nBuilding query seed array...  [0.072s]\nComputing hash join...  [1.142s]\nMasking low complexity seeds...  [0.059s]\nSearching alignments...  [3.075s]\nDeallocating memory...  [0s]\nProcessing query block 1, reference block 1/1, shape 3/16, index chunk 3/4.\nBuilding reference seed array...  [3.905s]\nBuilding query seed array...  [0.178s]\nComputing hash join...  [1.282s]\nMasking low complexity seeds...  [0.062s]\nSearching alignments...  [3.149s]\nDeallocating memory...  [0s]\nProcessing query block 1, reference block 1/1, shape 3/16, index chunk 4/4.\nBuilding reference seed array...  [2.87s]\nBuilding query seed array...  [0.086s]\nComputing hash join...  [1.209s]\nMasking low complexity seeds...  [0.063s]\nSearching alignments...  [3.07s]\nDeallocating memory...  [0s]\nProcessing query block 1, reference block 1/1, shape 4/16, index chunk 1/4.\nBuilding reference seed array...  [2.171s]\nBuilding query seed array...  [0.064s]\nComputing hash join...  [1.042s]\nMasking low complexity seeds...  [0.055s]\nSearching alignments...  [2.97s]\nDeallocating memory...  [0s]\nProcessing query block 1, reference block 1/1, shape 4/16, index chunk 2/4.\nBuilding reference seed array...  [2.815s]\nBuilding query seed array...  [0.083s]\nComputing hash join...  [1.186s]\nMasking low complexity seeds...  [0.06s]\nSearching alignments...  [2.902s]\nDeallocating memory...  [0s]\nProcessing query block 1, reference block 1/1, shape 4/16, index chunk 3/4.\nBuilding reference seed array...  [3.312s]\nBuilding query seed array...  [0.089s]\nComputing hash join...  [1.23s]\nMasking low complexity seeds...  [0.061s]\nSearching alignments...  [2.96s]\nDeallocating memory...  [0s]\nProcessing query block 1, reference block 1/1, shape 4/16, index chunk 4/4.\nBuilding reference seed array...  [2.238s]\nBuilding query seed array...  [0.062s]\nComputing hash join...  [1.132s]\nMasking low complexity seeds...  [0.062s]\nSearching alignments...  [2.953s]\nDeallocating memory...  [0s]\nProcessing query block 1, reference block 1/1, shape 5/16, index chunk 1/4.\nBuilding reference seed array...  [2.286s]\nBuilding query seed array...  [0.061s]\nComputing hash join...  [1.024s]\nMasking low complexity seeds...  [0.054s]\nSearching alignments...  [2.913s]\nDeallocating memory...  [0s]\nProcessing query block 1, reference block 1/1, shape 5/16, index chunk 2/4.\nBuilding reference seed array...  [2.827s]\nBuilding query seed array...  [0.081s]\nComputing hash join...  [1.091s]\nMasking low complexity seeds...  [0.051s]\nSearching alignments...  [2.869s]\nDeallocating memory...  [0s]\nProcessing query block 1, reference block 1/1, shape 5/16, index chunk 3/4.\nBuilding reference seed array...  [3.025s]\nBuilding query seed array...  [0.079s]\nComputing hash join...  [1.15s]\nMasking low complexity seeds...  [0.06s]\nSearching alignments...  [2.836s]\nDeallocating memory...  [0s]\nProcessing query block 1, reference block 1/1, shape 5/16, index chunk 4/4.\nBuilding reference seed array...  [2.255s]\nBuilding query seed array...  [0.07s]\nComputing hash join...  [1.14s]\nMasking low complexity seeds...  [0.059s]\nSearching alignments...  [2.985s]\nDeallocating memory...  [0s]\nProcessing query block 1, reference block 1/1, shape 6/16, index chunk 1/4.\nBuilding reference seed array...  [2.295s]\nBuilding query seed array...  [0.062s]\nComputing hash join...  [1.013s]\nMasking low complexity seeds...  [0.057s]\nSearching alignments...  [2.995s]\nDeallocating memory...  [0s]\nProcessing query block 1, reference block 1/1, shape 6/16, index chunk 2/4.\nBuilding reference seed array...  [2.738s]\nBuilding query seed array...  [0.08s]\nComputing hash join...  [1.036s]\nMasking low complexity seeds...  [0.055s]\nSearching alignments...  [2.983s]\nDeallocating memory...  [0s]\nProcessing query block 1, reference block 1/1, shape 6/16, index chunk 3/4.\nBuilding reference seed array...  [3.029s]\nBuilding query seed array...  [0.079s]\nComputing hash join...  [1.137s]\nMasking low complexity seeds...  [0.051s]\nSearching alignments...  [2.887s]\nDeallocating memory...  [0s]\nProcessing query block 1, reference block 1/1, shape 6/16, index chunk 4/4.\nBuilding reference seed array...  [2.449s]\nBuilding query seed array...  [0.069s]\nComputing hash join...  [1.178s]\nMasking low complexity seeds...  [0.061s]\nSearching alignments...  [2.867s]\nDeallocating memory...  [0s]\nProcessing query block 1, reference block 1/1, shape 7/16, index chunk 1/4.\nBuilding reference seed array...  [2.264s]\nBuilding query seed array...  [0.103s]\nComputing hash join...  [1.107s]\nMasking low complexity seeds...  [0.057s]\nSearching alignments...  [2.87s]\nDeallocating memory...  [0s]\nProcessing query block 1, reference block 1/1, shape 7/16, index chunk 2/4.\nBuilding reference seed array...  [2.866s]\nBuilding query seed array...  [0.071s]\nComputing hash join...  [1.037s]\nMasking low complexity seeds...  [0.053s]\nSearching alignments...  [2.902s]\nDeallocating memory...  [0s]\nProcessing query block 1, reference block 1/1, shape 7/16, index chunk 3/4.\nBuilding reference seed array...  [2.99s]\nBuilding query seed array...  [0.072s]\nComputing hash join...  [1.058s]\nMasking low complexity seeds...  [0.054s]\nSearching alignments...  [2.829s]\nDeallocating memory...  [0s]\nProcessing query block 1, reference block 1/1, shape 7/16, index chunk 4/4.\nBuilding reference seed array...  [2.268s]\nBuilding query seed array...  [0.06s]\nComputing hash join...  [1.155s]\nMasking low complexity seeds...  [0.057s]\nSearching alignments...  [2.85s]\nDeallocating memory...  [0s]\nProcessing query block 1, reference block 1/1, shape 8/16, index chunk 1/4.\nBuilding reference seed array...  [2.3s]\nBuilding query seed array...  [0.064s]\nComputing hash join...  [1.151s]\nMasking low complexity seeds...  [0.061s]\nSearching alignments...  [2.938s]\nDeallocating memory...  [0s]\nProcessing query block 1, reference block 1/1, shape 8/16, index chunk 2/4.\nBuilding reference seed array...  [2.73s]\nBuilding query seed array...  [0.066s]\nComputing hash join...  [1.133s]\nMasking low complexity seeds...  [0.061s]\nSearching alignments...  [2.991s]\nDeallocating memory...  [0s]\nProcessing query block 1, reference block 1/1, shape 8/16, index chunk 3/4.\nBuilding reference seed array...  [2.999s]\nBuilding query seed array...  [0.077s]\nComputing hash join...  [1.011s]\nMasking low complexity seeds...  [0.054s]\nSearching alignments...  [2.911s]\nDeallocating memory...  [0s]\nProcessing query block 1, reference block 1/1, shape 8/16, index chunk 4/4.\nBuilding reference seed array...  [2.294s]\nBuilding query seed array...  [0.081s]\nComputing hash join...  [1.173s]\nMasking low complexity seeds...  [0.059s]\nSearching alignments...  [2.809s]\nDeallocating memory...  [0s]\nProcessing query block 1, reference block 1/1, shape 9/16, index chunk 1/4.\nBuilding reference seed array...  [2.505s]\nBuilding query seed array...  [0.094s]\nComputing hash join...  [1.156s]\nMasking low complexity seeds...  [0.06s]\nSearching alignments...  [2.973s]\nDeallocating memory...  [0s]\nProcessing query block 1, reference block 1/1, shape 9/16, index chunk 2/4.\nBuilding reference seed array...  [2.741s]\nBuilding query seed array...  [0.07s]\nComputing hash join...  [1.144s]\nMasking low complexity seeds...  [0.061s]\nSearching alignments...  [2.978s]\nDeallocating memory...  [0s]\nProcessing query block 1, reference block 1/1, shape 9/16, index chunk 3/4.\nBuilding reference seed array...  [3.029s]\nBuilding query seed array...  [0.076s]\nComputing hash join...  [1.122s]\nMasking low complexity seeds...  [0.06s]\nSearching alignments...  [3.027s]\nDeallocating memory...  [0s]\nProcessing query block 1, reference block 1/1, shape 9/16, index chunk 4/4.\nBuilding reference seed array...  [2.283s]\nBuilding query seed array...  [0.09s]\nComputing hash join...  [1.036s]\nMasking low complexity seeds...  [0.056s]\nSearching alignments...  [2.982s]\nDeallocating memory...  [0s]\nProcessing query block 1, reference block 1/1, shape 10/16, index chunk 1/4.\nBuilding reference seed array...  [2.294s]\nBuilding query seed array...  [0.063s]\nComputing hash join...  [1.131s]\nMasking low complexity seeds...  [0.058s]\nSearching alignments...  [2.801s]\nDeallocating memory...  [0s]\nProcessing query block 1, reference block 1/1, shape 10/16, index chunk 2/4.\nBuilding reference seed array...  [3.284s]\nBuilding query seed array...  [0.093s]\nComputing hash join...  [1.159s]\nMasking low complexity seeds...  [0.062s]\nSearching alignments...  [2.79s]\nDeallocating memory...  [0s]\nProcessing query block 1, reference block 1/1, shape 10/16, index chunk 3/4.\nBuilding reference seed array...  [2.891s]\nBuilding query seed array...  [0.071s]\nComputing hash join...  [1.129s]\nMasking low complexity seeds...  [0.059s]\nSearching alignments...  [2.861s]\nDeallocating memory...  [0s]\nProcessing query block 1, reference block 1/1, shape 10/16, index chunk 4/4.\nBuilding reference seed array...  [2.2s]\nBuilding query seed array...  [0.064s]\nComputing hash join...  [1.101s]\nMasking low complexity seeds...  [0.056s]\nSearching alignments...  [2.86s]\nDeallocating memory...  [0s]\nProcessing query block 1, reference block 1/1, shape 11/16, index chunk 1/4.\nBuilding reference seed array...  [2.287s]\nBuilding query seed array...  [0.061s]\nComputing hash join...  [1.037s]\nMasking low complexity seeds...  [0.054s]\nSearching alignments...  [2.952s]\nDeallocating memory...  [0s]\nProcessing query block 1, reference block 1/1, shape 11/16, index chunk 2/4.\nBuilding reference seed array...  [3.186s]\nBuilding query seed array...  [0.172s]\nComputing hash join...  [1.237s]\nMasking low complexity seeds...  [0.054s]\nSearching alignments...  [2.91s]\nDeallocating memory...  [0s]\nProcessing query block 1, reference block 1/1, shape 11/16, index chunk 3/4.\nBuilding reference seed array...  [3.002s]\nBuilding query seed array...  [0.073s]\nComputing hash join...  [1.137s]\nMasking low complexity seeds...  [0.057s]\nSearching alignments...  [2.897s]\nDeallocating memory...  [0s]\nProcessing query block 1, reference block 1/1, shape 11/16, index chunk 4/4.\nBuilding reference seed array...  [2.261s]\nBuilding query seed array...  [0.062s]\nComputing hash join...  [1.148s]\nMasking low complexity seeds...  [0.06s]\nSearching alignments...  [2.923s]\nDeallocating memory...  [0s]\nProcessing query block 1, reference block 1/1, shape 12/16, index chunk 1/4.\nBuilding reference seed array...  [2.247s]\nBuilding query seed array...  [0.062s]\nComputing hash join...  [1.112s]\nMasking low complexity seeds...  [0.058s]\nSearching alignments...  [2.835s]\nDeallocating memory...  [0s]\nProcessing query block 1, reference block 1/1, shape 12/16, index chunk 2/4.\nBuilding reference seed array...  [2.791s]\nBuilding query seed array...  [0.064s]\nComputing hash join...  [1.034s]\nMasking low complexity seeds...  [0.053s]\nSearching alignments...  [2.879s]\nDeallocating memory...  [0s]\nProcessing query block 1, reference block 1/1, shape 12/16, index chunk 3/4.\nBuilding reference seed array...  [2.926s]\nBuilding query seed array...  [0.072s]\nComputing hash join...  [1.095s]\nMasking low complexity seeds...  [0.053s]\nSearching alignments...  [2.826s]\nDeallocating memory...  [0s]\nProcessing query block 1, reference block 1/1, shape 12/16, index chunk 4/4.\nBuilding reference seed array...  [2.193s]\nBuilding query seed array...  [0.061s]\nComputing hash join...  [1.115s]\nMasking low complexity seeds...  [0.06s]\nSearching alignments...  [2.796s]\nDeallocating memory...  [0s]\nProcessing query block 1, reference block 1/1, shape 13/16, index chunk 1/4.\nBuilding reference seed array...  [2.275s]\nBuilding query seed array...  [0.066s]\nComputing hash join...  [1.104s]\nMasking low complexity seeds...  [0.062s]\nSearching alignments...  [2.84s]\nDeallocating memory...  [0s]\nProcessing query block 1, reference block 1/1, shape 13/16, index chunk 2/4.\nBuilding reference seed array...  [2.78s]\nBuilding query seed array...  [0.064s]\nComputing hash join...  [1.048s]\nMasking low complexity seeds...  [0.06s]\nSearching alignments...  [2.873s]\nDeallocating memory...  [0s]\nProcessing query block 1, reference block 1/1, shape 13/16, index chunk 3/4.\nBuilding reference seed array...  [2.916s]\nBuilding query seed array...  [0.072s]\nComputing hash join...  [1.012s]\nMasking low complexity seeds...  [0.053s]\nSearching alignments...  [2.811s]\nDeallocating memory...  [0s]\nProcessing query block 1, reference block 1/1, shape 13/16, index chunk 4/4.\nBuilding reference seed array...  [2.21s]\nBuilding query seed array...  [0.065s]\nComputing hash join...  [1.12s]\nMasking low complexity seeds...  [0.058s]\nSearching alignments...  [2.808s]\nDeallocating memory...  [0s]\nProcessing query block 1, reference block 1/1, shape 14/16, index chunk 1/4.\nBuilding reference seed array...  [2.35s]\nBuilding query seed array...  [0.071s]\nComputing hash join...  [1.147s]\nMasking low complexity seeds...  [0.061s]\nSearching alignments...  [2.876s]\nDeallocating memory...  [0s]\nProcessing query block 1, reference block 1/1, shape 14/16, index chunk 2/4.\nBuilding reference seed array...  [3.279s]\nBuilding query seed array...  [0.164s]\nComputing hash join...  [1.183s]\nMasking low complexity seeds...  [0.058s]\nSearching alignments...  [2.92s]\nDeallocating memory...  [0s]\nProcessing query block 1, reference block 1/1, shape 14/16, index chunk 3/4.\nBuilding reference seed array...  [2.931s]\nBuilding query seed array...  [0.086s]\nComputing hash join...  [1.128s]\nMasking low complexity seeds...  [0.062s]\nSearching alignments...  [2.896s]\nDeallocating memory...  [0s]\nProcessing query block 1, reference block 1/1, shape 14/16, index chunk 4/4.\nBuilding reference seed array...  [2.295s]\nBuilding query seed array...  [0.057s]\nComputing hash join...  [1.032s]\nMasking low complexity seeds...  [0.051s]\nSearching alignments...  [2.848s]\nDeallocating memory...  [0s]\nProcessing query block 1, reference block 1/1, shape 15/16, index chunk 1/4.\nBuilding reference seed array...  [2.226s]\nBuilding query seed array...  [0.09s]\nComputing hash join...  [1.123s]\nMasking low complexity seeds...  [0.063s]\nSearching alignments...  [2.888s]\nDeallocating memory...  [0s]\nProcessing query block 1, reference block 1/1, shape 15/16, index chunk 2/4.\nBuilding reference seed array...  [2.75s]\nBuilding query seed array...  [0.083s]\nComputing hash join...  [1.137s]\nMasking low complexity seeds...  [0.06s]\nSearching alignments...  [2.911s]\nDeallocating memory...  [0s]\nProcessing query block 1, reference block 1/1, shape 15/16, index chunk 3/4.\nBuilding reference seed array...  [3.388s]\nBuilding query seed array...  [0.197s]\nComputing hash join...  [1.242s]\nMasking low complexity seeds...  [0.059s]\nSearching alignments...  [2.89s]\nDeallocating memory...  [0s]\nProcessing query block 1, reference block 1/1, shape 15/16, index chunk 4/4.\nBuilding reference seed array...  [2.165s]\nBuilding query seed array...  [0.057s]\nComputing hash join...  [1.027s]\nMasking low complexity seeds...  [0.061s]\nSearching alignments...  [2.947s]\nDeallocating memory...  [0s]\nProcessing query block 1, reference block 1/1, shape 16/16, index chunk 1/4.\nBuilding reference seed array...  [2.72s]\nBuilding query seed array...  [0.122s]\nComputing hash join...  [1.099s]\nMasking low complexity seeds...  [0.053s]\nSearching alignments...  [2.781s]\nDeallocating memory...  [0s]\nProcessing query block 1, reference block 1/1, shape 16/16, index chunk 2/4.\nBuilding reference seed array...  [2.795s]\nBuilding query seed array...  [0.098s]\nComputing hash join...  [1.126s]\nMasking low complexity seeds...  [0.059s]\nSearching alignments...  [2.776s]\nDeallocating memory...  [0s]\nProcessing query block 1, reference block 1/1, shape 16/16, index chunk 3/4.\nBuilding reference seed array...  [2.912s]\nBuilding query seed array...  [0.072s]\nComputing hash join...  [1.101s]\nMasking low complexity seeds...  [0.058s]\nSearching alignments...  [2.897s]\nDeallocating memory...  [0s]\nProcessing query block 1, reference block 1/1, shape 16/16, index chunk 4/4.\nBuilding reference seed array...  [2.715s]\nBuilding query seed array...  [0.081s]\nComputing hash join...  [1.149s]\nMasking low complexity seeds...  [0.059s]\nSearching alignments...  [2.994s]\nDeallocating memory...  [0s]\nDeallocating buffers...  [1.185s]\nClearing query masking...  [0.018s]\nComputing alignments... Loading trace points...  [1.95s]\nSorting trace points...  [0.192s]\nComputing alignments...  [6.709s]\nDeallocating buffers...  [0.087s]\nLoading trace points...  [0s]\n [9.389s]\nDeallocating reference...  [0.393s]\nLoading reference sequences...  [0s]\nDeallocating buffers...  [0s]\nDeallocating queries...  [0.024s]\nLoading query sequences...  [0s]\nClosing the input file...  [0s]\nClosing the output file...  [0.001s]\nClosing the database...  [0.015s]\nCleaning up...  [0s]\nTotal time = 498.566s\nReported 12186 pairwise alignments, 12186 HSPs.\n10117 queries aligned.\n'
12/26/2024 02:38:20 PM - humann.utilities - DEBUG: Using software: /usr/bin/cat
12/26/2024 02:38:20 PM - humann.utilities - INFO: Execute command: /usr/bin/cat /mnt/omar/pipelines/ont/work/results/004_pathways/humann/SRR7947171/SRR7947171_merged_humann_temp/tmp3jk84jot/diamond_m8_xxr73u5e
12/26/2024 02:38:20 PM - humann.utilities - DEBUG: Remove file: /mnt/omar/pipelines/ont/work/results/004_pathways/humann/SRR7947171/SRR7947171_merged_humann_temp/tmp3jk84jot/tmpjm9l8xvd
12/26/2024 02:38:20 PM - humann.humann - INFO: TIMESTAMP: Completed 	translated alignment 	:	 500	 seconds
12/26/2024 02:38:21 PM - humann.utilities - DEBUG: Total alignments where percent identity is not a number: 0
12/26/2024 02:38:21 PM - humann.utilities - DEBUG: Total alignments where alignment length is not a number: 0
12/26/2024 02:38:21 PM - humann.utilities - DEBUG: Total alignments where E-value is not a number: 0
12/26/2024 02:38:21 PM - humann.utilities - DEBUG: Total alignments not included based on large e-value: 0
12/26/2024 02:38:21 PM - humann.utilities - DEBUG: Total alignments not included based on small percent identity: 6520
12/26/2024 02:38:21 PM - humann.utilities - DEBUG: Total alignments not included based on small query coverage: 13
12/26/2024 02:38:21 PM - humann.search.blastx_coverage - INFO: Total alignments without coverage information: 0
12/26/2024 02:38:21 PM - humann.search.blastx_coverage - INFO: Total proteins in blastx output: 4037
12/26/2024 02:38:21 PM - humann.search.blastx_coverage - INFO: Total proteins without lengths: 0
12/26/2024 02:38:21 PM - humann.search.blastx_coverage - INFO: Proteins with coverage greater than threshold (1.0): 4002
12/26/2024 02:38:21 PM - humann.utilities - DEBUG: Total alignments where percent identity is not a number: 0
12/26/2024 02:38:21 PM - humann.utilities - DEBUG: Total alignments where alignment length is not a number: 0
12/26/2024 02:38:21 PM - humann.utilities - DEBUG: Total alignments where E-value is not a number: 0
12/26/2024 02:38:21 PM - humann.utilities - DEBUG: Total alignments not included based on large e-value: 0
12/26/2024 02:38:21 PM - humann.utilities - DEBUG: Total alignments not included based on small percent identity: 6520
12/26/2024 02:38:21 PM - humann.utilities - DEBUG: Total alignments not included based on small query coverage: 13
12/26/2024 02:38:21 PM - humann.search.translated - DEBUG: Total translated alignments not included based on small subject coverage value: 42
12/26/2024 02:38:22 PM - humann.utilities - DEBUG: Remove file: /mnt/omar/pipelines/ont/work/results/004_pathways/humann/SRR7947171/SRR7947171_merged_humann_temp/tmp3jk84jot/tmpy8t2i2kb
12/26/2024 02:38:22 PM - humann.humann - INFO: TIMESTAMP: Completed 	translated alignment post-processing 	:	 2	 seconds
12/26/2024 02:38:22 PM - humann.humann - INFO: Total bugs after translated alignment: 1
12/26/2024 02:38:22 PM - humann.humann - INFO: 
unclassified: 5612 hits
12/26/2024 02:38:22 PM - humann.humann - INFO: Total gene families after translated alignment: 4002
12/26/2024 02:38:22 PM - humann.humann - INFO: Unaligned reads after translated alignment: 80.7878787879 %
12/26/2024 02:38:22 PM - humann.humann - INFO: Computing gene families ...
12/26/2024 02:38:22 PM - humann.quantify.families - DEBUG: Compute gene families
12/26/2024 02:38:22 PM - humann.store - INFO: 
Total gene families  : 4002
unclassified : 4002 gene families
12/26/2024 02:38:22 PM - humann.humann - INFO: TIMESTAMP: Completed 	computing gene families 	:	 0	 seconds
12/26/2024 02:38:22 PM - humann.humann - INFO: Computing reaction and pathway abundance ...
12/26/2024 02:38:22 PM - humann.quantify.modules - DEBUG: Write flat reactions to pathways file for Minpath
12/26/2024 02:38:22 PM - humann.quantify.modules - INFO: Compute reaction scores for bug: unclassified
12/26/2024 02:38:27 PM - humann.quantify.modules - INFO: Run MinPath on unclassified
12/26/2024 02:38:27 PM - humann.quantify.modules - INFO: Compute reaction scores for bug: all
12/26/2024 02:38:31 PM - humann.quantify.modules - INFO: Run MinPath on all
12/26/2024 02:38:31 PM - humann.quantify.modules - DEBUG: Print pathways 
12/26/2024 02:38:31 PM - humann.utilities - DEBUG: Using python module : /home/omar/Downloads/miniconda3/envs/humann_env/lib/python3.12/site-packages/humann/quantify/MinPath12hmp.py
12/26/2024 02:38:31 PM - humann.utilities - DEBUG: Using python module : /home/omar/Downloads/miniconda3/envs/humann_env/lib/python3.12/site-packages/humann/quantify/MinPath12hmp.py
12/26/2024 02:38:31 PM - humann.utilities - INFO: Execute command: /home/omar/Downloads/miniconda3/envs/humann_env/bin/python3.12 /home/omar/Downloads/miniconda3/envs/humann_env/lib/python3.12/site-packages/humann/quantify/MinPath12hmp.py -any /mnt/omar/pipelines/ont/work/results/004_pathways/humann/SRR7947171/SRR7947171_merged_humann_temp/tmp3jk84jot/tmp_7ujtyyn -map /mnt/omar/pipelines/ont/work/results/004_pathways/humann/SRR7947171/SRR7947171_merged_humann_temp/tmp3jk84jot/tmpxugio_b5 -report /mnt/omar/pipelines/ont/work/results/004_pathways/humann/SRR7947171/SRR7947171_merged_humann_temp/tmp3jk84jot/tmp8rap9s5m -details /mnt/omar/pipelines/ont/work/results/004_pathways/humann/SRR7947171/SRR7947171_merged_humann_temp/tmp3jk84jot/tmpl6e0r9sf -mps /mnt/omar/pipelines/ont/work/results/004_pathways/humann/SRR7947171/SRR7947171_merged_humann_temp/tmp3jk84jot/tmpzzxzx84r
12/26/2024 02:38:31 PM - humann.utilities - INFO: Execute command: /home/omar/Downloads/miniconda3/envs/humann_env/bin/python3.12 /home/omar/Downloads/miniconda3/envs/humann_env/lib/python3.12/site-packages/humann/quantify/MinPath12hmp.py -any /mnt/omar/pipelines/ont/work/results/004_pathways/humann/SRR7947171/SRR7947171_merged_humann_temp/tmp3jk84jot/tmpe7b4vbg_ -map /mnt/omar/pipelines/ont/work/results/004_pathways/humann/SRR7947171/SRR7947171_merged_humann_temp/tmp3jk84jot/tmpxugio_b5 -report /mnt/omar/pipelines/ont/work/results/004_pathways/humann/SRR7947171/SRR7947171_merged_humann_temp/tmp3jk84jot/tmpks_atsvu -details /mnt/omar/pipelines/ont/work/results/004_pathways/humann/SRR7947171/SRR7947171_merged_humann_temp/tmp3jk84jot/tmppikmzvps -mps /mnt/omar/pipelines/ont/work/results/004_pathways/humann/SRR7947171/SRR7947171_merged_humann_temp/tmp3jk84jot/tmpdl5zkone
12/26/2024 02:38:33 PM - humann.quantify.modules - DEBUG: Compute pathway abundance for bug: unclassified
12/26/2024 02:38:33 PM - humann.quantify.modules - DEBUG: Compute pathway abundance for bug: all
12/26/2024 02:38:48 PM - humann.quantify.modules - DEBUG: Print pathways _Abundance
12/26/2024 02:38:48 PM - humann.humann - INFO: TIMESTAMP: Completed 	computing pathways 	:	 26	 seconds
12/26/2024 02:38:48 PM - humann.humann - INFO: 
Output files created: 
/mnt/omar/pipelines/ont/work/results/004_pathways/humann/SRR7947171/SRR7947171_merged_1_metaphlan_profile.tsv
/mnt/omar/pipelines/ont/work/results/004_pathways/humann/SRR7947171/SRR7947171_merged_2_genefamilies.tsv
/mnt/omar/pipelines/ont/work/results/004_pathways/humann/SRR7947171/SRR7947171_merged_3_reactions.tsv
/mnt/omar/pipelines/ont/work/results/004_pathways/humann/SRR7947171/SRR7947171_merged_4_pathabundance.tsv
/mnt/omar/pipelines/ont/work/results/004_pathways/humann/SRR7947171/SRR7947171_merged_0.log

12/26/2024 02:38:48 PM - humann.utilities - DEBUG: Remove directory: /mnt/omar/pipelines/ont/work/results/004_pathways/humann/SRR7947171/SRR7947171_merged_humann_temp/tmp3jk84jot
