12/22/2024 12:12:19 PM - humann.humann - INFO: Running humann v4.0.0.alpha.1
12/22/2024 12:12:19 PM - humann.humann - INFO: Output files will be written to: /mnt/omar/pipelines/ont/work/results/004_pathways/humann/SRR31533937
12/22/2024 12:12:19 PM - humann.humann - INFO: Writing temp files to directory: /mnt/omar/pipelines/ont/work/results/004_pathways/humann/SRR31533937/SRR31533937_merged_humann_temp
12/22/2024 12:12:19 PM - humann.utilities - INFO: File ( /mnt/omar/pipelines/ont/work/results/002_qc/merged/SRR31533937_merged.fastq.gz ) is of format:  fastq.gz
12/22/2024 12:12:19 PM - humann.utilities - INFO: Decompressing gzipped file ...
12/22/2024 12:12:19 PM - humann.humann - INFO: Removing spaces from identifiers in input file
12/22/2024 12:12:19 PM - humann.utilities - DEBUG: Check software, metaphlan, for required version, 4.0
12/22/2024 12:12:21 PM - humann.utilities - INFO: Using metaphlan version 4.1
12/22/2024 12:12:21 PM - humann.utilities - DEBUG: Check software, bowtie2, for required version, 2.2
12/22/2024 12:12:21 PM - humann.utilities - INFO: Using bowtie2 version 2.5
12/22/2024 12:12:21 PM - humann.utilities - DEBUG: Check software, diamond, for required version, 2.0.15
12/22/2024 12:12:21 PM - humann.utilities - INFO: Using diamond version 2.1.9
12/22/2024 12:12:21 PM - humann.config - INFO: 
Run config settings: 

DATABASE SETTINGS
nucleotide database folder = /mnt/omar/misc/tests/chocophlan/chocophlan
protein database folder = /mnt/omar/misc/tests/uniref
pathways database file 1 = /mnt/omar/misc/tests/utility_mapping/utility_mapping/metacyc_reactions_level4ec_only.uniref.bz2
pathways database file 2 = /mnt/omar/misc/tests/utility_mapping/utility_mapping/metacyc_pathways_structured_filtered_v24_subreactions
utility mapping database folder = /mnt/omar/misc/tests/utility_mapping/utility_mapping

RUN MODES
resume = False
verbose = False
bypass prescreen = False
bypass nucleotide index = False
bypass nucleotide search = False
bypass translated search = False
translated search = diamond
threads = 11

Identity thresholds
nucleotide = 0.0
translated = 50.0

ALIGNMENT SETTINGS
bowtie2 options = --very-sensitive --no-hd --no-sq
diamond options = --top 1 --sensitive --outfmt 6
evalue threshold = 1.0
prescreen threshold = 0.5
average read length = 1548.0
translated subject coverage threshold = 50.0
translated query coverage threshold = 11.0
nucleotide subject coverage threshold = 50.0
nucleotide query coverage threshold = 11.0

PATHWAYS SETTINGS
minpath = on
xipe = off
gap fill = on

INPUT AND OUTPUT FORMATS
input file format = fastq.gz
output file format = tsv
normalization mode = Adjusted CPMs
output max decimals = 10
remove stratified output = False
remove column description output = False
log level = DEBUG

12/22/2024 12:12:21 PM - humann.store - DEBUG: Initialize Alignments class instance to minimize memory use
12/22/2024 12:12:21 PM - humann.store - DEBUG: Initialize Reads class instance to minimize memory use
12/22/2024 12:13:49 PM - humann.humann - INFO: Load pathways database part 1: /mnt/omar/misc/tests/utility_mapping/utility_mapping/metacyc_reactions_level4ec_only.uniref.bz2
12/22/2024 12:13:49 PM - humann.humann - INFO: Load pathways database part 2: /mnt/omar/misc/tests/utility_mapping/utility_mapping/metacyc_pathways_structured_filtered_v24_subreactions
12/22/2024 12:13:49 PM - humann.search.prescreen - INFO: Running metaphlan ........
12/22/2024 12:13:49 PM - humann.utilities - DEBUG: Using software: /home/omar/Downloads/miniconda3/envs/humann_env/bin/metaphlan
12/22/2024 12:13:49 PM - humann.utilities - DEBUG: Remove file: /mnt/omar/pipelines/ont/work/results/004_pathways/humann/SRR31533937/SRR31533937_merged_1_metaphlan_profile.tsv
12/22/2024 12:13:49 PM - humann.utilities - DEBUG: Remove file: /mnt/omar/pipelines/ont/work/results/004_pathways/humann/SRR31533937/SRR31533937_merged_humann_temp/SRR31533937_merged_metaphlan_bowtie2.txt
12/22/2024 12:13:49 PM - humann.utilities - INFO: Execute command: /home/omar/Downloads/miniconda3/envs/humann_env/bin/metaphlan /mnt/omar/pipelines/ont/work/results/004_pathways/humann/SRR31533937/SRR31533937_merged_humann_temp/tmphifm67jn/tmpo0k3qe7o -t rel_ab_w_read_stats -o /mnt/omar/pipelines/ont/work/results/004_pathways/humann/SRR31533937/SRR31533937_merged_1_metaphlan_profile.tsv --input_type fastq --bowtie2out /mnt/omar/pipelines/ont/work/results/004_pathways/humann/SRR31533937/SRR31533937_merged_humann_temp/SRR31533937_merged_metaphlan_bowtie2.txt --nproc 11
