/home/omar/Downloads/miniconda3/envs/humann_env/lib/python3.12/site-packages/humann/quantify/MinPath12hmp.py:804: SyntaxWarning: invalid escape sequence '\d'
/home/omar/Downloads/miniconda3/envs/humann_env/lib/python3.12/site-packages/humann/quantify/MinPath12hmp.py:804: SyntaxWarning: invalid escape sequence '\d'
  m = re.match('^[^\d]+(?P<id>\d+)', aline)
  m = re.match('^[^\d]+(?P<id>\d+)', aline)
Output files will be written to: /mnt/omar/pipelines/ont/work/results/004_pathways/humann/SRR7947187

Writing temp files to directory: /mnt/omar/pipelines/ont/work/results/004_pathways/humann/SRR7947187/SRR7947187_merged_humann_temp

File ( /mnt/omar/pipelines/ont/work/results/002_qc/merged/SRR7947187_merged.fastq.gz ) is of format:  fastq.gz

Decompressing gzipped file ...

Removing spaces from identifiers in input file ...


Running metaphlan ........


/home/omar/Downloads/miniconda3/envs/humann_env/bin/metaphlan /mnt/omar/pipelines/ont/work/results/004_pathways/humann/SRR7947187/SRR7947187_merged_humann_temp/tmpzr0stzs2/tmp2nnzj730 -t rel_ab_w_read_stats -o /mnt/omar/pipelines/ont/work/results/004_pathways/humann/SRR7947187/SRR7947187_merged_1_metaphlan_profile.tsv --input_type fastq --bowtie2out /mnt/omar/pipelines/ont/work/results/004_pathways/humann/SRR7947187/SRR7947187_merged_humann_temp/SRR7947187_merged_metaphlan_bowtie2.txt --nproc 11


TIMESTAMP: Completed prescreen : 519 seconds


Total species selected from prescreen: 0

Selected species explain 0.00% of predicted community composition



No species were selected from the prescreen.
Because of this the custom ChocoPhlAn database is empty.
This will result in zero species-specific gene families and pathways.



TIMESTAMP: Completed custom database creation : 0 seconds


Running diamond ........


Aligning to reference database: humann4_protein_database_filtered_v2019_06.dmnd


/home/omar/Downloads/miniconda3/envs/humann_env/bin/diamond blastx --query /mnt/omar/pipelines/ont/work/results/004_pathways/humann/SRR7947187/SRR7947187_merged_humann_temp/tmpzr0stzs2/tmpsuebq0n2 --evalue 1.0 --threads 11 --top 1 --sensitive --outfmt 6 --db /mnt/omar/misc/tests/uniref/humann4_protein_database_filtered_v2019_06 --out /mnt/omar/pipelines/ont/work/results/004_pathways/humann/SRR7947187/SRR7947187_merged_humann_temp/tmpzr0stzs2/diamond_m8_twllbc4p --tmpdir /mnt/omar/pipelines/ont/work/results/004_pathways/humann/SRR7947187/SRR7947187_merged_humann_temp/tmpzr0stzs2


/usr/bin/cat /mnt/omar/pipelines/ont/work/results/004_pathways/humann/SRR7947187/SRR7947187_merged_humann_temp/tmpzr0stzs2/diamond_m8_twllbc4p


TIMESTAMP: Completed translated alignment : 556 seconds


TIMESTAMP: Completed translated alignment post-processing : 2 seconds

Total bugs after translated alignment: 1
unclassified: 12487 hits

Total gene families after translated alignment: 10377

Unaligned reads after translated alignment: 71.7460504598 %


Computing gene families ...
Total gene families  : 10377
unclassified : 10377 gene families

TIMESTAMP: Completed computing gene families : 0 seconds


Computing reaction and pathway abundance ...

/home/omar/Downloads/miniconda3/envs/humann_env/bin/python3.12 /home/omar/Downloads/miniconda3/envs/humann_env/lib/python3.12/site-packages/humann/quantify/MinPath12hmp.py -any /mnt/omar/pipelines/ont/work/results/004_pathways/humann/SRR7947187/SRR7947187_merged_humann_temp/tmpzr0stzs2/tmp6h_ko6yu -map /mnt/omar/pipelines/ont/work/results/004_pathways/humann/SRR7947187/SRR7947187_merged_humann_temp/tmpzr0stzs2/tmpfr3f_21r -report /mnt/omar/pipelines/ont/work/results/004_pathways/humann/SRR7947187/SRR7947187_merged_humann_temp/tmpzr0stzs2/tmp56lwyo_8 -details /mnt/omar/pipelines/ont/work/results/004_pathways/humann/SRR7947187/SRR7947187_merged_humann_temp/tmpzr0stzs2/tmplpkdpsf7 -mps /mnt/omar/pipelines/ont/work/results/004_pathways/humann/SRR7947187/SRR7947187_merged_humann_temp/tmpzr0stzs2/tmp5rlvrd1n


/home/omar/Downloads/miniconda3/envs/humann_env/bin/python3.12 /home/omar/Downloads/miniconda3/envs/humann_env/lib/python3.12/site-packages/humann/quantify/MinPath12hmp.py -any /mnt/omar/pipelines/ont/work/results/004_pathways/humann/SRR7947187/SRR7947187_merged_humann_temp/tmpzr0stzs2/tmp9kbhrzkv -map /mnt/omar/pipelines/ont/work/results/004_pathways/humann/SRR7947187/SRR7947187_merged_humann_temp/tmpzr0stzs2/tmpfr3f_21r -report /mnt/omar/pipelines/ont/work/results/004_pathways/humann/SRR7947187/SRR7947187_merged_humann_temp/tmpzr0stzs2/tmpb_aa2mla -details /mnt/omar/pipelines/ont/work/results/004_pathways/humann/SRR7947187/SRR7947187_merged_humann_temp/tmpzr0stzs2/tmph_v6w0og -mps /mnt/omar/pipelines/ont/work/results/004_pathways/humann/SRR7947187/SRR7947187_merged_humann_temp/tmpzr0stzs2/tmpiyavm2ia


TIMESTAMP: Completed computing pathways : 29 seconds


Output files created: 
/mnt/omar/pipelines/ont/work/results/004_pathways/humann/SRR7947187/SRR7947187_merged_1_metaphlan_profile.tsv
/mnt/omar/pipelines/ont/work/results/004_pathways/humann/SRR7947187/SRR7947187_merged_2_genefamilies.tsv
/mnt/omar/pipelines/ont/work/results/004_pathways/humann/SRR7947187/SRR7947187_merged_3_reactions.tsv
/mnt/omar/pipelines/ont/work/results/004_pathways/humann/SRR7947187/SRR7947187_merged_4_pathabundance.tsv
/mnt/omar/pipelines/ont/work/results/004_pathways/humann/SRR7947187/SRR7947187_merged_0.log

