12/26/2024 02:20:59 PM - humann.humann - INFO: Running humann v4.0.0.alpha.1
12/26/2024 02:20:59 PM - humann.humann - INFO: Output files will be written to: /mnt/omar/pipelines/ont/work/results/004_pathways/humann/SRR7947187
12/26/2024 02:20:59 PM - humann.humann - INFO: Writing temp files to directory: /mnt/omar/pipelines/ont/work/results/004_pathways/humann/SRR7947187/SRR7947187_merged_humann_temp
12/26/2024 02:20:59 PM - humann.utilities - INFO: File ( /mnt/omar/pipelines/ont/work/results/002_qc/merged/SRR7947187_merged.fastq.gz ) is of format:  fastq.gz
12/26/2024 02:20:59 PM - humann.utilities - INFO: Decompressing gzipped file ...
12/26/2024 02:21:01 PM - humann.humann - INFO: Removing spaces from identifiers in input file
12/26/2024 02:21:03 PM - humann.utilities - DEBUG: Check software, metaphlan, for required version, 4.0
12/26/2024 02:21:05 PM - humann.utilities - INFO: Using metaphlan version 4.1
12/26/2024 02:21:05 PM - humann.utilities - DEBUG: Check software, bowtie2, for required version, 2.2
12/26/2024 02:21:05 PM - humann.utilities - INFO: Using bowtie2 version 2.5
12/26/2024 02:21:05 PM - humann.utilities - DEBUG: Check software, diamond, for required version, 2.0.15
12/26/2024 02:21:05 PM - humann.utilities - INFO: Using diamond version 2.1.9
12/26/2024 02:21:05 PM - humann.config - INFO: 
Run config settings: 

DATABASE SETTINGS
nucleotide database folder = /mnt/omar/misc/tests/chocophlan/chocophlan
protein database folder = /mnt/omar/misc/tests/uniref
pathways database file 1 = /mnt/omar/misc/tests/utility_mapping/utility_mapping/metacyc_reactions_level4ec_only.uniref.bz2
pathways database file 2 = /mnt/omar/misc/tests/utility_mapping/utility_mapping/metacyc_pathways_structured_filtered_v24_subreactions
utility mapping database folder = /mnt/omar/misc/tests/utility_mapping/utility_mapping

RUN MODES
resume = True
verbose = True
bypass prescreen = False
bypass nucleotide index = False
bypass nucleotide search = False
bypass translated search = False
translated search = diamond
threads = 11

Identity thresholds
nucleotide = 0.0
translated = 50.0

ALIGNMENT SETTINGS
bowtie2 options = --very-sensitive-local
diamond options = --top 1 --sensitive --outfmt 6
evalue threshold = 1.0
prescreen threshold = 0.01
average read length = 1548.0
translated subject coverage threshold = 1.0
translated query coverage threshold = 1.0
nucleotide subject coverage threshold = 1.0
nucleotide query coverage threshold = 1.0

PATHWAYS SETTINGS
minpath = on
xipe = off
gap fill = on

INPUT AND OUTPUT FORMATS
input file format = fastq.gz
output file format = tsv
normalization mode = Adjusted CPMs
output max decimals = 10
remove stratified output = True
remove column description output = False
log level = DEBUG

12/26/2024 02:21:05 PM - humann.store - DEBUG: Initialize Alignments class instance to minimize memory use
12/26/2024 02:21:05 PM - humann.store - DEBUG: Initialize Reads class instance to minimize memory use
12/26/2024 02:22:39 PM - humann.humann - INFO: Load pathways database part 1: /mnt/omar/misc/tests/utility_mapping/utility_mapping/metacyc_reactions_level4ec_only.uniref.bz2
12/26/2024 02:22:39 PM - humann.humann - INFO: Load pathways database part 2: /mnt/omar/misc/tests/utility_mapping/utility_mapping/metacyc_pathways_structured_filtered_v24_subreactions
12/26/2024 02:22:39 PM - humann.search.prescreen - INFO: Running metaphlan ........
12/26/2024 02:22:39 PM - humann.utilities - DEBUG: Using software: /home/omar/Downloads/miniconda3/envs/humann_env/bin/metaphlan
12/26/2024 02:22:39 PM - humann.utilities - INFO: Execute command: /home/omar/Downloads/miniconda3/envs/humann_env/bin/metaphlan /mnt/omar/pipelines/ont/work/results/004_pathways/humann/SRR7947187/SRR7947187_merged_humann_temp/tmpzr0stzs2/tmp2nnzj730 -t rel_ab_w_read_stats -o /mnt/omar/pipelines/ont/work/results/004_pathways/humann/SRR7947187/SRR7947187_merged_1_metaphlan_profile.tsv --input_type fastq --bowtie2out /mnt/omar/pipelines/ont/work/results/004_pathways/humann/SRR7947187/SRR7947187_merged_humann_temp/SRR7947187_merged_metaphlan_bowtie2.txt --nproc 11
12/26/2024 02:31:18 PM - humann.utilities - DEBUG: b''
12/26/2024 02:31:18 PM - humann.humann - INFO: TIMESTAMP: Completed 	prescreen 	:	 519	 seconds
12/26/2024 02:31:18 PM - humann.search.prescreen - INFO: Total species selected from prescreen: 0
12/26/2024 02:31:18 PM - humann.search.prescreen - DEBUG: 

No species were selected from the prescreen.
Because of this the custom ChocoPhlAn database is empty.
This will result in zero species-specific gene families and pathways.


12/26/2024 02:31:18 PM - humann.humann - INFO: TIMESTAMP: Completed 	custom database creation 	:	 0	 seconds
12/26/2024 02:31:18 PM - humann.humann - DEBUG: Custom database is empty
12/26/2024 02:31:18 PM - humann.store - DEBUG: Initialize Reads class instance to minimize memory use
12/26/2024 02:31:20 PM - humann.utilities - DEBUG: Remove file: /mnt/omar/pipelines/ont/work/results/004_pathways/humann/SRR7947187/SRR7947187_merged_humann_temp/tmpzr0stzs2/tmps5ytb741
12/26/2024 02:31:20 PM - humann.search.translated - DEBUG: Convert unaligned reads fastq file to fasta
12/26/2024 02:31:20 PM - humann.search.translated - INFO: Running diamond ........
12/26/2024 02:31:20 PM - humann.search.translated - INFO: Aligning to reference database: humann4_protein_database_filtered_v2019_06.dmnd
12/26/2024 02:31:20 PM - humann.utilities - DEBUG: Remove file: /mnt/omar/pipelines/ont/work/results/004_pathways/humann/SRR7947187/SRR7947187_merged_humann_temp/tmpzr0stzs2/diamond_m8_twllbc4p
12/26/2024 02:31:20 PM - humann.utilities - DEBUG: Using software: /home/omar/Downloads/miniconda3/envs/humann_env/bin/diamond
12/26/2024 02:31:20 PM - humann.utilities - INFO: Execute command: /home/omar/Downloads/miniconda3/envs/humann_env/bin/diamond blastx --query /mnt/omar/pipelines/ont/work/results/004_pathways/humann/SRR7947187/SRR7947187_merged_humann_temp/tmpzr0stzs2/tmpsuebq0n2 --evalue 1.0 --threads 11 --top 1 --sensitive --outfmt 6 --db /mnt/omar/misc/tests/uniref/humann4_protein_database_filtered_v2019_06 --out /mnt/omar/pipelines/ont/work/results/004_pathways/humann/SRR7947187/SRR7947187_merged_humann_temp/tmpzr0stzs2/diamond_m8_twllbc4p --tmpdir /mnt/omar/pipelines/ont/work/results/004_pathways/humann/SRR7947187/SRR7947187_merged_humann_temp/tmpzr0stzs2
12/26/2024 02:40:34 PM - humann.utilities - DEBUG: b'diamond v2.1.9.163 (C) Max Planck Society for the Advancement of Science, Benjamin Buchfink, University of Tuebingen\nDocumentation, support and updates available at http://www.diamondsearch.org\nPlease cite: http://dx.doi.org/10.1038/s41592-021-01101-x Nature Methods (2021)\n\n#CPU threads: 11\nScoring parameters: (Matrix=BLOSUM62 Lambda=0.267 K=0.041 Penalties=11/1)\nTemporary directory: /mnt/omar/pipelines/ont/work/results/004_pathways/humann/SRR7947187/SRR7947187_merged_humann_temp/tmpzr0stzs2\nPercentage range of top alignment score to report hits: 1\nOpening the database...  [0.355s]\nDatabase: /mnt/omar/misc/tests/uniref/humann4_protein_database_filtered_v2019_06 (type: Diamond database, sequences: 3435636, letters: 1515992226)\nBlock size = 2000000000\nOpening the input file...  [0.101s]\nOpening the output file...  [0s]\nLoading query sequences...  [1.143s]\nMasking queries...  [0.912s]\nAlgorithm: Double-indexed\nBuilding query histograms...  [1.074s]\nSeeking in database...  [0s]\nLoading reference sequences...  [4.533s]\nMasking reference...  [11.263s]\nInitializing temporary storage...  [0.001s]\nBuilding reference histograms...  [27.737s]\nAllocating buffers...  [0.001s]\nProcessing query block 1, reference block 1/1, shape 1/16, index chunk 1/4.\nBuilding reference seed array...  [3.625s]\nBuilding query seed array...  [0.234s]\nComputing hash join...  [1.349s]\nMasking low complexity seeds...  [0.073s]\nSearching alignments...  [3.654s]\nDeallocating memory...  [0s]\nProcessing query block 1, reference block 1/1, shape 1/16, index chunk 2/4.\nBuilding reference seed array...  [2.758s]\nBuilding query seed array...  [0.085s]\nComputing hash join...  [1.183s]\nMasking low complexity seeds...  [0.077s]\nSearching alignments...  [3.608s]\nDeallocating memory...  [0s]\nProcessing query block 1, reference block 1/1, shape 1/16, index chunk 3/4.\nBuilding reference seed array...  [3.431s]\nBuilding query seed array...  [0.113s]\nComputing hash join...  [1.271s]\nMasking low complexity seeds...  [0.079s]\nSearching alignments...  [3.575s]\nDeallocating memory...  [0s]\nProcessing query block 1, reference block 1/1, shape 1/16, index chunk 4/4.\nBuilding reference seed array...  [2.226s]\nBuilding query seed array...  [0.102s]\nComputing hash join...  [1.245s]\nMasking low complexity seeds...  [0.072s]\nSearching alignments...  [3.547s]\nDeallocating memory...  [0s]\nProcessing query block 1, reference block 1/1, shape 2/16, index chunk 1/4.\nBuilding reference seed array...  [2.448s]\nBuilding query seed array...  [0.091s]\nComputing hash join...  [1.213s]\nMasking low complexity seeds...  [0.07s]\nSearching alignments...  [3.306s]\nDeallocating memory...  [0s]\nProcessing query block 1, reference block 1/1, shape 2/16, index chunk 2/4.\nBuilding reference seed array...  [2.845s]\nBuilding query seed array...  [0.104s]\nComputing hash join...  [1.206s]\nMasking low complexity seeds...  [0.072s]\nSearching alignments...  [3.335s]\nDeallocating memory...  [0s]\nProcessing query block 1, reference block 1/1, shape 2/16, index chunk 3/4.\nBuilding reference seed array...  [3.306s]\nBuilding query seed array...  [0.105s]\nComputing hash join...  [1.261s]\nMasking low complexity seeds...  [0.066s]\nSearching alignments...  [3.422s]\nDeallocating memory...  [0s]\nProcessing query block 1, reference block 1/1, shape 2/16, index chunk 4/4.\nBuilding reference seed array...  [2.793s]\nBuilding query seed array...  [0.132s]\nComputing hash join...  [1.278s]\nMasking low complexity seeds...  [0.07s]\nSearching alignments...  [3.346s]\nDeallocating memory...  [0s]\nProcessing query block 1, reference block 1/1, shape 3/16, index chunk 1/4.\nBuilding reference seed array...  [2.372s]\nBuilding query seed array...  [0.119s]\nComputing hash join...  [1.125s]\nMasking low complexity seeds...  [0.076s]\nSearching alignments...  [3.519s]\nDeallocating memory...  [0s]\nProcessing query block 1, reference block 1/1, shape 3/16, index chunk 2/4.\nBuilding reference seed array...  [2.87s]\nBuilding query seed array...  [0.121s]\nComputing hash join...  [1.093s]\nMasking low complexity seeds...  [0.062s]\nSearching alignments...  [3.541s]\nDeallocating memory...  [0s]\nProcessing query block 1, reference block 1/1, shape 3/16, index chunk 3/4.\nBuilding reference seed array...  [3.674s]\nBuilding query seed array...  [0.114s]\nComputing hash join...  [1.425s]\nMasking low complexity seeds...  [0.07s]\nSearching alignments...  [3.538s]\nDeallocating memory...  [0s]\nProcessing query block 1, reference block 1/1, shape 3/16, index chunk 4/4.\nBuilding reference seed array...  [2.438s]\nBuilding query seed array...  [0.069s]\nComputing hash join...  [1.201s]\nMasking low complexity seeds...  [0.075s]\nSearching alignments...  [3.534s]\nDeallocating memory...  [0s]\nProcessing query block 1, reference block 1/1, shape 4/16, index chunk 1/4.\nBuilding reference seed array...  [2.364s]\nBuilding query seed array...  [0.094s]\nComputing hash join...  [1.105s]\nMasking low complexity seeds...  [0.077s]\nSearching alignments...  [3.452s]\nDeallocating memory...  [0s]\nProcessing query block 1, reference block 1/1, shape 4/16, index chunk 2/4.\nBuilding reference seed array...  [2.756s]\nBuilding query seed array...  [0.095s]\nComputing hash join...  [1.093s]\nMasking low complexity seeds...  [0.064s]\nSearching alignments...  [3.514s]\nDeallocating memory...  [0s]\nProcessing query block 1, reference block 1/1, shape 4/16, index chunk 3/4.\nBuilding reference seed array...  [3.075s]\nBuilding query seed array...  [0.098s]\nComputing hash join...  [1.082s]\nMasking low complexity seeds...  [0.061s]\nSearching alignments...  [3.505s]\nDeallocating memory...  [0s]\nProcessing query block 1, reference block 1/1, shape 4/16, index chunk 4/4.\nBuilding reference seed array...  [2.718s]\nBuilding query seed array...  [0.11s]\nComputing hash join...  [1.108s]\nMasking low complexity seeds...  [0.067s]\nSearching alignments...  [3.465s]\nDeallocating memory...  [0s]\nProcessing query block 1, reference block 1/1, shape 5/16, index chunk 1/4.\nBuilding reference seed array...  [2.249s]\nBuilding query seed array...  [0.069s]\nComputing hash join...  [1.054s]\nMasking low complexity seeds...  [0.066s]\nSearching alignments...  [3.387s]\nDeallocating memory...  [0s]\nProcessing query block 1, reference block 1/1, shape 5/16, index chunk 2/4.\nBuilding reference seed array...  [3.391s]\nBuilding query seed array...  [0.193s]\nComputing hash join...  [1.243s]\nMasking low complexity seeds...  [0.066s]\nSearching alignments...  [3.368s]\nDeallocating memory...  [0s]\nProcessing query block 1, reference block 1/1, shape 5/16, index chunk 3/4.\nBuilding reference seed array...  [3.39s]\nBuilding query seed array...  [0.142s]\nComputing hash join...  [1.222s]\nMasking low complexity seeds...  [0.063s]\nSearching alignments...  [3.389s]\nDeallocating memory...  [0s]\nProcessing query block 1, reference block 1/1, shape 5/16, index chunk 4/4.\nBuilding reference seed array...  [2.469s]\nBuilding query seed array...  [0.09s]\nComputing hash join...  [1.112s]\nMasking low complexity seeds...  [0.062s]\nSearching alignments...  [3.392s]\nDeallocating memory...  [0s]\nProcessing query block 1, reference block 1/1, shape 6/16, index chunk 1/4.\nBuilding reference seed array...  [2.249s]\nBuilding query seed array...  [0.123s]\nComputing hash join...  [1.128s]\nMasking low complexity seeds...  [0.07s]\nSearching alignments...  [3.345s]\nDeallocating memory...  [0s]\nProcessing query block 1, reference block 1/1, shape 6/16, index chunk 2/4.\nBuilding reference seed array...  [3.26s]\nBuilding query seed array...  [0.153s]\nComputing hash join...  [1.223s]\nMasking low complexity seeds...  [0.064s]\nSearching alignments...  [3.372s]\nDeallocating memory...  [0s]\nProcessing query block 1, reference block 1/1, shape 6/16, index chunk 3/4.\nBuilding reference seed array...  [3.305s]\nBuilding query seed array...  [0.153s]\nComputing hash join...  [1.113s]\nMasking low complexity seeds...  [0.064s]\nSearching alignments...  [3.408s]\nDeallocating memory...  [0s]\nProcessing query block 1, reference block 1/1, shape 6/16, index chunk 4/4.\nBuilding reference seed array...  [2.224s]\nBuilding query seed array...  [0.093s]\nComputing hash join...  [1.152s]\nMasking low complexity seeds...  [0.069s]\nSearching alignments...  [3.331s]\nDeallocating memory...  [0s]\nProcessing query block 1, reference block 1/1, shape 7/16, index chunk 1/4.\nBuilding reference seed array...  [2.219s]\nBuilding query seed array...  [0.067s]\nComputing hash join...  [1.207s]\nMasking low complexity seeds...  [0.066s]\nSearching alignments...  [3.288s]\nDeallocating memory...  [0s]\nProcessing query block 1, reference block 1/1, shape 7/16, index chunk 2/4.\nBuilding reference seed array...  [2.697s]\nBuilding query seed array...  [0.108s]\nComputing hash join...  [1.229s]\nMasking low complexity seeds...  [0.064s]\nSearching alignments...  [3.231s]\nDeallocating memory...  [0s]\nProcessing query block 1, reference block 1/1, shape 7/16, index chunk 3/4.\nBuilding reference seed array...  [3.341s]\nBuilding query seed array...  [0.118s]\nComputing hash join...  [1.226s]\nMasking low complexity seeds...  [0.062s]\nSearching alignments...  [3.25s]\nDeallocating memory...  [0s]\nProcessing query block 1, reference block 1/1, shape 7/16, index chunk 4/4.\nBuilding reference seed array...  [2.394s]\nBuilding query seed array...  [0.13s]\nComputing hash join...  [1.27s]\nMasking low complexity seeds...  [0.063s]\nSearching alignments...  [3.199s]\nDeallocating memory...  [0s]\nProcessing query block 1, reference block 1/1, shape 8/16, index chunk 1/4.\nBuilding reference seed array...  [2.25s]\nBuilding query seed array...  [0.069s]\nComputing hash join...  [1.221s]\nMasking low complexity seeds...  [0.076s]\nSearching alignments...  [3.221s]\nDeallocating memory...  [0s]\nProcessing query block 1, reference block 1/1, shape 8/16, index chunk 2/4.\nBuilding reference seed array...  [3.358s]\nBuilding query seed array...  [0.241s]\nComputing hash join...  [1.406s]\nMasking low complexity seeds...  [0.065s]\nSearching alignments...  [3.249s]\nDeallocating memory...  [0s]\nProcessing query block 1, reference block 1/1, shape 8/16, index chunk 3/4.\nBuilding reference seed array...  [3.506s]\nBuilding query seed array...  [0.126s]\nComputing hash join...  [1.202s]\nMasking low complexity seeds...  [0.061s]\nSearching alignments...  [3.302s]\nDeallocating memory...  [0s]\nProcessing query block 1, reference block 1/1, shape 8/16, index chunk 4/4.\nBuilding reference seed array...  [2.639s]\nBuilding query seed array...  [0.083s]\nComputing hash join...  [1.227s]\nMasking low complexity seeds...  [0.066s]\nSearching alignments...  [3.327s]\nDeallocating memory...  [0s]\nProcessing query block 1, reference block 1/1, shape 9/16, index chunk 1/4.\nBuilding reference seed array...  [2.3s]\nBuilding query seed array...  [0.112s]\nComputing hash join...  [1.204s]\nMasking low complexity seeds...  [0.068s]\nSearching alignments...  [3.367s]\nDeallocating memory...  [0s]\nProcessing query block 1, reference block 1/1, shape 9/16, index chunk 2/4.\nBuilding reference seed array...  [3.416s]\nBuilding query seed array...  [0.247s]\nComputing hash join...  [1.307s]\nMasking low complexity seeds...  [0.065s]\nSearching alignments...  [3.389s]\nDeallocating memory...  [0s]\nProcessing query block 1, reference block 1/1, shape 9/16, index chunk 3/4.\nBuilding reference seed array...  [3.657s]\nBuilding query seed array...  [0.214s]\nComputing hash join...  [1.285s]\nMasking low complexity seeds...  [0.063s]\nSearching alignments...  [3.452s]\nDeallocating memory...  [0s]\nProcessing query block 1, reference block 1/1, shape 9/16, index chunk 4/4.\nBuilding reference seed array...  [2.368s]\nBuilding query seed array...  [0.084s]\nComputing hash join...  [1.204s]\nMasking low complexity seeds...  [0.069s]\nSearching alignments...  [3.372s]\nDeallocating memory...  [0s]\nProcessing query block 1, reference block 1/1, shape 10/16, index chunk 1/4.\nBuilding reference seed array...  [3.167s]\nBuilding query seed array...  [0.163s]\nComputing hash join...  [1.186s]\nMasking low complexity seeds...  [0.066s]\nSearching alignments...  [3.227s]\nDeallocating memory...  [0s]\nProcessing query block 1, reference block 1/1, shape 10/16, index chunk 2/4.\nBuilding reference seed array...  [2.715s]\nBuilding query seed array...  [0.095s]\nComputing hash join...  [1.129s]\nMasking low complexity seeds...  [0.064s]\nSearching alignments...  [3.138s]\nDeallocating memory...  [0s]\nProcessing query block 1, reference block 1/1, shape 10/16, index chunk 3/4.\nBuilding reference seed array...  [3.053s]\nBuilding query seed array...  [0.098s]\nComputing hash join...  [1.202s]\nMasking low complexity seeds...  [0.073s]\nSearching alignments...  [3.173s]\nDeallocating memory...  [0s]\nProcessing query block 1, reference block 1/1, shape 10/16, index chunk 4/4.\nBuilding reference seed array...  [2.707s]\nBuilding query seed array...  [0.218s]\nComputing hash join...  [1.434s]\nMasking low complexity seeds...  [0.064s]\nSearching alignments...  [3.205s]\nDeallocating memory...  [0s]\nProcessing query block 1, reference block 1/1, shape 11/16, index chunk 1/4.\nBuilding reference seed array...  [2.313s]\nBuilding query seed array...  [0.071s]\nComputing hash join...  [1.238s]\nMasking low complexity seeds...  [0.063s]\nSearching alignments...  [3.236s]\nDeallocating memory...  [0s]\nProcessing query block 1, reference block 1/1, shape 11/16, index chunk 2/4.\nBuilding reference seed array...  [2.895s]\nBuilding query seed array...  [0.109s]\nComputing hash join...  [1.282s]\nMasking low complexity seeds...  [0.07s]\nSearching alignments...  [3.312s]\nDeallocating memory...  [0s]\nProcessing query block 1, reference block 1/1, shape 11/16, index chunk 3/4.\nBuilding reference seed array...  [2.953s]\nBuilding query seed array...  [0.116s]\nComputing hash join...  [1.295s]\nMasking low complexity seeds...  [0.073s]\nSearching alignments...  [3.334s]\nDeallocating memory...  [0s]\nProcessing query block 1, reference block 1/1, shape 11/16, index chunk 4/4.\nBuilding reference seed array...  [2.309s]\nBuilding query seed array...  [0.094s]\nComputing hash join...  [1.237s]\nMasking low complexity seeds...  [0.074s]\nSearching alignments...  [3.32s]\nDeallocating memory...  [0s]\nProcessing query block 1, reference block 1/1, shape 12/16, index chunk 1/4.\nBuilding reference seed array...  [3.276s]\nBuilding query seed array...  [0.162s]\nComputing hash join...  [1.46s]\nMasking low complexity seeds...  [0.071s]\nSearching alignments...  [3.211s]\nDeallocating memory...  [0s]\nProcessing query block 1, reference block 1/1, shape 12/16, index chunk 2/4.\nBuilding reference seed array...  [2.728s]\nBuilding query seed array...  [0.094s]\nComputing hash join...  [1.16s]\nMasking low complexity seeds...  [0.067s]\nSearching alignments...  [3.234s]\nDeallocating memory...  [0s]\nProcessing query block 1, reference block 1/1, shape 12/16, index chunk 3/4.\nBuilding reference seed array...  [2.963s]\nBuilding query seed array...  [0.261s]\nComputing hash join...  [1.161s]\nMasking low complexity seeds...  [0.066s]\nSearching alignments...  [3.194s]\nDeallocating memory...  [0s]\nProcessing query block 1, reference block 1/1, shape 12/16, index chunk 4/4.\nBuilding reference seed array...  [3.007s]\nBuilding query seed array...  [0.195s]\nComputing hash join...  [1.316s]\nMasking low complexity seeds...  [0.066s]\nSearching alignments...  [3.189s]\nDeallocating memory...  [0s]\nProcessing query block 1, reference block 1/1, shape 13/16, index chunk 1/4.\nBuilding reference seed array...  [2.769s]\nBuilding query seed array...  [0.164s]\nComputing hash join...  [1.208s]\nMasking low complexity seeds...  [0.069s]\nSearching alignments...  [3.22s]\nDeallocating memory...  [0s]\nProcessing query block 1, reference block 1/1, shape 13/16, index chunk 2/4.\nBuilding reference seed array...  [3.353s]\nBuilding query seed array...  [0.197s]\nComputing hash join...  [1.239s]\nMasking low complexity seeds...  [0.065s]\nSearching alignments...  [3.245s]\nDeallocating memory...  [0s]\nProcessing query block 1, reference block 1/1, shape 13/16, index chunk 3/4.\nBuilding reference seed array...  [3.437s]\nBuilding query seed array...  [0.207s]\nComputing hash join...  [1.281s]\nMasking low complexity seeds...  [0.063s]\nSearching alignments...  [3.256s]\nDeallocating memory...  [0s]\nProcessing query block 1, reference block 1/1, shape 13/16, index chunk 4/4.\nBuilding reference seed array...  [2.914s]\nBuilding query seed array...  [0.156s]\nComputing hash join...  [1.22s]\nMasking low complexity seeds...  [0.063s]\nSearching alignments...  [3.203s]\nDeallocating memory...  [0s]\nProcessing query block 1, reference block 1/1, shape 14/16, index chunk 1/4.\nBuilding reference seed array...  [2.933s]\nBuilding query seed array...  [0.163s]\nComputing hash join...  [1.169s]\nMasking low complexity seeds...  [0.066s]\nSearching alignments...  [3.269s]\nDeallocating memory...  [0s]\nProcessing query block 1, reference block 1/1, shape 14/16, index chunk 2/4.\nBuilding reference seed array...  [3.379s]\nBuilding query seed array...  [0.199s]\nComputing hash join...  [1.348s]\nMasking low complexity seeds...  [0.077s]\nSearching alignments...  [3.323s]\nDeallocating memory...  [0s]\nProcessing query block 1, reference block 1/1, shape 14/16, index chunk 3/4.\nBuilding reference seed array...  [3.574s]\nBuilding query seed array...  [0.209s]\nComputing hash join...  [1.312s]\nMasking low complexity seeds...  [0.064s]\nSearching alignments...  [3.466s]\nDeallocating memory...  [0s]\nProcessing query block 1, reference block 1/1, shape 14/16, index chunk 4/4.\nBuilding reference seed array...  [2.837s]\nBuilding query seed array...  [0.088s]\nComputing hash join...  [1.049s]\nMasking low complexity seeds...  [0.06s]\nSearching alignments...  [3.261s]\nDeallocating memory...  [0s]\nProcessing query block 1, reference block 1/1, shape 15/16, index chunk 1/4.\nBuilding reference seed array...  [2.923s]\nBuilding query seed array...  [0.165s]\nComputing hash join...  [1.242s]\nMasking low complexity seeds...  [0.065s]\nSearching alignments...  [3.261s]\nDeallocating memory...  [0s]\nProcessing query block 1, reference block 1/1, shape 15/16, index chunk 2/4.\nBuilding reference seed array...  [3.396s]\nBuilding query seed array...  [0.199s]\nComputing hash join...  [1.144s]\nMasking low complexity seeds...  [0.063s]\nSearching alignments...  [3.258s]\nDeallocating memory...  [0s]\nProcessing query block 1, reference block 1/1, shape 15/16, index chunk 3/4.\nBuilding reference seed array...  [4.011s]\nBuilding query seed array...  [0.221s]\nComputing hash join...  [1.301s]\nMasking low complexity seeds...  [0.06s]\nSearching alignments...  [3.221s]\nDeallocating memory...  [0s]\nProcessing query block 1, reference block 1/1, shape 15/16, index chunk 4/4.\nBuilding reference seed array...  [2.944s]\nBuilding query seed array...  [0.165s]\nComputing hash join...  [1.275s]\nMasking low complexity seeds...  [0.065s]\nSearching alignments...  [3.256s]\nDeallocating memory...  [0s]\nProcessing query block 1, reference block 1/1, shape 16/16, index chunk 1/4.\nBuilding reference seed array...  [2.801s]\nBuilding query seed array...  [0.088s]\nComputing hash join...  [1.063s]\nMasking low complexity seeds...  [0.062s]\nSearching alignments...  [3.143s]\nDeallocating memory...  [0s]\nProcessing query block 1, reference block 1/1, shape 16/16, index chunk 2/4.\nBuilding reference seed array...  [3.554s]\nBuilding query seed array...  [0.196s]\nComputing hash join...  [1.29s]\nMasking low complexity seeds...  [0.069s]\nSearching alignments...  [3.197s]\nDeallocating memory...  [0s]\nProcessing query block 1, reference block 1/1, shape 16/16, index chunk 3/4.\nBuilding reference seed array...  [2.903s]\nBuilding query seed array...  [0.084s]\nComputing hash join...  [1.238s]\nMasking low complexity seeds...  [0.076s]\nSearching alignments...  [3.215s]\nDeallocating memory...  [0s]\nProcessing query block 1, reference block 1/1, shape 16/16, index chunk 4/4.\nBuilding reference seed array...  [2.817s]\nBuilding query seed array...  [0.163s]\nComputing hash join...  [1.213s]\nMasking low complexity seeds...  [0.059s]\nSearching alignments...  [3.197s]\nDeallocating memory...  [0s]\nDeallocating buffers...  [1.228s]\nClearing query masking...  [0.014s]\nComputing alignments... Loading trace points...  [3s]\nSorting trace points...  [0.465s]\nComputing alignments...  [8.721s]\nDeallocating buffers...  [0.135s]\nLoading trace points...  [0s]\n [13.122s]\nDeallocating reference...  [0.315s]\nLoading reference sequences...  [0s]\nDeallocating buffers...  [0s]\nDeallocating queries...  [0.023s]\nLoading query sequences...  [0s]\nClosing the input file...  [0s]\nClosing the output file...  [0.002s]\nClosing the database...  [0.013s]\nCleaning up...  [0s]\nTotal time = 553.72s\nReported 24573 pairwise alignments, 24573 HSPs.\n19910 queries aligned.\n'
12/26/2024 02:40:34 PM - humann.utilities - DEBUG: Using software: /usr/bin/cat
12/26/2024 02:40:34 PM - humann.utilities - INFO: Execute command: /usr/bin/cat /mnt/omar/pipelines/ont/work/results/004_pathways/humann/SRR7947187/SRR7947187_merged_humann_temp/tmpzr0stzs2/diamond_m8_twllbc4p
12/26/2024 02:40:34 PM - humann.utilities - DEBUG: Remove file: /mnt/omar/pipelines/ont/work/results/004_pathways/humann/SRR7947187/SRR7947187_merged_humann_temp/tmpzr0stzs2/tmpsuebq0n2
12/26/2024 02:40:34 PM - humann.humann - INFO: TIMESTAMP: Completed 	translated alignment 	:	 556	 seconds
12/26/2024 02:40:34 PM - humann.utilities - DEBUG: Total alignments where percent identity is not a number: 0
12/26/2024 02:40:34 PM - humann.utilities - DEBUG: Total alignments where alignment length is not a number: 0
12/26/2024 02:40:34 PM - humann.utilities - DEBUG: Total alignments where E-value is not a number: 0
12/26/2024 02:40:34 PM - humann.utilities - DEBUG: Total alignments not included based on large e-value: 0
12/26/2024 02:40:34 PM - humann.utilities - DEBUG: Total alignments not included based on small percent identity: 12057
12/26/2024 02:40:34 PM - humann.utilities - DEBUG: Total alignments not included based on small query coverage: 13
12/26/2024 02:40:35 PM - humann.search.blastx_coverage - INFO: Total alignments without coverage information: 0
12/26/2024 02:40:35 PM - humann.search.blastx_coverage - INFO: Total proteins in blastx output: 10395
12/26/2024 02:40:35 PM - humann.search.blastx_coverage - INFO: Total proteins without lengths: 0
12/26/2024 02:40:35 PM - humann.search.blastx_coverage - INFO: Proteins with coverage greater than threshold (1.0): 10377
12/26/2024 02:40:35 PM - humann.utilities - DEBUG: Total alignments where percent identity is not a number: 0
12/26/2024 02:40:35 PM - humann.utilities - DEBUG: Total alignments where alignment length is not a number: 0
12/26/2024 02:40:35 PM - humann.utilities - DEBUG: Total alignments where E-value is not a number: 0
12/26/2024 02:40:35 PM - humann.utilities - DEBUG: Total alignments not included based on large e-value: 0
12/26/2024 02:40:35 PM - humann.utilities - DEBUG: Total alignments not included based on small percent identity: 12057
12/26/2024 02:40:35 PM - humann.utilities - DEBUG: Total alignments not included based on small query coverage: 13
12/26/2024 02:40:35 PM - humann.search.translated - DEBUG: Total translated alignments not included based on small subject coverage value: 18
12/26/2024 02:40:36 PM - humann.utilities - DEBUG: Remove file: /mnt/omar/pipelines/ont/work/results/004_pathways/humann/SRR7947187/SRR7947187_merged_humann_temp/tmpzr0stzs2/tmp6p7aym73
12/26/2024 02:40:36 PM - humann.humann - INFO: TIMESTAMP: Completed 	translated alignment post-processing 	:	 2	 seconds
12/26/2024 02:40:36 PM - humann.humann - INFO: Total bugs after translated alignment: 1
12/26/2024 02:40:36 PM - humann.humann - INFO: 
unclassified: 12487 hits
12/26/2024 02:40:36 PM - humann.humann - INFO: Total gene families after translated alignment: 10377
12/26/2024 02:40:36 PM - humann.humann - INFO: Unaligned reads after translated alignment: 71.7460504598 %
12/26/2024 02:40:36 PM - humann.humann - INFO: Computing gene families ...
12/26/2024 02:40:36 PM - humann.quantify.families - DEBUG: Compute gene families
12/26/2024 02:40:36 PM - humann.store - INFO: 
Total gene families  : 10377
unclassified : 10377 gene families
12/26/2024 02:40:36 PM - humann.humann - INFO: TIMESTAMP: Completed 	computing gene families 	:	 0	 seconds
12/26/2024 02:40:36 PM - humann.humann - INFO: Computing reaction and pathway abundance ...
12/26/2024 02:40:36 PM - humann.quantify.modules - DEBUG: Write flat reactions to pathways file for Minpath
12/26/2024 02:40:36 PM - humann.quantify.modules - INFO: Compute reaction scores for bug: unclassified
12/26/2024 02:40:41 PM - humann.quantify.modules - INFO: Run MinPath on unclassified
12/26/2024 02:40:41 PM - humann.quantify.modules - INFO: Compute reaction scores for bug: all
12/26/2024 02:40:46 PM - humann.quantify.modules - INFO: Run MinPath on all
12/26/2024 02:40:46 PM - humann.quantify.modules - DEBUG: Print pathways 
12/26/2024 02:40:46 PM - humann.utilities - DEBUG: Using python module : /home/omar/Downloads/miniconda3/envs/humann_env/lib/python3.12/site-packages/humann/quantify/MinPath12hmp.py
12/26/2024 02:40:46 PM - humann.utilities - DEBUG: Using python module : /home/omar/Downloads/miniconda3/envs/humann_env/lib/python3.12/site-packages/humann/quantify/MinPath12hmp.py
12/26/2024 02:40:46 PM - humann.utilities - INFO: Execute command: /home/omar/Downloads/miniconda3/envs/humann_env/bin/python3.12 /home/omar/Downloads/miniconda3/envs/humann_env/lib/python3.12/site-packages/humann/quantify/MinPath12hmp.py -any /mnt/omar/pipelines/ont/work/results/004_pathways/humann/SRR7947187/SRR7947187_merged_humann_temp/tmpzr0stzs2/tmp6h_ko6yu -map /mnt/omar/pipelines/ont/work/results/004_pathways/humann/SRR7947187/SRR7947187_merged_humann_temp/tmpzr0stzs2/tmpfr3f_21r -report /mnt/omar/pipelines/ont/work/results/004_pathways/humann/SRR7947187/SRR7947187_merged_humann_temp/tmpzr0stzs2/tmp56lwyo_8 -details /mnt/omar/pipelines/ont/work/results/004_pathways/humann/SRR7947187/SRR7947187_merged_humann_temp/tmpzr0stzs2/tmplpkdpsf7 -mps /mnt/omar/pipelines/ont/work/results/004_pathways/humann/SRR7947187/SRR7947187_merged_humann_temp/tmpzr0stzs2/tmp5rlvrd1n
12/26/2024 02:40:46 PM - humann.utilities - INFO: Execute command: /home/omar/Downloads/miniconda3/envs/humann_env/bin/python3.12 /home/omar/Downloads/miniconda3/envs/humann_env/lib/python3.12/site-packages/humann/quantify/MinPath12hmp.py -any /mnt/omar/pipelines/ont/work/results/004_pathways/humann/SRR7947187/SRR7947187_merged_humann_temp/tmpzr0stzs2/tmp9kbhrzkv -map /mnt/omar/pipelines/ont/work/results/004_pathways/humann/SRR7947187/SRR7947187_merged_humann_temp/tmpzr0stzs2/tmpfr3f_21r -report /mnt/omar/pipelines/ont/work/results/004_pathways/humann/SRR7947187/SRR7947187_merged_humann_temp/tmpzr0stzs2/tmpb_aa2mla -details /mnt/omar/pipelines/ont/work/results/004_pathways/humann/SRR7947187/SRR7947187_merged_humann_temp/tmpzr0stzs2/tmph_v6w0og -mps /mnt/omar/pipelines/ont/work/results/004_pathways/humann/SRR7947187/SRR7947187_merged_humann_temp/tmpzr0stzs2/tmpiyavm2ia
12/26/2024 02:40:48 PM - humann.quantify.modules - DEBUG: Compute pathway abundance for bug: unclassified
12/26/2024 02:40:48 PM - humann.quantify.modules - DEBUG: Compute pathway abundance for bug: all
12/26/2024 02:41:05 PM - humann.quantify.modules - DEBUG: Print pathways _Abundance
12/26/2024 02:41:05 PM - humann.humann - INFO: TIMESTAMP: Completed 	computing pathways 	:	 29	 seconds
12/26/2024 02:41:05 PM - humann.humann - INFO: 
Output files created: 
/mnt/omar/pipelines/ont/work/results/004_pathways/humann/SRR7947187/SRR7947187_merged_1_metaphlan_profile.tsv
/mnt/omar/pipelines/ont/work/results/004_pathways/humann/SRR7947187/SRR7947187_merged_2_genefamilies.tsv
/mnt/omar/pipelines/ont/work/results/004_pathways/humann/SRR7947187/SRR7947187_merged_3_reactions.tsv
/mnt/omar/pipelines/ont/work/results/004_pathways/humann/SRR7947187/SRR7947187_merged_4_pathabundance.tsv
/mnt/omar/pipelines/ont/work/results/004_pathways/humann/SRR7947187/SRR7947187_merged_0.log

12/26/2024 02:41:05 PM - humann.utilities - DEBUG: Remove directory: /mnt/omar/pipelines/ont/work/results/004_pathways/humann/SRR7947187/SRR7947187_merged_humann_temp/tmpzr0stzs2
