12/22/2024 01:13:24 PM - humann.humann - INFO: Running humann v4.0.0.alpha.1
12/22/2024 01:13:24 PM - humann.humann - INFO: Output files will be written to: /mnt/omar/pipelines/ont/work/results/004_pathways/humann/SRR31533935
12/22/2024 01:13:24 PM - humann.humann - INFO: Writing temp files to directory: /mnt/omar/pipelines/ont/work/results/004_pathways/humann/SRR31533935/SRR31533935_humann_temp
12/22/2024 01:13:24 PM - humann.utilities - INFO: File ( /mnt/omar/pipelines/ont/work/results/002_qc/merged/SRR31533935.fastq.gz ) is of format:  fastq.gz
12/22/2024 01:13:24 PM - humann.utilities - INFO: Decompressing gzipped file ...
12/22/2024 01:13:26 PM - humann.humann - INFO: Removing spaces from identifiers in input file
12/22/2024 01:13:27 PM - humann.utilities - DEBUG: Check software, metaphlan, for required version, 4.0
12/22/2024 01:13:30 PM - humann.utilities - INFO: Using metaphlan version 4.1
12/22/2024 01:13:30 PM - humann.utilities - DEBUG: Check software, bowtie2, for required version, 2.2
12/22/2024 01:13:30 PM - humann.utilities - INFO: Using bowtie2 version 2.5
12/22/2024 01:13:30 PM - humann.utilities - DEBUG: Check software, diamond, for required version, 2.0.15
12/22/2024 01:13:30 PM - humann.utilities - INFO: Using diamond version 2.1.9
12/22/2024 01:13:30 PM - humann.config - INFO: 
Run config settings: 

DATABASE SETTINGS
nucleotide database folder = /mnt/omar/misc/tests/chocophlan/chocophlan
protein database folder = /mnt/omar/misc/tests/uniref
pathways database file 1 = /mnt/omar/misc/tests/utility_mapping/utility_mapping/metacyc_reactions_level4ec_only.uniref.bz2
pathways database file 2 = /mnt/omar/misc/tests/utility_mapping/utility_mapping/metacyc_pathways_structured_filtered_v24_subreactions
utility mapping database folder = /mnt/omar/misc/tests/utility_mapping/utility_mapping

RUN MODES
resume = True
verbose = True
bypass prescreen = False
bypass nucleotide index = False
bypass nucleotide search = False
bypass translated search = False
translated search = diamond
threads = 11

Identity thresholds
nucleotide = 0.0
translated = 50.0

ALIGNMENT SETTINGS
bowtie2 options = --very-sensitive-local
diamond options = --top 1 --sensitive --outfmt 6
evalue threshold = 1.0
prescreen threshold = 0.01
average read length = 1548.0
translated subject coverage threshold = 15.0
translated query coverage threshold = 6.0
nucleotide subject coverage threshold = 15.0
nucleotide query coverage threshold = 6.0

PATHWAYS SETTINGS
minpath = on
xipe = off
gap fill = on

INPUT AND OUTPUT FORMATS
input file format = fastq.gz
output file format = tsv
normalization mode = Adjusted CPMs
output max decimals = 10
remove stratified output = False
remove column description output = False
log level = DEBUG

12/22/2024 01:13:30 PM - humann.store - DEBUG: Initialize Alignments class instance to minimize memory use
12/22/2024 01:13:30 PM - humann.store - DEBUG: Initialize Reads class instance to minimize memory use
12/22/2024 01:15:03 PM - humann.humann - INFO: Load pathways database part 1: /mnt/omar/misc/tests/utility_mapping/utility_mapping/metacyc_reactions_level4ec_only.uniref.bz2
12/22/2024 01:15:03 PM - humann.humann - INFO: Load pathways database part 2: /mnt/omar/misc/tests/utility_mapping/utility_mapping/metacyc_pathways_structured_filtered_v24_subreactions
12/22/2024 01:15:03 PM - humann.search.prescreen - INFO: Running metaphlan ........
12/22/2024 01:15:03 PM - humann.utilities - DEBUG: Using software: /home/omar/Downloads/miniconda3/envs/humann_env/bin/metaphlan
12/22/2024 01:15:03 PM - humann.utilities - INFO: Execute command: /home/omar/Downloads/miniconda3/envs/humann_env/bin/metaphlan /mnt/omar/pipelines/ont/work/results/004_pathways/humann/SRR31533935/SRR31533935_humann_temp/tmp0jzn5_cy/tmpabljjn7x -t rel_ab_w_read_stats -o /mnt/omar/pipelines/ont/work/results/004_pathways/humann/SRR31533935/SRR31533935_1_metaphlan_profile.tsv --input_type fastq --bowtie2out /mnt/omar/pipelines/ont/work/results/004_pathways/humann/SRR31533935/SRR31533935_humann_temp/SRR31533935_metaphlan_bowtie2.txt --nproc 11
12/22/2024 01:18:39 PM - humann.utilities - DEBUG: b''
12/22/2024 01:18:39 PM - humann.humann - INFO: TIMESTAMP: Completed 	prescreen 	:	 217	 seconds
12/22/2024 01:18:39 PM - humann.search.prescreen - INFO: Total species selected from prescreen: 0
12/22/2024 01:18:39 PM - humann.search.prescreen - DEBUG: 

No species were selected from the prescreen.
Because of this the custom ChocoPhlAn database is empty.
This will result in zero species-specific gene families and pathways.


12/22/2024 01:18:39 PM - humann.humann - INFO: TIMESTAMP: Completed 	custom database creation 	:	 0	 seconds
12/22/2024 01:18:39 PM - humann.humann - DEBUG: Custom database is empty
12/22/2024 01:18:39 PM - humann.store - DEBUG: Initialize Reads class instance to minimize memory use
12/22/2024 01:18:50 PM - humann.utilities - DEBUG: Remove file: /mnt/omar/pipelines/ont/work/results/004_pathways/humann/SRR31533935/SRR31533935_humann_temp/tmp0jzn5_cy/tmpgsrige_s
12/22/2024 01:18:50 PM - humann.search.translated - DEBUG: Convert unaligned reads fastq file to fasta
12/22/2024 01:18:54 PM - humann.search.translated - INFO: Running diamond ........
12/22/2024 01:18:54 PM - humann.search.translated - INFO: Aligning to reference database: humann4_protein_database_filtered_v2019_06.dmnd
12/22/2024 01:18:54 PM - humann.utilities - DEBUG: Remove file: /mnt/omar/pipelines/ont/work/results/004_pathways/humann/SRR31533935/SRR31533935_humann_temp/tmp0jzn5_cy/diamond_m8_9tn3_3om
12/22/2024 01:18:54 PM - humann.utilities - DEBUG: Using software: /home/omar/Downloads/miniconda3/envs/humann_env/bin/diamond
12/22/2024 01:18:54 PM - humann.utilities - INFO: Execute command: /home/omar/Downloads/miniconda3/envs/humann_env/bin/diamond blastx --query /mnt/omar/pipelines/ont/work/results/004_pathways/humann/SRR31533935/SRR31533935_humann_temp/tmp0jzn5_cy/tmp32k7g_35 --evalue 1.0 --threads 11 --top 1 --sensitive --outfmt 6 --db /mnt/omar/misc/tests/uniref/humann4_protein_database_filtered_v2019_06 --out /mnt/omar/pipelines/ont/work/results/004_pathways/humann/SRR31533935/SRR31533935_humann_temp/tmp0jzn5_cy/diamond_m8_9tn3_3om --tmpdir /mnt/omar/pipelines/ont/work/results/004_pathways/humann/SRR31533935/SRR31533935_humann_temp/tmp0jzn5_cy
12/22/2024 01:27:24 PM - humann.utilities - DEBUG: b'diamond v2.1.9.163 (C) Max Planck Society for the Advancement of Science, Benjamin Buchfink, University of Tuebingen\nDocumentation, support and updates available at http://www.diamondsearch.org\nPlease cite: http://dx.doi.org/10.1038/s41592-021-01101-x Nature Methods (2021)\n\n#CPU threads: 11\nScoring parameters: (Matrix=BLOSUM62 Lambda=0.267 K=0.041 Penalties=11/1)\nTemporary directory: /mnt/omar/pipelines/ont/work/results/004_pathways/humann/SRR31533935/SRR31533935_humann_temp/tmp0jzn5_cy\nPercentage range of top alignment score to report hits: 1\nOpening the database...  [0.37s]\nDatabase: /mnt/omar/misc/tests/uniref/humann4_protein_database_filtered_v2019_06 (type: Diamond database, sequences: 3435636, letters: 1515992226)\nBlock size = 2000000000\nOpening the input file...  [0.062s]\nOpening the output file...  [0.818s]\nLoading query sequences...  [1.065s]\nMasking queries...  [0.724s]\nAlgorithm: Double-indexed\nBuilding query histograms...  [1.316s]\nSeeking in database...  [0s]\nLoading reference sequences...  [4.103s]\nMasking reference...  [11.437s]\nInitializing temporary storage...  [0.002s]\nBuilding reference histograms...  [30.607s]\nAllocating buffers...  [0.001s]\nProcessing query block 1, reference block 1/1, shape 1/16, index chunk 1/4.\nBuilding reference seed array...  [3.824s]\nBuilding query seed array...  [0.241s]\nComputing hash join...  [0.76s]\nMasking low complexity seeds...  [0.022s]\nSearching alignments...  [1.955s]\nDeallocating memory...  [0s]\nProcessing query block 1, reference block 1/1, shape 1/16, index chunk 2/4.\nBuilding reference seed array...  [4.118s]\nBuilding query seed array...  [0.319s]\nComputing hash join...  [0.853s]\nMasking low complexity seeds...  [0.026s]\nSearching alignments...  [1.848s]\nDeallocating memory...  [0s]\nProcessing query block 1, reference block 1/1, shape 1/16, index chunk 3/4.\nBuilding reference seed array...  [3.716s]\nBuilding query seed array...  [0.248s]\nComputing hash join...  [0.9s]\nMasking low complexity seeds...  [0.025s]\nSearching alignments...  [1.925s]\nDeallocating memory...  [0s]\nProcessing query block 1, reference block 1/1, shape 1/16, index chunk 4/4.\nBuilding reference seed array...  [3.039s]\nBuilding query seed array...  [0.268s]\nComputing hash join...  [0.821s]\nMasking low complexity seeds...  [0.024s]\nSearching alignments...  [1.88s]\nDeallocating memory...  [0s]\nProcessing query block 1, reference block 1/1, shape 2/16, index chunk 1/4.\nBuilding reference seed array...  [2.862s]\nBuilding query seed array...  [0.207s]\nComputing hash join...  [0.909s]\nMasking low complexity seeds...  [0.028s]\nSearching alignments...  [1.934s]\nDeallocating memory...  [0s]\nProcessing query block 1, reference block 1/1, shape 2/16, index chunk 2/4.\nBuilding reference seed array...  [3.557s]\nBuilding query seed array...  [0.27s]\nComputing hash join...  [0.874s]\nMasking low complexity seeds...  [0.026s]\nSearching alignments...  [2.035s]\nDeallocating memory...  [0s]\nProcessing query block 1, reference block 1/1, shape 2/16, index chunk 3/4.\nBuilding reference seed array...  [3.97s]\nBuilding query seed array...  [0.322s]\nComputing hash join...  [0.96s]\nMasking low complexity seeds...  [0.03s]\nSearching alignments...  [1.906s]\nDeallocating memory...  [0s]\nProcessing query block 1, reference block 1/1, shape 2/16, index chunk 4/4.\nBuilding reference seed array...  [2.966s]\nBuilding query seed array...  [0.205s]\nComputing hash join...  [0.958s]\nMasking low complexity seeds...  [0.026s]\nSearching alignments...  [1.865s]\nDeallocating memory...  [0s]\nProcessing query block 1, reference block 1/1, shape 3/16, index chunk 1/4.\nBuilding reference seed array...  [3.076s]\nBuilding query seed array...  [0.304s]\nComputing hash join...  [0.895s]\nMasking low complexity seeds...  [0.025s]\nSearching alignments...  [1.966s]\nDeallocating memory...  [0s]\nProcessing query block 1, reference block 1/1, shape 3/16, index chunk 2/4.\nBuilding reference seed array...  [4.791s]\nBuilding query seed array...  [0.408s]\nComputing hash join...  [0.969s]\nMasking low complexity seeds...  [0.026s]\nSearching alignments...  [2.01s]\nDeallocating memory...  [0s]\nProcessing query block 1, reference block 1/1, shape 3/16, index chunk 3/4.\nBuilding reference seed array...  [5.235s]\nBuilding query seed array...  [0.398s]\nComputing hash join...  [1.027s]\nMasking low complexity seeds...  [0.027s]\nSearching alignments...  [1.966s]\nDeallocating memory...  [0s]\nProcessing query block 1, reference block 1/1, shape 3/16, index chunk 4/4.\nBuilding reference seed array...  [4.156s]\nBuilding query seed array...  [0.319s]\nComputing hash join...  [0.918s]\nMasking low complexity seeds...  [0.025s]\nSearching alignments...  [1.811s]\nDeallocating memory...  [0s]\nProcessing query block 1, reference block 1/1, shape 4/16, index chunk 1/4.\nBuilding reference seed array...  [3.667s]\nBuilding query seed array...  [0.358s]\nComputing hash join...  [0.973s]\nMasking low complexity seeds...  [0.028s]\nSearching alignments...  [1.853s]\nDeallocating memory...  [0s]\nProcessing query block 1, reference block 1/1, shape 4/16, index chunk 2/4.\nBuilding reference seed array...  [4.253s]\nBuilding query seed array...  [0.404s]\nComputing hash join...  [1.057s]\nMasking low complexity seeds...  [0.029s]\nSearching alignments...  [1.996s]\nDeallocating memory...  [0s]\nProcessing query block 1, reference block 1/1, shape 4/16, index chunk 3/4.\nBuilding reference seed array...  [3.518s]\nBuilding query seed array...  [0.255s]\nComputing hash join...  [0.875s]\nMasking low complexity seeds...  [0.024s]\nSearching alignments...  [1.819s]\nDeallocating memory...  [0s]\nProcessing query block 1, reference block 1/1, shape 4/16, index chunk 4/4.\nBuilding reference seed array...  [2.891s]\nBuilding query seed array...  [0.224s]\nComputing hash join...  [0.859s]\nMasking low complexity seeds...  [0.026s]\nSearching alignments...  [1.805s]\nDeallocating memory...  [0s]\nProcessing query block 1, reference block 1/1, shape 5/16, index chunk 1/4.\nBuilding reference seed array...  [2.921s]\nBuilding query seed array...  [0.224s]\nComputing hash join...  [0.867s]\nMasking low complexity seeds...  [0.028s]\nSearching alignments...  [1.866s]\nDeallocating memory...  [0s]\nProcessing query block 1, reference block 1/1, shape 5/16, index chunk 2/4.\nBuilding reference seed array...  [3.466s]\nBuilding query seed array...  [0.296s]\nComputing hash join...  [0.91s]\nMasking low complexity seeds...  [0.027s]\nSearching alignments...  [1.848s]\nDeallocating memory...  [0s]\nProcessing query block 1, reference block 1/1, shape 5/16, index chunk 3/4.\nBuilding reference seed array...  [4.257s]\nBuilding query seed array...  [0.328s]\nComputing hash join...  [0.98s]\nMasking low complexity seeds...  [0.031s]\nSearching alignments...  [2.005s]\nDeallocating memory...  [0s]\nProcessing query block 1, reference block 1/1, shape 5/16, index chunk 4/4.\nBuilding reference seed array...  [4.172s]\nBuilding query seed array...  [0.399s]\nComputing hash join...  [1.106s]\nMasking low complexity seeds...  [0.027s]\nSearching alignments...  [1.832s]\nDeallocating memory...  [0s]\nProcessing query block 1, reference block 1/1, shape 6/16, index chunk 1/4.\nBuilding reference seed array...  [2.852s]\nBuilding query seed array...  [0.22s]\nComputing hash join...  [0.89s]\nMasking low complexity seeds...  [0.027s]\nSearching alignments...  [2.02s]\nDeallocating memory...  [0s]\nProcessing query block 1, reference block 1/1, shape 6/16, index chunk 2/4.\nBuilding reference seed array...  [3.719s]\nBuilding query seed array...  [0.322s]\nComputing hash join...  [0.959s]\nMasking low complexity seeds...  [0.027s]\nSearching alignments...  [1.956s]\nDeallocating memory...  [0s]\nProcessing query block 1, reference block 1/1, shape 6/16, index chunk 3/4.\nBuilding reference seed array...  [4.141s]\nBuilding query seed array...  [0.335s]\nComputing hash join...  [0.887s]\nMasking low complexity seeds...  [0.026s]\nSearching alignments...  [2.016s]\nDeallocating memory...  [0s]\nProcessing query block 1, reference block 1/1, shape 6/16, index chunk 4/4.\nBuilding reference seed array...  [2.878s]\nBuilding query seed array...  [0.213s]\nComputing hash join...  [0.783s]\nMasking low complexity seeds...  [0.027s]\nSearching alignments...  [2.064s]\nDeallocating memory...  [0s]\nProcessing query block 1, reference block 1/1, shape 7/16, index chunk 1/4.\nBuilding reference seed array...  [2.939s]\nBuilding query seed array...  [0.208s]\nComputing hash join...  [0.834s]\nMasking low complexity seeds...  [0.028s]\nSearching alignments...  [2.096s]\nDeallocating memory...  [0s]\nProcessing query block 1, reference block 1/1, shape 7/16, index chunk 2/4.\nBuilding reference seed array...  [3.367s]\nBuilding query seed array...  [0.158s]\nComputing hash join...  [0.846s]\nMasking low complexity seeds...  [0.03s]\nSearching alignments...  [2.05s]\nDeallocating memory...  [0s]\nProcessing query block 1, reference block 1/1, shape 7/16, index chunk 3/4.\nBuilding reference seed array...  [3.585s]\nBuilding query seed array...  [0.235s]\nComputing hash join...  [0.903s]\nMasking low complexity seeds...  [0.027s]\nSearching alignments...  [2.048s]\nDeallocating memory...  [0s]\nProcessing query block 1, reference block 1/1, shape 7/16, index chunk 4/4.\nBuilding reference seed array...  [2.937s]\nBuilding query seed array...  [0.231s]\nComputing hash join...  [0.842s]\nMasking low complexity seeds...  [0.028s]\nSearching alignments...  [2.106s]\nDeallocating memory...  [0s]\nProcessing query block 1, reference block 1/1, shape 8/16, index chunk 1/4.\nBuilding reference seed array...  [2.916s]\nBuilding query seed array...  [0.197s]\nComputing hash join...  [0.786s]\nMasking low complexity seeds...  [0.027s]\nSearching alignments...  [2.088s]\nDeallocating memory...  [0s]\nProcessing query block 1, reference block 1/1, shape 8/16, index chunk 2/4.\nBuilding reference seed array...  [3.434s]\nBuilding query seed array...  [0.241s]\nComputing hash join...  [0.874s]\nMasking low complexity seeds...  [0.029s]\nSearching alignments...  [2.069s]\nDeallocating memory...  [0s]\nProcessing query block 1, reference block 1/1, shape 8/16, index chunk 3/4.\nBuilding reference seed array...  [3.506s]\nBuilding query seed array...  [0.244s]\nComputing hash join...  [0.843s]\nMasking low complexity seeds...  [0.028s]\nSearching alignments...  [2.023s]\nDeallocating memory...  [0s]\nProcessing query block 1, reference block 1/1, shape 8/16, index chunk 4/4.\nBuilding reference seed array...  [3.449s]\nBuilding query seed array...  [0.318s]\nComputing hash join...  [0.943s]\nMasking low complexity seeds...  [0.03s]\nSearching alignments...  [2.162s]\nDeallocating memory...  [0s]\nProcessing query block 1, reference block 1/1, shape 9/16, index chunk 1/4.\nBuilding reference seed array...  [2.911s]\nBuilding query seed array...  [0.21s]\nComputing hash join...  [0.836s]\nMasking low complexity seeds...  [0.027s]\nSearching alignments...  [2.012s]\nDeallocating memory...  [0s]\nProcessing query block 1, reference block 1/1, shape 9/16, index chunk 2/4.\nBuilding reference seed array...  [3.434s]\nBuilding query seed array...  [0.234s]\nComputing hash join...  [0.819s]\nMasking low complexity seeds...  [0.027s]\nSearching alignments...  [1.982s]\nDeallocating memory...  [0s]\nProcessing query block 1, reference block 1/1, shape 9/16, index chunk 3/4.\nBuilding reference seed array...  [3.66s]\nBuilding query seed array...  [0.229s]\nComputing hash join...  [0.74s]\nMasking low complexity seeds...  [0.026s]\nSearching alignments...  [2.091s]\nDeallocating memory...  [0s]\nProcessing query block 1, reference block 1/1, shape 9/16, index chunk 4/4.\nBuilding reference seed array...  [3.402s]\nBuilding query seed array...  [0.219s]\nComputing hash join...  [0.79s]\nMasking low complexity seeds...  [0.025s]\nSearching alignments...  [2.078s]\nDeallocating memory...  [0s]\nProcessing query block 1, reference block 1/1, shape 10/16, index chunk 1/4.\nBuilding reference seed array...  [2.905s]\nBuilding query seed array...  [0.206s]\nComputing hash join...  [0.815s]\nMasking low complexity seeds...  [0.028s]\nSearching alignments...  [2.106s]\nDeallocating memory...  [0s]\nProcessing query block 1, reference block 1/1, shape 10/16, index chunk 2/4.\nBuilding reference seed array...  [3.876s]\nBuilding query seed array...  [0.284s]\nComputing hash join...  [0.999s]\nMasking low complexity seeds...  [0.027s]\nSearching alignments...  [2.048s]\nDeallocating memory...  [0s]\nProcessing query block 1, reference block 1/1, shape 10/16, index chunk 3/4.\nBuilding reference seed array...  [3.683s]\nBuilding query seed array...  [0.231s]\nComputing hash join...  [0.849s]\nMasking low complexity seeds...  [0.029s]\nSearching alignments...  [1.994s]\nDeallocating memory...  [0s]\nProcessing query block 1, reference block 1/1, shape 10/16, index chunk 4/4.\nBuilding reference seed array...  [2.833s]\nBuilding query seed array...  [0.208s]\nComputing hash join...  [0.794s]\nMasking low complexity seeds...  [0.028s]\nSearching alignments...  [2.041s]\nDeallocating memory...  [0s]\nProcessing query block 1, reference block 1/1, shape 11/16, index chunk 1/4.\nBuilding reference seed array...  [2.92s]\nBuilding query seed array...  [0.212s]\nComputing hash join...  [0.839s]\nMasking low complexity seeds...  [0.027s]\nSearching alignments...  [1.997s]\nDeallocating memory...  [0s]\nProcessing query block 1, reference block 1/1, shape 11/16, index chunk 2/4.\nBuilding reference seed array...  [4.47s]\nBuilding query seed array...  [0.389s]\nComputing hash join...  [1.212s]\nMasking low complexity seeds...  [0.036s]\nSearching alignments...  [2.459s]\nDeallocating memory...  [0s]\nProcessing query block 1, reference block 1/1, shape 11/16, index chunk 3/4.\nBuilding reference seed array...  [4.454s]\nBuilding query seed array...  [0.334s]\nComputing hash join...  [1.072s]\nMasking low complexity seeds...  [0.039s]\nSearching alignments...  [2.364s]\nDeallocating memory...  [0s]\nProcessing query block 1, reference block 1/1, shape 11/16, index chunk 4/4.\nBuilding reference seed array...  [3.593s]\nBuilding query seed array...  [0.251s]\nComputing hash join...  [1.053s]\nMasking low complexity seeds...  [0.036s]\nSearching alignments...  [2.431s]\nDeallocating memory...  [0s]\nProcessing query block 1, reference block 1/1, shape 12/16, index chunk 1/4.\nBuilding reference seed array...  [2.974s]\nBuilding query seed array...  [0.229s]\nComputing hash join...  [0.931s]\nMasking low complexity seeds...  [0.037s]\nSearching alignments...  [2.442s]\nDeallocating memory...  [0s]\nProcessing query block 1, reference block 1/1, shape 12/16, index chunk 2/4.\nBuilding reference seed array...  [3.592s]\nBuilding query seed array...  [0.263s]\nComputing hash join...  [1.042s]\nMasking low complexity seeds...  [0.038s]\nSearching alignments...  [2.374s]\nDeallocating memory...  [0s]\nProcessing query block 1, reference block 1/1, shape 12/16, index chunk 3/4.\nBuilding reference seed array...  [4.409s]\nBuilding query seed array...  [0.359s]\nComputing hash join...  [1.135s]\nMasking low complexity seeds...  [0.039s]\nSearching alignments...  [2.423s]\nDeallocating memory...  [0s]\nProcessing query block 1, reference block 1/1, shape 12/16, index chunk 4/4.\nBuilding reference seed array...  [3.422s]\nBuilding query seed array...  [0.234s]\nComputing hash join...  [1.104s]\nMasking low complexity seeds...  [0.04s]\nSearching alignments...  [2.324s]\nDeallocating memory...  [0s]\nProcessing query block 1, reference block 1/1, shape 13/16, index chunk 1/4.\nBuilding reference seed array...  [3.366s]\nBuilding query seed array...  [0.273s]\nComputing hash join...  [1.151s]\nMasking low complexity seeds...  [0.043s]\nSearching alignments...  [2.428s]\nDeallocating memory...  [0s]\nProcessing query block 1, reference block 1/1, shape 13/16, index chunk 2/4.\nBuilding reference seed array...  [4.192s]\nBuilding query seed array...  [0.322s]\nComputing hash join...  [1.164s]\nMasking low complexity seeds...  [0.04s]\nSearching alignments...  [2.413s]\nDeallocating memory...  [0s]\nProcessing query block 1, reference block 1/1, shape 13/16, index chunk 3/4.\nBuilding reference seed array...  [4.314s]\nBuilding query seed array...  [0.347s]\nComputing hash join...  [1.152s]\nMasking low complexity seeds...  [0.037s]\nSearching alignments...  [2.46s]\nDeallocating memory...  [0s]\nProcessing query block 1, reference block 1/1, shape 13/16, index chunk 4/4.\nBuilding reference seed array...  [3.578s]\nBuilding query seed array...  [0.258s]\nComputing hash join...  [1.094s]\nMasking low complexity seeds...  [0.039s]\nSearching alignments...  [2.449s]\nDeallocating memory...  [0s]\nProcessing query block 1, reference block 1/1, shape 14/16, index chunk 1/4.\nBuilding reference seed array...  [3.574s]\nBuilding query seed array...  [0.303s]\nComputing hash join...  [1.132s]\nMasking low complexity seeds...  [0.039s]\nSearching alignments...  [2.348s]\nDeallocating memory...  [0s]\nProcessing query block 1, reference block 1/1, shape 14/16, index chunk 2/4.\nBuilding reference seed array...  [3.528s]\nBuilding query seed array...  [0.237s]\nComputing hash join...  [0.922s]\nMasking low complexity seeds...  [0.039s]\nSearching alignments...  [2.527s]\nDeallocating memory...  [0s]\nProcessing query block 1, reference block 1/1, shape 14/16, index chunk 3/4.\nBuilding reference seed array...  [4.819s]\nBuilding query seed array...  [0.35s]\nComputing hash join...  [1.637s]\nMasking low complexity seeds...  [0.036s]\nSearching alignments...  [2.394s]\nDeallocating memory...  [0s]\nProcessing query block 1, reference block 1/1, shape 14/16, index chunk 4/4.\nBuilding reference seed array...  [3.118s]\nBuilding query seed array...  [0.304s]\nComputing hash join...  [1.066s]\nMasking low complexity seeds...  [0.033s]\nSearching alignments...  [2.327s]\nDeallocating memory...  [0s]\nProcessing query block 1, reference block 1/1, shape 15/16, index chunk 1/4.\nBuilding reference seed array...  [3.826s]\nBuilding query seed array...  [0.328s]\nComputing hash join...  [1.178s]\nMasking low complexity seeds...  [0.035s]\nSearching alignments...  [2.432s]\nDeallocating memory...  [0s]\nProcessing query block 1, reference block 1/1, shape 15/16, index chunk 2/4.\nBuilding reference seed array...  [3.505s]\nBuilding query seed array...  [0.276s]\nComputing hash join...  [0.979s]\nMasking low complexity seeds...  [0.035s]\nSearching alignments...  [2.389s]\nDeallocating memory...  [0s]\nProcessing query block 1, reference block 1/1, shape 15/16, index chunk 3/4.\nBuilding reference seed array...  [3.712s]\nBuilding query seed array...  [0.302s]\nComputing hash join...  [1.015s]\nMasking low complexity seeds...  [0.035s]\nSearching alignments...  [2.432s]\nDeallocating memory...  [0s]\nProcessing query block 1, reference block 1/1, shape 15/16, index chunk 4/4.\nBuilding reference seed array...  [3.369s]\nBuilding query seed array...  [0.241s]\nComputing hash join...  [1.117s]\nMasking low complexity seeds...  [0.035s]\nSearching alignments...  [2.397s]\nDeallocating memory...  [0s]\nProcessing query block 1, reference block 1/1, shape 16/16, index chunk 1/4.\nBuilding reference seed array...  [3.013s]\nBuilding query seed array...  [0.265s]\nComputing hash join...  [1.055s]\nMasking low complexity seeds...  [0.038s]\nSearching alignments...  [2.475s]\nDeallocating memory...  [0s]\nProcessing query block 1, reference block 1/1, shape 16/16, index chunk 2/4.\nBuilding reference seed array...  [3.41s]\nBuilding query seed array...  [0.235s]\nComputing hash join...  [0.983s]\nMasking low complexity seeds...  [0.035s]\nSearching alignments...  [2.455s]\nDeallocating memory...  [0s]\nProcessing query block 1, reference block 1/1, shape 16/16, index chunk 3/4.\nBuilding reference seed array...  [4.172s]\nBuilding query seed array...  [0.282s]\nComputing hash join...  [1.102s]\nMasking low complexity seeds...  [0.036s]\nSearching alignments...  [2.453s]\nDeallocating memory...  [0s]\nProcessing query block 1, reference block 1/1, shape 16/16, index chunk 4/4.\nBuilding reference seed array...  [3.854s]\nBuilding query seed array...  [0.305s]\nComputing hash join...  [1.267s]\nMasking low complexity seeds...  [0.055s]\nSearching alignments...  [2.405s]\nDeallocating memory...  [0s]\nDeallocating buffers...  [1.152s]\nClearing query masking...  [0.025s]\nComputing alignments... Loading trace points...  [1.255s]\nSorting trace points...  [0.135s]\nComputing alignments...  [6.982s]\nDeallocating buffers...  [0.058s]\nLoading trace points...  [0s]\n [8.745s]\nDeallocating reference...  [0.576s]\nLoading reference sequences...  [0s]\nDeallocating buffers...  [0s]\nDeallocating queries...  [0.05s]\nLoading query sequences...  [0s]\nClosing the input file...  [0s]\nClosing the output file...  [0.004s]\nClosing the database...  [0.018s]\nCleaning up...  [0s]\nTotal time = 509.9s\nReported 18785 pairwise alignments, 18785 HSPs.\n17545 queries aligned.\n'
12/22/2024 01:27:24 PM - humann.utilities - DEBUG: Using software: /usr/bin/cat
12/22/2024 01:27:24 PM - humann.utilities - INFO: Execute command: /usr/bin/cat /mnt/omar/pipelines/ont/work/results/004_pathways/humann/SRR31533935/SRR31533935_humann_temp/tmp0jzn5_cy/diamond_m8_9tn3_3om
12/22/2024 01:27:24 PM - humann.utilities - DEBUG: Remove file: /mnt/omar/pipelines/ont/work/results/004_pathways/humann/SRR31533935/SRR31533935_humann_temp/tmp0jzn5_cy/tmp32k7g_35
12/22/2024 01:27:24 PM - humann.humann - INFO: TIMESTAMP: Completed 	translated alignment 	:	 524	 seconds
12/22/2024 01:27:24 PM - humann.utilities - DEBUG: Total alignments where percent identity is not a number: 0
12/22/2024 01:27:24 PM - humann.utilities - DEBUG: Total alignments where alignment length is not a number: 0
12/22/2024 01:27:24 PM - humann.utilities - DEBUG: Total alignments where E-value is not a number: 0
12/22/2024 01:27:24 PM - humann.utilities - DEBUG: Total alignments not included based on large e-value: 0
12/22/2024 01:27:24 PM - humann.utilities - DEBUG: Total alignments not included based on small percent identity: 5965
12/22/2024 01:27:24 PM - humann.utilities - DEBUG: Total alignments not included based on small query coverage: 3111
12/22/2024 01:27:24 PM - humann.search.blastx_coverage - INFO: Total alignments without coverage information: 0
12/22/2024 01:27:24 PM - humann.search.blastx_coverage - INFO: Total proteins in blastx output: 44
12/22/2024 01:27:24 PM - humann.search.blastx_coverage - INFO: Total proteins without lengths: 0
12/22/2024 01:27:24 PM - humann.search.blastx_coverage - INFO: Proteins with coverage greater than threshold (15.0): 31
12/22/2024 01:27:24 PM - humann.utilities - DEBUG: Total alignments where percent identity is not a number: 0
12/22/2024 01:27:24 PM - humann.utilities - DEBUG: Total alignments where alignment length is not a number: 0
12/22/2024 01:27:24 PM - humann.utilities - DEBUG: Total alignments where E-value is not a number: 0
12/22/2024 01:27:24 PM - humann.utilities - DEBUG: Total alignments not included based on large e-value: 0
12/22/2024 01:27:24 PM - humann.utilities - DEBUG: Total alignments not included based on small percent identity: 5965
12/22/2024 01:27:24 PM - humann.utilities - DEBUG: Total alignments not included based on small query coverage: 3111
12/22/2024 01:27:24 PM - humann.search.translated - DEBUG: Total translated alignments not included based on small subject coverage value: 614
12/22/2024 01:27:25 PM - humann.utilities - DEBUG: Remove file: /mnt/omar/pipelines/ont/work/results/004_pathways/humann/SRR31533935/SRR31533935_humann_temp/tmp0jzn5_cy/tmp0pq3s9qi
12/22/2024 01:27:25 PM - humann.humann - INFO: TIMESTAMP: Completed 	translated alignment post-processing 	:	 2	 seconds
12/22/2024 01:27:25 PM - humann.humann - INFO: Total bugs after translated alignment: 1
12/22/2024 01:27:25 PM - humann.humann - INFO: 
unclassified: 9095 hits
12/22/2024 01:27:25 PM - humann.humann - INFO: Total gene families after translated alignment: 31
12/22/2024 01:27:25 PM - humann.humann - INFO: Unaligned reads after translated alignment: 54.2202779207 %
12/22/2024 01:27:25 PM - humann.humann - INFO: Computing gene families ...
12/22/2024 01:27:25 PM - humann.quantify.families - DEBUG: Compute gene families
12/22/2024 01:27:25 PM - humann.store - INFO: 
Total gene families  : 31
unclassified : 31 gene families
12/22/2024 01:27:25 PM - humann.humann - INFO: TIMESTAMP: Completed 	computing gene families 	:	 0	 seconds
12/22/2024 01:27:25 PM - humann.humann - INFO: Computing reaction and pathway abundance ...
12/22/2024 01:27:25 PM - humann.quantify.modules - DEBUG: Write flat reactions to pathways file for Minpath
12/22/2024 01:27:25 PM - humann.quantify.modules - INFO: Compute reaction scores for bug: unclassified
12/22/2024 01:27:29 PM - humann.quantify.modules - INFO: Run MinPath on unclassified
12/22/2024 01:27:29 PM - humann.quantify.modules - INFO: Compute reaction scores for bug: all
12/22/2024 01:27:33 PM - humann.quantify.modules - INFO: Run MinPath on all
12/22/2024 01:27:33 PM - humann.quantify.modules - DEBUG: Print pathways 
12/22/2024 01:27:33 PM - humann.utilities - DEBUG: Using python module : /home/omar/Downloads/miniconda3/envs/humann_env/lib/python3.12/site-packages/humann/quantify/MinPath12hmp.py
12/22/2024 01:27:33 PM - humann.utilities - DEBUG: Using python module : /home/omar/Downloads/miniconda3/envs/humann_env/lib/python3.12/site-packages/humann/quantify/MinPath12hmp.py
12/22/2024 01:27:33 PM - humann.utilities - INFO: Execute command: /home/omar/Downloads/miniconda3/envs/humann_env/bin/python3.12 /home/omar/Downloads/miniconda3/envs/humann_env/lib/python3.12/site-packages/humann/quantify/MinPath12hmp.py -any /mnt/omar/pipelines/ont/work/results/004_pathways/humann/SRR31533935/SRR31533935_humann_temp/tmp0jzn5_cy/tmpx1gam3pr -map /mnt/omar/pipelines/ont/work/results/004_pathways/humann/SRR31533935/SRR31533935_humann_temp/tmp0jzn5_cy/tmpqpacz25_ -report /mnt/omar/pipelines/ont/work/results/004_pathways/humann/SRR31533935/SRR31533935_humann_temp/tmp0jzn5_cy/tmp80iyos3y -details /mnt/omar/pipelines/ont/work/results/004_pathways/humann/SRR31533935/SRR31533935_humann_temp/tmp0jzn5_cy/tmp5_sjhnv2 -mps /mnt/omar/pipelines/ont/work/results/004_pathways/humann/SRR31533935/SRR31533935_humann_temp/tmp0jzn5_cy/tmpweq0dz34
12/22/2024 01:27:33 PM - humann.utilities - INFO: Execute command: /home/omar/Downloads/miniconda3/envs/humann_env/bin/python3.12 /home/omar/Downloads/miniconda3/envs/humann_env/lib/python3.12/site-packages/humann/quantify/MinPath12hmp.py -any /mnt/omar/pipelines/ont/work/results/004_pathways/humann/SRR31533935/SRR31533935_humann_temp/tmp0jzn5_cy/tmpl23rbn8u -map /mnt/omar/pipelines/ont/work/results/004_pathways/humann/SRR31533935/SRR31533935_humann_temp/tmp0jzn5_cy/tmpqpacz25_ -report /mnt/omar/pipelines/ont/work/results/004_pathways/humann/SRR31533935/SRR31533935_humann_temp/tmp0jzn5_cy/tmpfekpfn7b -details /mnt/omar/pipelines/ont/work/results/004_pathways/humann/SRR31533935/SRR31533935_humann_temp/tmp0jzn5_cy/tmp0ebg2c2w -mps /mnt/omar/pipelines/ont/work/results/004_pathways/humann/SRR31533935/SRR31533935_humann_temp/tmp0jzn5_cy/tmpdh85iyxz
12/22/2024 01:27:35 PM - humann.quantify.modules - DEBUG: Compute pathway abundance for bug: unclassified
12/22/2024 01:27:35 PM - humann.quantify.modules - DEBUG: Compute pathway abundance for bug: all
12/22/2024 01:27:35 PM - humann.quantify.modules - DEBUG: Print pathways _Abundance
12/22/2024 01:27:35 PM - humann.humann - INFO: TIMESTAMP: Completed 	computing pathways 	:	 9	 seconds
12/22/2024 01:27:35 PM - humann.humann - INFO: 
Output files created: 
/mnt/omar/pipelines/ont/work/results/004_pathways/humann/SRR31533935/SRR31533935_1_metaphlan_profile.tsv
/mnt/omar/pipelines/ont/work/results/004_pathways/humann/SRR31533935/SRR31533935_2_genefamilies.tsv
/mnt/omar/pipelines/ont/work/results/004_pathways/humann/SRR31533935/SRR31533935_3_reactions.tsv
/mnt/omar/pipelines/ont/work/results/004_pathways/humann/SRR31533935/SRR31533935_4_pathabundance.tsv
/mnt/omar/pipelines/ont/work/results/004_pathways/humann/SRR31533935/SRR31533935_0.log

12/22/2024 01:27:35 PM - humann.utilities - DEBUG: Remove directory: /mnt/omar/pipelines/ont/work/results/004_pathways/humann/SRR31533935/SRR31533935_humann_temp/tmp0jzn5_cy
