12/22/2024 02:42:42 PM - humann.humann - INFO: Running humann v4.0.0.alpha.1
12/22/2024 02:42:42 PM - humann.humann - INFO: Output files will be written to: /mnt/omar/pipelines/ont/work/results/004_pathways/humann/SRR7947168
12/22/2024 02:42:42 PM - humann.humann - INFO: Writing temp files to directory: /mnt/omar/pipelines/ont/work/results/004_pathways/humann/SRR7947168/SRR7947168_1_humann_temp
12/22/2024 02:42:42 PM - humann.utilities - INFO: File ( /mnt/omar/pipelines/ont/work/results/002_qc/merged/SRR7947168_1.fastq.gz ) is of format:  fastq.gz
12/22/2024 02:42:42 PM - humann.utilities - INFO: Decompressing gzipped file ...
12/22/2024 02:42:44 PM - humann.humann - INFO: Removing spaces from identifiers in input file
12/22/2024 02:42:50 PM - humann.utilities - DEBUG: Check software, metaphlan, for required version, 4.0
12/22/2024 02:42:53 PM - humann.utilities - INFO: Using metaphlan version 4.1
12/22/2024 02:42:53 PM - humann.utilities - DEBUG: Check software, bowtie2, for required version, 2.2
12/22/2024 02:42:53 PM - humann.utilities - INFO: Using bowtie2 version 2.5
12/22/2024 02:42:53 PM - humann.utilities - DEBUG: Check software, diamond, for required version, 2.0.15
12/22/2024 02:42:53 PM - humann.utilities - INFO: Using diamond version 2.1.9
12/22/2024 02:42:53 PM - humann.config - INFO: 
Run config settings: 

DATABASE SETTINGS
nucleotide database folder = /mnt/omar/misc/tests/chocophlan/chocophlan
protein database folder = /mnt/omar/misc/tests/uniref
pathways database file 1 = /mnt/omar/misc/tests/utility_mapping/utility_mapping/metacyc_reactions_level4ec_only.uniref.bz2
pathways database file 2 = /mnt/omar/misc/tests/utility_mapping/utility_mapping/metacyc_pathways_structured_filtered_v24_subreactions
utility mapping database folder = /mnt/omar/misc/tests/utility_mapping/utility_mapping

RUN MODES
resume = True
verbose = True
bypass prescreen = False
bypass nucleotide index = False
bypass nucleotide search = False
bypass translated search = False
translated search = diamond
threads = 11

Identity thresholds
nucleotide = 0.0
translated = 50.0

ALIGNMENT SETTINGS
bowtie2 options = --very-sensitive-local
diamond options = --top 1 --sensitive --outfmt 6
evalue threshold = 1.0
prescreen threshold = 0.01
average read length = 1548.0
translated subject coverage threshold = 15.0
translated query coverage threshold = 6.0
nucleotide subject coverage threshold = 15.0
nucleotide query coverage threshold = 6.0

PATHWAYS SETTINGS
minpath = on
xipe = off
gap fill = on

INPUT AND OUTPUT FORMATS
input file format = fastq.gz
output file format = tsv
normalization mode = Adjusted CPMs
output max decimals = 10
remove stratified output = False
remove column description output = False
log level = DEBUG

12/22/2024 02:42:53 PM - humann.store - DEBUG: Initialize Alignments class instance to minimize memory use
12/22/2024 02:42:53 PM - humann.store - DEBUG: Initialize Reads class instance to minimize memory use
12/22/2024 02:44:28 PM - humann.humann - INFO: Load pathways database part 1: /mnt/omar/misc/tests/utility_mapping/utility_mapping/metacyc_reactions_level4ec_only.uniref.bz2
12/22/2024 02:44:28 PM - humann.humann - INFO: Load pathways database part 2: /mnt/omar/misc/tests/utility_mapping/utility_mapping/metacyc_pathways_structured_filtered_v24_subreactions
12/22/2024 02:44:28 PM - humann.search.prescreen - INFO: Running metaphlan ........
12/22/2024 02:44:28 PM - humann.utilities - DEBUG: Using software: /home/omar/Downloads/miniconda3/envs/humann_env/bin/metaphlan
12/22/2024 02:44:28 PM - humann.utilities - INFO: Execute command: /home/omar/Downloads/miniconda3/envs/humann_env/bin/metaphlan /mnt/omar/pipelines/ont/work/results/004_pathways/humann/SRR7947168/SRR7947168_1_humann_temp/tmp9q5l6r30/tmpfz8vnusb -t rel_ab_w_read_stats -o /mnt/omar/pipelines/ont/work/results/004_pathways/humann/SRR7947168/SRR7947168_1_1_metaphlan_profile.tsv --input_type fastq --bowtie2out /mnt/omar/pipelines/ont/work/results/004_pathways/humann/SRR7947168/SRR7947168_1_humann_temp/SRR7947168_1_metaphlan_bowtie2.txt --nproc 11
12/22/2024 02:49:28 PM - humann.utilities - DEBUG: b''
12/22/2024 02:49:28 PM - humann.humann - INFO: TIMESTAMP: Completed 	prescreen 	:	 300	 seconds
12/22/2024 02:49:28 PM - humann.search.prescreen - INFO: Total species selected from prescreen: 0
12/22/2024 02:49:28 PM - humann.search.prescreen - DEBUG: 

No species were selected from the prescreen.
Because of this the custom ChocoPhlAn database is empty.
This will result in zero species-specific gene families and pathways.


12/22/2024 02:49:28 PM - humann.humann - INFO: TIMESTAMP: Completed 	custom database creation 	:	 0	 seconds
12/22/2024 02:49:28 PM - humann.humann - DEBUG: Custom database is empty
12/22/2024 02:49:28 PM - humann.store - DEBUG: Initialize Reads class instance to minimize memory use
12/22/2024 02:49:30 PM - humann.utilities - DEBUG: Remove file: /mnt/omar/pipelines/ont/work/results/004_pathways/humann/SRR7947168/SRR7947168_1_humann_temp/tmp9q5l6r30/tmp54ou_si4
12/22/2024 02:49:30 PM - humann.search.translated - DEBUG: Convert unaligned reads fastq file to fasta
12/22/2024 02:49:33 PM - humann.search.translated - INFO: Running diamond ........
12/22/2024 02:49:34 PM - humann.search.translated - INFO: Aligning to reference database: humann4_protein_database_filtered_v2019_06.dmnd
12/22/2024 02:49:34 PM - humann.utilities - DEBUG: Remove file: /mnt/omar/pipelines/ont/work/results/004_pathways/humann/SRR7947168/SRR7947168_1_humann_temp/tmp9q5l6r30/diamond_m8_se9ye8nq
12/22/2024 02:49:34 PM - humann.utilities - DEBUG: Using software: /home/omar/Downloads/miniconda3/envs/humann_env/bin/diamond
12/22/2024 02:49:34 PM - humann.utilities - INFO: Execute command: /home/omar/Downloads/miniconda3/envs/humann_env/bin/diamond blastx --query /mnt/omar/pipelines/ont/work/results/004_pathways/humann/SRR7947168/SRR7947168_1_humann_temp/tmp9q5l6r30/tmp_arbu3e2 --evalue 1.0 --threads 11 --top 1 --sensitive --outfmt 6 --db /mnt/omar/misc/tests/uniref/humann4_protein_database_filtered_v2019_06 --out /mnt/omar/pipelines/ont/work/results/004_pathways/humann/SRR7947168/SRR7947168_1_humann_temp/tmp9q5l6r30/diamond_m8_se9ye8nq --tmpdir /mnt/omar/pipelines/ont/work/results/004_pathways/humann/SRR7947168/SRR7947168_1_humann_temp/tmp9q5l6r30
12/22/2024 03:00:48 PM - humann.utilities - DEBUG: b'diamond v2.1.9.163 (C) Max Planck Society for the Advancement of Science, Benjamin Buchfink, University of Tuebingen\nDocumentation, support and updates available at http://www.diamondsearch.org\nPlease cite: http://dx.doi.org/10.1038/s41592-021-01101-x Nature Methods (2021)\n\n#CPU threads: 11\nScoring parameters: (Matrix=BLOSUM62 Lambda=0.267 K=0.041 Penalties=11/1)\nTemporary directory: /mnt/omar/pipelines/ont/work/results/004_pathways/humann/SRR7947168/SRR7947168_1_humann_temp/tmp9q5l6r30\nPercentage range of top alignment score to report hits: 1\nOpening the database...  [0.348s]\nDatabase: /mnt/omar/misc/tests/uniref/humann4_protein_database_filtered_v2019_06 (type: Diamond database, sequences: 3435636, letters: 1515992226)\nBlock size = 2000000000\nOpening the input file...  [0.168s]\nOpening the output file...  [0s]\nLoading query sequences...  [1.879s]\nMasking queries...  [1.672s]\nAlgorithm: Double-indexed\nBuilding query histograms...  [2.374s]\nSeeking in database...  [0s]\nLoading reference sequences...  [5.315s]\nMasking reference...  [9.087s]\nInitializing temporary storage...  [0.003s]\nBuilding reference histograms...  [27.891s]\nAllocating buffers...  [0.001s]\nProcessing query block 1, reference block 1/1, shape 1/16, index chunk 1/4.\nBuilding reference seed array...  [3.788s]\nBuilding query seed array...  [0.182s]\nComputing hash join...  [1.349s]\nMasking low complexity seeds...  [0.09s]\nSearching alignments...  [4.636s]\nDeallocating memory...  [0s]\nProcessing query block 1, reference block 1/1, shape 1/16, index chunk 2/4.\nBuilding reference seed array...  [3.833s]\nBuilding query seed array...  [0.367s]\nComputing hash join...  [1.309s]\nMasking low complexity seeds...  [0.097s]\nSearching alignments...  [4.57s]\nDeallocating memory...  [0s]\nProcessing query block 1, reference block 1/1, shape 1/16, index chunk 3/4.\nBuilding reference seed array...  [4.163s]\nBuilding query seed array...  [0.381s]\nComputing hash join...  [1.397s]\nMasking low complexity seeds...  [0.102s]\nSearching alignments...  [4.53s]\nDeallocating memory...  [0s]\nProcessing query block 1, reference block 1/1, shape 1/16, index chunk 4/4.\nBuilding reference seed array...  [2.87s]\nBuilding query seed array...  [0.285s]\nComputing hash join...  [1.386s]\nMasking low complexity seeds...  [0.098s]\nSearching alignments...  [4.748s]\nDeallocating memory...  [0s]\nProcessing query block 1, reference block 1/1, shape 2/16, index chunk 1/4.\nBuilding reference seed array...  [2.972s]\nBuilding query seed array...  [0.144s]\nComputing hash join...  [1.164s]\nMasking low complexity seeds...  [0.097s]\nSearching alignments...  [4.334s]\nDeallocating memory...  [0s]\nProcessing query block 1, reference block 1/1, shape 2/16, index chunk 2/4.\nBuilding reference seed array...  [4.029s]\nBuilding query seed array...  [0.347s]\nComputing hash join...  [1.383s]\nMasking low complexity seeds...  [0.103s]\nSearching alignments...  [4.365s]\nDeallocating memory...  [0s]\nProcessing query block 1, reference block 1/1, shape 2/16, index chunk 3/4.\nBuilding reference seed array...  [3.202s]\nBuilding query seed array...  [0.155s]\nComputing hash join...  [1.111s]\nMasking low complexity seeds...  [0.097s]\nSearching alignments...  [4.296s]\nDeallocating memory...  [0s]\nProcessing query block 1, reference block 1/1, shape 2/16, index chunk 4/4.\nBuilding reference seed array...  [2.3s]\nBuilding query seed array...  [0.114s]\nComputing hash join...  [1.106s]\nMasking low complexity seeds...  [0.103s]\nSearching alignments...  [4.291s]\nDeallocating memory...  [0s]\nProcessing query block 1, reference block 1/1, shape 3/16, index chunk 1/4.\nBuilding reference seed array...  [2.812s]\nBuilding query seed array...  [0.147s]\nComputing hash join...  [1.257s]\nMasking low complexity seeds...  [0.099s]\nSearching alignments...  [4.615s]\nDeallocating memory...  [0s]\nProcessing query block 1, reference block 1/1, shape 3/16, index chunk 2/4.\nBuilding reference seed array...  [3.358s]\nBuilding query seed array...  [0.34s]\nComputing hash join...  [1.348s]\nMasking low complexity seeds...  [0.095s]\nSearching alignments...  [4.603s]\nDeallocating memory...  [0s]\nProcessing query block 1, reference block 1/1, shape 3/16, index chunk 3/4.\nBuilding reference seed array...  [3.67s]\nBuilding query seed array...  [0.358s]\nComputing hash join...  [1.371s]\nMasking low complexity seeds...  [0.106s]\nSearching alignments...  [4.615s]\nDeallocating memory...  [0s]\nProcessing query block 1, reference block 1/1, shape 3/16, index chunk 4/4.\nBuilding reference seed array...  [2.263s]\nBuilding query seed array...  [0.282s]\nComputing hash join...  [1.147s]\nMasking low complexity seeds...  [0.101s]\nSearching alignments...  [4.55s]\nDeallocating memory...  [0s]\nProcessing query block 1, reference block 1/1, shape 4/16, index chunk 1/4.\nBuilding reference seed array...  [3.008s]\nBuilding query seed array...  [0.28s]\nComputing hash join...  [1.337s]\nMasking low complexity seeds...  [0.105s]\nSearching alignments...  [4.601s]\nDeallocating memory...  [0s]\nProcessing query block 1, reference block 1/1, shape 4/16, index chunk 2/4.\nBuilding reference seed array...  [2.955s]\nBuilding query seed array...  [0.336s]\nComputing hash join...  [1.18s]\nMasking low complexity seeds...  [0.096s]\nSearching alignments...  [4.66s]\nDeallocating memory...  [0s]\nProcessing query block 1, reference block 1/1, shape 4/16, index chunk 3/4.\nBuilding reference seed array...  [3.642s]\nBuilding query seed array...  [0.356s]\nComputing hash join...  [1.382s]\nMasking low complexity seeds...  [0.102s]\nSearching alignments...  [4.534s]\nDeallocating memory...  [0s]\nProcessing query block 1, reference block 1/1, shape 4/16, index chunk 4/4.\nBuilding reference seed array...  [2.666s]\nBuilding query seed array...  [0.28s]\nComputing hash join...  [1.279s]\nMasking low complexity seeds...  [0.098s]\nSearching alignments...  [4.451s]\nDeallocating memory...  [0s]\nProcessing query block 1, reference block 1/1, shape 5/16, index chunk 1/4.\nBuilding reference seed array...  [2.33s]\nBuilding query seed array...  [0.12s]\nComputing hash join...  [1.131s]\nMasking low complexity seeds...  [0.105s]\nSearching alignments...  [4.434s]\nDeallocating memory...  [0s]\nProcessing query block 1, reference block 1/1, shape 5/16, index chunk 2/4.\nBuilding reference seed array...  [3.502s]\nBuilding query seed array...  [0.338s]\nComputing hash join...  [1.482s]\nMasking low complexity seeds...  [0.103s]\nSearching alignments...  [4.438s]\nDeallocating memory...  [0s]\nProcessing query block 1, reference block 1/1, shape 5/16, index chunk 3/4.\nBuilding reference seed array...  [3.989s]\nBuilding query seed array...  [0.36s]\nComputing hash join...  [1.31s]\nMasking low complexity seeds...  [0.091s]\nSearching alignments...  [4.559s]\nDeallocating memory...  [0s]\nProcessing query block 1, reference block 1/1, shape 5/16, index chunk 4/4.\nBuilding reference seed array...  [3.042s]\nBuilding query seed array...  [0.15s]\nComputing hash join...  [1.3s]\nMasking low complexity seeds...  [0.101s]\nSearching alignments...  [4.425s]\nDeallocating memory...  [0s]\nProcessing query block 1, reference block 1/1, shape 6/16, index chunk 1/4.\nBuilding reference seed array...  [3.261s]\nBuilding query seed array...  [0.288s]\nComputing hash join...  [1.511s]\nMasking low complexity seeds...  [0.108s]\nSearching alignments...  [4.518s]\nDeallocating memory...  [0s]\nProcessing query block 1, reference block 1/1, shape 6/16, index chunk 2/4.\nBuilding reference seed array...  [3.457s]\nBuilding query seed array...  [0.326s]\nComputing hash join...  [1.242s]\nMasking low complexity seeds...  [0.095s]\nSearching alignments...  [4.502s]\nDeallocating memory...  [0s]\nProcessing query block 1, reference block 1/1, shape 6/16, index chunk 3/4.\nBuilding reference seed array...  [3.546s]\nBuilding query seed array...  [0.359s]\nComputing hash join...  [1.354s]\nMasking low complexity seeds...  [0.102s]\nSearching alignments...  [4.391s]\nDeallocating memory...  [0s]\nProcessing query block 1, reference block 1/1, shape 6/16, index chunk 4/4.\nBuilding reference seed array...  [2.8s]\nBuilding query seed array...  [0.151s]\nComputing hash join...  [1.171s]\nMasking low complexity seeds...  [0.103s]\nSearching alignments...  [4.518s]\nDeallocating memory...  [0s]\nProcessing query block 1, reference block 1/1, shape 7/16, index chunk 1/4.\nBuilding reference seed array...  [2.5s]\nBuilding query seed array...  [0.141s]\nComputing hash join...  [1.141s]\nMasking low complexity seeds...  [0.098s]\nSearching alignments...  [4.381s]\nDeallocating memory...  [0s]\nProcessing query block 1, reference block 1/1, shape 7/16, index chunk 2/4.\nBuilding reference seed array...  [3.496s]\nBuilding query seed array...  [0.33s]\nComputing hash join...  [1.289s]\nMasking low complexity seeds...  [0.109s]\nSearching alignments...  [4.401s]\nDeallocating memory...  [0s]\nProcessing query block 1, reference block 1/1, shape 7/16, index chunk 3/4.\nBuilding reference seed array...  [4.28s]\nBuilding query seed array...  [0.355s]\nComputing hash join...  [1.348s]\nMasking low complexity seeds...  [0.097s]\nSearching alignments...  [4.424s]\nDeallocating memory...  [0s]\nProcessing query block 1, reference block 1/1, shape 7/16, index chunk 4/4.\nBuilding reference seed array...  [2.898s]\nBuilding query seed array...  [0.248s]\nComputing hash join...  [1.296s]\nMasking low complexity seeds...  [0.097s]\nSearching alignments...  [4.33s]\nDeallocating memory...  [0s]\nProcessing query block 1, reference block 1/1, shape 8/16, index chunk 1/4.\nBuilding reference seed array...  [2.766s]\nBuilding query seed array...  [0.279s]\nComputing hash join...  [1.375s]\nMasking low complexity seeds...  [0.095s]\nSearching alignments...  [4.45s]\nDeallocating memory...  [0s]\nProcessing query block 1, reference block 1/1, shape 8/16, index chunk 2/4.\nBuilding reference seed array...  [3.336s]\nBuilding query seed array...  [0.332s]\nComputing hash join...  [1.288s]\nMasking low complexity seeds...  [0.102s]\nSearching alignments...  [4.485s]\nDeallocating memory...  [0s]\nProcessing query block 1, reference block 1/1, shape 8/16, index chunk 3/4.\nBuilding reference seed array...  [3.434s]\nBuilding query seed array...  [0.354s]\nComputing hash join...  [1.232s]\nMasking low complexity seeds...  [0.095s]\nSearching alignments...  [4.434s]\nDeallocating memory...  [0s]\nProcessing query block 1, reference block 1/1, shape 8/16, index chunk 4/4.\nBuilding reference seed array...  [2.858s]\nBuilding query seed array...  [0.164s]\nComputing hash join...  [1.338s]\nMasking low complexity seeds...  [0.094s]\nSearching alignments...  [4.47s]\nDeallocating memory...  [0s]\nProcessing query block 1, reference block 1/1, shape 9/16, index chunk 1/4.\nBuilding reference seed array...  [2.81s]\nBuilding query seed array...  [0.146s]\nComputing hash join...  [1.222s]\nMasking low complexity seeds...  [0.098s]\nSearching alignments...  [4.539s]\nDeallocating memory...  [0s]\nProcessing query block 1, reference block 1/1, shape 9/16, index chunk 2/4.\nBuilding reference seed array...  [2.791s]\nBuilding query seed array...  [0.141s]\nComputing hash join...  [1.106s]\nMasking low complexity seeds...  [0.1s]\nSearching alignments...  [4.584s]\nDeallocating memory...  [0s]\nProcessing query block 1, reference block 1/1, shape 9/16, index chunk 3/4.\nBuilding reference seed array...  [3.633s]\nBuilding query seed array...  [0.362s]\nComputing hash join...  [1.287s]\nMasking low complexity seeds...  [0.092s]\nSearching alignments...  [4.608s]\nDeallocating memory...  [0s]\nProcessing query block 1, reference block 1/1, shape 9/16, index chunk 4/4.\nBuilding reference seed array...  [2.783s]\nBuilding query seed array...  [0.287s]\nComputing hash join...  [1.364s]\nMasking low complexity seeds...  [0.103s]\nSearching alignments...  [4.63s]\nDeallocating memory...  [0s]\nProcessing query block 1, reference block 1/1, shape 10/16, index chunk 1/4.\nBuilding reference seed array...  [2.941s]\nBuilding query seed array...  [0.28s]\nComputing hash join...  [1.249s]\nMasking low complexity seeds...  [0.096s]\nSearching alignments...  [4.368s]\nDeallocating memory...  [0s]\nProcessing query block 1, reference block 1/1, shape 10/16, index chunk 2/4.\nBuilding reference seed array...  [3.472s]\nBuilding query seed array...  [0.334s]\nComputing hash join...  [1.285s]\nMasking low complexity seeds...  [0.104s]\nSearching alignments...  [4.348s]\nDeallocating memory...  [0s]\nProcessing query block 1, reference block 1/1, shape 10/16, index chunk 3/4.\nBuilding reference seed array...  [3.649s]\nBuilding query seed array...  [0.182s]\nComputing hash join...  [1.259s]\nMasking low complexity seeds...  [0.104s]\nSearching alignments...  [4.455s]\nDeallocating memory...  [0s]\nProcessing query block 1, reference block 1/1, shape 10/16, index chunk 4/4.\nBuilding reference seed array...  [2.889s]\nBuilding query seed array...  [0.271s]\nComputing hash join...  [1.291s]\nMasking low complexity seeds...  [0.103s]\nSearching alignments...  [4.332s]\nDeallocating memory...  [0s]\nProcessing query block 1, reference block 1/1, shape 11/16, index chunk 1/4.\nBuilding reference seed array...  [2.955s]\nBuilding query seed array...  [0.282s]\nComputing hash join...  [1.31s]\nMasking low complexity seeds...  [0.102s]\nSearching alignments...  [4.495s]\nDeallocating memory...  [0s]\nProcessing query block 1, reference block 1/1, shape 11/16, index chunk 2/4.\nBuilding reference seed array...  [3.344s]\nBuilding query seed array...  [0.339s]\nComputing hash join...  [1.289s]\nMasking low complexity seeds...  [0.105s]\nSearching alignments...  [4.568s]\nDeallocating memory...  [0s]\nProcessing query block 1, reference block 1/1, shape 11/16, index chunk 3/4.\nBuilding reference seed array...  [4.252s]\nBuilding query seed array...  [0.369s]\nComputing hash join...  [1.547s]\nMasking low complexity seeds...  [0.112s]\nSearching alignments...  [4.573s]\nDeallocating memory...  [0s]\nProcessing query block 1, reference block 1/1, shape 11/16, index chunk 4/4.\nBuilding reference seed array...  [2.837s]\nBuilding query seed array...  [0.28s]\nComputing hash join...  [1.31s]\nMasking low complexity seeds...  [0.1s]\nSearching alignments...  [4.543s]\nDeallocating memory...  [0s]\nProcessing query block 1, reference block 1/1, shape 12/16, index chunk 1/4.\nBuilding reference seed array...  [2.707s]\nBuilding query seed array...  [0.273s]\nComputing hash join...  [1.247s]\nMasking low complexity seeds...  [0.1s]\nSearching alignments...  [4.364s]\nDeallocating memory...  [0s]\nProcessing query block 1, reference block 1/1, shape 12/16, index chunk 2/4.\nBuilding reference seed array...  [2.812s]\nBuilding query seed array...  [0.326s]\nComputing hash join...  [1.171s]\nMasking low complexity seeds...  [0.101s]\nSearching alignments...  [4.353s]\nDeallocating memory...  [0s]\nProcessing query block 1, reference block 1/1, shape 12/16, index chunk 3/4.\nBuilding reference seed array...  [3.498s]\nBuilding query seed array...  [0.266s]\nComputing hash join...  [1.316s]\nMasking low complexity seeds...  [0.099s]\nSearching alignments...  [4.321s]\nDeallocating memory...  [0s]\nProcessing query block 1, reference block 1/1, shape 12/16, index chunk 4/4.\nBuilding reference seed array...  [2.773s]\nBuilding query seed array...  [0.277s]\nComputing hash join...  [1.347s]\nMasking low complexity seeds...  [0.104s]\nSearching alignments...  [4.525s]\nDeallocating memory...  [0s]\nProcessing query block 1, reference block 1/1, shape 13/16, index chunk 1/4.\nBuilding reference seed array...  [3.268s]\nBuilding query seed array...  [0.28s]\nComputing hash join...  [1.342s]\nMasking low complexity seeds...  [0.097s]\nSearching alignments...  [4.305s]\nDeallocating memory...  [0s]\nProcessing query block 1, reference block 1/1, shape 13/16, index chunk 2/4.\nBuilding reference seed array...  [3.734s]\nBuilding query seed array...  [0.332s]\nComputing hash join...  [1.295s]\nMasking low complexity seeds...  [0.103s]\nSearching alignments...  [4.345s]\nDeallocating memory...  [0s]\nProcessing query block 1, reference block 1/1, shape 13/16, index chunk 3/4.\nBuilding reference seed array...  [4.627s]\nBuilding query seed array...  [0.363s]\nComputing hash join...  [1.534s]\nMasking low complexity seeds...  [0.109s]\nSearching alignments...  [4.443s]\nDeallocating memory...  [0s]\nProcessing query block 1, reference block 1/1, shape 13/16, index chunk 4/4.\nBuilding reference seed array...  [3.254s]\nBuilding query seed array...  [0.279s]\nComputing hash join...  [1.277s]\nMasking low complexity seeds...  [0.103s]\nSearching alignments...  [4.346s]\nDeallocating memory...  [0s]\nProcessing query block 1, reference block 1/1, shape 14/16, index chunk 1/4.\nBuilding reference seed array...  [2.921s]\nBuilding query seed array...  [0.274s]\nComputing hash join...  [1.382s]\nMasking low complexity seeds...  [0.105s]\nSearching alignments...  [4.43s]\nDeallocating memory...  [0s]\nProcessing query block 1, reference block 1/1, shape 14/16, index chunk 2/4.\nBuilding reference seed array...  [3.482s]\nBuilding query seed array...  [0.335s]\nComputing hash join...  [1.398s]\nMasking low complexity seeds...  [0.115s]\nSearching alignments...  [4.351s]\nDeallocating memory...  [0s]\nProcessing query block 1, reference block 1/1, shape 14/16, index chunk 3/4.\nBuilding reference seed array...  [3.652s]\nBuilding query seed array...  [0.348s]\nComputing hash join...  [1.296s]\nMasking low complexity seeds...  [0.098s]\nSearching alignments...  [4.323s]\nDeallocating memory...  [0s]\nProcessing query block 1, reference block 1/1, shape 14/16, index chunk 4/4.\nBuilding reference seed array...  [2.777s]\nBuilding query seed array...  [0.282s]\nComputing hash join...  [1.306s]\nMasking low complexity seeds...  [0.101s]\nSearching alignments...  [4.384s]\nDeallocating memory...  [0s]\nProcessing query block 1, reference block 1/1, shape 15/16, index chunk 1/4.\nBuilding reference seed array...  [2.267s]\nBuilding query seed array...  [0.28s]\nComputing hash join...  [1.149s]\nMasking low complexity seeds...  [0.106s]\nSearching alignments...  [4.499s]\nDeallocating memory...  [0s]\nProcessing query block 1, reference block 1/1, shape 15/16, index chunk 2/4.\nBuilding reference seed array...  [3.583s]\nBuilding query seed array...  [0.346s]\nComputing hash join...  [1.458s]\nMasking low complexity seeds...  [0.109s]\nSearching alignments...  [4.423s]\nDeallocating memory...  [0s]\nProcessing query block 1, reference block 1/1, shape 15/16, index chunk 3/4.\nBuilding reference seed array...  [3.612s]\nBuilding query seed array...  [0.348s]\nComputing hash join...  [1.292s]\nMasking low complexity seeds...  [0.106s]\nSearching alignments...  [4.42s]\nDeallocating memory...  [0s]\nProcessing query block 1, reference block 1/1, shape 15/16, index chunk 4/4.\nBuilding reference seed array...  [2.848s]\nBuilding query seed array...  [0.277s]\nComputing hash join...  [1.302s]\nMasking low complexity seeds...  [0.098s]\nSearching alignments...  [4.521s]\nDeallocating memory...  [0s]\nProcessing query block 1, reference block 1/1, shape 16/16, index chunk 1/4.\nBuilding reference seed array...  [2.898s]\nBuilding query seed array...  [0.283s]\nComputing hash join...  [1.287s]\nMasking low complexity seeds...  [0.106s]\nSearching alignments...  [4.474s]\nDeallocating memory...  [0s]\nProcessing query block 1, reference block 1/1, shape 16/16, index chunk 2/4.\nBuilding reference seed array...  [3.254s]\nBuilding query seed array...  [0.332s]\nComputing hash join...  [1.332s]\nMasking low complexity seeds...  [0.1s]\nSearching alignments...  [4.433s]\nDeallocating memory...  [0s]\nProcessing query block 1, reference block 1/1, shape 16/16, index chunk 3/4.\nBuilding reference seed array...  [4.074s]\nBuilding query seed array...  [0.357s]\nComputing hash join...  [1.447s]\nMasking low complexity seeds...  [0.106s]\nSearching alignments...  [4.314s]\nDeallocating memory...  [0s]\nProcessing query block 1, reference block 1/1, shape 16/16, index chunk 4/4.\nBuilding reference seed array...  [2.862s]\nBuilding query seed array...  [0.275s]\nComputing hash join...  [1.217s]\nMasking low complexity seeds...  [0.097s]\nSearching alignments...  [4.364s]\nDeallocating memory...  [0s]\nDeallocating buffers...  [1.138s]\nClearing query masking...  [0.05s]\nComputing alignments... Loading trace points...  [4.982s]\nSorting trace points...  [0.941s]\nComputing alignments...  [15.303s]\nDeallocating buffers...  [0.668s]\nLoading trace points...  [0s]\n [23.505s]\nDeallocating reference...  [0.445s]\nLoading reference sequences...  [0s]\nDeallocating buffers...  [0s]\nDeallocating queries...  [0.051s]\nLoading query sequences...  [0s]\nClosing the input file...  [0s]\nClosing the output file...  [0.009s]\nClosing the database...  [0.019s]\nCleaning up...  [0s]\nTotal time = 673.993s\nReported 57762 pairwise alignments, 57762 HSPs.\n48446 queries aligned.\n'
12/22/2024 03:00:48 PM - humann.utilities - DEBUG: Using software: /usr/bin/cat
12/22/2024 03:00:48 PM - humann.utilities - INFO: Execute command: /usr/bin/cat /mnt/omar/pipelines/ont/work/results/004_pathways/humann/SRR7947168/SRR7947168_1_humann_temp/tmp9q5l6r30/diamond_m8_se9ye8nq
12/22/2024 03:00:48 PM - humann.utilities - DEBUG: Remove file: /mnt/omar/pipelines/ont/work/results/004_pathways/humann/SRR7947168/SRR7947168_1_humann_temp/tmp9q5l6r30/tmp_arbu3e2
12/22/2024 03:00:48 PM - humann.humann - INFO: TIMESTAMP: Completed 	translated alignment 	:	 680	 seconds
12/22/2024 03:00:49 PM - humann.utilities - DEBUG: Total alignments where percent identity is not a number: 0
12/22/2024 03:00:49 PM - humann.utilities - DEBUG: Total alignments where alignment length is not a number: 0
12/22/2024 03:00:49 PM - humann.utilities - DEBUG: Total alignments where E-value is not a number: 0
12/22/2024 03:00:49 PM - humann.utilities - DEBUG: Total alignments not included based on large e-value: 0
12/22/2024 03:00:49 PM - humann.utilities - DEBUG: Total alignments not included based on small percent identity: 30115
12/22/2024 03:00:49 PM - humann.utilities - DEBUG: Total alignments not included based on small query coverage: 1669
12/22/2024 03:00:49 PM - humann.search.blastx_coverage - INFO: Total alignments without coverage information: 0
12/22/2024 03:00:49 PM - humann.search.blastx_coverage - INFO: Total proteins in blastx output: 18868
12/22/2024 03:00:49 PM - humann.search.blastx_coverage - INFO: Total proteins without lengths: 0
12/22/2024 03:00:49 PM - humann.search.blastx_coverage - INFO: Proteins with coverage greater than threshold (15.0): 9693
12/22/2024 03:00:49 PM - humann.utilities - DEBUG: Total alignments where percent identity is not a number: 0
12/22/2024 03:00:49 PM - humann.utilities - DEBUG: Total alignments where alignment length is not a number: 0
12/22/2024 03:00:49 PM - humann.utilities - DEBUG: Total alignments where E-value is not a number: 0
12/22/2024 03:00:49 PM - humann.utilities - DEBUG: Total alignments not included based on large e-value: 0
12/22/2024 03:00:49 PM - humann.utilities - DEBUG: Total alignments not included based on small percent identity: 30115
12/22/2024 03:00:49 PM - humann.utilities - DEBUG: Total alignments not included based on small query coverage: 1669
12/22/2024 03:00:49 PM - humann.search.translated - DEBUG: Total translated alignments not included based on small subject coverage value: 10307
12/22/2024 03:00:56 PM - humann.utilities - DEBUG: Remove file: /mnt/omar/pipelines/ont/work/results/004_pathways/humann/SRR7947168/SRR7947168_1_humann_temp/tmp9q5l6r30/tmpfb0_wvus
12/22/2024 03:00:56 PM - humann.humann - INFO: TIMESTAMP: Completed 	translated alignment post-processing 	:	 8	 seconds
12/22/2024 03:00:56 PM - humann.humann - INFO: Total bugs after translated alignment: 1
12/22/2024 03:00:56 PM - humann.humann - INFO: 
unclassified: 16061 hits
12/22/2024 03:00:56 PM - humann.humann - INFO: Total gene families after translated alignment: 9693
12/22/2024 03:00:56 PM - humann.humann - INFO: Unaligned reads after translated alignment: 85.1901651940 %
12/22/2024 03:00:56 PM - humann.humann - INFO: Computing gene families ...
12/22/2024 03:00:56 PM - humann.quantify.families - DEBUG: Compute gene families
12/22/2024 03:00:56 PM - humann.store - INFO: 
Total gene families  : 9693
unclassified : 9693 gene families
12/22/2024 03:00:56 PM - humann.humann - INFO: TIMESTAMP: Completed 	computing gene families 	:	 0	 seconds
12/22/2024 03:00:56 PM - humann.humann - INFO: Computing reaction and pathway abundance ...
12/22/2024 03:00:56 PM - humann.quantify.modules - DEBUG: Write flat reactions to pathways file for Minpath
12/22/2024 03:00:56 PM - humann.quantify.modules - INFO: Compute reaction scores for bug: unclassified
12/22/2024 03:01:01 PM - humann.quantify.modules - INFO: Run MinPath on unclassified
12/22/2024 03:01:01 PM - humann.quantify.modules - INFO: Compute reaction scores for bug: all
12/22/2024 03:01:05 PM - humann.quantify.modules - INFO: Run MinPath on all
12/22/2024 03:01:05 PM - humann.quantify.modules - DEBUG: Print pathways 
12/22/2024 03:01:05 PM - humann.utilities - DEBUG: Using python module : /home/omar/Downloads/miniconda3/envs/humann_env/lib/python3.12/site-packages/humann/quantify/MinPath12hmp.py
12/22/2024 03:01:05 PM - humann.utilities - DEBUG: Using python module : /home/omar/Downloads/miniconda3/envs/humann_env/lib/python3.12/site-packages/humann/quantify/MinPath12hmp.py
12/22/2024 03:01:05 PM - humann.utilities - INFO: Execute command: /home/omar/Downloads/miniconda3/envs/humann_env/bin/python3.12 /home/omar/Downloads/miniconda3/envs/humann_env/lib/python3.12/site-packages/humann/quantify/MinPath12hmp.py -any /mnt/omar/pipelines/ont/work/results/004_pathways/humann/SRR7947168/SRR7947168_1_humann_temp/tmp9q5l6r30/tmp92fqk2h6 -map /mnt/omar/pipelines/ont/work/results/004_pathways/humann/SRR7947168/SRR7947168_1_humann_temp/tmp9q5l6r30/tmp1kpwserm -report /mnt/omar/pipelines/ont/work/results/004_pathways/humann/SRR7947168/SRR7947168_1_humann_temp/tmp9q5l6r30/tmpkmr3iujf -details /mnt/omar/pipelines/ont/work/results/004_pathways/humann/SRR7947168/SRR7947168_1_humann_temp/tmp9q5l6r30/tmplrfdxwgg -mps /mnt/omar/pipelines/ont/work/results/004_pathways/humann/SRR7947168/SRR7947168_1_humann_temp/tmp9q5l6r30/tmpgjfvp7kh
12/22/2024 03:01:05 PM - humann.utilities - INFO: Execute command: /home/omar/Downloads/miniconda3/envs/humann_env/bin/python3.12 /home/omar/Downloads/miniconda3/envs/humann_env/lib/python3.12/site-packages/humann/quantify/MinPath12hmp.py -any /mnt/omar/pipelines/ont/work/results/004_pathways/humann/SRR7947168/SRR7947168_1_humann_temp/tmp9q5l6r30/tmplmmj6zrj -map /mnt/omar/pipelines/ont/work/results/004_pathways/humann/SRR7947168/SRR7947168_1_humann_temp/tmp9q5l6r30/tmp1kpwserm -report /mnt/omar/pipelines/ont/work/results/004_pathways/humann/SRR7947168/SRR7947168_1_humann_temp/tmp9q5l6r30/tmpc4g65b5o -details /mnt/omar/pipelines/ont/work/results/004_pathways/humann/SRR7947168/SRR7947168_1_humann_temp/tmp9q5l6r30/tmpbrv5i4nf -mps /mnt/omar/pipelines/ont/work/results/004_pathways/humann/SRR7947168/SRR7947168_1_humann_temp/tmp9q5l6r30/tmpik0bxjdx
12/22/2024 03:01:07 PM - humann.quantify.modules - DEBUG: Compute pathway abundance for bug: unclassified
12/22/2024 03:01:07 PM - humann.quantify.modules - DEBUG: Compute pathway abundance for bug: all
12/22/2024 03:01:24 PM - humann.quantify.modules - DEBUG: Print pathways _Abundance
12/22/2024 03:01:24 PM - humann.humann - INFO: TIMESTAMP: Completed 	computing pathways 	:	 28	 seconds
12/22/2024 03:01:24 PM - humann.humann - INFO: 
Output files created: 
/mnt/omar/pipelines/ont/work/results/004_pathways/humann/SRR7947168/SRR7947168_1_1_metaphlan_profile.tsv
/mnt/omar/pipelines/ont/work/results/004_pathways/humann/SRR7947168/SRR7947168_1_2_genefamilies.tsv
/mnt/omar/pipelines/ont/work/results/004_pathways/humann/SRR7947168/SRR7947168_1_3_reactions.tsv
/mnt/omar/pipelines/ont/work/results/004_pathways/humann/SRR7947168/SRR7947168_1_4_pathabundance.tsv
/mnt/omar/pipelines/ont/work/results/004_pathways/humann/SRR7947168/SRR7947168_1_0.log

12/22/2024 03:01:24 PM - humann.utilities - DEBUG: Remove directory: /mnt/omar/pipelines/ont/work/results/004_pathways/humann/SRR7947168/SRR7947168_1_humann_temp/tmp9q5l6r30
