12/26/2024 02:20:59 PM - humann.humann - INFO: Running humann v4.0.0.alpha.1
12/26/2024 02:20:59 PM - humann.humann - INFO: Output files will be written to: /mnt/omar/pipelines/ont/work/results/004_pathways/humann/SRR7947168
12/26/2024 02:20:59 PM - humann.humann - INFO: Writing temp files to directory: /mnt/omar/pipelines/ont/work/results/004_pathways/humann/SRR7947168/SRR7947168_merged_humann_temp
12/26/2024 02:20:59 PM - humann.utilities - INFO: File ( /mnt/omar/pipelines/ont/work/results/002_qc/merged/SRR7947168_merged.fastq.gz ) is of format:  fastq.gz
12/26/2024 02:20:59 PM - humann.utilities - INFO: Decompressing gzipped file ...
12/26/2024 02:21:03 PM - humann.humann - INFO: Removing spaces from identifiers in input file
12/26/2024 02:21:05 PM - humann.utilities - DEBUG: Check software, metaphlan, for required version, 4.0
12/26/2024 02:21:07 PM - humann.utilities - INFO: Using metaphlan version 4.1
12/26/2024 02:21:07 PM - humann.utilities - DEBUG: Check software, bowtie2, for required version, 2.2
12/26/2024 02:21:07 PM - humann.utilities - INFO: Using bowtie2 version 2.5
12/26/2024 02:21:07 PM - humann.utilities - DEBUG: Check software, diamond, for required version, 2.0.15
12/26/2024 02:21:07 PM - humann.utilities - INFO: Using diamond version 2.1.9
12/26/2024 02:21:07 PM - humann.config - INFO: 
Run config settings: 

DATABASE SETTINGS
nucleotide database folder = /mnt/omar/misc/tests/chocophlan/chocophlan
protein database folder = /mnt/omar/misc/tests/uniref
pathways database file 1 = /mnt/omar/misc/tests/utility_mapping/utility_mapping/metacyc_reactions_level4ec_only.uniref.bz2
pathways database file 2 = /mnt/omar/misc/tests/utility_mapping/utility_mapping/metacyc_pathways_structured_filtered_v24_subreactions
utility mapping database folder = /mnt/omar/misc/tests/utility_mapping/utility_mapping

RUN MODES
resume = True
verbose = True
bypass prescreen = False
bypass nucleotide index = False
bypass nucleotide search = False
bypass translated search = False
translated search = diamond
threads = 11

Identity thresholds
nucleotide = 0.0
translated = 50.0

ALIGNMENT SETTINGS
bowtie2 options = --very-sensitive-local
diamond options = --top 1 --sensitive --outfmt 6
evalue threshold = 1.0
prescreen threshold = 0.01
average read length = 1548.0
translated subject coverage threshold = 1.0
translated query coverage threshold = 1.0
nucleotide subject coverage threshold = 1.0
nucleotide query coverage threshold = 1.0

PATHWAYS SETTINGS
minpath = on
xipe = off
gap fill = on

INPUT AND OUTPUT FORMATS
input file format = fastq.gz
output file format = tsv
normalization mode = Adjusted CPMs
output max decimals = 10
remove stratified output = True
remove column description output = False
log level = DEBUG

12/26/2024 02:21:07 PM - humann.store - DEBUG: Initialize Alignments class instance to minimize memory use
12/26/2024 02:21:07 PM - humann.store - DEBUG: Initialize Reads class instance to minimize memory use
12/26/2024 02:22:42 PM - humann.humann - INFO: Load pathways database part 1: /mnt/omar/misc/tests/utility_mapping/utility_mapping/metacyc_reactions_level4ec_only.uniref.bz2
12/26/2024 02:22:42 PM - humann.humann - INFO: Load pathways database part 2: /mnt/omar/misc/tests/utility_mapping/utility_mapping/metacyc_pathways_structured_filtered_v24_subreactions
12/26/2024 02:22:42 PM - humann.search.prescreen - INFO: Running metaphlan ........
12/26/2024 02:22:42 PM - humann.utilities - DEBUG: Using software: /home/omar/Downloads/miniconda3/envs/humann_env/bin/metaphlan
12/26/2024 02:22:42 PM - humann.utilities - INFO: Execute command: /home/omar/Downloads/miniconda3/envs/humann_env/bin/metaphlan /mnt/omar/pipelines/ont/work/results/004_pathways/humann/SRR7947168/SRR7947168_merged_humann_temp/tmpkev72fke/tmpbvqrjljf -t rel_ab_w_read_stats -o /mnt/omar/pipelines/ont/work/results/004_pathways/humann/SRR7947168/SRR7947168_merged_1_metaphlan_profile.tsv --input_type fastq --bowtie2out /mnt/omar/pipelines/ont/work/results/004_pathways/humann/SRR7947168/SRR7947168_merged_humann_temp/SRR7947168_merged_metaphlan_bowtie2.txt --nproc 11
12/26/2024 02:30:11 PM - humann.utilities - DEBUG: b''
12/26/2024 02:30:11 PM - humann.humann - INFO: TIMESTAMP: Completed 	prescreen 	:	 450	 seconds
12/26/2024 02:30:11 PM - humann.search.prescreen - INFO: Total species selected from prescreen: 0
12/26/2024 02:30:11 PM - humann.search.prescreen - DEBUG: 

No species were selected from the prescreen.
Because of this the custom ChocoPhlAn database is empty.
This will result in zero species-specific gene families and pathways.


12/26/2024 02:30:11 PM - humann.humann - INFO: TIMESTAMP: Completed 	custom database creation 	:	 0	 seconds
12/26/2024 02:30:11 PM - humann.humann - DEBUG: Custom database is empty
12/26/2024 02:30:11 PM - humann.store - DEBUG: Initialize Reads class instance to minimize memory use
12/26/2024 02:30:13 PM - humann.utilities - DEBUG: Remove file: /mnt/omar/pipelines/ont/work/results/004_pathways/humann/SRR7947168/SRR7947168_merged_humann_temp/tmpkev72fke/tmpe914_iky
12/26/2024 02:30:13 PM - humann.search.translated - DEBUG: Convert unaligned reads fastq file to fasta
12/26/2024 02:30:14 PM - humann.search.translated - INFO: Running diamond ........
12/26/2024 02:30:14 PM - humann.search.translated - INFO: Aligning to reference database: humann4_protein_database_filtered_v2019_06.dmnd
12/26/2024 02:30:14 PM - humann.utilities - DEBUG: Remove file: /mnt/omar/pipelines/ont/work/results/004_pathways/humann/SRR7947168/SRR7947168_merged_humann_temp/tmpkev72fke/diamond_m8_zz15evrx
12/26/2024 02:30:14 PM - humann.utilities - DEBUG: Using software: /home/omar/Downloads/miniconda3/envs/humann_env/bin/diamond
12/26/2024 02:30:14 PM - humann.utilities - INFO: Execute command: /home/omar/Downloads/miniconda3/envs/humann_env/bin/diamond blastx --query /mnt/omar/pipelines/ont/work/results/004_pathways/humann/SRR7947168/SRR7947168_merged_humann_temp/tmpkev72fke/tmpdysxl5k8 --evalue 1.0 --threads 11 --top 1 --sensitive --outfmt 6 --db /mnt/omar/misc/tests/uniref/humann4_protein_database_filtered_v2019_06 --out /mnt/omar/pipelines/ont/work/results/004_pathways/humann/SRR7947168/SRR7947168_merged_humann_temp/tmpkev72fke/diamond_m8_zz15evrx --tmpdir /mnt/omar/pipelines/ont/work/results/004_pathways/humann/SRR7947168/SRR7947168_merged_humann_temp/tmpkev72fke
12/26/2024 02:40:50 PM - humann.utilities - DEBUG: b'diamond v2.1.9.163 (C) Max Planck Society for the Advancement of Science, Benjamin Buchfink, University of Tuebingen\nDocumentation, support and updates available at http://www.diamondsearch.org\nPlease cite: http://dx.doi.org/10.1038/s41592-021-01101-x Nature Methods (2021)\n\n#CPU threads: 11\nScoring parameters: (Matrix=BLOSUM62 Lambda=0.267 K=0.041 Penalties=11/1)\nTemporary directory: /mnt/omar/pipelines/ont/work/results/004_pathways/humann/SRR7947168/SRR7947168_merged_humann_temp/tmpkev72fke\nPercentage range of top alignment score to report hits: 1\nOpening the database...  [0.34s]\nDatabase: /mnt/omar/misc/tests/uniref/humann4_protein_database_filtered_v2019_06 (type: Diamond database, sequences: 3435636, letters: 1515992226)\nBlock size = 2000000000\nOpening the input file...  [0.159s]\nOpening the output file...  [0s]\nLoading query sequences...  [1.842s]\nMasking queries...  [1.677s]\nAlgorithm: Double-indexed\nBuilding query histograms...  [2.586s]\nSeeking in database...  [0s]\nLoading reference sequences...  [3.897s]\nMasking reference...  [12.327s]\nInitializing temporary storage...  [0.002s]\nBuilding reference histograms...  [28.814s]\nAllocating buffers...  [0.001s]\nProcessing query block 1, reference block 1/1, shape 1/16, index chunk 1/4.\nBuilding reference seed array...  [3.301s]\nBuilding query seed array...  [0.169s]\nComputing hash join...  [1.402s]\nMasking low complexity seeds...  [0.117s]\nSearching alignments...  [4.948s]\nDeallocating memory...  [0s]\nProcessing query block 1, reference block 1/1, shape 1/16, index chunk 2/4.\nBuilding reference seed array...  [3.765s]\nBuilding query seed array...  [0.373s]\nComputing hash join...  [1.36s]\nMasking low complexity seeds...  [0.101s]\nSearching alignments...  [4.718s]\nDeallocating memory...  [0s]\nProcessing query block 1, reference block 1/1, shape 1/16, index chunk 3/4.\nBuilding reference seed array...  [3.473s]\nBuilding query seed array...  [0.416s]\nComputing hash join...  [1.428s]\nMasking low complexity seeds...  [0.112s]\nSearching alignments...  [4.624s]\nDeallocating memory...  [0s]\nProcessing query block 1, reference block 1/1, shape 1/16, index chunk 4/4.\nBuilding reference seed array...  [2.658s]\nBuilding query seed array...  [0.166s]\nComputing hash join...  [1.387s]\nMasking low complexity seeds...  [0.112s]\nSearching alignments...  [4.655s]\nDeallocating memory...  [0s]\nProcessing query block 1, reference block 1/1, shape 2/16, index chunk 1/4.\nBuilding reference seed array...  [2.257s]\nBuilding query seed array...  [0.122s]\nComputing hash join...  [1.117s]\nMasking low complexity seeds...  [0.106s]\nSearching alignments...  [4.332s]\nDeallocating memory...  [0s]\nProcessing query block 1, reference block 1/1, shape 2/16, index chunk 2/4.\nBuilding reference seed array...  [2.84s]\nBuilding query seed array...  [0.172s]\nComputing hash join...  [1.338s]\nMasking low complexity seeds...  [0.103s]\nSearching alignments...  [4.324s]\nDeallocating memory...  [0s]\nProcessing query block 1, reference block 1/1, shape 2/16, index chunk 3/4.\nBuilding reference seed array...  [2.981s]\nBuilding query seed array...  [0.179s]\nComputing hash join...  [1.318s]\nMasking low complexity seeds...  [0.109s]\nSearching alignments...  [4.267s]\nDeallocating memory...  [0s]\nProcessing query block 1, reference block 1/1, shape 2/16, index chunk 4/4.\nBuilding reference seed array...  [2.177s]\nBuilding query seed array...  [0.126s]\nComputing hash join...  [1.339s]\nMasking low complexity seeds...  [0.115s]\nSearching alignments...  [4.276s]\nDeallocating memory...  [0s]\nProcessing query block 1, reference block 1/1, shape 3/16, index chunk 1/4.\nBuilding reference seed array...  [2.832s]\nBuilding query seed array...  [0.15s]\nComputing hash join...  [1.385s]\nMasking low complexity seeds...  [0.103s]\nSearching alignments...  [4.621s]\nDeallocating memory...  [0s]\nProcessing query block 1, reference block 1/1, shape 3/16, index chunk 2/4.\nBuilding reference seed array...  [2.837s]\nBuilding query seed array...  [0.144s]\nComputing hash join...  [1.153s]\nMasking low complexity seeds...  [0.102s]\nSearching alignments...  [4.636s]\nDeallocating memory...  [0s]\nProcessing query block 1, reference block 1/1, shape 3/16, index chunk 3/4.\nBuilding reference seed array...  [2.939s]\nBuilding query seed array...  [0.152s]\nComputing hash join...  [1.384s]\nMasking low complexity seeds...  [0.11s]\nSearching alignments...  [4.547s]\nDeallocating memory...  [0s]\nProcessing query block 1, reference block 1/1, shape 3/16, index chunk 4/4.\nBuilding reference seed array...  [2.215s]\nBuilding query seed array...  [0.121s]\nComputing hash join...  [1.352s]\nMasking low complexity seeds...  [0.115s]\nSearching alignments...  [4.543s]\nDeallocating memory...  [0s]\nProcessing query block 1, reference block 1/1, shape 4/16, index chunk 1/4.\nBuilding reference seed array...  [2.261s]\nBuilding query seed array...  [0.115s]\nComputing hash join...  [1.241s]\nMasking low complexity seeds...  [0.106s]\nSearching alignments...  [4.502s]\nDeallocating memory...  [0s]\nProcessing query block 1, reference block 1/1, shape 4/16, index chunk 2/4.\nBuilding reference seed array...  [2.806s]\nBuilding query seed array...  [0.154s]\nComputing hash join...  [1.163s]\nMasking low complexity seeds...  [0.103s]\nSearching alignments...  [4.532s]\nDeallocating memory...  [0s]\nProcessing query block 1, reference block 1/1, shape 4/16, index chunk 3/4.\nBuilding reference seed array...  [2.963s]\nBuilding query seed array...  [0.154s]\nComputing hash join...  [1.358s]\nMasking low complexity seeds...  [0.107s]\nSearching alignments...  [4.474s]\nDeallocating memory...  [0s]\nProcessing query block 1, reference block 1/1, shape 4/16, index chunk 4/4.\nBuilding reference seed array...  [2.304s]\nBuilding query seed array...  [0.124s]\nComputing hash join...  [1.367s]\nMasking low complexity seeds...  [0.11s]\nSearching alignments...  [4.431s]\nDeallocating memory...  [0s]\nProcessing query block 1, reference block 1/1, shape 5/16, index chunk 1/4.\nBuilding reference seed array...  [2.249s]\nBuilding query seed array...  [0.116s]\nComputing hash join...  [1.175s]\nMasking low complexity seeds...  [0.109s]\nSearching alignments...  [4.401s]\nDeallocating memory...  [0s]\nProcessing query block 1, reference block 1/1, shape 5/16, index chunk 2/4.\nBuilding reference seed array...  [3.211s]\nBuilding query seed array...  [0.332s]\nComputing hash join...  [1.402s]\nMasking low complexity seeds...  [0.108s]\nSearching alignments...  [4.396s]\nDeallocating memory...  [0s]\nProcessing query block 1, reference block 1/1, shape 5/16, index chunk 3/4.\nBuilding reference seed array...  [2.966s]\nBuilding query seed array...  [0.146s]\nComputing hash join...  [1.314s]\nMasking low complexity seeds...  [0.107s]\nSearching alignments...  [4.34s]\nDeallocating memory...  [0s]\nProcessing query block 1, reference block 1/1, shape 5/16, index chunk 4/4.\nBuilding reference seed array...  [2.476s]\nBuilding query seed array...  [0.128s]\nComputing hash join...  [1.232s]\nMasking low complexity seeds...  [0.104s]\nSearching alignments...  [4.365s]\nDeallocating memory...  [0s]\nProcessing query block 1, reference block 1/1, shape 6/16, index chunk 1/4.\nBuilding reference seed array...  [2.245s]\nBuilding query seed array...  [0.117s]\nComputing hash join...  [1.149s]\nMasking low complexity seeds...  [0.105s]\nSearching alignments...  [4.511s]\nDeallocating memory...  [0s]\nProcessing query block 1, reference block 1/1, shape 6/16, index chunk 2/4.\nBuilding reference seed array...  [2.724s]\nBuilding query seed array...  [0.142s]\nComputing hash join...  [1.348s]\nMasking low complexity seeds...  [0.107s]\nSearching alignments...  [4.469s]\nDeallocating memory...  [0s]\nProcessing query block 1, reference block 1/1, shape 6/16, index chunk 3/4.\nBuilding reference seed array...  [2.966s]\nBuilding query seed array...  [0.182s]\nComputing hash join...  [1.371s]\nMasking low complexity seeds...  [0.111s]\nSearching alignments...  [4.429s]\nDeallocating memory...  [0s]\nProcessing query block 1, reference block 1/1, shape 6/16, index chunk 4/4.\nBuilding reference seed array...  [2.274s]\nBuilding query seed array...  [0.119s]\nComputing hash join...  [1.145s]\nMasking low complexity seeds...  [0.107s]\nSearching alignments...  [4.444s]\nDeallocating memory...  [0s]\nProcessing query block 1, reference block 1/1, shape 7/16, index chunk 1/4.\nBuilding reference seed array...  [2.289s]\nBuilding query seed array...  [0.111s]\nComputing hash join...  [1.117s]\nMasking low complexity seeds...  [0.108s]\nSearching alignments...  [4.294s]\nDeallocating memory...  [0s]\nProcessing query block 1, reference block 1/1, shape 7/16, index chunk 2/4.\nBuilding reference seed array...  [2.805s]\nBuilding query seed array...  [0.138s]\nComputing hash join...  [1.251s]\nMasking low complexity seeds...  [0.111s]\nSearching alignments...  [4.278s]\nDeallocating memory...  [0s]\nProcessing query block 1, reference block 1/1, shape 7/16, index chunk 3/4.\nBuilding reference seed array...  [2.979s]\nBuilding query seed array...  [0.143s]\nComputing hash join...  [1.498s]\nMasking low complexity seeds...  [0.11s]\nSearching alignments...  [4.254s]\nDeallocating memory...  [0s]\nProcessing query block 1, reference block 1/1, shape 7/16, index chunk 4/4.\nBuilding reference seed array...  [2.627s]\nBuilding query seed array...  [0.152s]\nComputing hash join...  [1.178s]\nMasking low complexity seeds...  [0.098s]\nSearching alignments...  [4.241s]\nDeallocating memory...  [0s]\nProcessing query block 1, reference block 1/1, shape 8/16, index chunk 1/4.\nBuilding reference seed array...  [2.231s]\nBuilding query seed array...  [0.126s]\nComputing hash join...  [1.113s]\nMasking low complexity seeds...  [0.105s]\nSearching alignments...  [4.351s]\nDeallocating memory...  [0s]\nProcessing query block 1, reference block 1/1, shape 8/16, index chunk 2/4.\nBuilding reference seed array...  [2.769s]\nBuilding query seed array...  [0.148s]\nComputing hash join...  [1.276s]\nMasking low complexity seeds...  [0.107s]\nSearching alignments...  [4.375s]\nDeallocating memory...  [0s]\nProcessing query block 1, reference block 1/1, shape 8/16, index chunk 3/4.\nBuilding reference seed array...  [3.012s]\nBuilding query seed array...  [0.178s]\nComputing hash join...  [1.341s]\nMasking low complexity seeds...  [0.11s]\nSearching alignments...  [4.299s]\nDeallocating memory...  [0s]\nProcessing query block 1, reference block 1/1, shape 8/16, index chunk 4/4.\nBuilding reference seed array...  [2.179s]\nBuilding query seed array...  [0.124s]\nComputing hash join...  [1.294s]\nMasking low complexity seeds...  [0.105s]\nSearching alignments...  [4.311s]\nDeallocating memory...  [0s]\nProcessing query block 1, reference block 1/1, shape 9/16, index chunk 1/4.\nBuilding reference seed array...  [2.232s]\nBuilding query seed array...  [0.119s]\nComputing hash join...  [1.189s]\nMasking low complexity seeds...  [0.107s]\nSearching alignments...  [4.545s]\nDeallocating memory...  [0s]\nProcessing query block 1, reference block 1/1, shape 9/16, index chunk 2/4.\nBuilding reference seed array...  [2.814s]\nBuilding query seed array...  [0.17s]\nComputing hash join...  [1.318s]\nMasking low complexity seeds...  [0.109s]\nSearching alignments...  [4.547s]\nDeallocating memory...  [0s]\nProcessing query block 1, reference block 1/1, shape 9/16, index chunk 3/4.\nBuilding reference seed array...  [2.961s]\nBuilding query seed array...  [0.183s]\nComputing hash join...  [1.381s]\nMasking low complexity seeds...  [0.109s]\nSearching alignments...  [4.538s]\nDeallocating memory...  [0s]\nProcessing query block 1, reference block 1/1, shape 9/16, index chunk 4/4.\nBuilding reference seed array...  [2.19s]\nBuilding query seed array...  [0.117s]\nComputing hash join...  [1.225s]\nMasking low complexity seeds...  [0.108s]\nSearching alignments...  [4.537s]\nDeallocating memory...  [0s]\nProcessing query block 1, reference block 1/1, shape 10/16, index chunk 1/4.\nBuilding reference seed array...  [2.297s]\nBuilding query seed array...  [0.125s]\nComputing hash join...  [1.182s]\nMasking low complexity seeds...  [0.11s]\nSearching alignments...  [4.253s]\nDeallocating memory...  [0s]\nProcessing query block 1, reference block 1/1, shape 10/16, index chunk 2/4.\nBuilding reference seed array...  [2.822s]\nBuilding query seed array...  [0.137s]\nComputing hash join...  [1.352s]\nMasking low complexity seeds...  [0.111s]\nSearching alignments...  [4.229s]\nDeallocating memory...  [0s]\nProcessing query block 1, reference block 1/1, shape 10/16, index chunk 3/4.\nBuilding reference seed array...  [2.964s]\nBuilding query seed array...  [0.178s]\nComputing hash join...  [1.351s]\nMasking low complexity seeds...  [0.101s]\nSearching alignments...  [4.279s]\nDeallocating memory...  [0s]\nProcessing query block 1, reference block 1/1, shape 10/16, index chunk 4/4.\nBuilding reference seed array...  [2.286s]\nBuilding query seed array...  [0.113s]\nComputing hash join...  [1.153s]\nMasking low complexity seeds...  [0.106s]\nSearching alignments...  [4.299s]\nDeallocating memory...  [0s]\nProcessing query block 1, reference block 1/1, shape 11/16, index chunk 1/4.\nBuilding reference seed array...  [2.236s]\nBuilding query seed array...  [0.115s]\nComputing hash join...  [1.141s]\nMasking low complexity seeds...  [0.103s]\nSearching alignments...  [4.487s]\nDeallocating memory...  [0s]\nProcessing query block 1, reference block 1/1, shape 11/16, index chunk 2/4.\nBuilding reference seed array...  [2.773s]\nBuilding query seed array...  [0.14s]\nComputing hash join...  [1.349s]\nMasking low complexity seeds...  [0.109s]\nSearching alignments...  [4.414s]\nDeallocating memory...  [0s]\nProcessing query block 1, reference block 1/1, shape 11/16, index chunk 3/4.\nBuilding reference seed array...  [3.059s]\nBuilding query seed array...  [0.269s]\nComputing hash join...  [1.367s]\nMasking low complexity seeds...  [0.1s]\nSearching alignments...  [4.485s]\nDeallocating memory...  [0s]\nProcessing query block 1, reference block 1/1, shape 11/16, index chunk 4/4.\nBuilding reference seed array...  [2.196s]\nBuilding query seed array...  [0.131s]\nComputing hash join...  [1.134s]\nMasking low complexity seeds...  [0.108s]\nSearching alignments...  [4.475s]\nDeallocating memory...  [0s]\nProcessing query block 1, reference block 1/1, shape 12/16, index chunk 1/4.\nBuilding reference seed array...  [2.21s]\nBuilding query seed array...  [0.115s]\nComputing hash join...  [1.106s]\nMasking low complexity seeds...  [0.104s]\nSearching alignments...  [4.372s]\nDeallocating memory...  [0s]\nProcessing query block 1, reference block 1/1, shape 12/16, index chunk 2/4.\nBuilding reference seed array...  [3.08s]\nBuilding query seed array...  [0.169s]\nComputing hash join...  [1.36s]\nMasking low complexity seeds...  [0.105s]\nSearching alignments...  [4.194s]\nDeallocating memory...  [0s]\nProcessing query block 1, reference block 1/1, shape 12/16, index chunk 3/4.\nBuilding reference seed array...  [3.3s]\nBuilding query seed array...  [0.182s]\nComputing hash join...  [1.34s]\nMasking low complexity seeds...  [0.099s]\nSearching alignments...  [4.239s]\nDeallocating memory...  [0s]\nProcessing query block 1, reference block 1/1, shape 12/16, index chunk 4/4.\nBuilding reference seed array...  [2.239s]\nBuilding query seed array...  [0.151s]\nComputing hash join...  [1.126s]\nMasking low complexity seeds...  [0.104s]\nSearching alignments...  [4.235s]\nDeallocating memory...  [0s]\nProcessing query block 1, reference block 1/1, shape 13/16, index chunk 1/4.\nBuilding reference seed array...  [2.894s]\nBuilding query seed array...  [0.198s]\nComputing hash join...  [1.347s]\nMasking low complexity seeds...  [0.108s]\nSearching alignments...  [4.28s]\nDeallocating memory...  [0s]\nProcessing query block 1, reference block 1/1, shape 13/16, index chunk 2/4.\nBuilding reference seed array...  [3.304s]\nBuilding query seed array...  [0.331s]\nComputing hash join...  [1.363s]\nMasking low complexity seeds...  [0.101s]\nSearching alignments...  [4.557s]\nDeallocating memory...  [0s]\nProcessing query block 1, reference block 1/1, shape 13/16, index chunk 3/4.\nBuilding reference seed array...  [4.136s]\nBuilding query seed array...  [0.35s]\nComputing hash join...  [1.385s]\nMasking low complexity seeds...  [0.116s]\nSearching alignments...  [4.286s]\nDeallocating memory...  [0s]\nProcessing query block 1, reference block 1/1, shape 13/16, index chunk 4/4.\nBuilding reference seed array...  [2.865s]\nBuilding query seed array...  [0.276s]\nComputing hash join...  [1.328s]\nMasking low complexity seeds...  [0.103s]\nSearching alignments...  [4.136s]\nDeallocating memory...  [0s]\nProcessing query block 1, reference block 1/1, shape 14/16, index chunk 1/4.\nBuilding reference seed array...  [2.863s]\nBuilding query seed array...  [0.281s]\nComputing hash join...  [1.37s]\nMasking low complexity seeds...  [0.1s]\nSearching alignments...  [4.179s]\nDeallocating memory...  [0s]\nProcessing query block 1, reference block 1/1, shape 14/16, index chunk 2/4.\nBuilding reference seed array...  [3.332s]\nBuilding query seed array...  [0.334s]\nComputing hash join...  [1.309s]\nMasking low complexity seeds...  [0.102s]\nSearching alignments...  [4.219s]\nDeallocating memory...  [0s]\nProcessing query block 1, reference block 1/1, shape 14/16, index chunk 3/4.\nBuilding reference seed array...  [3.608s]\nBuilding query seed array...  [0.354s]\nComputing hash join...  [1.329s]\nMasking low complexity seeds...  [0.099s]\nSearching alignments...  [4.152s]\nDeallocating memory...  [0s]\nProcessing query block 1, reference block 1/1, shape 14/16, index chunk 4/4.\nBuilding reference seed array...  [2.467s]\nBuilding query seed array...  [0.279s]\nComputing hash join...  [1.223s]\nMasking low complexity seeds...  [0.101s]\nSearching alignments...  [4.237s]\nDeallocating memory...  [0s]\nProcessing query block 1, reference block 1/1, shape 15/16, index chunk 1/4.\nBuilding reference seed array...  [2.748s]\nBuilding query seed array...  [0.281s]\nComputing hash join...  [1.358s]\nMasking low complexity seeds...  [0.096s]\nSearching alignments...  [4.29s]\nDeallocating memory...  [0s]\nProcessing query block 1, reference block 1/1, shape 15/16, index chunk 2/4.\nBuilding reference seed array...  [2.74s]\nBuilding query seed array...  [0.174s]\nComputing hash join...  [1.143s]\nMasking low complexity seeds...  [0.103s]\nSearching alignments...  [4.256s]\nDeallocating memory...  [0s]\nProcessing query block 1, reference block 1/1, shape 15/16, index chunk 3/4.\nBuilding reference seed array...  [3.134s]\nBuilding query seed array...  [0.146s]\nComputing hash join...  [1.133s]\nMasking low complexity seeds...  [0.101s]\nSearching alignments...  [4.26s]\nDeallocating memory...  [0s]\nProcessing query block 1, reference block 1/1, shape 15/16, index chunk 4/4.\nBuilding reference seed array...  [2.75s]\nBuilding query seed array...  [0.142s]\nComputing hash join...  [1.17s]\nMasking low complexity seeds...  [0.1s]\nSearching alignments...  [4.236s]\nDeallocating memory...  [0s]\nProcessing query block 1, reference block 1/1, shape 16/16, index chunk 1/4.\nBuilding reference seed array...  [2.222s]\nBuilding query seed array...  [0.276s]\nComputing hash join...  [1.155s]\nMasking low complexity seeds...  [0.108s]\nSearching alignments...  [4.092s]\nDeallocating memory...  [0s]\nProcessing query block 1, reference block 1/1, shape 16/16, index chunk 2/4.\nBuilding reference seed array...  [3.377s]\nBuilding query seed array...  [0.334s]\nComputing hash join...  [1.355s]\nMasking low complexity seeds...  [0.099s]\nSearching alignments...  [4.119s]\nDeallocating memory...  [0s]\nProcessing query block 1, reference block 1/1, shape 16/16, index chunk 3/4.\nBuilding reference seed array...  [3.548s]\nBuilding query seed array...  [0.35s]\nComputing hash join...  [1.216s]\nMasking low complexity seeds...  [0.102s]\nSearching alignments...  [4.157s]\nDeallocating memory...  [0s]\nProcessing query block 1, reference block 1/1, shape 16/16, index chunk 4/4.\nBuilding reference seed array...  [2.767s]\nBuilding query seed array...  [0.278s]\nComputing hash join...  [1.465s]\nMasking low complexity seeds...  [0.113s]\nSearching alignments...  [4.332s]\nDeallocating memory...  [0s]\nDeallocating buffers...  [1.21s]\nClearing query masking...  [0.048s]\nComputing alignments... Loading trace points...  [4.658s]\nSorting trace points...  [0.717s]\nComputing alignments...  [15.76s]\nDeallocating buffers...  [0.66s]\nLoading trace points...  [0s]\n [23.505s]\nDeallocating reference...  [0.506s]\nLoading reference sequences...  [0s]\nDeallocating buffers...  [0s]\nDeallocating queries...  [0.057s]\nLoading query sequences...  [0s]\nClosing the input file...  [0s]\nClosing the output file...  [0.013s]\nClosing the database...  [0.019s]\nCleaning up...  [0s]\nTotal time = 635.396s\nReported 57762 pairwise alignments, 57762 HSPs.\n48446 queries aligned.\n'
12/26/2024 02:40:50 PM - humann.utilities - DEBUG: Using software: /usr/bin/cat
12/26/2024 02:40:50 PM - humann.utilities - INFO: Execute command: /usr/bin/cat /mnt/omar/pipelines/ont/work/results/004_pathways/humann/SRR7947168/SRR7947168_merged_humann_temp/tmpkev72fke/diamond_m8_zz15evrx
12/26/2024 02:40:50 PM - humann.utilities - DEBUG: Remove file: /mnt/omar/pipelines/ont/work/results/004_pathways/humann/SRR7947168/SRR7947168_merged_humann_temp/tmpkev72fke/tmpdysxl5k8
12/26/2024 02:40:50 PM - humann.humann - INFO: TIMESTAMP: Completed 	translated alignment 	:	 639	 seconds
12/26/2024 02:40:51 PM - humann.utilities - DEBUG: Total alignments where percent identity is not a number: 0
12/26/2024 02:40:51 PM - humann.utilities - DEBUG: Total alignments where alignment length is not a number: 0
12/26/2024 02:40:51 PM - humann.utilities - DEBUG: Total alignments where E-value is not a number: 0
12/26/2024 02:40:51 PM - humann.utilities - DEBUG: Total alignments not included based on large e-value: 0
12/26/2024 02:40:51 PM - humann.utilities - DEBUG: Total alignments not included based on small percent identity: 30115
12/26/2024 02:40:51 PM - humann.utilities - DEBUG: Total alignments not included based on small query coverage: 2
12/26/2024 02:40:51 PM - humann.search.blastx_coverage - INFO: Total alignments without coverage information: 0
12/26/2024 02:40:51 PM - humann.search.blastx_coverage - INFO: Total proteins in blastx output: 19634
12/26/2024 02:40:51 PM - humann.search.blastx_coverage - INFO: Total proteins without lengths: 0
12/26/2024 02:40:51 PM - humann.search.blastx_coverage - INFO: Proteins with coverage greater than threshold (1.0): 19565
12/26/2024 02:40:51 PM - humann.utilities - DEBUG: Total alignments where percent identity is not a number: 0
12/26/2024 02:40:51 PM - humann.utilities - DEBUG: Total alignments where alignment length is not a number: 0
12/26/2024 02:40:51 PM - humann.utilities - DEBUG: Total alignments where E-value is not a number: 0
12/26/2024 02:40:51 PM - humann.utilities - DEBUG: Total alignments not included based on large e-value: 0
12/26/2024 02:40:51 PM - humann.utilities - DEBUG: Total alignments not included based on small percent identity: 30115
12/26/2024 02:40:51 PM - humann.utilities - DEBUG: Total alignments not included based on small query coverage: 2
12/26/2024 02:40:51 PM - humann.search.translated - DEBUG: Total translated alignments not included based on small subject coverage value: 70
12/26/2024 02:40:53 PM - humann.utilities - DEBUG: Remove file: /mnt/omar/pipelines/ont/work/results/004_pathways/humann/SRR7947168/SRR7947168_merged_humann_temp/tmpkev72fke/tmpfomdhqv0
12/26/2024 02:40:53 PM - humann.humann - INFO: TIMESTAMP: Completed 	translated alignment post-processing 	:	 4	 seconds
12/26/2024 02:40:53 PM - humann.humann - INFO: Total bugs after translated alignment: 1
12/26/2024 02:40:53 PM - humann.humann - INFO: 
unclassified: 27575 hits
12/26/2024 02:40:53 PM - humann.humann - INFO: Total gene families after translated alignment: 19565
12/26/2024 02:40:53 PM - humann.humann - INFO: Unaligned reads after translated alignment: 76.0959576557 %
12/26/2024 02:40:53 PM - humann.humann - INFO: Computing gene families ...
12/26/2024 02:40:53 PM - humann.quantify.families - DEBUG: Compute gene families
12/26/2024 02:40:54 PM - humann.store - INFO: 
Total gene families  : 19565
unclassified : 19565 gene families
12/26/2024 02:40:54 PM - humann.humann - INFO: TIMESTAMP: Completed 	computing gene families 	:	 0	 seconds
12/26/2024 02:40:54 PM - humann.humann - INFO: Computing reaction and pathway abundance ...
12/26/2024 02:40:54 PM - humann.quantify.modules - DEBUG: Write flat reactions to pathways file for Minpath
12/26/2024 02:40:54 PM - humann.quantify.modules - INFO: Compute reaction scores for bug: unclassified
12/26/2024 02:40:59 PM - humann.quantify.modules - INFO: Run MinPath on unclassified
12/26/2024 02:40:59 PM - humann.quantify.modules - INFO: Compute reaction scores for bug: all
12/26/2024 02:41:03 PM - humann.quantify.modules - INFO: Run MinPath on all
12/26/2024 02:41:03 PM - humann.quantify.modules - DEBUG: Print pathways 
12/26/2024 02:41:03 PM - humann.utilities - DEBUG: Using python module : /home/omar/Downloads/miniconda3/envs/humann_env/lib/python3.12/site-packages/humann/quantify/MinPath12hmp.py
12/26/2024 02:41:03 PM - humann.utilities - DEBUG: Using python module : /home/omar/Downloads/miniconda3/envs/humann_env/lib/python3.12/site-packages/humann/quantify/MinPath12hmp.py
12/26/2024 02:41:03 PM - humann.utilities - INFO: Execute command: /home/omar/Downloads/miniconda3/envs/humann_env/bin/python3.12 /home/omar/Downloads/miniconda3/envs/humann_env/lib/python3.12/site-packages/humann/quantify/MinPath12hmp.py -any /mnt/omar/pipelines/ont/work/results/004_pathways/humann/SRR7947168/SRR7947168_merged_humann_temp/tmpkev72fke/tmphoo7k7yt -map /mnt/omar/pipelines/ont/work/results/004_pathways/humann/SRR7947168/SRR7947168_merged_humann_temp/tmpkev72fke/tmpa8fq0k0g -report /mnt/omar/pipelines/ont/work/results/004_pathways/humann/SRR7947168/SRR7947168_merged_humann_temp/tmpkev72fke/tmpizvozv03 -details /mnt/omar/pipelines/ont/work/results/004_pathways/humann/SRR7947168/SRR7947168_merged_humann_temp/tmpkev72fke/tmpmet04xv1 -mps /mnt/omar/pipelines/ont/work/results/004_pathways/humann/SRR7947168/SRR7947168_merged_humann_temp/tmpkev72fke/tmpptxhzzto
12/26/2024 02:41:03 PM - humann.utilities - INFO: Execute command: /home/omar/Downloads/miniconda3/envs/humann_env/bin/python3.12 /home/omar/Downloads/miniconda3/envs/humann_env/lib/python3.12/site-packages/humann/quantify/MinPath12hmp.py -any /mnt/omar/pipelines/ont/work/results/004_pathways/humann/SRR7947168/SRR7947168_merged_humann_temp/tmpkev72fke/tmpjnqx0ubd -map /mnt/omar/pipelines/ont/work/results/004_pathways/humann/SRR7947168/SRR7947168_merged_humann_temp/tmpkev72fke/tmpa8fq0k0g -report /mnt/omar/pipelines/ont/work/results/004_pathways/humann/SRR7947168/SRR7947168_merged_humann_temp/tmpkev72fke/tmp0vpv3psh -details /mnt/omar/pipelines/ont/work/results/004_pathways/humann/SRR7947168/SRR7947168_merged_humann_temp/tmpkev72fke/tmpe2_m5wrm -mps /mnt/omar/pipelines/ont/work/results/004_pathways/humann/SRR7947168/SRR7947168_merged_humann_temp/tmpkev72fke/tmp2pf0c6am
12/26/2024 02:41:05 PM - humann.quantify.modules - DEBUG: Compute pathway abundance for bug: unclassified
12/26/2024 02:41:06 PM - humann.quantify.modules - DEBUG: Compute pathway abundance for bug: all
12/26/2024 02:41:24 PM - humann.quantify.modules - DEBUG: Print pathways _Abundance
12/26/2024 02:41:24 PM - humann.humann - INFO: TIMESTAMP: Completed 	computing pathways 	:	 30	 seconds
12/26/2024 02:41:24 PM - humann.humann - INFO: 
Output files created: 
/mnt/omar/pipelines/ont/work/results/004_pathways/humann/SRR7947168/SRR7947168_merged_1_metaphlan_profile.tsv
/mnt/omar/pipelines/ont/work/results/004_pathways/humann/SRR7947168/SRR7947168_merged_2_genefamilies.tsv
/mnt/omar/pipelines/ont/work/results/004_pathways/humann/SRR7947168/SRR7947168_merged_3_reactions.tsv
/mnt/omar/pipelines/ont/work/results/004_pathways/humann/SRR7947168/SRR7947168_merged_4_pathabundance.tsv
/mnt/omar/pipelines/ont/work/results/004_pathways/humann/SRR7947168/SRR7947168_merged_0.log

12/26/2024 02:41:24 PM - humann.utilities - DEBUG: Remove directory: /mnt/omar/pipelines/ont/work/results/004_pathways/humann/SRR7947168/SRR7947168_merged_humann_temp/tmpkev72fke
